<testsuites failures="0" tests="6716">
  <testsuite failures="0" name="NSDateSPTAccountInterval" tests="4">
    <testcase classname="NSDateSPTAccountInterval" name="testDateMoreThan24HoursAgoIsTruthy" time="0.420" />
    <testcase classname="NSDateSPTAccountInterval" name="testDateMoreThan4DaysAgoIsTruthy" time="0.008" />
    <testcase classname="NSDateSPTAccountInterval" name="testDateNot24HoursAgoIsFalsy" time="0.005" />
    <testcase classname="NSDateSPTAccountInterval" name="testDateNot4DaysAgoIsFalsy" time="0.005" />
  </testsuite>
  <testsuite failures="0" name="mysuite" tests="2">
    <testcase classname="mysuite" name="testDateMoreThan24HoursAgoIsTruthy" time="0.420" />
    <testcase classname="mysuite" name="testDateMoreThan4DaysAgoIsTruthy" time="0.008" />
  </testsuite>
  <testsuite failures="0" name="mysuite2" tests="2">
    <testcase classname="mysuite2" name="testDateMoreThan24HoursAgoIsTruthy__" time="0.420" />
    <testcase classname="mysuite2" name="testDateMoreThan4DaysAgoIsTruthy__" time="0.008" />
  </testsuite>
</testsuites>
