<testsuites failures="0" tests="6716"><testsuite failures="0" name="NSDateSPTAccountInterval" tests="4">
    <testcase classname="NSDateSPTAccountInterval" name="testDateMoreThan24HoursAgoIsTruthy" time="0.420" />
    <testcase classname="NSDateSPTAccountInterval" name="testDateMoreThan4DaysAgoIsTruthy" time="0.008" />
    <testcase classname="NSDateSPTAccountInterval" name="testDateNot24HoursAgoIsFalsy" time="0.005" />
    <testcase classname="NSDateSPTAccountInterval" name="testDateNot4DaysAgoIsFalsy" time="0.005" />
  </testsuite>
  <testsuite failures="0" name="NSURL_SPTAccountTests" tests="1">
    <testcase classname="NSURL_SPTAccountTests" name="testAccountUpsellURLIsConstructedCorrectly" time="0.005" />
  </testsuite>
  <testsuite failures="0" name="SPTAccountCurrentProductMonitorTests" tests="6">
    <testcase classname="SPTAccountCurrentProductMonitorTests" name="testAsksTrialControlleForTrialExpieryDate" time="0.008" />
    <testcase classname="SPTAccountCurrentProductMonitorTests" name="testCurrentProduct7dayTrial" time="0.006" />
    <testcase classname="SPTAccountCurrentProductMonitorTests" name="testCurrentProductFree" time="0.005" />
    <testcase classname="SPTAccountCurrentProductMonitorTests" name="testCurrentProductPremium" time="0.005" />
    <testcase classname="SPTAccountCurrentProductMonitorTests" name="testCurrentProductUnlimited" time="0.005" />
    <testcase classname="SPTAccountCurrentProductMonitorTests" name="testProductExpiryDateForProductState" time="0.006" />
  </testsuite>
  <testsuite failures="0" name="SPTAccountFeatureImplementationTests" tests="6">
    <testcase classname="SPTAccountFeatureImplementationTests" name="testCampaignURL" time="0.005" />
    <testcase classname="SPTAccountFeatureImplementationTests" name="testConfiguresFeatureDependenciesCorrectly" time="0.005" />
    <testcase classname="SPTAccountFeatureImplementationTests" name="testConformsToFeatureProtocol" time="0.004" />
    <testcase classname="SPTAccountFeatureImplementationTests" name="testExitURLs" time="0.005" />
    <testcase classname="SPTAccountFeatureImplementationTests" name="testFeatureIdentifier" time="0.005" />
    <testcase classname="SPTAccountFeatureImplementationTests" name="testisSpotifyPublicWebsiteURL" time="0.008" />
  </testsuite>
  <testsuite failures="0" name="SPTAccountPaymentFailureControllerTests" tests="4">
    <testcase classname="SPTAccountPaymentFailureControllerTests" name="testInactiveByDefault" time="0.006" />
    <testcase classname="SPTAccountPaymentFailureControllerTests" name="testInitialization" time="0.005" />
    <testcase classname="SPTAccountPaymentFailureControllerTests" name="testStartChangesActiveToYES" time="0.006" />
    <testcase classname="SPTAccountPaymentFailureControllerTests" name="testStopChangesActiveToNO" time="0.008" />
  </testsuite>
  <testsuite failures="0" name="SPTAccountProductActivationControllerImplementationTests" tests="7">
    <testcase classname="SPTAccountProductActivationControllerImplementationTests" name="testActivationObserverFailing" time="0.008" />
    <testcase classname="SPTAccountProductActivationControllerImplementationTests" name="testActivationObserverSuccess" time="0.005" />
    <testcase classname="SPTAccountProductActivationControllerImplementationTests" name="testActivationOrderForProduct7DayPremiumTrial" time="0.004" />
    <testcase classname="SPTAccountProductActivationControllerImplementationTests" name="testActivationOrderForProductBuyBasic" time="0.004" />
    <testcase classname="SPTAccountProductActivationControllerImplementationTests" name="testActivationOrderForProductBuyPremium" time="0.005" />
    <testcase classname="SPTAccountProductActivationControllerImplementationTests" name="testActivationOrderForProductBuyPremiumWith30DayFree" time="0.007" />
    <testcase classname="SPTAccountProductActivationControllerImplementationTests" name="testActivationOrderForProductNone" time="0.004" />
  </testsuite>
  <testsuite failures="0" name="SPTAccountProductInformationControllerImplementationTests" tests="7">
    <testcase classname="SPTAccountProductInformationControllerImplementationTests" name="testAvailableProductBuyPremium" time="0.006" />
    <testcase classname="SPTAccountProductInformationControllerImplementationTests" name="testAvailableProductBuyPremiumWith30DayFree" time="0.007" />
    <testcase classname="SPTAccountProductInformationControllerImplementationTests" name="testAvailableProductKVOAndObserver" time="0.007" />
    <testcase classname="SPTAccountProductInformationControllerImplementationTests" name="testAvailableProductNoneBecauseNoTrialAndNoPremoumProduct" time="0.005" />
    <testcase classname="SPTAccountProductInformationControllerImplementationTests" name="testAvailableProductNoneBecauseNoTrialExpiredAndNoPremoumProduct" time="0.005" />
    <testcase classname="SPTAccountProductInformationControllerImplementationTests" name="testAvailableProductTrial" time="0.005" />
    <testcase classname="SPTAccountProductInformationControllerImplementationTests" name="testUpgradeAvailableWithNoProductAvailable" time="0.005" />
  </testsuite>
  <testsuite failures="0" name="SPTBannerItemAccountPaymentFailureTests" tests="6">
    <testcase classname="SPTBannerItemAccountPaymentFailureTests" name="testAssertsProductInformationControllerExistance" time="0.009" />
    <testcase classname="SPTBannerItemAccountPaymentFailureTests" name="testCorrectPresentationDuration" time="0.007" />
    <testcase classname="SPTBannerItemAccountPaymentFailureTests" name="testCorrectPriority" time="0.005" />
    <testcase classname="SPTBannerItemAccountPaymentFailureTests" name="testCorrectStyle" time="0.005" />
    <testcase classname="SPTBannerItemAccountPaymentFailureTests" name="testSupportedPaymentStatesYieldsBannerItem" time="0.006" />
    <testcase classname="SPTBannerItemAccountPaymentFailureTests" name="testUnsupportedPaymentStatesYieldsNil" time="0.005" />
  </testsuite>
  <testsuite failures="0" name="SPTCampaignViewControllerTests" tests="3">
    <testcase classname="SPTCampaignViewControllerTests" name="testViewControllerLoadsCorrectURL" time="0.006" />
    <testcase classname="SPTCampaignViewControllerTests" name="testViewControllerReturnsCorrectPageIdentifier" time="0.005" />
    <testcase classname="SPTCampaignViewControllerTests" name="testViewControllerReturnsCorrectPageURI" time="0.005" />
  </testsuite>
  <testsuite failures="0" name="SPTChurnLockDowngradeInteractorTests" tests="1">
    <testcase classname="SPTChurnLockDowngradeInteractorTests" name="testHermsRequestIsStarted" time="0.006" />
  </testsuite>
  <testsuite failures="0" name="SPTChurnLockObservationInteractorTests" tests="15">
    <testcase classname="SPTChurnLockObservationInteractorTests" name="testChurnLockIsDisabledByDefault" time="0.006" />
    <testcase classname="SPTChurnLockObservationInteractorTests" name="testChurnLockIsEnabledWhenAbbaFlagIsOff" time="0.006" />
    <testcase classname="SPTChurnLockObservationInteractorTests" name="testChurnLockWhenAbbaAndProductStateAreOn" time="0.006" />
    <testcase classname="SPTChurnLockObservationInteractorTests" name="testChurnLockWhenProductStateIsNonExisting" time="0.007" />
    <testcase classname="SPTChurnLockObservationInteractorTests" name="testChurnLockWhenProductStateIsOff" time="0.007" />
    <testcase classname="SPTChurnLockObservationInteractorTests" name="testCompoundStartObservationIsInvokedJustOnce" time="0.008" />
    <testcase classname="SPTChurnLockObservationInteractorTests" name="testDoubleStartDoesNotCreateNewObserver" time="0.008" />
    <testcase classname="SPTChurnLockObservationInteractorTests" name="testFeatureEnabledReducerHandlesNils" time="0.008" />
    <testcase classname="SPTChurnLockObservationInteractorTests" name="testFeatureEnabledReducerHandlesNonValidGroup" time="0.008" />
    <testcase classname="SPTChurnLockObservationInteractorTests" name="testFeatureEnabledReducerHandlesRightValues" time="0.007" />
    <testcase classname="SPTChurnLockObservationInteractorTests" name="testObservationReducerIsNilWhenObservationIsNotStarted" time="0.007" />
    <testcase classname="SPTChurnLockObservationInteractorTests" name="testProductStateReducerHandlesNils" time="0.007" />
    <testcase classname="SPTChurnLockObservationInteractorTests" name="testProductStateReducerHandlesNonValidValues" time="0.007" />
    <testcase classname="SPTChurnLockObservationInteractorTests" name="testProductStateReducerHandlesRighuValues" time="0.007" />
    <testcase classname="SPTChurnLockObservationInteractorTests" name="testStartChurnLockObservationReducerNotNil" time="0.007" />
  </testsuite>
  <testsuite failures="0" name="SPTChurnLockPlayerInteractorTests" tests="6">
    <testcase classname="SPTChurnLockPlayerInteractorTests" name="testPlayerIsNilAfterResume" time="0.008" />
    <testcase classname="SPTChurnLockPlayerInteractorTests" name="testPlayerIsNotNilAfterPause" time="0.008" />
    <testcase classname="SPTChurnLockPlayerInteractorTests" name="testPlayerPauses" time="0.008" />
    <testcase classname="SPTChurnLockPlayerInteractorTests" name="testPlayerResumes" time="0.008" />
    <testcase classname="SPTChurnLockPlayerInteractorTests" name="testPresenterIsAddedAsObserverAfterPause" time="0.008" />
    <testcase classname="SPTChurnLockPlayerInteractorTests" name="testPresenterIsRemovedAsObserverAfterResume" time="0.008" />
  </testsuite>
  <testsuite failures="0" name="SPTChurnLockTimechekInteractorTests" tests="5">
    <testcase classname="SPTChurnLockTimechekInteractorTests" name="testChurnLockIsDisabledIfSavedTimestampLessThan24Hours" time="0.008" />
    <testcase classname="SPTChurnLockTimechekInteractorTests" name="testChurnLockIsEnabledIfSavedTimestampMoreThan24Hours" time="0.007" />
    <testcase classname="SPTChurnLockTimechekInteractorTests" name="testTimestampCalculationLessThan24Hours" time="0.007" />
    <testcase classname="SPTChurnLockTimechekInteractorTests" name="testTimestampCalculationMoreThan24Hours" time="0.008" />
    <testcase classname="SPTChurnLockTimechekInteractorTests" name="testTimestapIsStoredWhenLockIsEnabled" time="0.008" />
  </testsuite>
  <testsuite failures="0" name="SPTPaymentStateTests" tests="7">
    <testcase classname="SPTPaymentStateTests" name="testCopying" time="0.009" />
    <testcase classname="SPTPaymentStateTests" name="testEquality" time="0.008" />
    <testcase classname="SPTPaymentStateTests" name="testHashing" time="0.008" />
    <testcase classname="SPTPaymentStateTests" name="testInequality" time="0.008" />
    <testcase classname="SPTPaymentStateTests" name="testPaymentStateFromString" time="0.008" />
    <testcase classname="SPTPaymentStateTests" name="testPaymentStateIssueFromString" time="0.008" />
    <testcase classname="SPTPaymentStateTests" name="testPaymentStateIssueStringToEnumValueMapContainsAllValues" time="0.008" />
  </testsuite>
  <testsuite failures="0" name="SPTProductPaymentStateControllerTests" tests="2">
    <testcase classname="SPTProductPaymentStateControllerTests" name="testInitialValue" time="0.008" />
    <testcase classname="SPTProductPaymentStateControllerTests" name="testObserver" time="0.009" />
  </testsuite>
  <testsuite failures="0" name="SPTResubProductExpiryTests" tests="7">
    <testcase classname="SPTResubProductExpiryTests" name="testDateParsing" time="0.011" />
    <testcase classname="SPTResubProductExpiryTests" name="testExpiryDateNilIfNoValue" time="0.008" />
    <testcase classname="SPTResubProductExpiryTests" name="testExpiryPeriod" time="0.009" />
    <testcase classname="SPTResubProductExpiryTests" name="testExpiryPeriodNoneWithoutExpiryDate" time="0.008" />
    <testcase classname="SPTResubProductExpiryTests" name="testNumberOfDaysRemaining" time="0.011" />
    <testcase classname="SPTResubProductExpiryTests" name="testNumberOfDaysRemainingWithoutExpiryDate" time="0.008" />
    <testcase classname="SPTResubProductExpiryTests" name="testNumberOfDaysRemainingZeroForToday" time="0.008" />
  </testsuite>
  <testsuite failures="0" name="SPTResubscriptionModalTests" tests="6">
    <testcase classname="SPTResubscriptionModalTests" name="testCompleteExpiryPeriod" time="0.009" />
    <testcase classname="SPTResubscriptionModalTests" name="testDismissalURLsAreIntercepted" time="0.008" />
    <testcase classname="SPTResubscriptionModalTests" name="testDismissalValuesAreIgnoredIfNotInPath" time="0.007" />
    <testcase classname="SPTResubscriptionModalTests" name="testResubscriptionModalIsDisabledByDefault" time="0.008" />
    <testcase classname="SPTResubscriptionModalTests" name="testShouldShowExpiryPeriod" time="0.008" />
    <testcase classname="SPTResubscriptionModalTests" name="testThatWebViewURLStringIsNilWhenNoToken" time="0.007" />
  </testsuite>
  <testsuite failures="0" name="AdFeatureTests" tests="10">
    <testcase classname="AdFeatureTests" name="testActivityStateAudioPause" time="0.014" />
    <testcase classname="AdFeatureTests" name="testActivityStateAudioPlayWatchNowPause" time="0.011" />
    <testcase classname="AdFeatureTests" name="testActivityStateAudioPlayWatchNowPlay" time="0.008" />
    <testcase classname="AdFeatureTests" name="testActivityStateWatchNowPlayAudioPause" time="0.006" />
    <testcase classname="AdFeatureTests" name="testActivityStateWatchNowPlayAudioPlay" time="0.007" />
    <testcase classname="AdFeatureTests" name="testComscoreUserAge" time="0.008" />
    <testcase classname="AdFeatureTests" name="testComscoreUserAndGenderString" time="0.008" />
    <testcase classname="AdFeatureTests" name="testComscoreUserGender" time="0.008" />
    <testcase classname="AdFeatureTests" name="testFireComscorePixel" time="0.008" />
    <testcase classname="AdFeatureTests" name="testHandleComscoreData" time="0.012" />
  </testsuite>
  <testsuite failures="0" name="AdsFeatureImplementationTest" tests="15">
    <testcase classname="AdsFeatureImplementationTest" name="testAddVideoPlaybackObserver" time="0.030" />
    <testcase classname="AdsFeatureImplementationTest" name="testFreeUserAllFlags" time="0.009" />
    <testcase classname="AdsFeatureImplementationTest" name="testFreeUserNoFlags" time="0.009" />
    <testcase classname="AdsFeatureImplementationTest" name="testIdentifier" time="0.007" />
    <testcase classname="AdsFeatureImplementationTest" name="testLoad_AdSettings" time="0.021" />
    <testcase classname="AdsFeatureImplementationTest" name="testLoad_Carplay" time="0.008" />
    <testcase classname="AdsFeatureImplementationTest" name="testLoad_FlagObserver" time="0.006" />
    <testcase classname="AdsFeatureImplementationTest" name="testLoad_LinkHandler" time="0.005" />
    <testcase classname="AdsFeatureImplementationTest" name="testPlayerProperties" time="0.004" />
    <testcase classname="AdsFeatureImplementationTest" name="testPremiumUserDisabled" time="0.005" />
    <testcase classname="AdsFeatureImplementationTest" name="testRemoveVideoPlaybackObserver" time="0.005" />
    <testcase classname="AdsFeatureImplementationTest" name="testResolverRegistration" time="0.014" />
    <testcase classname="AdsFeatureImplementationTest" name="testUnload_AdResolver" time="0.005" />
    <testcase classname="AdsFeatureImplementationTest" name="testUnload_FlagObserver" time="0.004" />
    <testcase classname="AdsFeatureImplementationTest" name="testVersion" time="0.010" />
  </testsuite>
  <testsuite failures="0" name="SPTAdAudioEntityTests" tests="1">
    <testcase classname="SPTAdAudioEntityTests" name="testMetadata" time="0.004" />
  </testsuite>
  <testsuite failures="0" name="SPTAdContextManagerTests" tests="8">
    <testcase classname="SPTAdContextManagerTests" name="testAddObserver" time="0.006" />
    <testcase classname="SPTAdContextManagerTests" name="testBeginNavigationContext" time="0.005" />
    <testcase classname="SPTAdContextManagerTests" name="testEndNavigationContextDifferent" time="0.005" />
    <testcase classname="SPTAdContextManagerTests" name="testEndNavigationContextSame" time="0.005" />
    <testcase classname="SPTAdContextManagerTests" name="testObserverBeginNavigation" time="0.006" />
    <testcase classname="SPTAdContextManagerTests" name="testObserverEndNavigation" time="0.007" />
    <testcase classname="SPTAdContextManagerTests" name="testObserverPlayOriginChange" time="0.010" />
    <testcase classname="SPTAdContextManagerTests" name="testRemoveObserver" time="0.009" />
  </testsuite>
  <testsuite failures="0" name="SPTAdCosmosBridgeTests" tests="15">
    <testcase classname="SPTAdCosmosBridgeTests" name="testClearSlot" time="0.012" />
    <testcase classname="SPTAdCosmosBridgeTests" name="testCreateSlot" time="0.012" />
    <testcase classname="SPTAdCosmosBridgeTests" name="testDel" time="0.012" />
    <testcase classname="SPTAdCosmosBridgeTests" name="testFetchSlot" time="0.012" />
    <testcase classname="SPTAdCosmosBridgeTests" name="testGet" time="0.009" />
    <testcase classname="SPTAdCosmosBridgeTests" name="testGetRewardTime" time="0.008" />
    <testcase classname="SPTAdCosmosBridgeTests" name="testNextContextSlot" time="0.013" />
    <testcase classname="SPTAdCosmosBridgeTests" name="testNextTrackSlot" time="0.012" />
    <testcase classname="SPTAdCosmosBridgeTests" name="testPerformOnReady" time="0.261" />
    <testcase classname="SPTAdCosmosBridgeTests" name="testPost" time="0.022" />
    <testcase classname="SPTAdCosmosBridgeTests" name="testPut" time="0.013" />
    <testcase classname="SPTAdCosmosBridgeTests" name="testRequestAdEndpoint" time="0.011" />
    <testcase classname="SPTAdCosmosBridgeTests" name="testSetRewardTime" time="0.013" />
    <testcase classname="SPTAdCosmosBridgeTests" name="testSub" time="0.008" />
    <testcase classname="SPTAdCosmosBridgeTests" name="testTriggerSlot" time="0.013" />
  </testsuite>
  <testsuite failures="0" name="SPTAdEntityTests" tests="2">
    <testcase classname="SPTAdEntityTests" name="testIsEqual" time="0.008" />
    <testcase classname="SPTAdEntityTests" name="testMetadata" time="0.008" />
  </testsuite>
  <testsuite failures="0" name="SPTAdFeatureFlagChecksTest" tests="10">
    <testcase classname="SPTAdFeatureFlagChecksTest" name="testAdPartnersPreferencesEnabled" time="0.009" />
    <testcase classname="SPTAdFeatureFlagChecksTest" name="testAdQualityAbbaFlag" time="0.009" />
    <testcase classname="SPTAdFeatureFlagChecksTest" name="testFeatureFlagCheckFreeUserAllFlags" time="0.009" />
    <testcase classname="SPTAdFeatureFlagChecksTest" name="testFeatureFlagCheckFreeUserNoFlags" time="0.009" />
    <testcase classname="SPTAdFeatureFlagChecksTest" name="testFeatureFlagCheckPremiumUserDisabled" time="0.008" />
    <testcase classname="SPTAdFeatureFlagChecksTest" name="testLocalNotificationsEnabled" time="0.008" />
    <testcase classname="SPTAdFeatureFlagChecksTest" name="testNilsenAbbaFlag" time="0.008" />
    <testcase classname="SPTAdFeatureFlagChecksTest" name="testRefocusAutoOptinEnabled" time="0.009" />
    <testcase classname="SPTAdFeatureFlagChecksTest" name="testSponsoredPlaylistAbbaFlag" time="0.009" />
    <testcase classname="SPTAdFeatureFlagChecksTest" name="testSponsoredSessionV2Flag" time="0.009" />
  </testsuite>
  <testsuite failures="0" name="SPTAdFeaturedActionHandlerTests" tests="7">
    <testcase classname="SPTAdFeaturedActionHandlerTests" name="testParseAction" time="0.009" />
    <testcase classname="SPTAdFeaturedActionHandlerTests" name="testPerformActionEmail" time="0.009" />
    <testcase classname="SPTAdFeaturedActionHandlerTests" name="testPerformActionFollowArtist" time="0.009" />
    <testcase classname="SPTAdFeaturedActionHandlerTests" name="testPerformActionFollowBadURI" time="0.009" />
    <testcase classname="SPTAdFeaturedActionHandlerTests" name="testPerformActionFollowPlaylist" time="0.010" />
    <testcase classname="SPTAdFeaturedActionHandlerTests" name="testPerformActionSave" time="0.009" />
    <testcase classname="SPTAdFeaturedActionHandlerTests" name="testPerfromActionPlay" time="0.008" />
  </testsuite>
  <testsuite failures="0" name="SPTAdFeaturedActionTests" tests="8">
    <testcase classname="SPTAdFeaturedActionTests" name="testFeaturedActionEmail" time="0.008" />
    <testcase classname="SPTAdFeaturedActionTests" name="testFeaturedActionFollow" time="0.008" />
    <testcase classname="SPTAdFeaturedActionTests" name="testFeaturedActionOptIn" time="0.008" />
    <testcase classname="SPTAdFeaturedActionTests" name="testFeaturedActionOptOut" time="0.008" />
    <testcase classname="SPTAdFeaturedActionTests" name="testFeaturedActionPlay" time="0.009" />
    <testcase classname="SPTAdFeaturedActionTests" name="testFeaturedActionSave" time="0.008" />
    <testcase classname="SPTAdFeaturedActionTests" name="testFeaturedActionTrigger" time="0.008" />
    <testcase classname="SPTAdFeaturedActionTests" name="testFeaturedActionUnknown" time="0.008" />
  </testsuite>
  <testsuite failures="0" name="SPTAdFocusManagerTests" tests="6">
    <testcase classname="SPTAdFocusManagerTests" name="testNotSettingFocusOnStartupIfAdsAreDisabled" time="0.009" />
    <testcase classname="SPTAdFocusManagerTests" name="testNotSettingFocusWhenDisabled" time="0.016" />
    <testcase classname="SPTAdFocusManagerTests" name="testSettingFocusOnStartupIfAdsAreEnabled" time="0.009" />
    <testcase classname="SPTAdFocusManagerTests" name="testSettingFocusWhenApplicationStateChanges" time="0.012" />
    <testcase classname="SPTAdFocusManagerTests" name="testSettingFocusWhenFeatureFlagsChange" time="0.009" />
    <testcase classname="SPTAdFocusManagerTests" name="testSettingFocusWhenFeatureFlagsLoad" time="0.009" />
  </testsuite>
  <testsuite failures="0" name="SPTAdGlobalSettingsControllerTests" tests="19">
    <testcase classname="SPTAdGlobalSettingsControllerTests" name="testDeletingEndpoint" time="0.010" />
    <testcase classname="SPTAdGlobalSettingsControllerTests" name="testDisableAdsOnPrerollSlotReason" time="0.009" />
    <testcase classname="SPTAdGlobalSettingsControllerTests" name="testDisableAdsOnWatchNowSlotReason" time="0.009" />
    <testcase classname="SPTAdGlobalSettingsControllerTests" name="testEnableAdsOnPrerollSlotReasonFollowingDisable" time="0.010" />
    <testcase classname="SPTAdGlobalSettingsControllerTests" name="testEnableAdsOnPrerollSlotReasonWithNoDisable" time="0.009" />
    <testcase classname="SPTAdGlobalSettingsControllerTests" name="testEnableAdsOnWatchNowSlotReasonFollowingDisable" time="0.009" />
    <testcase classname="SPTAdGlobalSettingsControllerTests" name="testEnableAdsOnWatchNowSlotReasonWithNoDisable" time="0.009" />
    <testcase classname="SPTAdGlobalSettingsControllerTests" name="testMatchedDisableEnablePrerollSlot" time="0.009" />
    <testcase classname="SPTAdGlobalSettingsControllerTests" name="testPutTargeting" time="0.009" />
    <testcase classname="SPTAdGlobalSettingsControllerTests" name="testQueueDisableCall" time="0.009" />
    <testcase classname="SPTAdGlobalSettingsControllerTests" name="testRemoveTargetingValueForKey" time="0.009" />
    <testcase classname="SPTAdGlobalSettingsControllerTests" name="testSetAppleIDFA" time="0.014" />
    <testcase classname="SPTAdGlobalSettingsControllerTests" name="testSetDeviceTargeting" time="0.013" />
    <testcase classname="SPTAdGlobalSettingsControllerTests" name="testSetLimitAdTracking" time="0.014" />
    <testcase classname="SPTAdGlobalSettingsControllerTests" name="testSetMidrollAdProducts" time="0.009" />
    <testcase classname="SPTAdGlobalSettingsControllerTests" name="testSetNoAdProducts" time="0.009" />
    <testcase classname="SPTAdGlobalSettingsControllerTests" name="testSetTargetingValueForKey" time="0.009" />
    <testcase classname="SPTAdGlobalSettingsControllerTests" name="testUnmatchedDisablePrerollSlot" time="0.010" />
    <testcase classname="SPTAdGlobalSettingsControllerTests" name="testUnmatchedEnablePrerollSlot" time="0.009" />
  </testsuite>
  <testsuite failures="0" name="SPTAdImageEntityTests" tests="1">
    <testcase classname="SPTAdImageEntityTests" name="testMetadata" time="0.008" />
  </testsuite>
  <testsuite failures="0" name="SPTAdLinkHandlerTests" tests="3">
    <testcase classname="SPTAdLinkHandlerTests" name="testConformsToProtocol" time="0.009" />
    <testcase classname="SPTAdLinkHandlerTests" name="testRequestPreview_CreativeID" time="0.008" />
    <testcase classname="SPTAdLinkHandlerTests" name="testRequestPreview_HexID" time="0.008" />
  </testsuite>
  <testsuite failures="0" name="SPTAdLocalNotificationManagerTests" tests="15">
    <testcase classname="SPTAdLocalNotificationManagerTests" name="testLifecycle" time="0.009" />
    <testcase classname="SPTAdLocalNotificationManagerTests" name="testShouldCancelNotification_WhenOpeningFromNotification" time="0.017" />
    <testcase classname="SPTAdLocalNotificationManagerTests" name="testShouldCancelNotification_WhileInactive_WhenOfferEnds" time="0.015" />
    <testcase classname="SPTAdLocalNotificationManagerTests" name="testShouldDeferOptIn_WhenOpeningFromNotification_AndAutoOptInEnabled" time="0.015" />
    <testcase classname="SPTAdLocalNotificationManagerTests" name="testShouldLogEvent_WhenOpeningFromNotification" time="0.015" />
    <testcase classname="SPTAdLocalNotificationManagerTests" name="testShouldLogEvent_WhileInactive_WhenOfferPlays" time="0.015" />
    <testcase classname="SPTAdLocalNotificationManagerTests" name="testShouldLogEvent_WithScreenLockedData_WhileInactive_WhenOfferPlays" time="0.016" />
    <testcase classname="SPTAdLocalNotificationManagerTests" name="testShouldLogEvent_WithScreenUnlockedData_WhileInactive_WhenOfferPlays" time="0.016" />
    <testcase classname="SPTAdLocalNotificationManagerTests" name="testShouldNotPresentNotification_WhileActive_WhenOfferPlays" time="0.016" />
    <testcase classname="SPTAdLocalNotificationManagerTests" name="testShouldNotPresentNotification_WhileInactive_WhenOfferPlaysAndNotificationsDisabled" time="0.015" />
    <testcase classname="SPTAdLocalNotificationManagerTests" name="testShouldNotPresentNotification_WhileInactive_WhenOfferPlaysAndNotificationSettingsUnavailable" time="0.016" />
    <testcase classname="SPTAdLocalNotificationManagerTests" name="testShouldPerformOptIn_WhenOpeningFromNotification" time="0.016" />
    <testcase classname="SPTAdLocalNotificationManagerTests" name="testShouldPresentNotification_WhileInactive_WhenOfferPlays" time="0.014" />
    <testcase classname="SPTAdLocalNotificationManagerTests" name="testShouldPresentNotification_WithEntityRewardTime_WhileInactive_WhenOfferPlays" time="0.016" />
    <testcase classname="SPTAdLocalNotificationManagerTests" name="testShouldPresentNotification_WithFallbackRewardTime_WhileInactive_WhenOfferPlays" time="0.015" />
  </testsuite>
  <testsuite failures="0" name="SPTAdMobileOverlayControllerTests" tests="9">
    <testcase classname="SPTAdMobileOverlayControllerTests" name="testConfigureOverlayWithNoInterval" time="0.011" />
    <testcase classname="SPTAdMobileOverlayControllerTests" name="testConfigureOverlayWithPositiveInterval" time="0.010" />
    <testcase classname="SPTAdMobileOverlayControllerTests" name="testConfigureOverlayWithZeroInterval" time="0.009" />
    <testcase classname="SPTAdMobileOverlayControllerTests" name="testShouldDisplay" time="0.009" />
    <testcase classname="SPTAdMobileOverlayControllerTests" name="testShouldDisplayPreview" time="0.010" />
    <testcase classname="SPTAdMobileOverlayControllerTests" name="testShouldNotDisplayWhenAnAdIsPlaying" time="0.009" />
    <testcase classname="SPTAdMobileOverlayControllerTests" name="testShouldNotDisplayWhenEntityIsTheWrongProduct" time="0.009" />
    <testcase classname="SPTAdMobileOverlayControllerTests" name="testShouldNotDisplayWhenInactivityIsTooShort" time="0.009" />
    <testcase classname="SPTAdMobileOverlayControllerTests" name="testShouldNotDisplayWhenNoEntityIsPresent" time="0.009" />
  </testsuite>
  <testsuite failures="0" name="SPTAdNielsenManagerTests" tests="3">
    <testcase classname="SPTAdNielsenManagerTests" name="testProvidesNielsenMeter" time="0.013" />
    <testcase classname="SPTAdNielsenManagerTests" name="testUpdateEnabledStateWhenFlagsChange" time="0.013" />
    <testcase classname="SPTAdNielsenManagerTests" name="testUpdateEnabledStateWhenFlagsLoad" time="0.012" />
  </testsuite>
  <testsuite failures="0" name="SPTAdNielsenSettingsSectionTests" tests="1">
    <testcase classname="SPTAdNielsenSettingsSectionTests" name="testNumberOfRows" time="0.008" />
  </testsuite>
  <testsuite failures="0" name="SPTAdNowPlayingManagerTests" tests="7">
    <testcase classname="SPTAdNowPlayingManagerTests" name="testCurrentPlayerState" time="0.019" />
    <testcase classname="SPTAdNowPlayingManagerTests" name="testHideShowNPVSponsoredSessionStartsHidden" time="0.009" />
    <testcase classname="SPTAdNowPlayingManagerTests" name="testHideShowNPVSponsoredSessionStartsShowing" time="0.009" />
    <testcase classname="SPTAdNowPlayingManagerTests" name="testIsPlayingAd" time="0.009" />
    <testcase classname="SPTAdNowPlayingManagerTests" name="testIsPlayingSkippableAd" time="0.010" />
    <testcase classname="SPTAdNowPlayingManagerTests" name="testIsPlayingVideoAd" time="0.009" />
    <testcase classname="SPTAdNowPlayingManagerTests" name="testSubscribeToAdBreakWhenReady" time="0.009" />
  </testsuite>
  <testsuite failures="0" name="SPTAdOptInManagerTests" tests="1">
    <testcase classname="SPTAdOptInManagerTests" name="testRefocusOptIn" time="0.010" />
  </testsuite>
  <testsuite failures="0" name="SPTAdOverlayImageContentViewControllerTests" tests="4">
    <testcase classname="SPTAdOverlayImageContentViewControllerTests" name="testActionButtonTapped" time="0.009" />
    <testcase classname="SPTAdOverlayImageContentViewControllerTests" name="testInitWithEntity" time="0.009" />
    <testcase classname="SPTAdOverlayImageContentViewControllerTests" name="testLoadView" time="0.014" />
    <testcase classname="SPTAdOverlayImageContentViewControllerTests" name="testViewDidLoad" time="0.013" />
  </testsuite>
  <testsuite failures="0" name="SPTAdOverlayOfferContentViewControllerTests" tests="4">
    <testcase classname="SPTAdOverlayOfferContentViewControllerTests" name="testActionButtonCallsTarget" time="0.012" />
    <testcase classname="SPTAdOverlayOfferContentViewControllerTests" name="testNoOfferControllerHasCorrectElements" time="0.010" />
    <testcase classname="SPTAdOverlayOfferContentViewControllerTests" name="testOptInControllerHasCorrectElements" time="0.011" />
    <testcase classname="SPTAdOverlayOfferContentViewControllerTests" name="testOptOutControllerHasCorrectElements" time="0.010" />
  </testsuite>
  <testsuite failures="0" name="SPTAdOverlayVideoContentViewControllerTests" tests="2">
    <testcase classname="SPTAdOverlayVideoContentViewControllerTests" name="testStringFromTime" time="0.011" />
    <testcase classname="SPTAdOverlayVideoContentViewControllerTests" name="testViewDidLoad" time="0.020" />
  </testsuite>
  <testsuite failures="0" name="SPTAdPartnersPreferencesSettingsSectionTests" tests="2">
    <testcase classname="SPTAdPartnersPreferencesSettingsSectionTests" name="testFooterText" time="0.008" />
    <testcase classname="SPTAdPartnersPreferencesSettingsSectionTests" name="testNumberOfRows" time="0.007" />
  </testsuite>
  <testsuite failures="0" name="SPTAdRegistryTests" tests="2">
    <testcase classname="SPTAdRegistryTests" name="testShouldAddEntity" time="0.045" />
    <testcase classname="SPTAdRegistryTests" name="testShouldNotifyObserver" time="0.009" />
  </testsuite>
  <testsuite failures="0" name="SPTAdRemoteControlPolicyTests" tests="31">
    <testcase classname="SPTAdRemoteControlPolicyTests" name="testBookmarkButtonPressedWithCompletion" time="0.008" />
    <testcase classname="SPTAdRemoteControlPolicyTests" name="testDislikeButtonPressedWithCompletion" time="0.008" />
    <testcase classname="SPTAdRemoteControlPolicyTests" name="testLikeButtonPressedWithCompletion" time="0.007" />
    <testcase classname="SPTAdRemoteControlPolicyTests" name="testLocalizedTitleForBookmarkCommand" time="0.008" />
    <testcase classname="SPTAdRemoteControlPolicyTests" name="testLocalizedTitleForDislikeCommand" time="0.008" />
    <testcase classname="SPTAdRemoteControlPolicyTests" name="testLocalizedTitleForLikeCommand" time="0.008" />
    <testcase classname="SPTAdRemoteControlPolicyTests" name="testObserver" time="0.008" />
    <testcase classname="SPTAdRemoteControlPolicyTests" name="testShouldBookmarkCommandBeAvailable" time="0.008" />
    <testcase classname="SPTAdRemoteControlPolicyTests" name="testShouldBookmarkCommandBeEnabled" time="0.008" />
    <testcase classname="SPTAdRemoteControlPolicyTests" name="testShouldDislikeCommandBeAvailable" time="0.008" />
    <testcase classname="SPTAdRemoteControlPolicyTests" name="testShouldDislikeCommandBeEnabled" time="0.007" />
    <testcase classname="SPTAdRemoteControlPolicyTests" name="testShouldDislikeCommandBeSelected" time="0.007" />
    <testcase classname="SPTAdRemoteControlPolicyTests" name="testShouldLikeCommandBeAvailable" time="0.008" />
    <testcase classname="SPTAdRemoteControlPolicyTests" name="testShouldLikeCommandBeEnabled" time="0.008" />
    <testcase classname="SPTAdRemoteControlPolicyTests" name="testShouldLikeCommandBeSelected" time="0.008" />
    <testcase classname="SPTAdRemoteControlPolicyTests" name="testShouldNextTrackCommandBeAvailable" time="0.008" />
    <testcase classname="SPTAdRemoteControlPolicyTests" name="testShouldNextTrackCommandBeEnabled" time="0.008" />
    <testcase classname="SPTAdRemoteControlPolicyTests" name="testShouldPreviousTrackCommandBeAvailable" time="0.008" />
    <testcase classname="SPTAdRemoteControlPolicyTests" name="testShouldPreviousTrackCommandBeEnabled" time="0.008" />
    <testcase classname="SPTAdRemoteControlPolicyTests" name="testShouldSeekBackwardCommandBeAvailable" time="0.008" />
    <testcase classname="SPTAdRemoteControlPolicyTests" name="testShouldSeekBackwardCommandBeEnabled" time="0.008" />
    <testcase classname="SPTAdRemoteControlPolicyTests" name="testShouldSeekForwardCommandBeAvailable" time="0.008" />
    <testcase classname="SPTAdRemoteControlPolicyTests" name="testShouldSeekForwardCommandBeEnabled" time="0.008" />
    <testcase classname="SPTAdRemoteControlPolicyTests" name="testShouldSkipBackwardCommandBeAvailable" time="0.008" />
    <testcase classname="SPTAdRemoteControlPolicyTests" name="testShouldSkipBackwardCommandBeEnabled" time="0.008" />
    <testcase classname="SPTAdRemoteControlPolicyTests" name="testShouldSkipForwardCommandBeAvailable" time="0.008" />
    <testcase classname="SPTAdRemoteControlPolicyTests" name="testShouldSkipForwardCommandBeEnabled" time="0.007" />
    <testcase classname="SPTAdRemoteControlPolicyTests" name="testSkipBackwardCommandIntervals" time="0.008" />
    <testcase classname="SPTAdRemoteControlPolicyTests" name="testSkipBackwardWithInterval" time="0.007" />
    <testcase classname="SPTAdRemoteControlPolicyTests" name="testSkipForwardCommandIntervals" time="0.008" />
    <testcase classname="SPTAdRemoteControlPolicyTests" name="testSkipForwardWithInterval" time="0.007" />
  </testsuite>
  <testsuite failures="0" name="SPTAdRewardTests" tests="2">
    <testcase classname="SPTAdRewardTests" name="testRewardTime" time="0.007" />
    <testcase classname="SPTAdRewardTests" name="testRewardUnknown" time="0.007" />
  </testsuite>
  <testsuite failures="0" name="SPTAdRulesManagerTests" tests="4">
    <testcase classname="SPTAdRulesManagerTests" name="testIsOptInEnabled" time="0.009" />
    <testcase classname="SPTAdRulesManagerTests" name="testIsOptOutEnabled" time="0.008" />
    <testcase classname="SPTAdRulesManagerTests" name="testMidrollPlayContextDisabled" time="0.009" />
    <testcase classname="SPTAdRulesManagerTests" name="testOptOutDisabledContexts" time="0.011" />
  </testsuite>
  <testsuite failures="0" name="SPTAdSponsoredSessionContentUnitProviderTests" tests="4">
    <testcase classname="SPTAdSponsoredSessionContentUnitProviderTests" name="testContentUnitProviderIsDisplayingEndcard" time="0.017" />
    <testcase classname="SPTAdSponsoredSessionContentUnitProviderTests" name="testContentUnitProviderIsNotDisplayingEndcardIfNotAttached" time="0.010" />
    <testcase classname="SPTAdSponsoredSessionContentUnitProviderTests" name="testContentUnitProviderIsNotDisplayingEndcardIfViewNotLoaded" time="0.011" />
    <testcase classname="SPTAdSponsoredSessionContentUnitProviderTests" name="testLastProvidedContentUnitIsEndCard" time="0.011" />
  </testsuite>
  <testsuite failures="0" name="SPTAdSponsoredSessionControllerTests" tests="6">
    <testcase classname="SPTAdSponsoredSessionControllerTests" name="testDismiss" time="0.010" />
    <testcase classname="SPTAdSponsoredSessionControllerTests" name="testDismissWhenNotPresented" time="0.011" />
    <testcase classname="SPTAdSponsoredSessionControllerTests" name="testInitialization" time="0.010" />
    <testcase classname="SPTAdSponsoredSessionControllerTests" name="testNotDismissedIfEndCardIsVisible" time="0.010" />
    <testcase classname="SPTAdSponsoredSessionControllerTests" name="testNotDismissedIfSponsoredSessionIsPlaying" time="0.011" />
    <testcase classname="SPTAdSponsoredSessionControllerTests" name="testPresent" time="0.011" />
  </testsuite>
  <testsuite failures="0" name="SPTAdTestingHandlerTests" tests="1">
    <testcase classname="SPTAdTestingHandlerTests" name="testAddStreamTime" time="0.008" />
  </testsuite>
  <testsuite failures="0" name="SPTAdVideoEntityTests" tests="1">
    <testcase classname="SPTAdVideoEntityTests" name="testMetadata" time="0.008" />
  </testsuite>
  <testsuite failures="0" name="SPTAdVideoEventReporterTests" tests="12">
    <testcase classname="SPTAdVideoEventReporterTests" name="testLogQuartiles" time="0.010" />
    <testcase classname="SPTAdVideoEventReporterTests" name="testNotLoggingAudioAds" time="0.009" />
    <testcase classname="SPTAdVideoEventReporterTests" name="testNotLoggingRegularVideos" time="0.009" />
    <testcase classname="SPTAdVideoEventReporterTests" name="testNotSendingNielsenImpressionWhenAbsent" time="0.010" />
    <testcase classname="SPTAdVideoEventReporterTests" name="testNotSendingNielsenImpressionWhenPreview" time="0.010" />
    <testcase classname="SPTAdVideoEventReporterTests" name="testSendingImpressionOnEnd" time="0.010" />
    <testcase classname="SPTAdVideoEventReporterTests" name="testSendingImpressionOnStart" time="0.010" />
    <testcase classname="SPTAdVideoEventReporterTests" name="testSendingImpressionOnThresholdAdaptive_DurationDeterminedAfterThreshold" time="0.010" />
    <testcase classname="SPTAdVideoEventReporterTests" name="testSendingImpressionOnThresholdAdaptive_DurationDeterminedBeforeThreshold" time="0.010" />
    <testcase classname="SPTAdVideoEventReporterTests" name="testSendingImpressionOnThresholdAdaptive_DurationNeverDetermined" time="0.010" />
    <testcase classname="SPTAdVideoEventReporterTests" name="testSendingImpressionOnThresholdFlatfile" time="0.010" />
    <testcase classname="SPTAdVideoEventReporterTests" name="testSendingNielsenImpressionWhenPresent" time="0.010" />
  </testsuite>
  <testsuite failures="0" name="SPTAdsAutoDetectionControllerTests" tests="4">
    <testcase classname="SPTAdsAutoDetectionControllerTests" name="testAutoDetectionCausesDeviceInfoOverride" time="0.009" />
    <testcase classname="SPTAdsAutoDetectionControllerTests" name="testDriverDistractionWorksWhenFlagOff" time="0.009" />
    <testcase classname="SPTAdsAutoDetectionControllerTests" name="testNoConflictWithDriverDistraction" time="0.009" />
    <testcase classname="SPTAdsAutoDetectionControllerTests" name="testSwitchBetweenAutoDetectionAndDriverDistraction" time="0.009" />
  </testsuite>
  <testsuite failures="0" name="SPTAdsDriverDistractionManagerTests" tests="2">
    <testcase classname="SPTAdsDriverDistractionManagerTests" name="testDriverDistractionDisabled" time="0.008" />
    <testcase classname="SPTAdsDriverDistractionManagerTests" name="testDriverDistractionEnabled" time="0.009" />
  </testsuite>
  <testsuite failures="0" name="SPTAdsManagerImplTests" tests="17">
    <testcase classname="SPTAdsManagerImplTests" name="testDisablePrerollAdExperience" time="0.010" />
    <testcase classname="SPTAdsManagerImplTests" name="testDisablesNavigationBarRightButtonDuringAd" time="0.010" />
    <testcase classname="SPTAdsManagerImplTests" name="testEnablePrerollAdExperience" time="0.010" />
    <testcase classname="SPTAdsManagerImplTests" name="testHandleAdTapAudio" time="0.010" />
    <testcase classname="SPTAdsManagerImplTests" name="testHandleAdTapForcedPreroll" time="0.010" />
    <testcase classname="SPTAdsManagerImplTests" name="testHandleAdTapMidrollCannotPlay" time="0.010" />
    <testcase classname="SPTAdsManagerImplTests" name="testHandleAdTapMidrollCanPlay" time="0.010" />
    <testcase classname="SPTAdsManagerImplTests" name="testHandleAdTapNoURL" time="0.010" />
    <testcase classname="SPTAdsManagerImplTests" name="testHandleAdTapPrerollButton" time="0.010" />
    <testcase classname="SPTAdsManagerImplTests" name="testHandleAdTapPrerollImage" time="0.010" />
    <testcase classname="SPTAdsManagerImplTests" name="testHandleAdTapVideoPlayback" time="0.010" />
    <testcase classname="SPTAdsManagerImplTests" name="testNavigationBarMinimizationDisabledDuringCosmosVideo" time="0.010" />
    <testcase classname="SPTAdsManagerImplTests" name="testNavigationBarMinimizationDisabledDuringForcedPreroll" time="0.011" />
    <testcase classname="SPTAdsManagerImplTests" name="testNavigationBarMinimizationEnabledAfterCosmosVideo" time="0.010" />
    <testcase classname="SPTAdsManagerImplTests" name="testNavigationBarMinimizationEnabledAfterForcedPreroll" time="0.010" />
    <testcase classname="SPTAdsManagerImplTests" name="testRestoresNavigationBarRightButtonAfterAd" time="0.011" />
    <testcase classname="SPTAdsManagerImplTests" name="testShouldAllowSkipControl" time="0.012" />
  </testsuite>
  <testsuite failures="0" name="SPTAdsMoatManagerTests" tests="11">
    <testcase classname="SPTAdsMoatManagerTests" name="testCurrentPlayheadMillisInvalidCMTime" time="0.011" />
    <testcase classname="SPTAdsMoatManagerTests" name="testCurrentPlayheadMillisNoAVPlayer" time="0.012" />
    <testcase classname="SPTAdsMoatManagerTests" name="testCurrentPlayheadMillisNoPlayerSource" time="0.014" />
    <testcase classname="SPTAdsMoatManagerTests" name="testCurrentPlayheadMillisValid" time="0.014" />
    <testcase classname="SPTAdsMoatManagerTests" name="testEndTracking" time="0.012" />
    <testcase classname="SPTAdsMoatManagerTests" name="testNotObservingIfMoatDisabledFromDFP" time="0.010" />
    <testcase classname="SPTAdsMoatManagerTests" name="testNotObservingIfNoLineItemOrCreativeId" time="0.010" />
    <testcase classname="SPTAdsMoatManagerTests" name="testPauseTracking" time="0.010" />
    <testcase classname="SPTAdsMoatManagerTests" name="testStartObserving" time="0.010" />
    <testcase classname="SPTAdsMoatManagerTests" name="testStartTracking" time="0.009" />
    <testcase classname="SPTAdsMoatManagerTests" name="testVideoTrackerIsInitialised" time="0.009" />
  </testsuite>
  <testsuite failures="0" name="SPTAdsViewModelTests" tests="19">
    <testcase classname="SPTAdsViewModelTests" name="testActiveEntityDependentSlot" time="0.010" />
    <testcase classname="SPTAdsViewModelTests" name="testAdContextManagerDidChange_Context" time="0.009" />
    <testcase classname="SPTAdsViewModelTests" name="testAdContextManagerDidChange_NilContext" time="0.008" />
    <testcase classname="SPTAdsViewModelTests" name="testAudioOfferAvailable" time="0.009" />
    <testcase classname="SPTAdsViewModelTests" name="testAudioOfferPlay" time="0.009" />
    <testcase classname="SPTAdsViewModelTests" name="testEndCardEndEvents" time="0.010" />
    <testcase classname="SPTAdsViewModelTests" name="testForcedPrerollFinish_PlayerError" time="0.010" />
    <testcase classname="SPTAdsViewModelTests" name="testForcedPrerollFinish_PlayerState" time="0.012" />
    <testcase classname="SPTAdsViewModelTests" name="testGiveRewardTime" time="0.010" />
    <testcase classname="SPTAdsViewModelTests" name="testNotClearingMidrollOnNonSponsoredPlaylist" time="0.009" />
    <testcase classname="SPTAdsViewModelTests" name="testOptInOfferEndEvents" time="0.009" />
    <testcase classname="SPTAdsViewModelTests" name="testOptOutOfferEndEvents" time="0.010" />
    <testcase classname="SPTAdsViewModelTests" name="testReportAdClickEndCard" time="0.010" />
    <testcase classname="SPTAdsViewModelTests" name="testReportAdClickMidroll" time="0.010" />
    <testcase classname="SPTAdsViewModelTests" name="testReportAdClickPreroll" time="0.010" />
    <testcase classname="SPTAdsViewModelTests" name="testRequestPrerollOffer_Logging" time="0.010" />
    <testcase classname="SPTAdsViewModelTests" name="testRequestPrerollOffer_Requests" time="0.010" />
    <testcase classname="SPTAdsViewModelTests" name="testSkipOffer" time="0.010" />
    <testcase classname="SPTAdsViewModelTests" name="testVideoEndEvents" time="0.009" />
  </testsuite>
  <testsuite failures="0" name="SPTCircularProgressViewTests" tests="4">
    <testcase classname="SPTCircularProgressViewTests" name="testAnimation" time="0.018" />
    <testcase classname="SPTCircularProgressViewTests" name="testApplyThemeUsesAllThemeProperties" time="0.009" />
    <testcase classname="SPTCircularProgressViewTests" name="testDisplayLinkLifeCycle" time="0.015" />
    <testcase classname="SPTCircularProgressViewTests" name="testRefreshUsesDataSource" time="0.008" />
  </testsuite>
  <testsuite failures="0" name="SPTSponsoredContextEntityDataTests" tests="5">
    <testcase classname="SPTSponsoredContextEntityDataTests" name="testInitWithPreviewDictionary" time="0.009" />
    <testcase classname="SPTSponsoredContextEntityDataTests" name="testPopulateSponsorshipDataValidData" time="0.007" />
    <testcase classname="SPTSponsoredContextEntityDataTests" name="testSponsoredContextEntityDataSetupBadData" time="0.007" />
    <testcase classname="SPTSponsoredContextEntityDataTests" name="testSponsoredContextEntityDataSetupValidFullData" time="0.006" />
    <testcase classname="SPTSponsoredContextEntityDataTests" name="testSponsoredContextEntityDataSetupValidPartialData" time="0.007" />
  </testsuite>
  <testsuite failures="0" name="SPTSponsoredContextManagerTests" tests="6">
    <testcase classname="SPTSponsoredContextManagerTests" name="testGetPreview" time="0.007" />
    <testcase classname="SPTSponsoredContextManagerTests" name="testHasSponsoredContextPreview" time="0.006" />
    <testcase classname="SPTSponsoredContextManagerTests" name="testIsContextSponsoredValid" time="0.005" />
    <testcase classname="SPTSponsoredContextManagerTests" name="testParseResponse" time="0.004" />
    <testcase classname="SPTSponsoredContextManagerTests" name="testRemovePreviewData" time="0.005" />
    <testcase classname="SPTSponsoredContextManagerTests" name="testSubscribeToPreviewSlot" time="0.005" />
  </testsuite>
  <testsuite failures="0" name="SPTSponsoredContextViewModelImplTests" tests="4">
    <testcase classname="SPTSponsoredContextViewModelImplTests" name="testShouldOpenNonSpotifyURLExternally" time="0.011" />
    <testcase classname="SPTSponsoredContextViewModelImplTests" name="testShouldOpenSpotifyURIInApp" time="0.013" />
    <testcase classname="SPTSponsoredContextViewModelImplTests" name="testShouldOpenSpotifyURLInApp" time="0.011" />
    <testcase classname="SPTSponsoredContextViewModelImplTests" name="testShouldTrackClick" time="0.007" />
  </testsuite>
  <testsuite failures="0" name="SPTArtistServiceImplementationTest" tests="5">
    <testcase classname="SPTArtistServiceImplementationTest" name="testProvideArtistAboutViewController" time="0.029" />
    <testcase classname="SPTArtistServiceImplementationTest" name="testProvideArtistAlbumsViewController" time="0.013" />
    <testcase classname="SPTArtistServiceImplementationTest" name="testProvideArtistPlaylistsViewController" time="0.012" />
    <testcase classname="SPTArtistServiceImplementationTest" name="testProvideArtistViewController" time="0.014" />
    <testcase classname="SPTArtistServiceImplementationTest" name="testProvideRelatedArtistsViewController" time="0.010" />
  </testsuite>
  <testsuite failures="0" name="ArtistFeatureTests" tests="1">
    <testcase classname="ArtistFeatureTests" name="testRequestURLFromArtistURL" time="0.008" />
  </testsuite>
  <testsuite failures="0" name="NSURLArtistTest" tests="23">
    <testcase classname="NSURLArtistTest" name="testAboutURL" time="0.009" />
    <testcase classname="NSURLArtistTest" name="testAlbumsURLs" time="0.008" />
    <testcase classname="NSURLArtistTest" name="testArtistFeatureAlbumTypeForAlbumsURL" time="0.008" />
    <testcase classname="NSURLArtistTest" name="testArtistFeatureAlbumTypeForAppearsOnURL" time="0.008" />
    <testcase classname="NSURLArtistTest" name="testArtistFeatureAlbumTypeForCompilationsURL" time="0.008" />
    <testcase classname="NSURLArtistTest" name="testArtistFeatureAlbumTypeForSinglesURL" time="0.008" />
    <testcase classname="NSURLArtistTest" name="testArtistID" time="0.008" />
    <testcase classname="NSURLArtistTest" name="testArtistIDWithNonArtistURL" time="0.007" />
    <testcase classname="NSURLArtistTest" name="testArtistURLFromAboutURL" time="0.006" />
    <testcase classname="NSURLArtistTest" name="testArtistURLFromAlbumURLs" time="0.006" />
    <testcase classname="NSURLArtistTest" name="testArtistURLFromPlaylistsURL" time="0.006" />
    <testcase classname="NSURLArtistTest" name="testArtistURLFromRelatedArtistsURL" time="0.005" />
    <testcase classname="NSURLArtistTest" name="testArtistURLs" time="0.005" />
    <testcase classname="NSURLArtistTest" name="testIsArtistAboutURL" time="0.004" />
    <testcase classname="NSURLArtistTest" name="testIsArtistAlbumsURL" time="0.005" />
    <testcase classname="NSURLArtistTest" name="testIsArtistAppearsOnURL" time="0.005" />
    <testcase classname="NSURLArtistTest" name="testIsArtistCompilationsURL" time="0.005" />
    <testcase classname="NSURLArtistTest" name="testIsArtistPlaylistsURL" time="0.006" />
    <testcase classname="NSURLArtistTest" name="testIsArtistRelatedArtistsURL" time="0.007" />
    <testcase classname="NSURLArtistTest" name="testIsArtistSinglesURL" time="0.007" />
    <testcase classname="NSURLArtistTest" name="testPlaylistsURL" time="0.006" />
    <testcase classname="NSURLArtistTest" name="testRelatedArtistsURL" time="0.006" />
    <testcase classname="NSURLArtistTest" name="testValidArtistURLs" time="0.007" />
  </testsuite>
  <testsuite failures="0" name="NSURL_SPTArtistConcertTests" tests="1">
    <testcase classname="NSURL_SPTArtistConcertTests" name="testSpotifyURIToPartnerURL" time="0.007" />
  </testsuite>
  <testsuite failures="0" name="SPTArtistAboutPreviewTableViewDataSourceTest" tests="4">
    <testcase classname="SPTArtistAboutPreviewTableViewDataSourceTest" name="test_whenDidHighlightRowAtIndexPath_thenItemTouchBlockIsInvoked" time="0.008" />
    <testcase classname="SPTArtistAboutPreviewTableViewDataSourceTest" name="test_whenDidSelectRowAtIndexPath_thenItemSelectedBlockIsInvoked" time="0.006" />
    <testcase classname="SPTArtistAboutPreviewTableViewDataSourceTest" name="test_whenSettingBackgroundImageURL_thenImageLoaderIsStarted" time="0.006" />
    <testcase classname="SPTArtistAboutPreviewTableViewDataSourceTest" name="test_whenWillDisplayCellAtIndexPath_thenAnImpressionIsLogged" time="0.006" />
  </testsuite>
  <testsuite failures="0" name="SPTArtistAboutSocialProofViewControllerTests" tests="1">
    <testcase classname="SPTArtistAboutSocialProofViewControllerTests" name="testLogSocialProof" time="0.857" />
  </testsuite>
  <testsuite failures="0" name="SPTArtistAboutViewControllerTests" tests="2">
    <testcase classname="SPTArtistAboutViewControllerTests" name="testDidLogScreenshot" time="1.213" />
    <testcase classname="SPTArtistAboutViewControllerTests" name="testDidLogSectionHits" time="5.192" />
  </testsuite>
  <testsuite failures="0" name="SPTArtistAboutViewDataTests" tests="15">
    <testcase classname="SPTArtistAboutViewDataTests" name="testParseListenersFromDictionary" time="0.008" />
    <testcase classname="SPTArtistAboutViewDataTests" name="testParseTopCityDataFromDictionary" time="0.007" />
    <testcase classname="SPTArtistAboutViewDataTests" name="testStyledMonthlyListenerCount" time="0.014" />
    <testcase classname="SPTArtistAboutViewDataTests" name="testSuccessfullyParseBiographyText" time="0.008" />
    <testcase classname="SPTArtistAboutViewDataTests" name="testSuccessfullyParseEmptyPayload" time="0.008" />
    <testcase classname="SPTArtistAboutViewDataTests" name="testSuccessfullyParseGlobalChartPosition" time="0.009" />
    <testcase classname="SPTArtistAboutViewDataTests" name="testSuccessfullyParseImages" time="0.009" />
    <testcase classname="SPTArtistAboutViewDataTests" name="testSuccessfullyParseListeners" time="0.009" />
    <testcase classname="SPTArtistAboutViewDataTests" name="testSuccessfullyParseMonthlyListeners" time="0.009" />
    <testcase classname="SPTArtistAboutViewDataTests" name="testSuccessfullyParseName" time="0.009" />
    <testcase classname="SPTArtistAboutViewDataTests" name="testSuccessfullyRemoveSearchLinksInBiographyText" time="0.009" />
    <testcase classname="SPTArtistAboutViewDataTests" name="testSuccessfullyRemoveSearchLinksInBiographyTextAfterReplacingEndlines" time="0.008" />
    <testcase classname="SPTArtistAboutViewDataTests" name="testSuccessfullyReplaceEndlinesInBiographyText" time="0.009" />
    <testcase classname="SPTArtistAboutViewDataTests" name="testSuccessfullySanitizeBiographyText" time="0.009" />
    <testcase classname="SPTArtistAboutViewDataTests" name="testValidListenerImageURL" time="0.009" />
  </testsuite>
  <testsuite failures="0" name="SPTArtistAboutViewModelTests" tests="7">
    <testcase classname="SPTArtistAboutViewModelTests" name="testNotifyDelegateOfLoadingAfterCancelledRequest" time="0.013" />
    <testcase classname="SPTArtistAboutViewModelTests" name="testNotifyDelegateOfLoadingAfterSuccessfulResponse" time="0.011" />
    <testcase classname="SPTArtistAboutViewModelTests" name="testNotifyDelegateOfLoadingAfterUnsuccessfulResponse" time="0.010" />
    <testcase classname="SPTArtistAboutViewModelTests" name="testParseEmptyJSONResponse" time="0.010" />
    <testcase classname="SPTArtistAboutViewModelTests" name="testParseErrorResponse" time="0.010" />
    <testcase classname="SPTArtistAboutViewModelTests" name="testParseValidConcertsResultsJSONResponse" time="0.010" />
    <testcase classname="SPTArtistAboutViewModelTests" name="testRequestToCorrectURLWithSocialProof" time="0.009" />
  </testsuite>
  <testsuite failures="0" name="SPTArtistAboutViewURLTests" tests="1">
    <testcase classname="SPTArtistAboutViewURLTests" name="testInitCorrectURLForArtistAboutViewEndpointWithoutSocialProof" time="0.008" />
  </testsuite>
  <testsuite failures="0" name="SPTArtistAlbumViewControllerTest" tests="4">
    <testcase classname="SPTArtistAlbumViewControllerTest" name="testLogTapOnTableViewCell" time="0.037" />
    <testcase classname="SPTArtistAlbumViewControllerTest" name="testLogViewLoadError" time="0.019" />
    <testcase classname="SPTArtistAlbumViewControllerTest" name="testNotNil" time="0.011" />
    <testcase classname="SPTArtistAlbumViewControllerTest" name="testViewModelDidLoadDataViewLoadingLog" time="0.018" />
  </testsuite>
  <testsuite failures="0" name="SPTArtistAlbumsViewModelTest" tests="6">
    <testcase classname="SPTArtistAlbumsViewModelTest" name="testArtistFeatureAlbumsString" time="0.010" />
    <testcase classname="SPTArtistAlbumsViewModelTest" name="testArtistFeatureAppearsOnString" time="0.010" />
    <testcase classname="SPTArtistAlbumsViewModelTest" name="testArtistFeatureCompilationsString" time="0.010" />
    <testcase classname="SPTArtistAlbumsViewModelTest" name="testArtistFeatureSinglesString" time="0.010" />
    <testcase classname="SPTArtistAlbumsViewModelTest" name="testNotNil" time="0.009" />
    <testcase classname="SPTArtistAlbumsViewModelTest" name="testParseSuccessfulResponseData" time="0.011" />
  </testsuite>
  <testsuite failures="0" name="SPTArtistArrayTableViewDataSourceTest" tests="13">
    <testcase classname="SPTArtistArrayTableViewDataSourceTest" name="testThatViewAllCellCheckReturnsFalse_indexHigherThanNumberOfRows" time="0.010" />
    <testcase classname="SPTArtistArrayTableViewDataSourceTest" name="testThatViewAllCellCheckReturnsFalse_zeroItems_collectionView" time="0.013" />
    <testcase classname="SPTArtistArrayTableViewDataSourceTest" name="testThatViewAllCellCheckReturnsFalse_zeroItems_tableView" time="0.009" />
    <testcase classname="SPTArtistArrayTableViewDataSourceTest" name="testThatViewAllCellCheckReturnsTrue_zeroItems_collectionView_forcedButton" time="0.011" />
    <testcase classname="SPTArtistArrayTableViewDataSourceTest" name="testThatViewAllCellCheckReturnsTrue_zeroItems_tableView_forcedButton" time="0.008" />
    <testcase classname="SPTArtistArrayTableViewDataSourceTest" name="testThatViewAllCellIdexIsFound_collectionView_lessItemsThanLimit_forcedButton" time="0.008" />
    <testcase classname="SPTArtistArrayTableViewDataSourceTest" name="testThatViewAllCellIdexIsFound_collectionView_moreItemsThanLimit_showViewAllButtonIsYES" time="0.007" />
    <testcase classname="SPTArtistArrayTableViewDataSourceTest" name="testThatViewAllCellIdexIsFound_tableView_lessItemsThanLimit_forcedButton" time="0.007" />
    <testcase classname="SPTArtistArrayTableViewDataSourceTest" name="testThatViewAllCellIdexIsFound_tableView_moreItemsThanLimit" time="0.007" />
    <testcase classname="SPTArtistArrayTableViewDataSourceTest" name="testThatViewAllCellIdexIsNotFound_collectionView_lessItemsThanLimit" time="0.007" />
    <testcase classname="SPTArtistArrayTableViewDataSourceTest" name="testThatViewAllCellIdexIsNotFound_collectionView_moreItemsThanLimit_showViewAllButtonIsNO" time="0.007" />
    <testcase classname="SPTArtistArrayTableViewDataSourceTest" name="testThatViewAllCellIdexIsNotFound_tableView_lessItemsThanLimit" time="0.008" />
    <testcase classname="SPTArtistArrayTableViewDataSourceTest" name="testThatViewAllCellIdexIsNotFound_tableView_moreItemsThanLimit_showViewAllButtonIsNO" time="0.006" />
  </testsuite>
  <testsuite failures="0" name="SPTArtistCombinedTableViewDataSourceTest" tests="5">
    <testcase classname="SPTArtistCombinedTableViewDataSourceTest" name="testThatFoundSectionIndexIsForTheFirstOccurence" time="0.007" />
    <testcase classname="SPTArtistCombinedTableViewDataSourceTest" name="testThatSectionIndexIsFound_matchingEmptyTitle" time="0.006" />
    <testcase classname="SPTArtistCombinedTableViewDataSourceTest" name="testThatSectionIndexIsFound_matchingNonEmptyTitle" time="0.006" />
    <testcase classname="SPTArtistCombinedTableViewDataSourceTest" name="testThatSectionIndexIsNSNotFound_noDataSources" time="0.005" />
    <testcase classname="SPTArtistCombinedTableViewDataSourceTest" name="testThatSectionIndexIsNSNotFound_noMatchingTitle" time="0.005" />
  </testsuite>
  <testsuite failures="0" name="SPTArtistConcertTests" tests="2">
    <testcase classname="SPTArtistConcertTests" name="testArrayFactory" time="0.006" />
    <testcase classname="SPTArtistConcertTests" name="testInitializer" time="0.005" />
  </testsuite>
  <testsuite failures="0" name="SPTArtistGalleryViewModelTest" tests="4">
    <testcase classname="SPTArtistGalleryViewModelTest" name="testInitWithInvalidData" time="0.005" />
    <testcase classname="SPTArtistGalleryViewModelTest" name="testInitWithValidData" time="0.007" />
    <testcase classname="SPTArtistGalleryViewModelTest" name="testScrollUserIntent" time="0.006" />
    <testcase classname="SPTArtistGalleryViewModelTest" name="testURLExtraction" time="0.005" />
  </testsuite>
  <testsuite failures="0" name="SPTArtistLoggerTests" tests="5">
    <testcase classname="SPTArtistLoggerTests" name="testLogArtistAboutDidNotSwipeSocialProof" time="0.008" />
    <testcase classname="SPTArtistLoggerTests" name="testLogArtistAboutPreviewCellImpression" time="0.006" />
    <testcase classname="SPTArtistLoggerTests" name="testLogArtistAboutSwipedSocialProof" time="0.006" />
    <testcase classname="SPTArtistLoggerTests" name="testLogArtistTapSocialProof" time="0.008" />
    <testcase classname="SPTArtistLoggerTests" name="testLogArtistViewedAboutView" time="0.006" />
  </testsuite>
  <testsuite failures="0" name="SPTArtistOverviewModelTests" tests="14">
    <testcase classname="SPTArtistOverviewModelTests" name="testAlbumsCount" time="0.095" />
    <testcase classname="SPTArtistOverviewModelTests" name="testAppearsOnCount" time="0.037" />
    <testcase classname="SPTArtistOverviewModelTests" name="testBiography" time="0.031" />
    <testcase classname="SPTArtistOverviewModelTests" name="testCompilationsCount" time="0.031" />
    <testcase classname="SPTArtistOverviewModelTests" name="testGlobalChartPosition" time="0.031" />
    <testcase classname="SPTArtistOverviewModelTests" name="testIsSpotlight" time="0.031" />
    <testcase classname="SPTArtistOverviewModelTests" name="testIsVerified" time="0.031" />
    <testcase classname="SPTArtistOverviewModelTests" name="testLatestRelease" time="0.031" />
    <testcase classname="SPTArtistOverviewModelTests" name="testLatestReleaseDoesNotExist" time="0.055" />
    <testcase classname="SPTArtistOverviewModelTests" name="testMonthlyListeners" time="0.035" />
    <testcase classname="SPTArtistOverviewModelTests" name="testPinnedItemDoesNotExist" time="0.050" />
    <testcase classname="SPTArtistOverviewModelTests" name="testPinnedItemExists" time="0.032" />
    <testcase classname="SPTArtistOverviewModelTests" name="testPlayableTracksCount" time="0.030" />
    <testcase classname="SPTArtistOverviewModelTests" name="testSinglesCount" time="0.030" />
  </testsuite>
  <testsuite failures="0" name="SPTArtistOverviewViewControllerTest" tests="3">
    <testcase classname="SPTArtistOverviewViewControllerTest" name="testNoCrashWhenFollowModelIsNil" time="0.037" />
    <testcase classname="SPTArtistOverviewViewControllerTest" name="testNotNil" time="0.011" />
    <testcase classname="SPTArtistOverviewViewControllerTest" name="testThatFollowButtonReflectsTheFollowStateWhenViewAppears" time="0.030" />
  </testsuite>
  <testsuite failures="0" name="SPTArtistOverviewViewControllerUITests" tests="2">
    <testcase classname="SPTArtistOverviewViewControllerUITests" name="testDidLogScreenshotWithAboutPreviewInView" time="1.687" />
    <testcase classname="SPTArtistOverviewViewControllerUITests" name="testDidLogScreenshotWithoutAboutPreviewInView" time="1.612" />
  </testsuite>
  <testsuite failures="0" name="SPTArtistTrackModelTests" tests="1">
    <testcase classname="SPTArtistTrackModelTests" name="testInitialization" time="0.008" />
  </testsuite>
  <testsuite failures="0" name="SPTArtistTracksTableViewDataSourceTest" tests="4">
    <testcase classname="SPTArtistTracksTableViewDataSourceTest" name="testThatCellIsConfiguredWithExplicitLabel_configureWithExplicitAndPremiumItem_flagDisabled" time="0.007" />
    <testcase classname="SPTArtistTracksTableViewDataSourceTest" name="testThatCellIsConfiguredWithExplicitLabel_configureWithExplicitItem" time="0.006" />
    <testcase classname="SPTArtistTracksTableViewDataSourceTest" name="testThatCellIsConfiguredWithoutSubtitleView_configureWithItem" time="0.006" />
    <testcase classname="SPTArtistTracksTableViewDataSourceTest" name="testThatCellIsConfiguredWithPremiumLabel_configureWithExplicitAndPremiumItem_flagEnabled" time="0.006" />
  </testsuite>
  <testsuite failures="0" name="SPTArtistViewModelTest" tests="1">
    <testcase classname="SPTArtistViewModelTest" name="testNotNil" time="0.005" />
  </testsuite>
  <testsuite failures="0" name="SPTArtistVolatileDataTest" tests="5">
    <testcase classname="SPTArtistVolatileDataTest" name="testInvalidVolatileDataMissingAllData" time="0.005" />
    <testcase classname="SPTArtistVolatileDataTest" name="testInvalidVolatileDataMissingSocialDict" time="0.005" />
    <testcase classname="SPTArtistVolatileDataTest" name="testInvalidVolatileDataMissingURL" time="0.005" />
    <testcase classname="SPTArtistVolatileDataTest" name="testInvalidVolatileDataMissingValues" time="0.006" />
    <testcase classname="SPTArtistVolatileDataTest" name="testValidVolatileData" time="0.007" />
  </testsuite>
  <testsuite failures="0" name="SPTArtistVolatileViewModelTest" tests="6">
    <testcase classname="SPTArtistVolatileViewModelTest" name="testNotifyDelegateOfEmptySuccessfulResponse" time="0.007" />
    <testcase classname="SPTArtistVolatileViewModelTest" name="testNotifyDelegateOfInvalidSuccessfulResponse" time="0.009" />
    <testcase classname="SPTArtistVolatileViewModelTest" name="testNotifyDelegateOfUnsuccessfulResponse" time="0.008" />
    <testcase classname="SPTArtistVolatileViewModelTest" name="testRequestDataAfterGoingOnline" time="0.006" />
    <testcase classname="SPTArtistVolatileViewModelTest" name="testRequestToCorrectURL" time="0.006" />
    <testcase classname="SPTArtistVolatileViewModelTest" name="testReturnSuccessfulResponse" time="0.008" />
  </testsuite>
  <testsuite failures="0" name="SPTClientEventLoggerArtistTest" tests="10">
    <testcase classname="SPTClientEventLoggerArtistTest" name="testLogArtistErrorEventWithErrorAndNonSerializableUserInfo" time="0.009" />
    <testcase classname="SPTClientEventLoggerArtistTest" name="testLogArtistErrorEventWithErrorAndSerializableUserInfo" time="0.009" />
    <testcase classname="SPTClientEventLoggerArtistTest" name="testLogArtistErrorEventWithNilURI" time="0.007" />
    <testcase classname="SPTClientEventLoggerArtistTest" name="testLogArtistErrorEventWithURI" time="0.007" />
    <testcase classname="SPTClientEventLoggerArtistTest" name="testLogArtistTapEventWithContextUriWithContextURI" time="0.006" />
    <testcase classname="SPTClientEventLoggerArtistTest" name="testLogArtistTapEventWithContextUriWithIndex" time="0.007" />
    <testcase classname="SPTClientEventLoggerArtistTest" name="testLogArtistTapEventWithContextUriWithTargetURI" time="0.006" />
    <testcase classname="SPTClientEventLoggerArtistTest" name="testLogArtistViewLoadingEventWithNilURI" time="0.007" />
    <testcase classname="SPTClientEventLoggerArtistTest" name="testLogArtistViewLoadingEventWithURI" time="0.007" />
    <testcase classname="SPTClientEventLoggerArtistTest" name="testNotNil" time="0.007" />
  </testsuite>
  <testsuite failures="0" name="SPTAuthAccountsErrorResponseURLBuilderTests" tests="5">
    <testcase classname="SPTAuthAccountsErrorResponseURLBuilderTests" name="testNilRedirectUrl" time="0.010" />
    <testcase classname="SPTAuthAccountsErrorResponseURLBuilderTests" name="testShouldCreateURL" time="0.008" />
    <testcase classname="SPTAuthAccountsErrorResponseURLBuilderTests" name="testShouldEncodeErrorAndDescription" time="0.012" />
    <testcase classname="SPTAuthAccountsErrorResponseURLBuilderTests" name="testShouldHandleExistingQueryParameters" time="0.010" />
    <testcase classname="SPTAuthAccountsErrorResponseURLBuilderTests" name="testShouldHandleNilDescription" time="0.009" />
  </testsuite>
  <testsuite failures="0" name="SPTAuthAccountsPreFlightResponseTests" tests="7">
    <testcase classname="SPTAuthAccountsPreFlightResponseTests" name="testShouldForwardURLWhenGivenURLWithAccessToken" time="0.010" />
    <testcase classname="SPTAuthAccountsPreFlightResponseTests" name="testShouldForwardURLWhenGivenURLWithErrorParameter" time="0.008" />
    <testcase classname="SPTAuthAccountsPreFlightResponseTests" name="testShouldSetStatusCompleteWhenGivenURLWithAccessToken" time="0.008" />
    <testcase classname="SPTAuthAccountsPreFlightResponseTests" name="testShouldSetStatusCompleteWhenGivenURLWithCode" time="0.010" />
    <testcase classname="SPTAuthAccountsPreFlightResponseTests" name="testShouldSetStatusDoAuthWithNoTokenAndNoCodeAndNoError" time="0.010" />
    <testcase classname="SPTAuthAccountsPreFlightResponseTests" name="testShouldSetStatusDoAuthWithUnknownErrorURLWhenGivenNilURL" time="0.010" />
    <testcase classname="SPTAuthAccountsPreFlightResponseTests" name="testShouldSetStatusErrorWhenGivenURLWithErrorParameter" time="0.012" />
  </testsuite>
  <testsuite failures="0" name="SPTAuthAccountsRequestTests" tests="8">
    <testcase classname="SPTAuthAccountsRequestTests" name="testShouldCreateValidUriMultipleScopes" time="0.009" />
    <testcase classname="SPTAuthAccountsRequestTests" name="testShouldCreateValidUriNoScopes" time="0.007" />
    <testcase classname="SPTAuthAccountsRequestTests" name="testShouldCreateValidUrl" time="0.007" />
    <testcase classname="SPTAuthAccountsRequestTests" name="testShouldDecodeRedirectURI" time="0.005" />
    <testcase classname="SPTAuthAccountsRequestTests" name="testShouldDecodeScopesWithPercentEncoding" time="0.005" />
    <testcase classname="SPTAuthAccountsRequestTests" name="testShouldHideLinksOnWebSite" time="0.005" />
    <testcase classname="SPTAuthAccountsRequestTests" name="testShouldHideSignoutLink" time="0.005" />
    <testcase classname="SPTAuthAccountsRequestTests" name="testShouldRemoveAnyGivenBundleIdParameterInQueryString" time="0.005" />
  </testsuite>
  <testsuite failures="0" name="SPTAuthRequestTests" tests="4">
    <testcase classname="SPTAuthRequestTests" name="testErrorousRequest" time="0.007" />
    <testcase classname="SPTAuthRequestTests" name="testRequestComplete" time="0.007" />
    <testcase classname="SPTAuthRequestTests" name="testRequestDoAuth" time="0.005" />
    <testcase classname="SPTAuthRequestTests" name="testTimesOutOnHermesRequestNotReturningOnTime" time="0.007" />
  </testsuite>
  <testsuite failures="0" name="STPAuthAccountsPreFlightRequestTests" tests="5">
    <testcase classname="STPAuthAccountsPreFlightRequestTests" name="testShouldCallbackWithCompleteStatusAndURIWhenGettingHTTPRedirect" time="0.009" />
    <testcase classname="STPAuthAccountsPreFlightRequestTests" name="testShouldCallbackWithCompleteWhenGettingHTTP200AndJsonResponseWithRedirect" time="0.008" />
    <testcase classname="STPAuthAccountsPreFlightRequestTests" name="testShouldCallbackWithDoAuthWhenGettingHTTP200AndJsonResponseButNoRedirect" time="0.008" />
    <testcase classname="STPAuthAccountsPreFlightRequestTests" name="testShouldCallbackWithDoAuthWhenGettingHTTP200ButNoRedirectURL" time="0.008" />
    <testcase classname="STPAuthAccountsPreFlightRequestTests" name="testShouldCallbackWithErrorWhenGettingNetworkError" time="0.009" />
  </testsuite>
  <testsuite failures="0" name="SPTCommunicationsControllerErrorObserverTests" tests="5">
    <testcase classname="SPTCommunicationsControllerErrorObserverTests" name="testErrorObserversMessagedWhenLoggedInConnecting" time="0.011" />
    <testcase classname="SPTCommunicationsControllerErrorObserverTests" name="testErrorObserversMessagedWhenLoggedInOffline" time="0.009" />
    <testcase classname="SPTCommunicationsControllerErrorObserverTests" name="testErrorObserversMessagedWhenLoggedInWithoutUser" time="0.007" />
    <testcase classname="SPTCommunicationsControllerErrorObserverTests" name="testErrorObserversMessagedWhenNotLoggedIn" time="0.008" />
    <testcase classname="SPTCommunicationsControllerErrorObserverTests" name="testErrorObserversMessagesWhenInvalidAuthToken" time="0.008" />
  </testsuite>
  <testsuite failures="0" name="SPTCommunicationsControllerImplementationTests" tests="11">
    <testcase classname="SPTCommunicationsControllerImplementationTests" name="testCanonicalLanguageIdentifierToMarketMapContainsCorrectAmountOfItems" time="0.008" />
    <testcase classname="SPTCommunicationsControllerImplementationTests" name="testCanonicalLanguageIdentifierToMarketMapContainsCorrectPairs" time="0.007" />
    <testcase classname="SPTCommunicationsControllerImplementationTests" name="testMarketFromLocaleIdentifierReturnsBrMarketForPtBrLocaleIdentifier" time="0.006" />
    <testcase classname="SPTCommunicationsControllerImplementationTests" name="testMarketFromLocaleIdentifierReturnsBrMarketForPtLocaleIdentifier" time="0.007" />
    <testcase classname="SPTCommunicationsControllerImplementationTests" name="testMarketFromLocaleIdentifierReturnsCaFrMarketForFrCaLocaleIdentifier" time="0.007" />
    <testcase classname="SPTCommunicationsControllerImplementationTests" name="testMarketFromLocaleIdentifierReturnsDefaultMarketForNil" time="0.008" />
    <testcase classname="SPTCommunicationsControllerImplementationTests" name="testMarketFromLocaleIdentifierReturnsDefaultMarketForUnknownLocaleIdentifier" time="0.008" />
    <testcase classname="SPTCommunicationsControllerImplementationTests" name="testMarketFromLocaleIdentifierReturnsFrMarketForUnkonwnVersionOfFrLocaleIdentifier" time="0.007" />
    <testcase classname="SPTCommunicationsControllerImplementationTests" name="testMarketFromLocaleIdentifierReturnsMxMarketForEs419LocaleIdentifier" time="0.008" />
    <testcase classname="SPTCommunicationsControllerImplementationTests" name="testMarketFromLocaleIdentifierReturnsPtMarketForPtPtLocaleIdentifier" time="0.008" />
    <testcase classname="SPTCommunicationsControllerImplementationTests" name="testMarketFromLocaleIdentifierReturnsUsMarketForEnLocaleIdentifier" time="0.007" />
  </testsuite>
  <testsuite failures="0" name="SPTCommunicationsControllerLoggingTests" tests="2">
    <testcase classname="SPTCommunicationsControllerLoggingTests" name="testControllerLogsDidChangeValue" time="0.010" />
    <testcase classname="SPTCommunicationsControllerLoggingTests" name="testControllerLogsWillChangeValue" time="0.008" />
  </testsuite>
  <testsuite failures="0" name="SPTCommunicationsFeatureTests" tests="1">
    <testcase classname="SPTCommunicationsFeatureTests" name="testProvidesCommunicationController" time="0.007" />
  </testsuite>
  <testsuite failures="0" name="SPTCommunicationsSettingTests" tests="5">
    <testcase classname="SPTCommunicationsSettingTests" name="testCreateModelFromEmptyJSONDictionary" time="0.004" />
    <testcase classname="SPTCommunicationsSettingTests" name="testCreateModelFromInvalidEmailJSONDicationary" time="0.004" />
    <testcase classname="SPTCommunicationsSettingTests" name="testCreateModelFromValidEmailJSONDicationary" time="0.004" />
    <testcase classname="SPTCommunicationsSettingTests" name="testCreateModelFromValidMarketingJSONDicationary" time="0.004" />
    <testcase classname="SPTCommunicationsSettingTests" name="testCreateModelFromValidPushJSONDicationary" time="0.004" />
  </testsuite>
  <testsuite failures="0" name="FollowModelTests" tests="13">
    <testcase classname="FollowModelTests" name="testFollowDoesNotToggleWhenAttemptingToFollowOneself" time="0.011" />
    <testcase classname="FollowModelTests" name="testFollowNonAsciiUsername" time="0.009" />
    <testcase classname="FollowModelTests" name="testIsCurrentUserReturnsFalseCorrectly" time="0.008" />
    <testcase classname="FollowModelTests" name="testIsCurrentUserReturnsTrueCorrectly" time="0.008" />
    <testcase classname="FollowModelTests" name="testIsCurrentUserReturnsTrueCorrectlyWithNonStandardEscapedUsername" time="0.006" />
    <testcase classname="FollowModelTests" name="testLoadFollowModelForNonAsciiCurrentUsernameSendsNonMatchingUsernameInRequest" time="0.008" />
    <testcase classname="FollowModelTests" name="testLoadFollowModelForNonAsciiTargetUserSendsNonMatchingTargetUsernameInRequest" time="0.008" />
    <testcase classname="FollowModelTests" name="testLoadFollowModelForValidCurrentUserAndValidTargetUser" time="0.008" />
    <testcase classname="FollowModelTests" name="testLoadFollowModelForValidCurrentUsernameAndTargetUsernameHasMatchingSourceAndTargetURIsInPayload" time="0.008" />
    <testcase classname="FollowModelTests" name="testLoadFollowModelForValidFormatting" time="0.008" />
    <testcase classname="FollowModelTests" name="testObserverNotifiedOfUpdatedFollowState" time="0.007" />
    <testcase classname="FollowModelTests" name="testObserversNotifiedOfFailedAttemptToUpdateFollowState" time="0.008" />
    <testcase classname="FollowModelTests" name="testUnfollowNonAsciiUsername" time="0.008" />
  </testsuite>
  <testsuite failures="0" name="InAppPurchaseControllerImplementationTest" tests="2">
    <testcase classname="InAppPurchaseControllerImplementationTest" name="testDelegateSet" time="0.021" />
    <testcase classname="InAppPurchaseControllerImplementationTest" name="testNotNil" time="0.013" />
  </testsuite>
  <testsuite failures="0" name="InAppPurchaseFeatureImplementationTest" tests="3">
    <testcase classname="InAppPurchaseFeatureImplementationTest" name="testProvideInAppPurchaseControllerWithLegacy" time="0.020" />
    <testcase classname="InAppPurchaseFeatureImplementationTest" name="testProvideInAppPurchaseControllerWithNewStack" time="0.017" />
    <testcase classname="InAppPurchaseFeatureImplementationTest" name="testShouldEnableInAppPurchaseFeature" time="0.018" />
  </testsuite>
  <testsuite failures="0" name="InAppPurchaseModelTests" tests="9">
    <testcase classname="InAppPurchaseModelTests" name="testAvailablePremiumProductIncludes30DayTrial" time="0.011" />
    <testcase classname="InAppPurchaseModelTests" name="testProductAvailability" time="0.011" />
    <testcase classname="InAppPurchaseModelTests" name="testProductAvailabilityStorage" time="0.013" />
    <testcase classname="InAppPurchaseModelTests" name="testProductAvailabilityWithoutIdentifier" time="0.009" />
    <testcase classname="InAppPurchaseModelTests" name="testProductAvailabilityWithoutProduct" time="0.009" />
    <testcase classname="InAppPurchaseModelTests" name="testReceiptRemoval" time="0.008" />
    <testcase classname="InAppPurchaseModelTests" name="testReceiptSaving" time="0.008" />
    <testcase classname="InAppPurchaseModelTests" name="testStateReset" time="0.005" />
    <testcase classname="InAppPurchaseModelTests" name="testUpdateProductIdentifierSavesSetting" time="0.005" />
  </testsuite>
  <testsuite failures="0" name="NSURLPaymentIAPTest" tests="3">
    <testcase classname="NSURLPaymentIAPTest" name="testOffersURL" time="0.005" />
    <testcase classname="NSURLPaymentIAPTest" name="testVerifyNilWithNilAppVersion" time="0.005" />
    <testcase classname="NSURLPaymentIAPTest" name="testVerifyWithAppVersion" time="0.005" />
  </testsuite>
  <testsuite failures="0" name="SPTIAPBuildCheckerTests" tests="5">
    <testcase classname="SPTIAPBuildCheckerTests" name="testBuildDetectorCombinations" time="0.005" />
    <testcase classname="SPTIAPBuildCheckerTests" name="testNilOrEmptySandboxUrlReturnsFalse" time="0.010" />
    <testcase classname="SPTIAPBuildCheckerTests" name="testNonSandboxReceiptShouldFail" time="0.014" />
    <testcase classname="SPTIAPBuildCheckerTests" name="testProductionBuildReturnYesWhenMacroIsSet" time="0.005" />
    <testcase classname="SPTIAPBuildCheckerTests" name="testSandboxReceiptShouldReturnYes" time="0.008" />
  </testsuite>
  <testsuite failures="0" name="SPTIAPControllerCanPurchaseTests" tests="5">
    <testcase classname="SPTIAPControllerCanPurchaseTests" name="testBetaBuildCanCancelPurchase" time="0.022" />
    <testcase classname="SPTIAPControllerCanPurchaseTests" name="testCannotPurchaseShouldCancelsPurchase" time="0.007" />
    <testcase classname="SPTIAPControllerCanPurchaseTests" name="testCanPurchaseDefault" time="0.008" />
    <testcase classname="SPTIAPControllerCanPurchaseTests" name="testPaymentQueueRestrictionCanCancelPurchase" time="0.011" />
    <testcase classname="SPTIAPControllerCanPurchaseTests" name="testUnresolvedTransactionsCancelsPurchase" time="0.007" />
  </testsuite>
  <testsuite failures="0" name="SPTIAPControllerRetryManagerTests" tests="5">
    <testcase classname="SPTIAPControllerRetryManagerTests" name="testApplicaitonDidBecomeActivationTrigger" time="0.004" />
    <testcase classname="SPTIAPControllerRetryManagerTests" name="testBecomeOnlineTrigger" time="0.005" />
    <testcase classname="SPTIAPControllerRetryManagerTests" name="testNextTimeInterval" time="0.004" />
    <testcase classname="SPTIAPControllerRetryManagerTests" name="testNotifyAndPrepareForNextIteration" time="0.005" />
    <testcase classname="SPTIAPControllerRetryManagerTests" name="testRetryDate" time="0.004" />
  </testsuite>
  <testsuite failures="0" name="SPTIAPControllerTests" tests="13">
    <testcase classname="SPTIAPControllerTests" name="testProductIncludes30DayTrialPeriod" time="0.005" />
    <testcase classname="SPTIAPControllerTests" name="testPurchase" time="0.008" />
    <testcase classname="SPTIAPControllerTests" name="testPurchaseActivationFails" time="0.011" />
    <testcase classname="SPTIAPControllerTests" name="testPurchaseTransactionFails" time="0.011" />
    <testcase classname="SPTIAPControllerTests" name="testResumedTransactionWithDeferredState" time="0.005" />
    <testcase classname="SPTIAPControllerTests" name="testResumedTransactionWithFailedState" time="0.006" />
    <testcase classname="SPTIAPControllerTests" name="testResumedTransactionWithPurchasedState" time="0.005" />
    <testcase classname="SPTIAPControllerTests" name="testResumedTransactionWithPurchasingState" time="0.005" />
    <testcase classname="SPTIAPControllerTests" name="testResumedTransactionWithRestoredState" time="0.005" />
    <testcase classname="SPTIAPControllerTests" name="testStartProductRequest" time="0.005" />
    <testcase classname="SPTIAPControllerTests" name="testUpdateProducts" time="0.005" />
    <testcase classname="SPTIAPControllerTests" name="testUpdateProductsItunesRequestFails" time="0.005" />
    <testcase classname="SPTIAPControllerTests" name="testUpdateProductsSpotifyRequestFails" time="0.005" />
  </testsuite>
  <testsuite failures="0" name="SPTIAPFeatureFlagsTest" tests="2">
    <testcase classname="SPTIAPFeatureFlagsTest" name="testRollout" time="0.005" />
    <testcase classname="SPTIAPFeatureFlagsTest" name="testUseNewStack" time="0.004" />
  </testsuite>
  <testsuite failures="0" name="SPFormViewTests" tests="3">
    <testcase classname="SPFormViewTests" name="testForHasErrorVerifier" time="0.032" />
    <testcase classname="SPFormViewTests" name="testTextFieldsCleaningErrorState" time="0.014" />
    <testcase classname="SPFormViewTests" name="testTextFieldsErrorState" time="0.013" />
  </testsuite>
  <testsuite failures="0" name="SPTFacebookPostOpenGraphManagerTest" tests="2">
    <testcase classname="SPTFacebookPostOpenGraphManagerTest" name="testNoProductStateFlag" time="0.008" />
    <testcase classname="SPTFacebookPostOpenGraphManagerTest" name="testProductStateFlag" time="0.007" />
  </testsuite>
  <testsuite failures="0" name="SPTLoginDeferredTermsControllerTests" tests="9">
    <testcase classname="SPTLoginDeferredTermsControllerTests" name="testAcceptanceExpiryDateExpiredHasExpired" time="0.009" />
    <testcase classname="SPTLoginDeferredTermsControllerTests" name="testAcceptanceExpiryDateExpiredNotExpired" time="0.008" />
    <testcase classname="SPTLoginDeferredTermsControllerTests" name="testCanDeferAcceptance" time="0.009" />
    <testcase classname="SPTLoginDeferredTermsControllerTests" name="testClearAcceptanceExpiryDate" time="0.008" />
    <testcase classname="SPTLoginDeferredTermsControllerTests" name="testDeferAcceptance" time="0.010" />
    <testcase classname="SPTLoginDeferredTermsControllerTests" name="testDeferAcceptanceHasExpiryDate" time="0.010" />
    <testcase classname="SPTLoginDeferredTermsControllerTests" name="testDeferredAcceptanceEnabled" time="0.008" />
    <testcase classname="SPTLoginDeferredTermsControllerTests" name="testEmptyExpirationTimeKeystoreValue" time="0.008" />
    <testcase classname="SPTLoginDeferredTermsControllerTests" name="testExpiryDate" time="0.007" />
  </testsuite>
  <testsuite failures="0" name="SPTLoginInviteControllerTest" tests="21">
    <testcase classname="SPTLoginInviteControllerTest" name="testCleanSignupURLDoesNotModifyURLWithoutExtraParameters" time="0.008" />
    <testcase classname="SPTLoginInviteControllerTest" name="testCleanSignupURLRemovesQueryParameters" time="0.006" />
    <testcase classname="SPTLoginInviteControllerTest" name="testCodeValidation" time="0.013" />
    <testcase classname="SPTLoginInviteControllerTest" name="testCountryCodePersistedAfterSoftLaunchMarketReply" time="0.007" />
    <testcase classname="SPTLoginInviteControllerTest" name="testCountryCodeStoredAsUppercaseString" time="0.007" />
    <testcase classname="SPTLoginInviteControllerTest" name="testEmailRegistration" time="0.008" />
    <testcase classname="SPTLoginInviteControllerTest" name="testGenderOptionPersistedAfterNormalMarketReply" time="0.007" />
    <testcase classname="SPTLoginInviteControllerTest" name="testGenderOptionPersistedAfterSoftLaunchMarketReply" time="0.007" />
    <testcase classname="SPTLoginInviteControllerTest" name="testInviteCodeSetter" time="0.008" />
    <testcase classname="SPTLoginInviteControllerTest" name="testNormalLaunchMarketReply" time="0.010" />
    <testcase classname="SPTLoginInviteControllerTest" name="testNormalMarketReplyNeutralGenderAllowed" time="0.009" />
    <testcase classname="SPTLoginInviteControllerTest" name="testNormalMarketReplyNeutralGenderDisallowed" time="0.008" />
    <testcase classname="SPTLoginInviteControllerTest" name="testPrefillEmailClearedAfterSuccessfulSignup" time="0.008" />
    <testcase classname="SPTLoginInviteControllerTest" name="testSetCountryCodeWithTooFewCharacters" time="0.008" />
    <testcase classname="SPTLoginInviteControllerTest" name="testSetCountryCodeWithTooManyCharachers" time="0.008" />
    <testcase classname="SPTLoginInviteControllerTest" name="testSetEmptyCountryCode" time="0.006" />
    <testcase classname="SPTLoginInviteControllerTest" name="testSetNilCountryCode" time="0.006" />
    <testcase classname="SPTLoginInviteControllerTest" name="testSettingValidCountryCode" time="0.006" />
    <testcase classname="SPTLoginInviteControllerTest" name="testSoftLaunchMarketReply" time="0.006" />
    <testcase classname="SPTLoginInviteControllerTest" name="testSoftLaunchMarketReplyNeutralGenderAllowed" time="0.006" />
    <testcase classname="SPTLoginInviteControllerTest" name="testSoftLaunchMarketReplyNeutralGenderDisallowed" time="0.008" />
  </testsuite>
  <testsuite failures="0" name="SPTLoginMarketSignupRestrictionsTests" tests="11">
    <testcase classname="SPTLoginMarketSignupRestrictionsTests" name="testAllRestrictionsAsRestrictiveAsPossibleByDefault" time="0.006" />
    <testcase classname="SPTLoginMarketSignupRestrictionsTests" name="testAllRestrictionsExplicitlySetToNoViaJSON" time="0.004" />
    <testcase classname="SPTLoginMarketSignupRestrictionsTests" name="testAllRestrictionsExplicitlySetToYesViaJSON" time="0.004" />
    <testcase classname="SPTLoginMarketSignupRestrictionsTests" name="testMarketingOptInURLFoundInJSON" time="0.005" />
    <testcase classname="SPTLoginMarketSignupRestrictionsTests" name="testMarketingOptInURLIsNilWhenURLStringIsNotAString" time="0.005" />
    <testcase classname="SPTLoginMarketSignupRestrictionsTests" name="testMarketingOptInURLIsNilWhenURLStringLengthIsZero" time="0.004" />
    <testcase classname="SPTLoginMarketSignupRestrictionsTests" name="testNastyJSONInputDoesNotCrashAndAllNoOrNil" time="0.004" />
    <testcase classname="SPTLoginMarketSignupRestrictionsTests" name="testOnlyCanAcceptLicenseAgreementsImplicitlySetToYesViaJSON" time="0.004" />
    <testcase classname="SPTLoginMarketSignupRestrictionsTests" name="testOnlyCanAcceptLicensesInOneStepSetToYesViaJSON" time="0.004" />
    <testcase classname="SPTLoginMarketSignupRestrictionsTests" name="testOnlyCanOptInToMarketingImplicitlySetToYesViaJSON" time="0.004" />
    <testcase classname="SPTLoginMarketSignupRestrictionsTests" name="testThatCountryIsSetFromJSON" time="0.004" />
  </testsuite>
  <testsuite failures="0" name="SPTLoginMessageRotationModelTests" tests="16">
    <testcase classname="SPTLoginMessageRotationModelTests" name="testCountOfMessages" time="0.005" />
    <testcase classname="SPTLoginMessageRotationModelTests" name="testCurrentIndexStartsAtZero" time="0.004" />
    <testcase classname="SPTLoginMessageRotationModelTests" name="testCurrentLocalizedMessageIsBrowseForIndexOne" time="0.004" />
    <testcase classname="SPTLoginMessageRotationModelTests" name="testCurrentLocalizedMessageIsRadioForIndexThreeOniPad" time="0.004" />
    <testcase classname="SPTLoginMessageRotationModelTests" name="testCurrentLocalizedMessageIsRunningForIndexThreeOniPhone" time="0.004" />
    <testcase classname="SPTLoginMessageRotationModelTests" name="testCurrentLocalizedMessageIsSearchForIndexTwo" time="0.004" />
    <testcase classname="SPTLoginMessageRotationModelTests" name="testCurrentLocalizedMessageIsWelcomeForIndexZero" time="0.004" />
    <testcase classname="SPTLoginMessageRotationModelTests" name="testCurrentLocalizedMessageIsYourMusicForIndexFour" time="0.004" />
    <testcase classname="SPTLoginMessageRotationModelTests" name="testCurrentLocalizedTitleIsBrowseForIndexOne" time="0.004" />
    <testcase classname="SPTLoginMessageRotationModelTests" name="testCurrentLocalizedTitleIsRadioForIndexThreeOniPad" time="0.004" />
    <testcase classname="SPTLoginMessageRotationModelTests" name="testCurrentLocalizedTitleIsRunningForIndexThreeOniPhone" time="0.004" />
    <testcase classname="SPTLoginMessageRotationModelTests" name="testCurrentLocalizedTitleIsSearchForIndexTwo" time="0.004" />
    <testcase classname="SPTLoginMessageRotationModelTests" name="testCurrentLocalizedTitleIsWelcomeForIndexZero" time="0.004" />
    <testcase classname="SPTLoginMessageRotationModelTests" name="testCurrentLocalizedTitleIsYourMusicForIndexFour" time="0.004" />
    <testcase classname="SPTLoginMessageRotationModelTests" name="testSkipToNextAndPreviousResultInInitialCurrentIndex" time="0.004" />
    <testcase classname="SPTLoginMessageRotationModelTests" name="testSkipToNextIncrementsCurrentIndexByOne" time="0.005" />
  </testsuite>
  <testsuite failures="0" name="SPTLoginNetworkControllerUtilityTest" tests="2">
    <testcase classname="SPTLoginNetworkControllerUtilityTest" name="testEnsureOfflineShouldReturnNoDuringOfflineMode" time="0.015" />
    <testcase classname="SPTLoginNetworkControllerUtilityTest" name="testEnsureOfflineShouldReturnTrueDuringOnlineMode" time="0.007" />
  </testsuite>
  <testsuite failures="0" name="SPTLoginRegisterEmailRequestTest" tests="4">
    <testcase classname="SPTLoginRegisterEmailRequestTest" name="testMalformedEmailDoesntCauseProblems" time="0.008" />
    <testcase classname="SPTLoginRegisterEmailRequestTest" name="testRegisterEmailURLHasCorrectFormat" time="0.005" />
    <testcase classname="SPTLoginRegisterEmailRequestTest" name="testRequestHasCorrectBody" time="0.005" />
    <testcase classname="SPTLoginRegisterEmailRequestTest" name="testRequestHasCorrectContentType" time="0.005" />
  </testsuite>
  <testsuite failures="0" name="SPTLoginStateControllerTest" tests="1">
    <testcase classname="SPTLoginStateControllerTest" name="testSetHTTPServiceSessionOnCoreLogin" time="0.020" />
  </testsuite>
  <testsuite failures="0" name="SPTTermsAndConditionsControllerTests" tests="23">
    <testcase classname="SPTTermsAndConditionsControllerTests" name="testAppendsLicenseVersionToEULA" time="0.011" />
    <testcase classname="SPTTermsAndConditionsControllerTests" name="testAppendsLicenseVersionToPrivacyPolicy" time="0.013" />
    <testcase classname="SPTTermsAndConditionsControllerTests" name="testDoesNotAppendLicenseVersionIfNoVersionGiven" time="0.012" />
    <testcase classname="SPTTermsAndConditionsControllerTests" name="testNothingHappensIfNotShown" time="0.009" />
    <testcase classname="SPTTermsAndConditionsControllerTests" name="testShouldExecuteCombinedBlock" time="0.008" />
    <testcase classname="SPTTermsAndConditionsControllerTests" name="testShouldExecuteOnlyPrivacyPolicyBlock" time="0.009" />
    <testcase classname="SPTTermsAndConditionsControllerTests" name="testShouldExecuteOnlyTermsAndCondtionsBlock" time="0.009" />
    <testcase classname="SPTTermsAndConditionsControllerTests" name="testShouldOnlyShowPrivacyPolicyForExplicitPrivacyPolicyLicenseKey" time="0.009" />
    <testcase classname="SPTTermsAndConditionsControllerTests" name="testShouldOnlyShowTermsAndCondtionsForExplicitTermsAndConditionsLicenseKey" time="0.009" />
    <testcase classname="SPTTermsAndConditionsControllerTests" name="testShouldShowCombinedTermsAndCondtionsAndPrivacyPolicyForBothExplicitLicenseKeys" time="0.009" />
    <testcase classname="SPTTermsAndConditionsControllerTests" name="testShouldShowCombinedTermsAndCondtionsAndPrivacyPolicyForContentLicense" time="0.008" />
    <testcase classname="SPTTermsAndConditionsControllerTests" name="testShouldShowCombinedTermsAndCondtionsAndPrivacyPolicyForNilLicenses" time="0.008" />
    <testcase classname="SPTTermsAndConditionsControllerTests" name="testShouldShowCombinedTermsAndCondtionsAndPrivacyPolicyForNoLicenses" time="0.009" />
    <testcase classname="SPTTermsAndConditionsControllerTests" name="testShowCombinedAndAccept" time="0.009" />
    <testcase classname="SPTTermsAndConditionsControllerTests" name="testShowCombinedAndDecline" time="0.008" />
    <testcase classname="SPTTermsAndConditionsControllerTests" name="testShowCombinedLicenses1" time="0.011" />
    <testcase classname="SPTTermsAndConditionsControllerTests" name="testShowCombinedLicenses2" time="0.010" />
    <testcase classname="SPTTermsAndConditionsControllerTests" name="testShowPrivacyPolicy" time="0.011" />
    <testcase classname="SPTTermsAndConditionsControllerTests" name="testShowPrivacyPolicyAndAccept" time="0.009" />
    <testcase classname="SPTTermsAndConditionsControllerTests" name="testShowPrivacyPolicyAndDecline" time="0.008" />
    <testcase classname="SPTTermsAndConditionsControllerTests" name="testShowTermsAndConditions" time="0.010" />
    <testcase classname="SPTTermsAndConditionsControllerTests" name="testShowTermsAndConditionsAndAccept" time="0.009" />
    <testcase classname="SPTTermsAndConditionsControllerTests" name="testShowTermsAndConditionsAndDecline" time="0.009" />
  </testsuite>
  <testsuite failures="0" name="SPTTermsAndConditionsManagerTest" tests="7">
    <testcase classname="SPTTermsAndConditionsManagerTest" name="testTermsAndConditionsControllerDidAcceptTermsAndConditions" time="0.011" />
    <testcase classname="SPTTermsAndConditionsManagerTest" name="testTermsAndConditionsControllerDidDeclineTermsAndConditions" time="0.007" />
    <testcase classname="SPTTermsAndConditionsManagerTest" name="testTermsAndConditionsControllerWithLicenses" time="0.006" />
    <testcase classname="SPTTermsAndConditionsManagerTest" name="testUpdateProductStateWithNoUnacceptedLicenses" time="0.005" />
    <testcase classname="SPTTermsAndConditionsManagerTest" name="testUpdateProductStateWithUnacceptedLicenses" time="0.006" />
    <testcase classname="SPTTermsAndConditionsManagerTest" name="testUpdateProductStateWithUnacceptedLicensesAndTermsAndConditionsController" time="0.005" />
    <testcase classname="SPTTermsAndConditionsManagerTest" name="testUpdateProductStateWithUnacceptedLicensesDeferred" time="0.005" />
  </testsuite>
  <testsuite failures="0" name="SignupFormViewControllerTest" tests="7">
    <testcase classname="SignupFormViewControllerTest" name="testApplyAdditionalInfoIsInvokedForCA" time="0.005" />
    <testcase classname="SignupFormViewControllerTest" name="testApplyAdditionalInfoIsNotInvokedForSE" time="0.006" />
    <testcase classname="SignupFormViewControllerTest" name="testDeclineTerms" time="0.011" />
    <testcase classname="SignupFormViewControllerTest" name="testLocaleCodesForSplitTermsAndPrivacyPolicyCountries" time="0.007" />
    <testcase classname="SignupFormViewControllerTest" name="testLocaleCodesForTermsCountries" time="0.005" />
    <testcase classname="SignupFormViewControllerTest" name="testSetSignupImplicitlyAcceptedTermsConditions" time="0.005" />
    <testcase classname="SignupFormViewControllerTest" name="testSetSignupRequiresExplicitAcceptedTermsConditions" time="0.009" />
  </testsuite>
  <testsuite failures="0" name="PlaylistFeatureImplementationTest" tests="6">
    <testcase classname="PlaylistFeatureImplementationTest" name="testProvidePlaylistFolderViewControllerInFolder" time="0.034" />
    <testcase classname="PlaylistFeatureImplementationTest" name="testProvidePlaylistFolderViewControllerInFolderIfContainerIsNilDoesNotCrash" time="0.020" />
    <testcase classname="PlaylistFeatureImplementationTest" name="testProvidePlaylistRootFolderModelLocalFiles" time="0.019" />
    <testcase classname="PlaylistFeatureImplementationTest" name="testProvidePlaylistRootFolderModelLocalFilesDisabledIfImportEnabled" time="0.017" />
    <testcase classname="PlaylistFeatureImplementationTest" name="testProvidePlaylistViewController" time="0.028" />
    <testcase classname="PlaylistFeatureImplementationTest" name="testProvidePlaylistViewControllerWithAutoplayUrl" time="0.028" />
  </testsuite>
  <testsuite failures="0" name="PlaylistFeatureTests" tests="1">
    <testcase classname="PlaylistFeatureTests" name="testNilPlaylistInViewModel" time="0.008" />
  </testsuite>
  <testsuite failures="0" name="PlaylistViewControllerTest" tests="42">
    <testcase classname="PlaylistViewControllerTest" name="testAddionalSectionCustomShowHeaderForSection" time="0.028" />
    <testcase classname="PlaylistViewControllerTest" name="testAddionalSectionDefaultHeaderForSection" time="0.016" />
    <testcase classname="PlaylistViewControllerTest" name="testAlbumPremiumLabelDisabledFlag" time="0.065" />
    <testcase classname="PlaylistViewControllerTest" name="testAlbumPremiumLabelEnabledFlag" time="0.034" />
    <testcase classname="PlaylistViewControllerTest" name="testAlbumPremiumLabelEnabledTrackEnabledFlag" time="0.030" />
    <testcase classname="PlaylistViewControllerTest" name="testAutomaticallyAdjustsScrollViewInsetsDisabled" time="0.010" />
    <testcase classname="PlaylistViewControllerTest" name="testCanNotPlayDisabledWindowedTrack" time="0.031" />
    <testcase classname="PlaylistViewControllerTest" name="testCanPlayEnabledWindowedTrack" time="0.030" />
    <testcase classname="PlaylistViewControllerTest" name="testEntityTableHeaderViewContextMenuTappedLogging" time="0.046" />
    <testcase classname="PlaylistViewControllerTest" name="testEntityTableHeaderViewImageTappedLogging" time="0.027" />
    <testcase classname="PlaylistViewControllerTest" name="testEntityTableHeaderViewPageSlide" time="0.026" />
    <testcase classname="PlaylistViewControllerTest" name="testFilterBottomInsetFewItems" time="0.022" />
    <testcase classname="PlaylistViewControllerTest" name="testFilterBottomInsetLotsOfItems" time="0.015" />
    <testcase classname="PlaylistViewControllerTest" name="testFilterBottomInsetNoItems" time="0.015" />
    <testcase classname="PlaylistViewControllerTest" name="testFilterPlaylist" time="0.025" />
    <testcase classname="PlaylistViewControllerTest" name="testFollowButtonTappedLogging" time="0.032" />
    <testcase classname="PlaylistViewControllerTest" name="testImageLoadedUserLoaded" time="0.020" />
    <testcase classname="PlaylistViewControllerTest" name="testLocalFilesPlaylistContextMenuItemsIPhone" time="0.022" />
    <testcase classname="PlaylistViewControllerTest" name="testNoImageLoadedForAllTracks" time="0.015" />
    <testcase classname="PlaylistViewControllerTest" name="testNoImageLoadedForLocalFiles" time="0.010" />
    <testcase classname="PlaylistViewControllerTest" name="testNoImageLoadedNoEntityHeader" time="0.007" />
    <testcase classname="PlaylistViewControllerTest" name="testNoImageLoadedUserLoadedButNoImageURLs" time="0.018" />
    <testcase classname="PlaylistViewControllerTest" name="testNoImageLoadedUserNotLoaded" time="0.014" />
    <testcase classname="PlaylistViewControllerTest" name="testNotUpdatingNavigationItemWhenPlaylistControllerIsDeeperInTheNavigationStack" time="0.043" />
    <testcase classname="PlaylistViewControllerTest" name="testOfflineSwitchChangeLogged" time="0.010" />
    <testcase classname="PlaylistViewControllerTest" name="testPlaylistShowOfflineInfoView" time="0.023" />
    <testcase classname="PlaylistViewControllerTest" name="testPlaylistShowOfflineInfoViewNoInfoViewInOnline" time="0.010" />
    <testcase classname="PlaylistViewControllerTest" name="testPlaylistShowOfflineInfoViewNoInfoViewWhenContextLoaded" time="0.015" />
    <testcase classname="PlaylistViewControllerTest" name="testPlaylistTrackRowTappedAndPlayTrack" time="0.010" />
    <testcase classname="PlaylistViewControllerTest" name="testPlayTrackUponDeeplinkingIntoTheApp" time="0.011" />
    <testcase classname="PlaylistViewControllerTest" name="testProgressInfoForFollowing" time="0.023" />
    <testcase classname="PlaylistViewControllerTest" name="testProgressInfoForStopFollowing" time="0.024" />
    <testcase classname="PlaylistViewControllerTest" name="testProgressInfoNotCalledForFollowing" time="0.020" />
    <testcase classname="PlaylistViewControllerTest" name="testReloadCalledIfActiveSwipe" time="0.031" />
    <testcase classname="PlaylistViewControllerTest" name="testReloadCalledIfInactiveSwipe" time="0.031" />
    <testcase classname="PlaylistViewControllerTest" name="testRightBarButtonItemsNoExtra" time="0.034" />
    <testcase classname="PlaylistViewControllerTest" name="testRightBarButtonItemsOneExtra" time="0.034" />
    <testcase classname="PlaylistViewControllerTest" name="testShufflePlayTappedLogging" time="0.023" />
    <testcase classname="PlaylistViewControllerTest" name="testThumbnailImageLoadedUserLoadedNoProfileImage" time="0.021" />
    <testcase classname="PlaylistViewControllerTest" name="testUpdatingNavigationItemWhenPlaylistControllerIsChildOfTheTopOfTheNavigationStack" time="0.039" />
    <testcase classname="PlaylistViewControllerTest" name="testUpdatingNavigationItemWhenPlaylistControllerIsOnTheTopOfTheNavigationStack" time="0.040" />
    <testcase classname="PlaylistViewControllerTest" name="testUpdatingNavigationItemWhenPlaylistControllerIsTheRootVC" time="0.040" />
  </testsuite>
  <testsuite failures="0" name="PlaylistViewModelTest" tests="40">
    <testcase classname="PlaylistViewModelTest" name="testAbuseReportOptionForSpotify" time="0.021" />
    <testcase classname="PlaylistViewModelTest" name="testEntityURL" time="0.014" />
    <testcase classname="PlaylistViewModelTest" name="testExternalFilterDidUpdate" time="0.014" />
    <testcase classname="PlaylistViewModelTest" name="testFolderSortOrder" time="0.016" />
    <testcase classname="PlaylistViewModelTest" name="testHideAbuseReportOptionForDisabledProductState" time="0.017" />
    <testcase classname="PlaylistViewModelTest" name="testHideAbuseReportOptionForMetadataUpdate" time="0.018" />
    <testcase classname="PlaylistViewModelTest" name="testHideAbuseReportOptionForOwnPlaylist" time="0.016" />
    <testcase classname="PlaylistViewModelTest" name="testHideAbuseReportOptionForSpotifyPlaylists" time="0.017" />
    <testcase classname="PlaylistViewModelTest" name="testHidePremiumTracks" time="0.016" />
    <testcase classname="PlaylistViewModelTest" name="testIsEmpty" time="0.012" />
    <testcase classname="PlaylistViewModelTest" name="testIsLoaded" time="0.012" />
    <testcase classname="PlaylistViewModelTest" name="testIsLocalFilesPlaylist" time="0.016" />
    <testcase classname="PlaylistViewModelTest" name="testIsNotEmpty" time="0.014" />
    <testcase classname="PlaylistViewModelTest" name="testIsNotLoaded" time="0.012" />
    <testcase classname="PlaylistViewModelTest" name="testIsPlayingContextRowDifferentUIDShouldStillHighlight" time="0.014" />
    <testcase classname="PlaylistViewModelTest" name="testIsPlayingContextRowInShuffleModeWithRecommendationReturnsNo" time="0.012" />
    <testcase classname="PlaylistViewModelTest" name="testIsPlayingContextRowWithSameURL" time="0.015" />
    <testcase classname="PlaylistViewModelTest" name="testIsPlayingRowSameURLEmptyUID" time="0.015" />
    <testcase classname="PlaylistViewModelTest" name="testItemAtIndex" time="0.013" />
    <testcase classname="PlaylistViewModelTest" name="testNoRenameOfLocalFiles" time="0.017" />
    <testcase classname="PlaylistViewModelTest" name="testNumberOfItemsInSection" time="0.012" />
    <testcase classname="PlaylistViewModelTest" name="testNumberOfSections" time="0.011" />
    <testcase classname="PlaylistViewModelTest" name="testPlaylistAnnotationAbuseReportUrlRetrieval" time="0.017" />
    <testcase classname="PlaylistViewModelTest" name="testPlaylistDescription" time="0.016" />
    <testcase classname="PlaylistViewModelTest" name="testPlaylistIsCollaborative" time="0.013" />
    <testcase classname="PlaylistViewModelTest" name="testPlaylistIsNotLocalFilesPlaylist" time="0.012" />
    <testcase classname="PlaylistViewModelTest" name="testPlaylistName" time="0.012" />
    <testcase classname="PlaylistViewModelTest" name="testPlaylistPublished" time="0.012" />
    <testcase classname="PlaylistViewModelTest" name="testPlaylistSynchronisationOnLoad" time="0.012" />
    <testcase classname="PlaylistViewModelTest" name="testPlaylistSynchronisationOnSetupObservers" time="0.015" />
    <testcase classname="PlaylistViewModelTest" name="testPopcountLookupDelegate" time="0.014" />
    <testcase classname="PlaylistViewModelTest" name="testRemovePlaylist" time="0.014" />
    <testcase classname="PlaylistViewModelTest" name="testRenamePlaylist" time="0.015" />
    <testcase classname="PlaylistViewModelTest" name="testSetAvailableOfflineFolder" time="0.022" />
    <testcase classname="PlaylistViewModelTest" name="testSetAvailableOfflinePlaylist" time="0.021" />
    <testcase classname="PlaylistViewModelTest" name="testSetAvailableOfflinePlaylistWhenNotAllowedOfflineShouldNotFollow" time="0.020" />
    <testcase classname="PlaylistViewModelTest" name="testSetCollaborative" time="0.013" />
    <testcase classname="PlaylistViewModelTest" name="testSetPublished" time="0.012" />
    <testcase classname="PlaylistViewModelTest" name="testSetTextFilter" time="0.014" />
    <testcase classname="PlaylistViewModelTest" name="testShowAbuseReportOptionForImage" time="0.017" />
  </testsuite>
  <testsuite failures="0" name="SPTAddToPlaylistViewControllerTest" tests="10">
    <testcase classname="SPTAddToPlaylistViewControllerTest" name="testAddingLocalFiles" time="0.014" />
    <testcase classname="SPTAddToPlaylistViewControllerTest" name="testCreateAndAdd" time="0.024" />
    <testcase classname="SPTAddToPlaylistViewControllerTest" name="testDetectDuplicatesAddAnyway" time="0.012" />
    <testcase classname="SPTAddToPlaylistViewControllerTest" name="testDetectDuplicatesNoDuplicates" time="0.009" />
    <testcase classname="SPTAddToPlaylistViewControllerTest" name="testDetectDuplicatesSkip" time="0.009" />
    <testcase classname="SPTAddToPlaylistViewControllerTest" name="testDoesntLogCancelIfDismissedWithAdding" time="0.012" />
    <testcase classname="SPTAddToPlaylistViewControllerTest" name="testLocalFilesNotIn" time="0.009" />
    <testcase classname="SPTAddToPlaylistViewControllerTest" name="testLogsCancelIfDismissedWithoutAdding" time="0.007" />
    <testcase classname="SPTAddToPlaylistViewControllerTest" name="testOnlyFollowedPlaylistDisplayNux" time="0.013" />
    <testcase classname="SPTAddToPlaylistViewControllerTest" name="testPlaylistListUsesLocalSortingButNotOfflineFilter" time="0.011" />
  </testsuite>
  <testsuite failures="0" name="SPTClientEventLoggerPlaylistTest" tests="5">
    <testcase classname="SPTClientEventLoggerPlaylistTest" name="testLogPlaylistEntityTableHeaderViewContextMenuTap" time="0.008" />
    <testcase classname="SPTClientEventLoggerPlaylistTest" name="testLogPlaylistEntityTableHeaderViewImageTap" time="0.008" />
    <testcase classname="SPTClientEventLoggerPlaylistTest" name="testLogPlaylistEntityTableHeaderViewShufflePlayTap" time="0.009" />
    <testcase classname="SPTClientEventLoggerPlaylistTest" name="testLogPlaylistEntityTableHeaderViewSlideToPage" time="0.009" />
    <testcase classname="SPTClientEventLoggerPlaylistTest" name="testLogPlaylistFollowButtonTap" time="0.009" />
  </testsuite>
  <testsuite failures="0" name="SPTPlayInsteadViewModelTest" tests="4">
    <testcase classname="SPTPlayInsteadViewModelTest" name="testThatModelIsCreatedWithAndProvidesCorrectInformation_moreLikeThis" time="0.008" />
    <testcase classname="SPTPlayInsteadViewModelTest" name="testThatModelIsCreatedWithAndProvidesCorrectInformation_playlistRadio" time="0.008" />
    <testcase classname="SPTPlayInsteadViewModelTest" name="testThatModelIsNotCreatedWithNilFlagValue" time="0.008" />
    <testcase classname="SPTPlayInsteadViewModelTest" name="testThatModelIsNotCreatedWithRandomFlagValue" time="0.007" />
  </testsuite>
  <testsuite failures="0" name="SPTPlaylistCreateNewPlaylistControllerTest" tests="2">
    <testcase classname="SPTPlaylistCreateNewPlaylistControllerTest" name="testCreateNewPlaylistInFolder" time="0.009" />
    <testcase classname="SPTPlaylistCreateNewPlaylistControllerTest" name="testCreateNewPlaylistInRootlist" time="0.012" />
  </testsuite>
  <testsuite failures="0" name="SPTPlaylistEntityItemTest" tests="11">
    <testcase classname="SPTPlaylistEntityItemTest" name="testEntityEntityURL" time="0.009" />
    <testcase classname="SPTPlaylistEntityItemTest" name="testEntityImageURL" time="0.008" />
    <testcase classname="SPTPlaylistEntityItemTest" name="testEntityLogContext" time="0.009" />
    <testcase classname="SPTPlaylistEntityItemTest" name="testEntityOfflineURL" time="0.008" />
    <testcase classname="SPTPlaylistEntityItemTest" name="testEntityPreviewURL" time="0.009" />
    <testcase classname="SPTPlaylistEntityItemTest" name="testEntitySubtitleOwnedByOther" time="0.010" />
    <testcase classname="SPTPlaylistEntityItemTest" name="testEntitySubtitleOwnedBySelf" time="0.011" />
    <testcase classname="SPTPlaylistEntityItemTest" name="testEntityTitle" time="0.009" />
    <testcase classname="SPTPlaylistEntityItemTest" name="testInit" time="0.009" />
    <testcase classname="SPTPlaylistEntityItemTest" name="testLocalFiles" time="0.009" />
    <testcase classname="SPTPlaylistEntityItemTest" name="testPlaylistIcon" time="0.009" />
  </testsuite>
  <testsuite failures="0" name="SPTPlaylistExtenderAdditionalSectionTest" tests="9">
    <testcase classname="SPTPlaylistExtenderAdditionalSectionTest" name="testAddToPlaylist" time="0.017" />
    <testcase classname="SPTPlaylistExtenderAdditionalSectionTest" name="testDoesNotLoadUntilRendered" time="0.015" />
    <testcase classname="SPTPlaylistExtenderAdditionalSectionTest" name="testFetchMoreItemsWhenBufferOver" time="0.013" />
    <testcase classname="SPTPlaylistExtenderAdditionalSectionTest" name="testHiddenNoRecommendationsRequested" time="0.011" />
    <testcase classname="SPTPlaylistExtenderAdditionalSectionTest" name="testHiddenPersiste" time="0.008" />
    <testcase classname="SPTPlaylistExtenderAdditionalSectionTest" name="testLoad" time="0.017" />
    <testcase classname="SPTPlaylistExtenderAdditionalSectionTest" name="testLoadIfNecessaryReturnsFalseWhenHidden" time="0.006" />
    <testcase classname="SPTPlaylistExtenderAdditionalSectionTest" name="testLogging" time="0.013" />
    <testcase classname="SPTPlaylistExtenderAdditionalSectionTest" name="testReloadIfNecessary" time="0.012" />
  </testsuite>
  <testsuite failures="0" name="SPTPlaylistExtenderLoggerTest" tests="7">
    <testcase classname="SPTPlaylistExtenderLoggerTest" name="testAddTrackToPlaylistLog" time="0.008" />
    <testcase classname="SPTPlaylistExtenderLoggerTest" name="testExtenderSectionHideLog" time="0.005" />
    <testcase classname="SPTPlaylistExtenderLoggerTest" name="testExtenderSectionReloadButtonPressedLog" time="0.005" />
    <testcase classname="SPTPlaylistExtenderLoggerTest" name="testExtenderSectionShowLog" time="0.007" />
    <testcase classname="SPTPlaylistExtenderLoggerTest" name="testExtenderSectionWillLoadWithNumberOfTracksInPlaylistLog" time="0.008" />
    <testcase classname="SPTPlaylistExtenderLoggerTest" name="testSectionVisualizedLog" time="0.005" />
    <testcase classname="SPTPlaylistExtenderLoggerTest" name="testUserHitRowForPlaylistTrackURLLog" time="0.004" />
  </testsuite>
  <testsuite failures="0" name="SPTPlaylistFolderLegacyViewModelTest" tests="19">
    <testcase classname="SPTPlaylistFolderLegacyViewModelTest" name="testContentIsFilteredWhenNoItems" time="0.012" />
    <testcase classname="SPTPlaylistFolderLegacyViewModelTest" name="testDeleteRowAtIndexPath" time="0.008" />
    <testcase classname="SPTPlaylistFolderLegacyViewModelTest" name="testDeleteRowAtIndexPathCallsDelegate" time="0.009" />
    <testcase classname="SPTPlaylistFolderLegacyViewModelTest" name="testDeleteRowAtIndexPathCallsDelegateWithError" time="0.008" />
    <testcase classname="SPTPlaylistFolderLegacyViewModelTest" name="testDeleteRowAtIndexPathWithExtras" time="0.006" />
    <testcase classname="SPTPlaylistFolderLegacyViewModelTest" name="testDeleteRowAtIndexPathWithExtrasAnDoublettes" time="0.006" />
    <testcase classname="SPTPlaylistFolderLegacyViewModelTest" name="testDeleteRowAtIndexPathWithExtrasCorrectItem" time="0.006" />
    <testcase classname="SPTPlaylistFolderLegacyViewModelTest" name="testExternalEntityFilter" time="0.008" />
    <testcase classname="SPTPlaylistFolderLegacyViewModelTest" name="testExternalEntityFilterAfterDelegateCalled" time="0.009" />
    <testcase classname="SPTPlaylistFolderLegacyViewModelTest" name="testExternalEntityFilterNoFiltering" time="0.009" />
    <testcase classname="SPTPlaylistFolderLegacyViewModelTest" name="testNumberSectionsInFolder" time="0.006" />
    <testcase classname="SPTPlaylistFolderLegacyViewModelTest" name="testNumberSectionsInFolderEditMode" time="0.005" />
    <testcase classname="SPTPlaylistFolderLegacyViewModelTest" name="testNumberSectionsInRootFolder" time="0.005" />
    <testcase classname="SPTPlaylistFolderLegacyViewModelTest" name="testNumberSectionsInRootFolderEditMode" time="0.005" />
    <testcase classname="SPTPlaylistFolderLegacyViewModelTest" name="testOfflineFilterAvailability" time="0.009" />
    <testcase classname="SPTPlaylistFolderLegacyViewModelTest" name="testShowLocalFiles" time="0.006" />
    <testcase classname="SPTPlaylistFolderLegacyViewModelTest" name="testSortingByDuplicateTitle" time="0.010" />
    <testcase classname="SPTPlaylistFolderLegacyViewModelTest" name="testStaticFilter" time="0.010" />
    <testcase classname="SPTPlaylistFolderLegacyViewModelTest" name="testWritableFilter" time="0.007" />
  </testsuite>
  <testsuite failures="0" name="SPTPlaylistFolderViewControllerTest" tests="8">
    <testcase classname="SPTPlaylistFolderViewControllerTest" name="testAddtionalSectionDisabled" time="0.012" />
    <testcase classname="SPTPlaylistFolderViewControllerTest" name="testAddtionalSectionEnabled" time="0.010" />
    <testcase classname="SPTPlaylistFolderViewControllerTest" name="testDeleteFolderWithWarning" time="0.009" />
    <testcase classname="SPTPlaylistFolderViewControllerTest" name="testEditModeOfflineDisabledForFolder" time="0.008" />
    <testcase classname="SPTPlaylistFolderViewControllerTest" name="testEditModeOfflineEnabledForPlaylist" time="0.011" />
    <testcase classname="SPTPlaylistFolderViewControllerTest" name="testNormalFolder" time="0.009" />
    <testcase classname="SPTPlaylistFolderViewControllerTest" name="testPlaylistFolderAvailableOfflineFilterNoResultInfoView" time="0.011" />
    <testcase classname="SPTPlaylistFolderViewControllerTest" name="testRootListExtras" time="0.009" />
  </testsuite>
  <testsuite failures="0" name="SPTPlaylistOfflineImageManagerTest" tests="1">
    <testcase classname="SPTPlaylistOfflineImageManagerTest" name="testNilStarredPlaylistDoesNotCauseCrash" time="0.006" />
  </testsuite>
  <testsuite failures="0" name="SPTPlaylistReportAbuseActionTest" tests="2">
    <testcase classname="SPTPlaylistReportAbuseActionTest" name="testExecute" time="0.005" />
    <testcase classname="SPTPlaylistReportAbuseActionTest" name="testInitialization" time="0.005" />
  </testsuite>
  <testsuite failures="0" name="SPTPlaylistReportAbuseManagerTest" tests="2">
    <testcase classname="SPTPlaylistReportAbuseManagerTest" name="testCancelPreviousOnNewRequest" time="0.011" />
    <testcase classname="SPTPlaylistReportAbuseManagerTest" name="testShowAbuseReport" time="0.013" />
  </testsuite>
  <testsuite failures="0" name="SPTPlaylistTestManagerTests" tests="8">
    <testcase classname="SPTPlaylistTestManagerTests" name="testDiscoverWeeklyMarketingCampaignAbbaActive" time="0.006" />
    <testcase classname="SPTPlaylistTestManagerTests" name="testDiscoverWeeklyMarketingCampaignLocalSettingsActive" time="0.005" />
    <testcase classname="SPTPlaylistTestManagerTests" name="testDiscoverWeeklyMarketingCampaignNoFlagsActive" time="0.004" />
    <testcase classname="SPTPlaylistTestManagerTests" name="testDiscoverWeeklyMarketingCampaignNotActiveWithNoProfilePicture" time="0.004" />
    <testcase classname="SPTPlaylistTestManagerTests" name="testDiscoverWeeklyMarketingCampaignProductStateActive" time="0.005" />
    <testcase classname="SPTPlaylistTestManagerTests" name="testNotNil" time="0.004" />
    <testcase classname="SPTPlaylistTestManagerTests" name="testShouldHidePremiumOnlyActive" time="0.004" />
    <testcase classname="SPTPlaylistTestManagerTests" name="testShouldShowPremiumLabel" time="0.005" />
  </testsuite>
  <testsuite failures="0" name="ProfileCountsViewTest" tests="2">
    <testcase classname="ProfileCountsViewTest" name="testFollowCount" time="0.020" />
    <testcase classname="ProfileCountsViewTest" name="testFollowCountCappedNegativeCounts" time="0.011" />
  </testsuite>
  <testsuite failures="0" name="ProfileFeatureImplementationTest" tests="1">
    <testcase classname="ProfileFeatureImplementationTest" name="testIsArtistProfileRedirectEnabled" time="0.009" />
  </testsuite>
  <testsuite failures="0" name="ProfileModelsTest" tests="3">
    <testcase classname="ProfileModelsTest" name="testUserEntity" time="0.008" />
    <testcase classname="ProfileModelsTest" name="testUserEntityReportAbuseDisable" time="0.009" />
    <testcase classname="ProfileModelsTest" name="testUserEntityReportAbuseEnabled" time="0.008" />
  </testsuite>
  <testsuite failures="0" name="ProfileVCTest" tests="7">
    <testcase classname="ProfileVCTest" name="testContextMenuDisabledReportAbuse" time="0.057" />
    <testcase classname="ProfileVCTest" name="testContextMenuEnabledReportAbuse" time="0.023" />
    <testcase classname="ProfileVCTest" name="testContextMenuSetup" time="0.025" />
    <testcase classname="ProfileVCTest" name="testFindFriendsReportAbuseDisabledAndCurrentUser" time="0.022" />
    <testcase classname="ProfileVCTest" name="testHeaderSetup" time="0.016" />
    <testcase classname="ProfileVCTest" name="testInfoViewShowing" time="0.015" />
    <testcase classname="ProfileVCTest" name="testPageControllerPageURI" time="0.010" />
  </testsuite>
  <testsuite failures="0" name="ProfileViewModelDataTests" tests="4">
    <testcase classname="ProfileViewModelDataTests" name="testInvalidCacheableData" time="0.008" />
    <testcase classname="ProfileViewModelDataTests" name="testInvalidVolatileData" time="0.007" />
    <testcase classname="ProfileViewModelDataTests" name="testValidCacheableData" time="0.015" />
    <testcase classname="ProfileViewModelDataTests" name="testValidVolatileData" time="0.009" />
  </testsuite>
  <testsuite failures="0" name="ProfileViewModelTests" tests="7">
    <testcase classname="ProfileViewModelTests" name="testFollowModelOnlyExistsAfterVolatileDataExists" time="0.011" />
    <testcase classname="ProfileViewModelTests" name="testHandleFailedResponseWithCorrectError" time="0.009" />
    <testcase classname="ProfileViewModelTests" name="testInit" time="0.008" />
    <testcase classname="ProfileViewModelTests" name="testSuccessfulCachableResponseHandledCorrectly" time="0.009" />
    <testcase classname="ProfileViewModelTests" name="testSuccessfulVolatileResponseHandledCorrectly" time="0.010" />
    <testcase classname="ProfileViewModelTests" name="testUpdatedFollowDataWithInvalidCountsDoesNotWipeOutCurrentFollowDataWithValidCounts" time="0.010" />
    <testcase classname="ProfileViewModelTests" name="testUpdateProfileImage" time="0.009" />
  </testsuite>
  <testsuite failures="0" name="SPTShareDataTests" tests="2">
    <testcase classname="SPTShareDataTests" name="testDataValid" time="0.008" />
    <testcase classname="SPTShareDataTests" name="testInit" time="0.008" />
  </testsuite>
  <testsuite failures="0" name="SocialRelationsViewModelTest" tests="1">
    <testcase classname="SocialRelationsViewModelTest" name="testParseWithValidJSON" time="0.009" />
  </testsuite>
  <testsuite failures="0" name="NSURLBartenderTest" tests="1">
    <testcase classname="NSURLBartenderTest" name="testBartenderURL" time="0.009" />
  </testsuite>
  <testsuite failures="0" name="SPTDiscoverHubViewHandlerTest" tests="1">
    <testcase classname="SPTDiscoverHubViewHandlerTest" name="testDiscoverTitleWithFieldReplacements" time="0.008" />
  </testsuite>
  <testsuite failures="0" name="NSURLShareViewTest" tests="6">
    <testcase classname="NSURLShareViewTest" name="testShareViewURLForAuthorizingToNetwork" time="0.011" />
    <testcase classname="NSURLShareViewTest" name="testShareViewURLForBroadcast" time="0.008" />
    <testcase classname="NSURLShareViewTest" name="testShareViewURLForConnectingToNetwork" time="0.008" />
    <testcase classname="NSURLShareViewTest" name="testShareViewURLForNetwork" time="0.008" />
    <testcase classname="NSURLShareViewTest" name="testShareViewURLForNilURI" time="0.007" />
    <testcase classname="NSURLShareViewTest" name="testShareViewURLForURI" time="0.008" />
  </testsuite>
  <testsuite failures="0" name="SPTLegacyPeopleChooserVCTest" tests="3">
    <testcase classname="SPTLegacyPeopleChooserVCTest" name="testNoSectionIndexOnIPadCat" time="0.066" />
    <testcase classname="SPTLegacyPeopleChooserVCTest" name="testTableViewCellTableViewThemeStyleOnIPadCat" time="0.031" />
    <testcase classname="SPTLegacyPeopleChooserVCTest" name="testTableViewSeparatorColourOnIPadCat" time="0.025" />
  </testsuite>
  <testsuite failures="0" name="SPTLegacyShareComposerVCTest" tests="3">
    <testcase classname="SPTLegacyShareComposerVCTest" name="testBackgroundColorIsShareLegacyComposerBackgroundColor" time="0.025" />
    <testcase classname="SPTLegacyShareComposerVCTest" name="testMessageOnlyContainsURLWhenNoMessageEnteredByUser" time="0.017" />
    <testcase classname="SPTLegacyShareComposerVCTest" name="testMessageTextContainsUserMessageWithAppendedOpenURL" time="0.015" />
  </testsuite>
  <testsuite failures="0" name="SPTNativeShareLoggerTest" tests="3">
    <testcase classname="SPTNativeShareLoggerTest" name="testLogUserCancelledSharingWithSpotifyUrl" time="0.009" />
    <testcase classname="SPTNativeShareLoggerTest" name="testLogUserOpenedShareDialogFromView" time="0.008" />
    <testcase classname="SPTNativeShareLoggerTest" name="testLogUserSharedSpotifyUrl" time="0.008" />
  </testsuite>
  <testsuite failures="0" name="SPTPostComposerVCTest" tests="21">
    <testcase classname="SPTPostComposerVCTest" name="testDisableSpotifyNetworkSharingForAlbum" time="0.031" />
    <testcase classname="SPTPostComposerVCTest" name="testDisableSpotifyNetworkSharingForArtist" time="0.017" />
    <testcase classname="SPTPostComposerVCTest" name="testDisableSpotifyNetworkSharingForEpisode" time="0.015" />
    <testcase classname="SPTPostComposerVCTest" name="testDisableSpotifyNetworkSharingForPlaylist" time="0.014" />
    <testcase classname="SPTPostComposerVCTest" name="testDisableSpotifyNetworkSharingForShow" time="0.013" />
    <testcase classname="SPTPostComposerVCTest" name="testDisableSpotifyNetworkSharingForTrack" time="0.014" />
    <testcase classname="SPTPostComposerVCTest" name="testPostButtonForEpisodeIfFacebook" time="0.014" />
    <testcase classname="SPTPostComposerVCTest" name="testPostButtonForEpisodeIfTumblr" time="0.014" />
    <testcase classname="SPTPostComposerVCTest" name="testPostButtonForEpisodeIfTwitter" time="0.014" />
    <testcase classname="SPTPostComposerVCTest" name="testPostOnLabelAlbum" time="0.014" />
    <testcase classname="SPTPostComposerVCTest" name="testPostOnLabelArtist" time="0.014" />
    <testcase classname="SPTPostComposerVCTest" name="testPostOnLabelEpisode" time="0.014" />
    <testcase classname="SPTPostComposerVCTest" name="testPostOnLabelPlaylist" time="0.014" />
    <testcase classname="SPTPostComposerVCTest" name="testPostOnLabelShow" time="0.014" />
    <testcase classname="SPTPostComposerVCTest" name="testPostOnLabelTrack" time="0.015" />
    <testcase classname="SPTPostComposerVCTest" name="testUpdatePostButtonAlbum" time="0.008" />
    <testcase classname="SPTPostComposerVCTest" name="testUpdatePostButtonArtist" time="0.007" />
    <testcase classname="SPTPostComposerVCTest" name="testUpdatePostButtonEpisode" time="0.007" />
    <testcase classname="SPTPostComposerVCTest" name="testUpdatePostButtonPlaylist" time="0.007" />
    <testcase classname="SPTPostComposerVCTest" name="testUpdatePostButtonShow" time="0.007" />
    <testcase classname="SPTPostComposerVCTest" name="testUpdatePostButtonTrack" time="0.007" />
  </testsuite>
  <testsuite failures="0" name="SPTPostComposerViewModelTests" tests="3">
    <testcase classname="SPTPostComposerViewModelTests" name="testChangeSpotifyNetworkEnabledStatusDisabled" time="0.009" />
    <testcase classname="SPTPostComposerViewModelTests" name="testChangeSpotifyNetworkEnabledStatusEnabled" time="0.008" />
    <testcase classname="SPTPostComposerViewModelTests" name="testPostWhileOfflineFails" time="0.010" />
  </testsuite>
  <testsuite failures="0" name="SPTSendServiceChooserVCTests" tests="15">
    <testcase classname="SPTSendServiceChooserVCTests" name="testCorrectURIToWhatsApp" time="0.017" />
    <testcase classname="SPTSendServiceChooserVCTests" name="testHideSelectPeopleWhenSharingAlbum" time="0.009" />
    <testcase classname="SPTSendServiceChooserVCTests" name="testHideSelectPeopleWhenSharingArtist" time="0.008" />
    <testcase classname="SPTSendServiceChooserVCTests" name="testHideSelectPeopleWhenSharingEpisode" time="0.008" />
    <testcase classname="SPTSendServiceChooserVCTests" name="testHideSelectPeopleWhenSharingPlaylist" time="0.008" />
    <testcase classname="SPTSendServiceChooserVCTests" name="testHideSelectPeopleWhenSharingShow" time="0.008" />
    <testcase classname="SPTSendServiceChooserVCTests" name="testHideSelectPeopleWhenSharingTrack" time="0.008" />
    <testcase classname="SPTSendServiceChooserVCTests" name="testLogsImpression" time="0.008" />
    <testcase classname="SPTSendServiceChooserVCTests" name="testLogsTappedEmail" time="0.031" />
    <testcase classname="SPTSendServiceChooserVCTests" name="testLogsTappedFBMessenger" time="0.109" />
    <testcase classname="SPTSendServiceChooserVCTests" name="testLogsTappedLINE" time="0.018" />
    <testcase classname="SPTSendServiceChooserVCTests" name="testLogsTappedSelectRecipients" time="0.012" />
    <testcase classname="SPTSendServiceChooserVCTests" name="testLogsTappedSMS" time="0.024" />
    <testcase classname="SPTSendServiceChooserVCTests" name="testLogsTappedWhatsApp" time="0.020" />
    <testcase classname="SPTSendServiceChooserVCTests" name="testTapsBackButton" time="0.011" />
  </testsuite>
  <testsuite failures="0" name="SPTSendServiceChooserViewModelTests" tests="25">
    <testcase classname="SPTSendServiceChooserViewModelTests" name="testMailBodyAlbum" time="0.010" />
    <testcase classname="SPTSendServiceChooserViewModelTests" name="testMailBodyArtist" time="0.009" />
    <testcase classname="SPTSendServiceChooserViewModelTests" name="testMailBodyEpsiode" time="0.011" />
    <testcase classname="SPTSendServiceChooserViewModelTests" name="testMailBodyPlaylist" time="0.009" />
    <testcase classname="SPTSendServiceChooserViewModelTests" name="testMailBodyShow" time="0.009" />
    <testcase classname="SPTSendServiceChooserViewModelTests" name="testMailBodySong" time="0.009" />
    <testcase classname="SPTSendServiceChooserViewModelTests" name="testMailSubjectAlbum" time="0.009" />
    <testcase classname="SPTSendServiceChooserViewModelTests" name="testMailSubjectArtist" time="0.009" />
    <testcase classname="SPTSendServiceChooserViewModelTests" name="testMailSubjectEpisode" time="0.009" />
    <testcase classname="SPTSendServiceChooserViewModelTests" name="testMailSubjectPlaylist" time="0.008" />
    <testcase classname="SPTSendServiceChooserViewModelTests" name="testMailSubjectShow" time="0.009" />
    <testcase classname="SPTSendServiceChooserViewModelTests" name="testMailSubjectSong" time="0.009" />
    <testcase classname="SPTSendServiceChooserViewModelTests" name="testMessageBodyAlbum" time="0.009" />
    <testcase classname="SPTSendServiceChooserViewModelTests" name="testMessageBodyArtist" time="0.008" />
    <testcase classname="SPTSendServiceChooserViewModelTests" name="testMessageBodyEpisode" time="0.009" />
    <testcase classname="SPTSendServiceChooserViewModelTests" name="testMessageBodyPlaylist" time="0.009" />
    <testcase classname="SPTSendServiceChooserViewModelTests" name="testMessageBodyShow" time="0.008" />
    <testcase classname="SPTSendServiceChooserViewModelTests" name="testMessageBodySong" time="0.008" />
    <testcase classname="SPTSendServiceChooserViewModelTests" name="testPrepareAppForMailComposer" time="0.010" />
    <testcase classname="SPTSendServiceChooserViewModelTests" name="testWhatsAppBodyAlbum" time="0.009" />
    <testcase classname="SPTSendServiceChooserViewModelTests" name="testWhatsAppBodyArtist" time="0.009" />
    <testcase classname="SPTSendServiceChooserViewModelTests" name="testWhatsAppBodyEpisode" time="0.009" />
    <testcase classname="SPTSendServiceChooserViewModelTests" name="testWhatsAppBodyPlaylist" time="0.009" />
    <testcase classname="SPTSendServiceChooserViewModelTests" name="testWhatsAppBodyShow" time="0.008" />
    <testcase classname="SPTSendServiceChooserViewModelTests" name="testWhatsAppBodySong" time="0.008" />
  </testsuite>
  <testsuite failures="0" name="SPTShareChooserControllerTests" tests="1">
    <testcase classname="SPTShareChooserControllerTests" name="testDidSelectEntityWithURL" time="0.010" />
  </testsuite>
  <testsuite failures="0" name="SPTShareChooserInnerVCTests" tests="1">
    <testcase classname="SPTShareChooserInnerVCTests" name="testShouldDisplayRecentItem" time="0.009" />
  </testsuite>
  <testsuite failures="0" name="SPTShareDataTests" tests="2">
    <testcase classname="SPTShareDataTests" name="testInit" time="0.008" />
    <testcase classname="SPTShareDataTests" name="testInitWithNilParams" time="0.007" />
  </testsuite>
  <testsuite failures="0" name="SPTShareDescriptionFactoryTests" tests="24">
    <testcase classname="SPTShareDescriptionFactoryTests" name="testAlbumShareDescriptionWithEmptyNames" time="0.007" />
    <testcase classname="SPTShareDescriptionFactoryTests" name="testAlbumShareDescriptionWithValidAlbum" time="0.008" />
    <testcase classname="SPTShareDescriptionFactoryTests" name="testAlbumShareDescriptionWithValidAlbumAndCreator" time="0.007" />
    <testcase classname="SPTShareDescriptionFactoryTests" name="testAlbumShareDescriptionWithValidAlbumCreatorAndSource" time="0.007" />
    <testcase classname="SPTShareDescriptionFactoryTests" name="testArtistShareDescriptionWithEmptyNames" time="0.007" />
    <testcase classname="SPTShareDescriptionFactoryTests" name="testArtistShareDescriptionWithValidArtist" time="0.005" />
    <testcase classname="SPTShareDescriptionFactoryTests" name="testArtistShareDescriptionWithValidArtistAndCreator" time="0.004" />
    <testcase classname="SPTShareDescriptionFactoryTests" name="testArtistShareDescriptionWithValidArtistCreatorAndSource" time="0.004" />
    <testcase classname="SPTShareDescriptionFactoryTests" name="testEpisodeShareDescriptionWithEmptyNames" time="0.005" />
    <testcase classname="SPTShareDescriptionFactoryTests" name="testEpisodeShareDescriptionWithValidTrack" time="0.005" />
    <testcase classname="SPTShareDescriptionFactoryTests" name="testEpisodeShareDescriptionWithValidTrackAndCreator" time="0.005" />
    <testcase classname="SPTShareDescriptionFactoryTests" name="testEpisodeShareDescriptionWithValidTrackCreatorAndSource" time="0.005" />
    <testcase classname="SPTShareDescriptionFactoryTests" name="testPlaylistShareDescriptionWithEmptyNames" time="0.005" />
    <testcase classname="SPTShareDescriptionFactoryTests" name="testPlaylistShareDescriptionWithValidPlaylist" time="0.004" />
    <testcase classname="SPTShareDescriptionFactoryTests" name="testPlaylistShareDescriptionWithValidPlaylistAndCreator" time="0.005" />
    <testcase classname="SPTShareDescriptionFactoryTests" name="testPlaylistShareDescriptionWithValidPlaylistCreatorAndSource" time="0.004" />
    <testcase classname="SPTShareDescriptionFactoryTests" name="testShowShareDescriptionWithEmptyNames" time="0.004" />
    <testcase classname="SPTShareDescriptionFactoryTests" name="testShowShareDescriptionWithValidPlaylist" time="0.004" />
    <testcase classname="SPTShareDescriptionFactoryTests" name="testShowShareDescriptionWithValidPlaylistAndCreator" time="0.005" />
    <testcase classname="SPTShareDescriptionFactoryTests" name="testShowShareDescriptionWithValidPlaylistCreatorAndSource" time="0.005" />
    <testcase classname="SPTShareDescriptionFactoryTests" name="testTrackShareDescriptionWithEmptyNames" time="0.005" />
    <testcase classname="SPTShareDescriptionFactoryTests" name="testTrackShareDescriptionWithValidTrack" time="0.005" />
    <testcase classname="SPTShareDescriptionFactoryTests" name="testTrackShareDescriptionWithValidTrackAndCreator" time="0.004" />
    <testcase classname="SPTShareDescriptionFactoryTests" name="testTrackShareDescriptionWithValidTrackCreatorAndSource" time="0.004" />
  </testsuite>
  <testsuite failures="0" name="SPTShareEntityDataTests" tests="3">
    <testcase classname="SPTShareEntityDataTests" name="testAlbumTitleAndSubtitleCorrect" time="0.004" />
    <testcase classname="SPTShareEntityDataTests" name="testArtistTitleAndSubtitleCorrect" time="0.005" />
    <testcase classname="SPTShareEntityDataTests" name="testTrackTitleAndSubtitleCorrect" time="0.007" />
  </testsuite>
  <testsuite failures="0" name="SPTShareFBMessengerTests" tests="3">
    <testcase classname="SPTShareFBMessengerTests" name="testShareAlbumToFBMessenger" time="0.029" />
    <testcase classname="SPTShareFBMessengerTests" name="testShareToFBMessengerWithoutImage" time="0.012" />
    <testcase classname="SPTShareFBMessengerTests" name="testShareTrackToFBMessenger" time="0.027" />
  </testsuite>
  <testsuite failures="0" name="SPTShareFailureErrorMessageFactoryTests" tests="8">
    <testcase classname="SPTShareFailureErrorMessageFactoryTests" name="testAlphabetizesNetworks" time="0.008" />
    <testcase classname="SPTShareFailureErrorMessageFactoryTests" name="testFailOnAllNetworks" time="0.008" />
    <testcase classname="SPTShareFailureErrorMessageFactoryTests" name="testIgnoresInvalidFailedNetworks" time="0.008" />
    <testcase classname="SPTShareFailureErrorMessageFactoryTests" name="testPartialFailOnNetworks" time="0.008" />
    <testcase classname="SPTShareFailureErrorMessageFactoryTests" name="testSuccessOnAllNetworks" time="0.008" />
    <testcase classname="SPTShareFailureErrorMessageFactoryTests" name="testSuccessOnSpotifyAndFailOnFacebookTwitterTumblr" time="0.008" />
    <testcase classname="SPTShareFailureErrorMessageFactoryTests" name="testSuccessOnSpotifyFacebookAndFailOnTwitterTumblr" time="0.008" />
    <testcase classname="SPTShareFailureErrorMessageFactoryTests" name="testSuccessOnSpotifyFacebookTwitterAndFailOnTumblr" time="0.008" />
  </testsuite>
  <testsuite failures="0" name="SPTShareFeatureImplementationTest" tests="4">
    <testcase classname="SPTShareFeatureImplementationTest" name="testPresentActivityViewController" time="0.018" />
    <testcase classname="SPTShareFeatureImplementationTest" name="testProvideShareActivityVCWithItemURI" time="0.012" />
    <testcase classname="SPTShareFeatureImplementationTest" name="testProvideShareChooserVCForURL" time="0.009" />
    <testcase classname="SPTShareFeatureImplementationTest" name="testProvideShareVCWithItemURI" time="0.009" />
  </testsuite>
  <testsuite failures="0" name="SPTShareMessagePlaceholderFactoryTests" tests="33">
    <testcase classname="SPTShareMessagePlaceholderFactoryTests" name="testAlbumShareMessageWithEmptyNames" time="0.007" />
    <testcase classname="SPTShareMessagePlaceholderFactoryTests" name="testAlbumShareMessageWithEmptyNamesAndValidLink" time="0.008" />
    <testcase classname="SPTShareMessagePlaceholderFactoryTests" name="testAlbumShareMessageWithValidAlbumAndCreatorAndNoLink" time="0.008" />
    <testcase classname="SPTShareMessagePlaceholderFactoryTests" name="testAlbumShareMessageWithValidAlbumAndCreatorAndValidLink" time="0.007" />
    <testcase classname="SPTShareMessagePlaceholderFactoryTests" name="testAlbumShareMessageWithValidAlbumAndNoLink" time="0.007" />
    <testcase classname="SPTShareMessagePlaceholderFactoryTests" name="testAlbumShareMessageWithValidAlbumAndValidLink" time="0.006" />
    <testcase classname="SPTShareMessagePlaceholderFactoryTests" name="testAlbumShareMessageWithValidAlbumCreatorAndSourceAndNoLink" time="0.007" />
    <testcase classname="SPTShareMessagePlaceholderFactoryTests" name="testAlbumShareMessageWithValidAlbumCreatorAndSourceAndValidLink" time="0.007" />
    <testcase classname="SPTShareMessagePlaceholderFactoryTests" name="testArtistShareMessageWithEmptyNames" time="0.007" />
    <testcase classname="SPTShareMessagePlaceholderFactoryTests" name="testArtistShareMessageWithEmptyNamesAndValidLink" time="0.006" />
    <testcase classname="SPTShareMessagePlaceholderFactoryTests" name="testArtistShareMessageWithValidArtistAndCreatorAndNoLink" time="0.007" />
    <testcase classname="SPTShareMessagePlaceholderFactoryTests" name="testArtistShareMessageWithValidArtistAndCreatorAndValidLink" time="0.006" />
    <testcase classname="SPTShareMessagePlaceholderFactoryTests" name="testArtistShareMessageWithValidArtistAndNoLink" time="0.008" />
    <testcase classname="SPTShareMessagePlaceholderFactoryTests" name="testArtistShareMessageWithValidArtistAndValidLink" time="0.008" />
    <testcase classname="SPTShareMessagePlaceholderFactoryTests" name="testArtistShareMessageWithValidArtistCreatorAndSourceAndNoLink" time="0.007" />
    <testcase classname="SPTShareMessagePlaceholderFactoryTests" name="testArtistShareMessageWithValidArtistCreatorAndSourceAndValidLink" time="0.008" />
    <testcase classname="SPTShareMessagePlaceholderFactoryTests" name="testCustomShareMessageWithValidItemNameAndValidCreatorNameAndValidLink" time="0.008" />
    <testcase classname="SPTShareMessagePlaceholderFactoryTests" name="testPlaylistShareMessageWithEmptyNames" time="0.008" />
    <testcase classname="SPTShareMessagePlaceholderFactoryTests" name="testPlaylistShareMessageWithEmptyNamesAndValidLink" time="0.008" />
    <testcase classname="SPTShareMessagePlaceholderFactoryTests" name="testPlaylistShareMessageWithValidPlaylistAndCreatorAndNoLink" time="0.008" />
    <testcase classname="SPTShareMessagePlaceholderFactoryTests" name="testPlaylistShareMessageWithValidPlaylistAndCreatorAndValidLink" time="0.008" />
    <testcase classname="SPTShareMessagePlaceholderFactoryTests" name="testPlaylistShareMessageWithValidPlaylistAndNoLink" time="0.008" />
    <testcase classname="SPTShareMessagePlaceholderFactoryTests" name="testPlaylistShareMessageWithValidPlaylistAndValidLink" time="0.008" />
    <testcase classname="SPTShareMessagePlaceholderFactoryTests" name="testPlaylistShareMessageWithValidPlaylistCreatorAndSourceAndNoLink" time="0.008" />
    <testcase classname="SPTShareMessagePlaceholderFactoryTests" name="testPlaylistShareMessageWithValidPlaylistCreatorAndSourceAndValidLink" time="0.007" />
    <testcase classname="SPTShareMessagePlaceholderFactoryTests" name="testTrackShareMessageWithEmptyNames" time="0.007" />
    <testcase classname="SPTShareMessagePlaceholderFactoryTests" name="testTrackShareMessageWithEmptyNamesAndValidLink" time="0.007" />
    <testcase classname="SPTShareMessagePlaceholderFactoryTests" name="testTrackShareMessageWithValidTrackAndCreatorAndNoLink" time="0.007" />
    <testcase classname="SPTShareMessagePlaceholderFactoryTests" name="testTrackShareMessageWithValidTrackAndCreatorAndValidLink" time="0.007" />
    <testcase classname="SPTShareMessagePlaceholderFactoryTests" name="testTrackShareMessageWithValidTrackAndNoLink" time="0.007" />
    <testcase classname="SPTShareMessagePlaceholderFactoryTests" name="testTrackShareMessageWithValidTrackAndValidLink" time="0.006" />
    <testcase classname="SPTShareMessagePlaceholderFactoryTests" name="testTrackShareMessageWithValidTrackCreatorAndSourceAndNoLink" time="0.006" />
    <testcase classname="SPTShareMessagePlaceholderFactoryTests" name="testTrackShareMessageWithValidTrackCreatorAndSourceAndValidLink" time="0.006" />
  </testsuite>
  <testsuite failures="0" name="SPTShareNetworkDataTests" tests="12">
    <testcase classname="SPTShareNetworkDataTests" name="testDefaultConvenienceInitializerWithNetworkHasExpectedValues" time="0.007" />
    <testcase classname="SPTShareNetworkDataTests" name="testDictionaryWithConnectedConnectionStatus" time="0.007" />
    <testcase classname="SPTShareNetworkDataTests" name="testDictionaryWithDisconnectedConnectionStatus" time="0.007" />
    <testcase classname="SPTShareNetworkDataTests" name="testDictionaryWithFacebookNetwork" time="0.007" />
    <testcase classname="SPTShareNetworkDataTests" name="testDictionaryWithTumblrNetwork" time="0.007" />
    <testcase classname="SPTShareNetworkDataTests" name="testDictionaryWithTwitterNetwork" time="0.007" />
    <testcase classname="SPTShareNetworkDataTests" name="testDictionaryWithUnknownConnectionStatus" time="0.008" />
    <testcase classname="SPTShareNetworkDataTests" name="testDictionaryWithUnknownNetwork" time="0.008" />
    <testcase classname="SPTShareNetworkDataTests" name="testDictionaryWithValidDisplayName" time="0.008" />
    <testcase classname="SPTShareNetworkDataTests" name="testDictionaryWithValidIDString" time="0.008" />
    <testcase classname="SPTShareNetworkDataTests" name="testInitCreatesExpectedValues" time="0.008" />
    <testcase classname="SPTShareNetworkDataTests" name="testMissingDictionaryCreatesExpectedValues" time="0.007" />
  </testsuite>
  <testsuite failures="0" name="SPTShareNetworksInfoFetcherTests" tests="3">
    <testcase classname="SPTShareNetworksInfoFetcherTests" name="testDataLoaderFail" time="0.009" />
    <testcase classname="SPTShareNetworksInfoFetcherTests" name="testDataLoaderSuccess" time="0.008" />
    <testcase classname="SPTShareNetworksInfoFetcherTests" name="testNotNil" time="0.008" />
  </testsuite>
  <testsuite failures="0" name="SPTShareNetworksInfoTests" tests="12">
    <testcase classname="SPTShareNetworksInfoTests" name="testChangingFacebookEnabledStateWorksAsExpected" time="0.008" />
    <testcase classname="SPTShareNetworksInfoTests" name="testDefaultEnumValueNumbersAreCorrect" time="0.008" />
    <testcase classname="SPTShareNetworksInfoTests" name="testDefaultInitializerHasExpectedValues" time="0.008" />
    <testcase classname="SPTShareNetworksInfoTests" name="testDefaultPayloadStringsReturnedAreCorrect" time="0.008" />
    <testcase classname="SPTShareNetworksInfoTests" name="testDisablingAllNetworksReturnsNoPayloadStrings" time="0.008" />
    <testcase classname="SPTShareNetworksInfoTests" name="testEnablingAllNetworksReturnsCorrectPayloadStrings" time="0.008" />
    <testcase classname="SPTShareNetworksInfoTests" name="testInit" time="0.008" />
    <testcase classname="SPTShareNetworksInfoTests" name="testInitHasExpectedValues" time="0.008" />
    <testcase classname="SPTShareNetworksInfoTests" name="testInitWithNilValuesHasExpectedValues" time="0.007" />
    <testcase classname="SPTShareNetworksInfoTests" name="testSpotifyIsEnabledByDefault" time="0.007" />
    <testcase classname="SPTShareNetworksInfoTests" name="testTogglingFacebookEnabledStateWorksAsExpected" time="0.007" />
    <testcase classname="SPTShareNetworksInfoTests" name="testUpdateWithInfo" time="0.009" />
  </testsuite>
  <testsuite failures="0" name="SPTSharePostHandlerTests" tests="4">
    <testcase classname="SPTSharePostHandlerTests" name="testDoesntIncludeSPOTIFYTwiceInEnabledNetworkStrings" time="0.009" />
    <testcase classname="SPTSharePostHandlerTests" name="testHTTPPostUsesPOSTMethod" time="0.008" />
    <testcase classname="SPTSharePostHandlerTests" name="testNotNil" time="0.008" />
    <testcase classname="SPTSharePostHandlerTests" name="testShareDataWithoutItemURIFailsWithCannotPostError" time="0.007" />
  </testsuite>
  <testsuite failures="0" name="SPTShareTestManagerImplementationTest" tests="3">
    <testcase classname="SPTShareTestManagerImplementationTest" name="testIsNativeShareDisabled" time="0.008" />
    <testcase classname="SPTShareTestManagerImplementationTest" name="testIsNativeShareDisabledFlagNotDefined" time="0.008" />
    <testcase classname="SPTShareTestManagerImplementationTest" name="testIsNativeShareEnabled" time="0.008" />
  </testsuite>
  <testsuite failures="0" name="SPTShareVCTests" tests="6">
    <testcase classname="SPTShareVCTests" name="testCancelLogged" time="0.008" />
    <testcase classname="SPTShareVCTests" name="testCopyLinkLogged" time="0.012" />
    <testcase classname="SPTShareVCTests" name="testCustomClipboardLinkTitle" time="0.015" />
    <testcase classname="SPTShareVCTests" name="testLogsImpression" time="0.009" />
    <testcase classname="SPTShareVCTests" name="testPostToLogged" time="0.009" />
    <testcase classname="SPTShareVCTests" name="testSendToLogged" time="0.009" />
  </testsuite>
  <testsuite failures="0" name="SPTShareViewModelTests" tests="1">
    <testcase classname="SPTShareViewModelTests" name="testCopyLink" time="0.015" />
  </testsuite>
  <testsuite failures="0" name="NSError_SPTUpsellJSONParserTests" tests="2">
    <testcase classname="NSError_SPTUpsellJSONParserTests" name="testConvenienceCreatorHasCorrectDomain" time="0.010" />
    <testcase classname="NSError_SPTUpsellJSONParserTests" name="testErrorCodeAccessor" time="0.007" />
  </testsuite>
  <testsuite failures="0" name="NSURL_SPTUpsellServiceTests" tests="5">
    <testcase classname="NSURL_SPTUpsellServiceTests" name="testConfigurationsURLContainsAllReasons" time="0.006" />
    <testcase classname="NSURL_SPTUpsellServiceTests" name="testConfigurationsURLContainsCorrectVersion" time="0.008" />
    <testcase classname="NSURL_SPTUpsellServiceTests" name="testConfigurationsURLContainsQueryParameters" time="0.008" />
    <testcase classname="NSURL_SPTUpsellServiceTests" name="testisAccountUpsellURLReturnsCorrectly" time="0.008" />
    <testcase classname="NSURL_SPTUpsellServiceTests" name="testShowcaseConfigurationURLCorrectness" time="0.008" />
  </testsuite>
  <testsuite failures="0" name="SPTAccountUpsellViewControllerTests" tests="5">
    <testcase classname="SPTAccountUpsellViewControllerTests" name="testThatViewModelTitleIsSetAsTabBarItemTitle" time="0.075" />
    <testcase classname="SPTAccountUpsellViewControllerTests" name="testViewControllerDidDisappear" time="0.008" />
    <testcase classname="SPTAccountUpsellViewControllerTests" name="testViewControllerReturnsCorrectPageIdentifier" time="0.007" />
    <testcase classname="SPTAccountUpsellViewControllerTests" name="testViewControllerReturnsCorrectViewURI" time="0.006" />
    <testcase classname="SPTAccountUpsellViewControllerTests" name="testViewControllerWillAppear" time="0.006" />
  </testsuite>
  <testsuite failures="0" name="SPTAccountUpsellViewModelTests" tests="8">
    <testcase classname="SPTAccountUpsellViewModelTests" name="test7DayTrialAvailable" time="0.007" />
    <testcase classname="SPTAccountUpsellViewModelTests" name="testBuyPremium" time="0.006" />
    <testcase classname="SPTAccountUpsellViewModelTests" name="testNoProductAvailable" time="0.006" />
    <testcase classname="SPTAccountUpsellViewModelTests" name="testPremiumWith30DayTrial" time="0.006" />
    <testcase classname="SPTAccountUpsellViewModelTests" name="testUpsellInformationTableContentCurrentProduct7DayTrial" time="0.006" />
    <testcase classname="SPTAccountUpsellViewModelTests" name="testUpsellInformationTableContentNoProductAvailable" time="0.006" />
    <testcase classname="SPTAccountUpsellViewModelTests" name="testUpsellInformationTableContentProductAvailable" time="0.007" />
    <testcase classname="SPTAccountUpsellViewModelTests" name="testUpsellInformationTableContentUpgradeAvailableButCantPurchase" time="0.006" />
  </testsuite>
  <testsuite failures="0" name="SPTOnDemandUpsellManagerTests" tests="8">
    <testcase classname="SPTOnDemandUpsellManagerTests" name="testFullOnDemand" time="0.028" />
    <testcase classname="SPTOnDemandUpsellManagerTests" name="testOnDemandTypes" time="0.007" />
    <testcase classname="SPTOnDemandUpsellManagerTests" name="testOnDemandVoiceoverCapping" time="0.009" />
    <testcase classname="SPTOnDemandUpsellManagerTests" name="testPauseInPlayerObserver" time="0.006" />
    <testcase classname="SPTOnDemandUpsellManagerTests" name="testShuffleButtonPressedAtNonzeroPositionResumesPlayback" time="0.058" />
    <testcase classname="SPTOnDemandUpsellManagerTests" name="testShuffleButtonPressedAtZeroPositionFiresShufflePlay" time="0.468" />
    <testcase classname="SPTOnDemandUpsellManagerTests" name="testShuffleButtonPressedShufflesIfNeverShuffledForContext" time="0.013" />
    <testcase classname="SPTOnDemandUpsellManagerTests" name="testUpsellAudioFinished" time="0.019" />
  </testsuite>
  <testsuite failures="0" name="SPTUpsellActionDataTests" tests="17">
    <testcase classname="SPTUpsellActionDataTests" name="testCopyingProduceEqualObject" time="0.006" />
    <testcase classname="SPTUpsellActionDataTests" name="testDesignatedInitializerForCallback" time="0.004" />
    <testcase classname="SPTUpsellActionDataTests" name="testDesignatedInitializerForCallbackReturnsNilWhenMissingProduct" time="0.004" />
    <testcase classname="SPTUpsellActionDataTests" name="testDesignatedInitializerForInAppPurchase" time="0.004" />
    <testcase classname="SPTUpsellActionDataTests" name="testDesignatedInitializerForOpenURL" time="0.004" />
    <testcase classname="SPTUpsellActionDataTests" name="testDesignatedInitializerForOpenURLReturnsNilWhenMissingProduct" time="0.004" />
    <testcase classname="SPTUpsellActionDataTests" name="testDesignatedInitializerForTrial" time="0.005" />
    <testcase classname="SPTUpsellActionDataTests" name="testDesignatedInitializerForTrialOverridesGivenProduct" time="0.004" />
    <testcase classname="SPTUpsellActionDataTests" name="testDesignatedInitializerForUnknownType" time="0.004" />
    <testcase classname="SPTUpsellActionDataTests" name="testDifferentHashForNonEqualObjects" time="0.004" />
    <testcase classname="SPTUpsellActionDataTests" name="testDifferentObjectsAreNotEqual" time="0.004" />
    <testcase classname="SPTUpsellActionDataTests" name="testIdenticalObjectsAreEqual" time="0.004" />
    <testcase classname="SPTUpsellActionDataTests" name="testNotEqualToNil" time="0.004" />
    <testcase classname="SPTUpsellActionDataTests" name="testNSCopyingConformance" time="0.004" />
    <testcase classname="SPTUpsellActionDataTests" name="testObjectOfOtherClassIsNotEqual" time="0.004" />
    <testcase classname="SPTUpsellActionDataTests" name="testSameHashForEqualObjects" time="0.005" />
    <testcase classname="SPTUpsellActionDataTests" name="testSameObjectIsEqual" time="0.005" />
  </testsuite>
  <testsuite failures="0" name="SPTUpsellActionFactoryTests" tests="16">
    <testcase classname="SPTUpsellActionFactoryTests" name="testActionFactoryDataLoaderCallback" time="0.007" />
    <testcase classname="SPTUpsellActionFactoryTests" name="testCreateActionForCallbackData" time="0.008" />
    <testcase classname="SPTUpsellActionFactoryTests" name="testCreateActionForCallbackDataWithoutDelegateReturnsNil" time="0.008" />
    <testcase classname="SPTUpsellActionFactoryTests" name="testCreateActionForCallbackWithMissingURLReturnsNil" time="0.008" />
    <testcase classname="SPTUpsellActionFactoryTests" name="testCreateActionForDismiss" time="0.008" />
    <testcase classname="SPTUpsellActionFactoryTests" name="testCreateActionForIAPData" time="0.008" />
    <testcase classname="SPTUpsellActionFactoryTests" name="testCreateActionForIAPDataWithoutDelegateReturnsNil" time="0.008" />
    <testcase classname="SPTUpsellActionFactoryTests" name="testCreateActionForIAPWithMissingProductReturnsNil" time="0.006" />
    <testcase classname="SPTUpsellActionFactoryTests" name="testCreateActionForOpenURLData" time="0.005" />
    <testcase classname="SPTUpsellActionFactoryTests" name="testCreateActionForOpenURLWithMissingURLReturnsNil" time="0.004" />
    <testcase classname="SPTUpsellActionFactoryTests" name="testCreateActionForShuffle" time="0.004" />
    <testcase classname="SPTUpsellActionFactoryTests" name="testCreateActionForTrialData" time="0.005" />
    <testcase classname="SPTUpsellActionFactoryTests" name="testCreateActionForTrialDataWithoutDelegateReturnsNil" time="0.004" />
    <testcase classname="SPTUpsellActionFactoryTests" name="testCreateActionForTrialWithMissingProductReturnsNil" time="0.004" />
    <testcase classname="SPTUpsellActionFactoryTests" name="testCreateActionReturnNilForInvalidData" time="0.004" />
    <testcase classname="SPTUpsellActionFactoryTests" name="testCreateActionReturnNilForNil" time="0.004" />
  </testsuite>
  <testsuite failures="0" name="SPTUpsellButtonJSONParserTests" tests="14">
    <testcase classname="SPTUpsellButtonJSONParserTests" name="testActionDataFromJSONDictionaryReturnsCallback" time="0.004" />
    <testcase classname="SPTUpsellButtonJSONParserTests" name="testActionDataFromJSONDictionaryReturnsDismiss" time="0.005" />
    <testcase classname="SPTUpsellButtonJSONParserTests" name="testActionDataFromJSONDictionaryReturnsInAppPurchase" time="0.004" />
    <testcase classname="SPTUpsellButtonJSONParserTests" name="testActionDataFromJSONDictionaryReturnsOpenURL" time="0.004" />
    <testcase classname="SPTUpsellButtonJSONParserTests" name="testActionDataFromJSONDictionaryReturnsShuffle" time="0.004" />
    <testcase classname="SPTUpsellButtonJSONParserTests" name="testActionDataFromJSONDictionaryReturnsTrial" time="0.004" />
    <testcase classname="SPTUpsellButtonJSONParserTests" name="testActionTypeFromIdentifierCallback" time="0.004" />
    <testcase classname="SPTUpsellButtonJSONParserTests" name="testActionTypeFromIdentifierDismiss" time="0.004" />
    <testcase classname="SPTUpsellButtonJSONParserTests" name="testActionTypeFromIdentifierIAP" time="0.004" />
    <testcase classname="SPTUpsellButtonJSONParserTests" name="testActionTypeFromIdentifierShuffle" time="0.004" />
    <testcase classname="SPTUpsellButtonJSONParserTests" name="testActionTypeFromIdentifierUnknown" time="0.004" />
    <testcase classname="SPTUpsellButtonJSONParserTests" name="testActionTypeFromIdentifierURL" time="0.004" />
    <testcase classname="SPTUpsellButtonJSONParserTests" name="testNilForUnknownType" time="0.004" />
    <testcase classname="SPTUpsellButtonJSONParserTests" name="testNilFromEmptyJSON" time="0.004" />
  </testsuite>
  <testsuite failures="0" name="SPTUpsellButtonTests" tests="9">
    <testcase classname="SPTUpsellButtonTests" name="testCopyingProduceEqualObject" time="0.004" />
    <testcase classname="SPTUpsellButtonTests" name="testDifferentHashForNonEqualObjects" time="0.004" />
    <testcase classname="SPTUpsellButtonTests" name="testDifferentObjectsAreNotEqual" time="0.005" />
    <testcase classname="SPTUpsellButtonTests" name="testIdenticalObjectsAreEqual" time="0.004" />
    <testcase classname="SPTUpsellButtonTests" name="testNotEqualToNil" time="0.004" />
    <testcase classname="SPTUpsellButtonTests" name="testNSCopyingConformance" time="0.004" />
    <testcase classname="SPTUpsellButtonTests" name="testObjectOfOtherClassIsNotEqual" time="0.004" />
    <testcase classname="SPTUpsellButtonTests" name="testSameHashForEqualObjects" time="0.004" />
    <testcase classname="SPTUpsellButtonTests" name="testSameObjectIsEqual" time="0.004" />
  </testsuite>
  <testsuite failures="0" name="SPTUpsellCallbackActionTests" tests="5">
    <testcase classname="SPTUpsellCallbackActionTests" name="testInitSetProperties" time="0.004" />
    <testcase classname="SPTUpsellCallbackActionTests" name="testInitWithNilURLReturnNil" time="0.004" />
    <testcase classname="SPTUpsellCallbackActionTests" name="testPerform" time="0.005" />
    <testcase classname="SPTUpsellCallbackActionTests" name="testPerformRequest" time="0.005" />
    <testcase classname="SPTUpsellCallbackActionTests" name="testRequestForURL" time="0.004" />
  </testsuite>
  <testsuite failures="0" name="SPTUpsellCompoundLoggerTests" tests="16">
    <testcase classname="SPTUpsellCompoundLoggerTests" name="testAddLogger" time="0.004" />
    <testcase classname="SPTUpsellCompoundLoggerTests" name="testAddLoggerNilDoesNothing" time="0.004" />
    <testcase classname="SPTUpsellCompoundLoggerTests" name="testAddLoggerWithEmptyIdentifierDoesNothing" time="0.004" />
    <testcase classname="SPTUpsellCompoundLoggerTests" name="testIdentifyingALogger" time="0.004" />
    <testcase classname="SPTUpsellCompoundLoggerTests" name="testIdentifyingALoggerWithNoLoggers" time="0.004" />
    <testcase classname="SPTUpsellCompoundLoggerTests" name="testInitSetsMutableLoggers" time="0.004" />
    <testcase classname="SPTUpsellCompoundLoggerTests" name="testLogDidPresentAvailableProductForReasonTypeForwardsOptionally" time="0.004" />
    <testcase classname="SPTUpsellCompoundLoggerTests" name="testLogDismissAvailableProductForReasonTypeForwardsOptionally" time="0.005" />
    <testcase classname="SPTUpsellCompoundLoggerTests" name="testLoggersContainsAllObjectsInMutableLoggers" time="0.004" />
    <testcase classname="SPTUpsellCompoundLoggerTests" name="testLogGetAvailableProductForReasonTypeForwardsOptionally" time="0.004" />
    <testcase classname="SPTUpsellCompoundLoggerTests" name="testLogImpressionOfUpsellForwards" time="0.005" />
    <testcase classname="SPTUpsellCompoundLoggerTests" name="testLogInteractionWithUpsellViaButtonForwards" time="0.005" />
    <testcase classname="SPTUpsellCompoundLoggerTests" name="testlogUpsellEventOfUpsellForwards" time="0.005" />
    <testcase classname="SPTUpsellCompoundLoggerTests" name="testRemoveLogger" time="0.004" />
    <testcase classname="SPTUpsellCompoundLoggerTests" name="testRemoveLoggerNilDoesNothing" time="0.004" />
    <testcase classname="SPTUpsellCompoundLoggerTests" name="testRemoveLoggerWithEmptyIdentifierDoesNothing" time="0.004" />
  </testsuite>
  <testsuite failures="0" name="SPTUpsellConfigurationsCacheControllerTests" tests="27">
    <testcase classname="SPTUpsellConfigurationsCacheControllerTests" name="testCacheErrorHandlingCorrupt" time="0.007" />
    <testcase classname="SPTUpsellConfigurationsCacheControllerTests" name="testCacheErrorHandlingNoData" time="0.007" />
    <testcase classname="SPTUpsellConfigurationsCacheControllerTests" name="testDateForSoonestExpiringUpsell" time="0.006" />
    <testcase classname="SPTUpsellConfigurationsCacheControllerTests" name="testDateForSoonestExpiringUpsellReturnsDefaultDateForNoUpsells" time="0.005" />
    <testcase classname="SPTUpsellConfigurationsCacheControllerTests" name="testEmptyUpsellConfigCase" time="0.005" />
    <testcase classname="SPTUpsellConfigurationsCacheControllerTests" name="testhandleConfigurationsDataResponseError" time="0.005" />
    <testcase classname="SPTUpsellConfigurationsCacheControllerTests" name="testhandleConfigurationsDataResponseNotFound" time="0.006" />
    <testcase classname="SPTUpsellConfigurationsCacheControllerTests" name="testhandleConfigurationsDataResponseSuccess" time="0.007" />
    <testcase classname="SPTUpsellConfigurationsCacheControllerTests" name="testHandleExpiredUpsells" time="0.007" />
    <testcase classname="SPTUpsellConfigurationsCacheControllerTests" name="testHasLoadedDataForDifferentStates" time="0.004" />
    <testcase classname="SPTUpsellConfigurationsCacheControllerTests" name="testInitialState" time="0.004" />
    <testcase classname="SPTUpsellConfigurationsCacheControllerTests" name="testInvalidateCache" time="0.004" />
    <testcase classname="SPTUpsellConfigurationsCacheControllerTests" name="testLoadCallbackForError" time="0.005" />
    <testcase classname="SPTUpsellConfigurationsCacheControllerTests" name="testLoadCallbackForNotFound" time="0.005" />
    <testcase classname="SPTUpsellConfigurationsCacheControllerTests" name="testLoadCallbackForSuccess" time="0.006" />
    <testcase classname="SPTUpsellConfigurationsCacheControllerTests" name="testLoadCallsPersistentStore" time="0.005" />
    <testcase classname="SPTUpsellConfigurationsCacheControllerTests" name="testParseAndPersistShowcaseConfig" time="0.005" />
    <testcase classname="SPTUpsellConfigurationsCacheControllerTests" name="testPruneCache" time="0.005" />
    <testcase classname="SPTUpsellConfigurationsCacheControllerTests" name="testReasonsFromUpsells" time="0.004" />
    <testcase classname="SPTUpsellConfigurationsCacheControllerTests" name="testResetCacheAndSetState" time="0.004" />
    <testcase classname="SPTUpsellConfigurationsCacheControllerTests" name="testTtlForExpirationDate" time="0.004" />
    <testcase classname="SPTUpsellConfigurationsCacheControllerTests" name="testTtlForExpirationDateWhenNil" time="0.005" />
    <testcase classname="SPTUpsellConfigurationsCacheControllerTests" name="testUpsellsFromCachedDataWhenEmpty" time="0.004" />
    <testcase classname="SPTUpsellConfigurationsCacheControllerTests" name="testUpsellsFromCachedDataWhenExpired" time="0.007" />
    <testcase classname="SPTUpsellConfigurationsCacheControllerTests" name="testUpsellsFromCachedDataWhenNil" time="0.005" />
    <testcase classname="SPTUpsellConfigurationsCacheControllerTests" name="testUpsellsFromCachedDataWhenNotExpired" time="0.007" />
    <testcase classname="SPTUpsellConfigurationsCacheControllerTests" name="testUpsellsFromCachedDataWhenShowUntilIsNil" time="0.007" />
  </testsuite>
  <testsuite failures="0" name="SPTUpsellConfigurationsControllerTests" tests="19">
    <testcase classname="SPTUpsellConfigurationsControllerTests" name="testActivateUpsellConfigurationController" time="0.014" />
    <testcase classname="SPTUpsellConfigurationsControllerTests" name="testCallbackDataLoaderForActionFactory" time="0.006" />
    <testcase classname="SPTUpsellConfigurationsControllerTests" name="testCancelRefresh" time="0.008" />
    <testcase classname="SPTUpsellConfigurationsControllerTests" name="testCreateConfigurationController" time="0.006" />
    <testcase classname="SPTUpsellConfigurationsControllerTests" name="testExpiredUpsellsFromCacheTriggersFetch" time="0.018" />
    <testcase classname="SPTUpsellConfigurationsControllerTests" name="testHandlesFetchConfigurationsErrorResponse" time="0.009" />
    <testcase classname="SPTUpsellConfigurationsControllerTests" name="testHandlesFetchConfigurationsSuccessResponse" time="0.008" />
    <testcase classname="SPTUpsellConfigurationsControllerTests" name="testhasDataIsNoByDefault" time="0.006" />
    <testcase classname="SPTUpsellConfigurationsControllerTests" name="testInvalidatesCacheWhenPremiumTrialEligibiltyChanges" time="0.008" />
    <testcase classname="SPTUpsellConfigurationsControllerTests" name="testInvalidatesCacheWhenProductChanges" time="0.007" />
    <testcase classname="SPTUpsellConfigurationsControllerTests" name="testIsRefreshingIsNoByDefault" time="0.006" />
    <testcase classname="SPTUpsellConfigurationsControllerTests" name="testNonExpiredUpsellsFromCacheTriggerFetch" time="0.009" />
    <testcase classname="SPTUpsellConfigurationsControllerTests" name="testRefreshOnEnteringForegroundExpired" time="0.010" />
    <testcase classname="SPTUpsellConfigurationsControllerTests" name="testRefreshOnWillEnteringForegroundExpiredNotActive" time="0.008" />
    <testcase classname="SPTUpsellConfigurationsControllerTests" name="testRefreshOnWillEnteringForegroundNonExpired" time="0.008" />
    <testcase classname="SPTUpsellConfigurationsControllerTests" name="testRefreshResetsOnFailure" time="0.008" />
    <testcase classname="SPTUpsellConfigurationsControllerTests" name="testRefreshResetsOnSuccess" time="0.007" />
    <testcase classname="SPTUpsellConfigurationsControllerTests" name="testRefreshSendsRequest" time="0.007" />
    <testcase classname="SPTUpsellConfigurationsControllerTests" name="testUpsellFallbackFromCache" time="0.007" />
  </testsuite>
  <testsuite failures="0" name="SPTUpsellConfigurationsJSONParserTests" tests="2">
    <testcase classname="SPTUpsellConfigurationsJSONParserTests" name="testWithLegacyJSONParser" time="0.008" />
    <testcase classname="SPTUpsellConfigurationsJSONParserTests" name="testWithSlateJSONParser" time="0.005" />
  </testsuite>
  <testsuite failures="0" name="SPTUpsellConfigurationsPrerequisitesTests" tests="16">
    <testcase classname="SPTUpsellConfigurationsPrerequisitesTests" name="testAddingAndRemovingObserver" time="0.005" />
    <testcase classname="SPTUpsellConfigurationsPrerequisitesTests" name="testChangeInSatisfiedValueNotifiesObservers" time="0.005" />
    <testcase classname="SPTUpsellConfigurationsPrerequisitesTests" name="testCheckClientIsOnlineIsNoWhenOfflineStateIsOffline" time="0.004" />
    <testcase classname="SPTUpsellConfigurationsPrerequisitesTests" name="testCheckClientIsOnlineIsYesWhenOfflineStateIsOnline" time="0.004" />
    <testcase classname="SPTUpsellConfigurationsPrerequisitesTests" name="testCheckPremiumTrialInformationHasArrivedIsNoWhenWeHaveNotReceivedData" time="0.004" />
    <testcase classname="SPTUpsellConfigurationsPrerequisitesTests" name="testCheckPremiumTrialInformationHasArrivedIsYesWhenWeHaveReceivedData" time="0.004" />
    <testcase classname="SPTUpsellConfigurationsPrerequisitesTests" name="testConformsToSPTAccountProductInformationObserver" time="0.004" />
    <testcase classname="SPTUpsellConfigurationsPrerequisitesTests" name="testConformsToSPTOfflineModeStateObserver" time="0.004" />
    <testcase classname="SPTUpsellConfigurationsPrerequisitesTests" name="testDesignatedInit" time="0.004" />
    <testcase classname="SPTUpsellConfigurationsPrerequisitesTests" name="testDesignatedInitAddsSelfAsOfflineModeObserver" time="0.005" />
    <testcase classname="SPTUpsellConfigurationsPrerequisitesTests" name="testDesignatedInitAddsSelfAsProductInformationObserver" time="0.007" />
    <testcase classname="SPTUpsellConfigurationsPrerequisitesTests" name="testInitUpdatesSatisfiedValue" time="0.005" />
    <testcase classname="SPTUpsellConfigurationsPrerequisitesTests" name="testObserverNotifierProxy" time="0.004" />
    <testcase classname="SPTUpsellConfigurationsPrerequisitesTests" name="testObserverNotifierProxyReturnsNilWhenNoObservers" time="0.004" />
    <testcase classname="SPTUpsellConfigurationsPrerequisitesTests" name="testOfflineModeStateUpdated" time="0.004" />
    <testcase classname="SPTUpsellConfigurationsPrerequisitesTests" name="testPremiumTrialEligibilityDidArriveForProductInformationControllerUpdatesState" time="0.004" />
  </testsuite>
  <testsuite failures="0" name="SPTUpsellExperimentsTests" tests="6">
    <testcase classname="SPTUpsellExperimentsTests" name="testIsElibibleForIAPWhenABBAFlagIsControlGroup" time="0.004" />
    <testcase classname="SPTUpsellExperimentsTests" name="testIsElibibleForIAPWhenABBAFlagIsInvalid" time="0.004" />
    <testcase classname="SPTUpsellExperimentsTests" name="testIsElibibleForIAPWhenABBAFlagIsMissing" time="0.004" />
    <testcase classname="SPTUpsellExperimentsTests" name="testIsElibibleForIAPWhenABBAFlagIsTestGroup" time="0.004" />
    <testcase classname="SPTUpsellExperimentsTests" name="testIsElibibleForIAPWhenNoABBAFlagsPresent" time="0.004" />
    <testcase classname="SPTUpsellExperimentsTests" name="testUpsoldProductForType" time="0.004" />
  </testsuite>
  <testsuite failures="0" name="SPTUpsellFallbackTests" tests="5">
    <testcase classname="SPTUpsellFallbackTests" name="testUpsellButtonCreation" time="0.004" />
    <testcase classname="SPTUpsellFallbackTests" name="testUpsellButtonTitleString" time="0.004" />
    <testcase classname="SPTUpsellFallbackTests" name="testUpsellFallbackMethod" time="0.004" />
    <testcase classname="SPTUpsellFallbackTests" name="testUpsellTrialEndedFallbackMethod" time="0.005" />
    <testcase classname="SPTUpsellFallbackTests" name="testUpsellTrialStartedFallbackMethod" time="0.004" />
  </testsuite>
  <testsuite failures="0" name="SPTUpsellFeatureTests" tests="8">
    <testcase classname="SPTUpsellFeatureTests" name="testConfiguresFeatureDependenciesCorrectly" time="0.008" />
    <testcase classname="SPTUpsellFeatureTests" name="testConformsToFeatureProtocol" time="0.006" />
    <testcase classname="SPTUpsellFeatureTests" name="testCreatePopupManager" time="0.006" />
    <testcase classname="SPTUpsellFeatureTests" name="testCreateUpsellManager" time="0.006" />
    <testcase classname="SPTUpsellFeatureTests" name="testFeatureIdentifier" time="0.005" />
    <testcase classname="SPTUpsellFeatureTests" name="testProvideUpsellManager" time="0.026" />
    <testcase classname="SPTUpsellFeatureTests" name="testUnloadNilsFeatureDependencies" time="0.008" />
    <testcase classname="SPTUpsellFeatureTests" name="testUnloadNilsOwnedObjects" time="0.022" />
  </testsuite>
  <testsuite failures="0" name="SPTUpsellGeneralManagerTests" tests="6">
    <testcase classname="SPTUpsellGeneralManagerTests" name="testAddObserver" time="0.007" />
    <testcase classname="SPTUpsellGeneralManagerTests" name="testConformsToSPTUpsellManagerProtocol" time="0.006" />
    <testcase classname="SPTUpsellGeneralManagerTests" name="testObserverPopupManager" time="0.006" />
    <testcase classname="SPTUpsellGeneralManagerTests" name="testPassesTriggerThroughToPopupManager" time="0.006" />
    <testcase classname="SPTUpsellGeneralManagerTests" name="testRemoveObserver" time="0.005" />
    <testcase classname="SPTUpsellGeneralManagerTests" name="testUsesInitParams" time="0.005" />
  </testsuite>
  <testsuite failures="0" name="SPTUpsellIAPActionTests" tests="11">
    <testcase classname="SPTUpsellIAPActionTests" name="testAvailableProductForBasic" time="0.005" />
    <testcase classname="SPTUpsellIAPActionTests" name="testAvailableProductForMissingDataReturnsNone" time="0.004" />
    <testcase classname="SPTUpsellIAPActionTests" name="testAvailableProductForPremium" time="0.005" />
    <testcase classname="SPTUpsellIAPActionTests" name="testAvailableProductForPremiumTrial30Days" time="0.004" />
    <testcase classname="SPTUpsellIAPActionTests" name="testAvailableProductForUnknownReturnsNone" time="0.004" />
    <testcase classname="SPTUpsellIAPActionTests" name="testConformsToSPTUpsellAction" time="0.004" />
    <testcase classname="SPTUpsellIAPActionTests" name="testInitReturnsNilWhenMissingData" time="0.004" />
    <testcase classname="SPTUpsellIAPActionTests" name="testInitSetsProperties" time="0.004" />
    <testcase classname="SPTUpsellIAPActionTests" name="testPerformAction" time="0.004" />
    <testcase classname="SPTUpsellIAPActionTests" name="testTriggerIAPWithProduct" time="0.004" />
    <testcase classname="SPTUpsellIAPActionTests" name="testTriggerIAPWithProductNoneDoesNothing" time="0.004" />
  </testsuite>
  <testsuite failures="0" name="SPTUpsellImageTests" tests="14">
    <testcase classname="SPTUpsellImageTests" name="testConvenienceInitializer" time="0.004" />
    <testcase classname="SPTUpsellImageTests" name="testCopyingProduceEqualObject" time="0.005" />
    <testcase classname="SPTUpsellImageTests" name="testDesignatedInitializer" time="0.006" />
    <testcase classname="SPTUpsellImageTests" name="testDifferentHashForNonEqualObjects" time="0.004" />
    <testcase classname="SPTUpsellImageTests" name="testDifferentObjectsAreNotEqual" time="0.004" />
    <testcase classname="SPTUpsellImageTests" name="testIdenticalObjectsAreEqual" time="0.004" />
    <testcase classname="SPTUpsellImageTests" name="testNotEqualToNil" time="0.004" />
    <testcase classname="SPTUpsellImageTests" name="testNSCopyingConformance" time="0.004" />
    <testcase classname="SPTUpsellImageTests" name="testObjectOfOtherClassIsNotEqual" time="0.004" />
    <testcase classname="SPTUpsellImageTests" name="testSameHashForEqualObjects" time="0.004" />
    <testcase classname="SPTUpsellImageTests" name="testSameObjectIsEqual" time="0.004" />
    <testcase classname="SPTUpsellImageTests" name="testUpsellImageWithImage" time="0.005" />
    <testcase classname="SPTUpsellImageTests" name="testUpsellImageWithImageImageReplacesExisting" time="0.005" />
    <testcase classname="SPTUpsellImageTests" name="testUpsellImageWithImageNilRemovesExisting" time="0.005" />
  </testsuite>
  <testsuite failures="0" name="SPTUpsellJSONParserFactoryTests" tests="4">
    <testcase classname="SPTUpsellJSONParserFactoryTests" name="testLegacyParser" time="0.004" />
    <testcase classname="SPTUpsellJSONParserFactoryTests" name="testNilYeildsNil" time="0.004" />
    <testcase classname="SPTUpsellJSONParserFactoryTests" name="testSlateParser" time="0.004" />
    <testcase classname="SPTUpsellJSONParserFactoryTests" name="testUnknownModelClassReturnsNil" time="0.005" />
  </testsuite>
  <testsuite failures="0" name="SPTUpsellJSONParserHelpersTests" tests="4">
    <testcase classname="SPTUpsellJSONParserHelpersTests" name="testExitScopeWithMissingRequiredEntryReturnsNil" time="0.006" />
    <testcase classname="SPTUpsellJSONParserHelpersTests" name="testExitScopeWithMissingRequiredEntrySetsError" time="0.007" />
    <testcase classname="SPTUpsellJSONParserHelpersTests" name="testExitScopeWithNilAndErrorReturnsNil" time="0.005" />
    <testcase classname="SPTUpsellJSONParserHelpersTests" name="testExitScopeWithNilAndErrorSetsError" time="0.005" />
  </testsuite>
  <testsuite failures="0" name="SPTUpsellJSONParserTests" tests="5">
    <testcase classname="SPTUpsellJSONParserTests" name="testButtonCreationFromJSON" time="0.006" />
    <testcase classname="SPTUpsellJSONParserTests" name="testMultiThreadedParsing" time="0.036" />
    <testcase classname="SPTUpsellJSONParserTests" name="testParsingFromJSON" time="0.006" />
    <testcase classname="SPTUpsellJSONParserTests" name="testShowUntilDateFormatter" time="0.006" />
    <testcase classname="SPTUpsellJSONParserTests" name="testUpsellPayloadWithUnsupportedType" time="0.004" />
  </testsuite>
  <testsuite failures="0" name="SPTUpsellLogMessageLoggerTests" tests="9">
    <testcase classname="SPTUpsellLogMessageLoggerTests" name="testCurrentProduct" time="0.005" />
    <testcase classname="SPTUpsellLogMessageLoggerTests" name="testInitReturnsNilWhenLogCenterIsNil" time="0.004" />
    <testcase classname="SPTUpsellLogMessageLoggerTests" name="testLogsMessageOnDidPresent" time="0.005" />
    <testcase classname="SPTUpsellLogMessageLoggerTests" name="testLogsMessageOnDimiss" time="0.004" />
    <testcase classname="SPTUpsellLogMessageLoggerTests" name="testLogsMessageOnGet" time="0.004" />
    <testcase classname="SPTUpsellLogMessageLoggerTests" name="testPromotedOfferFromAvailableProduct" time="0.004" />
    <testcase classname="SPTUpsellLogMessageLoggerTests" name="testStringFromReason" time="0.004" />
    <testcase classname="SPTUpsellLogMessageLoggerTests" name="testStringFromType" time="0.004" />
    <testcase classname="SPTUpsellLogMessageLoggerTests" name="testUsesInjectDependencies" time="0.004" />
  </testsuite>
  <testsuite failures="0" name="SPTUpsellMixpanelLoggerTests" tests="1">
    <testcase classname="SPTUpsellMixpanelLoggerTests" name="testLogImpressionMessagesPeopleController" time="0.004" />
  </testsuite>
  <testsuite failures="0" name="SPTUpsellMobileOverlayControllerTests" tests="2">
    <testcase classname="SPTUpsellMobileOverlayControllerTests" name="testPresent" time="0.006" />
    <testcase classname="SPTUpsellMobileOverlayControllerTests" name="testSlateUpsellDismiss" time="0.005" />
  </testsuite>
  <testsuite failures="0" name="SPTUpsellOpenURLActionTests" tests="4">
    <testcase classname="SPTUpsellOpenURLActionTests" name="testConformsToSPTUpsellAction" time="0.004" />
    <testcase classname="SPTUpsellOpenURLActionTests" name="testInitReturnsNilOnMissingData" time="0.004" />
    <testcase classname="SPTUpsellOpenURLActionTests" name="testInitSetsProperties" time="0.004" />
    <testcase classname="SPTUpsellOpenURLActionTests" name="testPerformAction" time="0.009" />
  </testsuite>
  <testsuite failures="0" name="SPTUpsellOverlayContentViewControllerTests" tests="1">
    <testcase classname="SPTUpsellOverlayContentViewControllerTests" name="testViewDidLoad" time="0.017" />
  </testsuite>
  <testsuite failures="0" name="SPTUpsellOverlayViewModelTests" tests="8">
    <testcase classname="SPTUpsellOverlayViewModelTests" name="testDominantColor" time="0.007" />
    <testcase classname="SPTUpsellOverlayViewModelTests" name="testHeaderIcon" time="0.006" />
    <testcase classname="SPTUpsellOverlayViewModelTests" name="testIdentifier" time="0.005" />
    <testcase classname="SPTUpsellOverlayViewModelTests" name="testImages" time="0.005" />
    <testcase classname="SPTUpsellOverlayViewModelTests" name="testLocalizedHeading" time="0.005" />
    <testcase classname="SPTUpsellOverlayViewModelTests" name="testLocalizedMessage" time="0.006" />
    <testcase classname="SPTUpsellOverlayViewModelTests" name="testLocalizedTitle" time="0.005" />
    <testcase classname="SPTUpsellOverlayViewModelTests" name="testUserInterfaceWasPresentedLogs" time="0.005" />
  </testsuite>
  <testsuite failures="0" name="SPTUpsellPlainPopupDataSourceTests" tests="7">
    <testcase classname="SPTUpsellPlainPopupDataSourceTests" name="testButtonsForPopupController" time="0.006" />
    <testcase classname="SPTUpsellPlainPopupDataSourceTests" name="testContentInsetsForPopupController" time="0.007" />
    <testcase classname="SPTUpsellPlainPopupDataSourceTests" name="testContentViewControllerForPopupController" time="0.006" />
    <testcase classname="SPTUpsellPlainPopupDataSourceTests" name="testCreatePrimaryButton" time="0.006" />
    <testcase classname="SPTUpsellPlainPopupDataSourceTests" name="testLooksAtInjectedDependencies" time="0.005" />
    <testcase classname="SPTUpsellPlainPopupDataSourceTests" name="testMessagesViewModelWhenPrimaryButtonTapped" time="0.008" />
    <testcase classname="SPTUpsellPlainPopupDataSourceTests" name="testPreferredDialogSizeForPopupController" time="0.005" />
  </testsuite>
  <testsuite failures="0" name="SPTUpsellPlainPopupViewModelTests" tests="7">
    <testcase classname="SPTUpsellPlainPopupViewModelTests" name="testBackgroundUrl" time="0.008" />
    <testcase classname="SPTUpsellPlainPopupViewModelTests" name="testIconImage" time="0.007" />
    <testcase classname="SPTUpsellPlainPopupViewModelTests" name="testLocalizedHeading" time="0.005" />
    <testcase classname="SPTUpsellPlainPopupViewModelTests" name="testLocalizedMessage" time="0.005" />
    <testcase classname="SPTUpsellPlainPopupViewModelTests" name="testShouldRenderDismissButtonForYesInUpsell" time="0.004" />
    <testcase classname="SPTUpsellPlainPopupViewModelTests" name="testShouldShowHeadingIsNoForNilHeading" time="0.006" />
    <testcase classname="SPTUpsellPlainPopupViewModelTests" name="testShouldShowHeadingIsYesForHeading" time="0.005" />
  </testsuite>
  <testsuite failures="0" name="SPTUpsellPlaybackErrorManagerTests" tests="2">
    <testcase classname="SPTUpsellPlaybackErrorManagerTests" name="testStartRadioStarted" time="0.010" />
    <testcase classname="SPTUpsellPlaybackErrorManagerTests" name="testStartRadioStartedForTrack" time="0.005" />
  </testsuite>
  <testsuite failures="0" name="SPTUpsellPopupContentProviderImplementationTests" tests="3">
    <testcase classname="SPTUpsellPopupContentProviderImplementationTests" name="testRegisterAndReturnNewReleaseUpsellContent" time="0.006" />
    <testcase classname="SPTUpsellPopupContentProviderImplementationTests" name="testRegisterAndReturnPlainUpsellContent" time="0.005" />
    <testcase classname="SPTUpsellPopupContentProviderImplementationTests" name="testRegisterPlainUpsellFetchForNewReleaseUpsell" time="0.005" />
  </testsuite>
  <testsuite failures="0" name="SPTUpsellPopupControllerTests" tests="9">
    <testcase classname="SPTUpsellPopupControllerTests" name="testCreateContentViewController" time="0.006" />
    <testcase classname="SPTUpsellPopupControllerTests" name="testCreatePopupDialog" time="0.008" />
    <testcase classname="SPTUpsellPopupControllerTests" name="testCreatePopupDialogWhenRenderingDismissButton" time="0.007" />
    <testcase classname="SPTUpsellPopupControllerTests" name="testDismissBlockCalled" time="0.008" />
    <testcase classname="SPTUpsellPopupControllerTests" name="testLooksAtInjectedDependencies" time="0.007" />
    <testcase classname="SPTUpsellPopupControllerTests" name="testMessagesPopupManagerForPresentPopup" time="0.006" />
    <testcase classname="SPTUpsellPopupControllerTests" name="testMessagesViewModelWhenPresented" time="0.006" />
    <testcase classname="SPTUpsellPopupControllerTests" name="testPopupDialogButtons" time="0.006" />
    <testcase classname="SPTUpsellPopupControllerTests" name="testPopupDialogStateTransitonsTriggerDelegateMessages" time="0.006" />
  </testsuite>
  <testsuite failures="0" name="SPTUpsellPopupManagerImplementationTests" tests="3">
    <testcase classname="SPTUpsellPopupManagerImplementationTests" name="testFireDismissedObserver" time="0.010" />
    <testcase classname="SPTUpsellPopupManagerImplementationTests" name="testFireDismissedObserverForSlate" time="0.010" />
    <testcase classname="SPTUpsellPopupManagerImplementationTests" name="testNotNil" time="0.005" />
  </testsuite>
  <testsuite failures="0" name="SPTUpsellPopupManagerTest" tests="5">
    <testcase classname="SPTUpsellPopupManagerTest" name="testNotNil" time="0.006" />
    <testcase classname="SPTUpsellPopupManagerTest" name="testShowUpsellForDisablingShuffleOnMFTAccount" time="0.006" />
    <testcase classname="SPTUpsellPopupManagerTest" name="testShowUpsellForNotAvailableOfflineForMFTUsers" time="0.006" />
    <testcase classname="SPTUpsellPopupManagerTest" name="testShowUpsellForSkipLimitReached" time="0.006" />
    <testcase classname="SPTUpsellPopupManagerTest" name="testShowUpsellForSkippingAds" time="0.006" />
  </testsuite>
  <testsuite failures="0" name="SPTUpsellPopupViewModelTests" tests="4">
    <testcase classname="SPTUpsellPopupViewModelTests" name="testCancelButtonWasTappedLogs" time="0.005" />
    <testcase classname="SPTUpsellPopupViewModelTests" name="testGetButtonWasTappedLogs" time="0.005" />
    <testcase classname="SPTUpsellPopupViewModelTests" name="testHasTwoButtonViewModels" time="0.005" />
    <testcase classname="SPTUpsellPopupViewModelTests" name="testUserInterfaceWasPresentedLogs" time="0.004" />
  </testsuite>
  <testsuite failures="0" name="SPTUpsellShowcaseControllerTests" tests="11">
    <testcase classname="SPTUpsellShowcaseControllerTests" name="testCheckAndPresentUpsell" time="0.007" />
    <testcase classname="SPTUpsellShowcaseControllerTests" name="testCheckAndPresentUpsellNoUI" time="0.006" />
    <testcase classname="SPTUpsellShowcaseControllerTests" name="testCheckAndPresentUpsellTimingOut" time="0.005" />
    <testcase classname="SPTUpsellShowcaseControllerTests" name="testCreateShowcaseLogArray" time="0.006" />
    <testcase classname="SPTUpsellShowcaseControllerTests" name="testCurrentShowcaseEndpointURL" time="0.006" />
    <testcase classname="SPTUpsellShowcaseControllerTests" name="testOfflineModeTriggersShowcase" time="0.007" />
    <testcase classname="SPTUpsellShowcaseControllerTests" name="testPreviousShowcaseEndpointURL" time="0.006" />
    <testcase classname="SPTUpsellShowcaseControllerTests" name="testShowcaseConfigDataloaderCallback" time="0.008" />
    <testcase classname="SPTUpsellShowcaseControllerTests" name="testShowcaseFromUpsellArrayWithCorrectReason" time="0.006" />
    <testcase classname="SPTUpsellShowcaseControllerTests" name="testShowcaseFromUpsellArrayWithIncorrectReason" time="0.006" />
    <testcase classname="SPTUpsellShowcaseControllerTests" name="testShowcaseImageDataloaderCallback" time="0.018" />
  </testsuite>
  <testsuite failures="0" name="SPTUpsellShuffleActionTests" tests="1">
    <testcase classname="SPTUpsellShuffleActionTests" name="testPerform" time="0.006" />
  </testsuite>
  <testsuite failures="0" name="SPTUpsellShuffleDismissTests" tests="1">
    <testcase classname="SPTUpsellShuffleDismissTests" name="testPerform" time="0.006" />
  </testsuite>
  <testsuite failures="0" name="SPTUpsellSlateButtonJSONParserTests" tests="14">
    <testcase classname="SPTUpsellSlateButtonJSONParserTests" name="testActionDataFromJSONDictionaryReturnsCallback" time="0.006" />
    <testcase classname="SPTUpsellSlateButtonJSONParserTests" name="testActionDataFromJSONDictionaryReturnsDismiss" time="0.005" />
    <testcase classname="SPTUpsellSlateButtonJSONParserTests" name="testActionDataFromJSONDictionaryReturnsInAppPurchase" time="0.010" />
    <testcase classname="SPTUpsellSlateButtonJSONParserTests" name="testActionDataFromJSONDictionaryReturnsOpenURL" time="0.005" />
    <testcase classname="SPTUpsellSlateButtonJSONParserTests" name="testActionDataFromJSONDictionaryReturnsShuffle" time="0.005" />
    <testcase classname="SPTUpsellSlateButtonJSONParserTests" name="testActionDataFromJSONDictionaryReturnsTrial" time="0.005" />
    <testcase classname="SPTUpsellSlateButtonJSONParserTests" name="testActionTypeFromIdentifierCallback" time="0.005" />
    <testcase classname="SPTUpsellSlateButtonJSONParserTests" name="testActionTypeFromIdentifierDismiss" time="0.005" />
    <testcase classname="SPTUpsellSlateButtonJSONParserTests" name="testActionTypeFromIdentifierIAP" time="0.005" />
    <testcase classname="SPTUpsellSlateButtonJSONParserTests" name="testActionTypeFromIdentifierShuffle" time="0.005" />
    <testcase classname="SPTUpsellSlateButtonJSONParserTests" name="testActionTypeFromIdentifierUnknown" time="0.005" />
    <testcase classname="SPTUpsellSlateButtonJSONParserTests" name="testActionTypeFromIdentifierURL" time="0.005" />
    <testcase classname="SPTUpsellSlateButtonJSONParserTests" name="testNilForUnknownType" time="0.006" />
    <testcase classname="SPTUpsellSlateButtonJSONParserTests" name="testNilFromEmptyJSON" time="0.005" />
  </testsuite>
  <testsuite failures="0" name="SPTUpsellSlateJSONParserTests" tests="3">
    <testcase classname="SPTUpsellSlateJSONParserTests" name="testMultiThreadedParsing" time="0.011" />
    <testcase classname="SPTUpsellSlateJSONParserTests" name="testParsingFromJSON" time="0.005" />
    <testcase classname="SPTUpsellSlateJSONParserTests" name="testWithUnsupportedType" time="0.004" />
  </testsuite>
  <testsuite failures="0" name="SPTUpsellTests" tests="25">
    <testcase classname="SPTUpsellTests" name="testCopyingProduceEqualObject" time="0.004" />
    <testcase classname="SPTUpsellTests" name="testDifferentHashForNonEqualObjects" time="0.004" />
    <testcase classname="SPTUpsellTests" name="testDifferentHashForNonEqualSlateObjects" time="0.004" />
    <testcase classname="SPTUpsellTests" name="testDifferentObjectsAreNotEqual" time="0.007" />
    <testcase classname="SPTUpsellTests" name="testDifferentSlateObjectsAreNotEqual" time="0.005" />
    <testcase classname="SPTUpsellTests" name="testDynamicUpsellIsStaticIsFalsy" time="0.004" />
    <testcase classname="SPTUpsellTests" name="testExpiration" time="0.014" />
    <testcase classname="SPTUpsellTests" name="testIdenticalObjectsAreEqual" time="0.004" />
    <testcase classname="SPTUpsellTests" name="testIdenticalSlateObjectsAreEqual" time="0.004" />
    <testcase classname="SPTUpsellTests" name="testNotEqualToNil" time="0.004" />
    <testcase classname="SPTUpsellTests" name="testNSCopyingConformance" time="0.004" />
    <testcase classname="SPTUpsellTests" name="testObjectOfOtherClassIsNotEqual" time="0.004" />
    <testcase classname="SPTUpsellTests" name="testReasonFromString" time="0.004" />
    <testcase classname="SPTUpsellTests" name="testReasonIsCountForInvalidString" time="0.005" />
    <testcase classname="SPTUpsellTests" name="testReasonIsCountForNil" time="0.005" />
    <testcase classname="SPTUpsellTests" name="testSameHashForEqualObjects" time="0.006" />
    <testcase classname="SPTUpsellTests" name="testSameHashForSlateEqualObjects" time="0.006" />
    <testcase classname="SPTUpsellTests" name="testSameObjectIsEqual" time="0.005" />
    <testcase classname="SPTUpsellTests" name="testSameSlateObjectIsEqual" time="0.005" />
    <testcase classname="SPTUpsellTests" name="testSlateNotEqualToNil" time="0.005" />
    <testcase classname="SPTUpsellTests" name="testSlateObjectOfOtherClassIsNotEqual" time="0.005" />
    <testcase classname="SPTUpsellTests" name="testStaticUpsellHasCorrectIdentifier" time="0.004" />
    <testcase classname="SPTUpsellTests" name="testStaticUpsellIsStaticIsTruthy" time="0.005" />
    <testcase classname="SPTUpsellTests" name="testStaticUpsellSetsProperties" time="0.006" />
    <testcase classname="SPTUpsellTests" name="testStringFromReason" time="0.006" />
  </testsuite>
  <testsuite failures="0" name="SPTUpsellTrialManagerImplementationTests" tests="4">
    <testcase classname="SPTUpsellTrialManagerImplementationTests" name="testConformsToSPTAccountTrialControllerDelegate" time="0.008" />
    <testcase classname="SPTUpsellTrialManagerImplementationTests" name="testTrialEndedUpsellIsPresentedPad" time="0.012" />
    <testcase classname="SPTUpsellTrialManagerImplementationTests" name="testTrialEndedUpsellIsPresentedPhone" time="0.013" />
    <testcase classname="SPTUpsellTrialManagerImplementationTests" name="testTrialStartedUpsellIsPresented" time="0.008" />
  </testsuite>
  <testsuite failures="0" name="SPTUpsell_ResourcesTests" tests="2">
    <testcase classname="SPTUpsell_ResourcesTests" name="testAllRemoteResourceURLs" time="0.008" />
    <testcase classname="SPTUpsell_ResourcesTests" name="testAllRemoteResourceURLsIsEmptyForNoRemoteResources" time="0.007" />
  </testsuite>
  <testsuite failures="0" name="SPTTinkerbellFeatureTests" tests="5">
    <testcase classname="SPTTinkerbellFeatureTests" name="testFeatureConfiguration" time="0.012" />
    <testcase classname="SPTTinkerbellFeatureTests" name="testFeatureIdentifier" time="0.009" />
    <testcase classname="SPTTinkerbellFeatureTests" name="testLifecycle" time="0.009" />
    <testcase classname="SPTTinkerbellFeatureTests" name="testProvideManager" time="0.020" />
    <testcase classname="SPTTinkerbellFeatureTests" name="testTinkerbellAvailableChecksWithAbba" time="0.013" />
  </testsuite>
  <testsuite failures="0" name="SPTTinkerbellGeneralOnboardingStoryTests" tests="22">
    <testcase classname="SPTTinkerbellGeneralOnboardingStoryTests" name="testResetIsUserRecentEnoughRemovesExistingUserDefaultsValue" time="0.019" />
    <testcase classname="SPTTinkerbellGeneralOnboardingStoryTests" name="testResetIsUserRecentEnoughRemovesUserDefaultsValue" time="0.015" />
    <testcase classname="SPTTinkerbellGeneralOnboardingStoryTests" name="testShouldPresentItemIsNOForIPadWithoutValidContext" time="0.016" />
    <testcase classname="SPTTinkerbellGeneralOnboardingStoryTests" name="testShouldPresentItemIsNOForIPhoneWithoutValidContext" time="0.013" />
    <testcase classname="SPTTinkerbellGeneralOnboardingStoryTests" name="testShouldPresentItemIsNOForNilItem" time="0.014" />
    <testcase classname="SPTTinkerbellGeneralOnboardingStoryTests" name="testShouldPresentItemIsNOForNowPlayingBarWhenFeaturedShufflePlayButtonIsNotCompleted" time="0.013" />
    <testcase classname="SPTTinkerbellGeneralOnboardingStoryTests" name="testShouldPresentItemIsNOForShufflePlayButtonWhenFeaturedPlaylistIsNotCompleted" time="0.013" />
    <testcase classname="SPTTinkerbellGeneralOnboardingStoryTests" name="testShouldPresentItemIsNOForWrongItem" time="0.013" />
    <testcase classname="SPTTinkerbellGeneralOnboardingStoryTests" name="testShouldPresentItemIsNOForWrongStory" time="0.015" />
    <testcase classname="SPTTinkerbellGeneralOnboardingStoryTests" name="testShouldPresentItemIsNOWhenItemIsCompleted" time="0.013" />
    <testcase classname="SPTTinkerbellGeneralOnboardingStoryTests" name="testShouldPresentItemIsNOWhenUserIsNotRecentEnough" time="0.011" />
    <testcase classname="SPTTinkerbellGeneralOnboardingStoryTests" name="testShouldPresentItemIsYES" time="0.019" />
    <testcase classname="SPTTinkerbellGeneralOnboardingStoryTests" name="testShouldPresentItemIsYESForIPhoneWithValidContext" time="0.015" />
    <testcase classname="SPTTinkerbellGeneralOnboardingStoryTests" name="testUserDidSignupSetsUpdatesExistingUserDefaultsValue" time="0.010" />
    <testcase classname="SPTTinkerbellGeneralOnboardingStoryTests" name="testUserDidSignupSetsUserDefaultsValue" time="0.011" />
    <testcase classname="SPTTinkerbellGeneralOnboardingStoryTests" name="testUserIsNotRecentEnoughWhenBeforeLimit" time="0.011" />
    <testcase classname="SPTTinkerbellGeneralOnboardingStoryTests" name="testUserIsNotRecentEnoughWhenInvalidObjectDataAvailable" time="0.010" />
    <testcase classname="SPTTinkerbellGeneralOnboardingStoryTests" name="testUserIsNotRecentEnoughWhenInvalidTypeOfDataAvailable" time="0.011" />
    <testcase classname="SPTTinkerbellGeneralOnboardingStoryTests" name="testUserIsNotRecentEnoughWhenNoDataAvailable" time="0.008" />
    <testcase classname="SPTTinkerbellGeneralOnboardingStoryTests" name="testUserIsRecentEnoughWhenAtLimit" time="0.010" />
    <testcase classname="SPTTinkerbellGeneralOnboardingStoryTests" name="testUserIsRecentEnoughWhenInBetweenJustAndLimit" time="0.011" />
    <testcase classname="SPTTinkerbellGeneralOnboardingStoryTests" name="testUserIsRecentEnoughWhenJustSignedUp" time="0.009" />
  </testsuite>
  <testsuite failures="0" name="SPTTinkerbellItemPresentationControllerImplementationTests" tests="9">
    <testcase classname="SPTTinkerbellItemPresentationControllerImplementationTests" name="testPresentAndDismissCompletionBlocksAnimated" time="2.618" />
    <testcase classname="SPTTinkerbellItemPresentationControllerImplementationTests" name="testPresentAndDismissCompletionBlocksNotAnimated" time="1.079" />
    <testcase classname="SPTTinkerbellItemPresentationControllerImplementationTests" name="testPresentAndDismissViewsAnimated" time="2.101" />
    <testcase classname="SPTTinkerbellItemPresentationControllerImplementationTests" name="testPresentAndDismissViewsNotAnimated" time="2.095" />
    <testcase classname="SPTTinkerbellItemPresentationControllerImplementationTests" name="testPresentDimmedTinkerbellPointingDownwards" time="1.089" />
    <testcase classname="SPTTinkerbellItemPresentationControllerImplementationTests" name="testPresentDimmedTinkerbellPointingUpwards" time="1.569" />
    <testcase classname="SPTTinkerbellItemPresentationControllerImplementationTests" name="testPresentNonDimmedTinkerbelPointingDownwards" time="1.127" />
    <testcase classname="SPTTinkerbellItemPresentationControllerImplementationTests" name="testPresentNonDimmedTinkerbelPointingUpwards" time="1.143" />
    <testcase classname="SPTTinkerbellItemPresentationControllerImplementationTests" name="testPresentNonDimmedTinkerbelWithMultipleParentViews" time="1.170" />
  </testsuite>
  <testsuite failures="0" name="SPTTinkerbellItemStateValueTransformerTests" tests="12">
    <testcase classname="SPTTinkerbellItemStateValueTransformerTests" name="testReverseItemStateTransformedValuesWithIvalidStringValues" time="0.010" />
    <testcase classname="SPTTinkerbellItemStateValueTransformerTests" name="testReverseItemStateTransformedValuesWithValidStringValues" time="0.008" />
    <testcase classname="SPTTinkerbellItemStateValueTransformerTests" name="testReverseTransformedValuesWithIvalidObjectTypes" time="0.008" />
    <testcase classname="SPTTinkerbellItemStateValueTransformerTests" name="testReverseTransformedValuesWithIvalidStringValues" time="0.010" />
    <testcase classname="SPTTinkerbellItemStateValueTransformerTests" name="testReverseTransformedValuesWithValidStringValues" time="0.010" />
    <testcase classname="SPTTinkerbellItemStateValueTransformerTests" name="testSupportsReverseTransformation" time="0.009" />
    <testcase classname="SPTTinkerbellItemStateValueTransformerTests" name="testTransformedValueClass" time="0.010" />
    <testcase classname="SPTTinkerbellItemStateValueTransformerTests" name="testTransformedValueWithInvalidItemStateNumbers" time="0.010" />
    <testcase classname="SPTTinkerbellItemStateValueTransformerTests" name="testTransformedValueWithInvalidObjectTypes" time="0.009" />
    <testcase classname="SPTTinkerbellItemStateValueTransformerTests" name="testTransformedValueWithValidItemStateNumbers" time="0.008" />
    <testcase classname="SPTTinkerbellItemStateValueTransformerTests" name="testTransformItemStateWithInvalidItemStates" time="0.011" />
    <testcase classname="SPTTinkerbellItemStateValueTransformerTests" name="testTransformItemStateWithValidItemStates" time="0.009" />
  </testsuite>
  <testsuite failures="0" name="SPTTinkerbellItemStatesDataSourceTests" tests="15">
    <testcase classname="SPTTinkerbellItemStatesDataSourceTests" name="testDismissedItemState" time="0.011" />
    <testcase classname="SPTTinkerbellItemStatesDataSourceTests" name="testErrorConditionOnRefresh" time="0.011" />
    <testcase classname="SPTTinkerbellItemStatesDataSourceTests" name="testInitialItemState" time="0.009" />
    <testcase classname="SPTTinkerbellItemStatesDataSourceTests" name="testItemStateForNilItem" time="0.011" />
    <testcase classname="SPTTinkerbellItemStatesDataSourceTests" name="testItemStateInCaps" time="0.012" />
    <testcase classname="SPTTinkerbellItemStatesDataSourceTests" name="testMultipleStateChanges" time="0.010" />
    <testcase classname="SPTTinkerbellItemStatesDataSourceTests" name="testPerformedItemState" time="0.009" />
    <testcase classname="SPTTinkerbellItemStatesDataSourceTests" name="testPermanentlyDismissedItemState" time="0.012" />
    <testcase classname="SPTTinkerbellItemStatesDataSourceTests" name="testResetStateForAllItems" time="0.012" />
    <testcase classname="SPTTinkerbellItemStatesDataSourceTests" name="testResetStateForSingleItem" time="0.011" />
    <testcase classname="SPTTinkerbellItemStatesDataSourceTests" name="testUnknownItemState" time="0.012" />
    <testcase classname="SPTTinkerbellItemStatesDataSourceTests" name="testUpdateItemToDismissedState" time="0.010" />
    <testcase classname="SPTTinkerbellItemStatesDataSourceTests" name="testUpdateItemToInitialState" time="0.009" />
    <testcase classname="SPTTinkerbellItemStatesDataSourceTests" name="testUpdateItemToPerformedState" time="0.007" />
    <testcase classname="SPTTinkerbellItemStatesDataSourceTests" name="testUpdateItemToPermanentlyDismissedState" time="0.006" />
  </testsuite>
  <testsuite failures="0" name="SPTTinkerbellItemTests" tests="5">
    <testcase classname="SPTTinkerbellItemTests" name="testBasicCreation" time="0.006" />
    <testcase classname="SPTTinkerbellItemTests" name="testCreateBannerItemHelper" time="0.005" />
    <testcase classname="SPTTinkerbellItemTests" name="testCreateTooltipItemHelper" time="0.005" />
    <testcase classname="SPTTinkerbellItemTests" name="testFullyQualifiedIdentifier" time="0.006" />
    <testcase classname="SPTTinkerbellItemTests" name="testTooltipDefaultTimeoutIsForever" time="0.005" />
  </testsuite>
  <testsuite failures="0" name="SPTTinkerbellManagerImplementationTests" tests="29">
    <testcase classname="SPTTinkerbellManagerImplementationTests" name="testCanPresentDismissedItemState" time="0.007" />
    <testcase classname="SPTTinkerbellManagerImplementationTests" name="testCanPresentInitialItemState" time="0.007" />
    <testcase classname="SPTTinkerbellManagerImplementationTests" name="testCanPresentPerformedItemState" time="0.007" />
    <testcase classname="SPTTinkerbellManagerImplementationTests" name="testCanPresentPermanentlyDismissedItemState" time="0.006" />
    <testcase classname="SPTTinkerbellManagerImplementationTests" name="testCloseIsPresentForNotGenerealOnboarding" time="0.020" />
    <testcase classname="SPTTinkerbellManagerImplementationTests" name="testHasCompletedDismissedItemState" time="0.018" />
    <testcase classname="SPTTinkerbellManagerImplementationTests" name="testHasCompletedInitialItemState" time="0.012" />
    <testcase classname="SPTTinkerbellManagerImplementationTests" name="testHasCompletedPerformedItemState" time="0.011" />
    <testcase classname="SPTTinkerbellManagerImplementationTests" name="testHasCompletedPermanentlyDismissedItemState" time="0.008" />
    <testcase classname="SPTTinkerbellManagerImplementationTests" name="testHasCompletedStoryOnlyDismissed" time="0.009" />
    <testcase classname="SPTTinkerbellManagerImplementationTests" name="testHasCompletedStoryOnlyInitial" time="0.008" />
    <testcase classname="SPTTinkerbellManagerImplementationTests" name="testHasCompletedStoryOnlyPerformed" time="0.008" />
    <testcase classname="SPTTinkerbellManagerImplementationTests" name="testHasCompletedStoryOnlyPermanentlyDismissed" time="0.008" />
    <testcase classname="SPTTinkerbellManagerImplementationTests" name="testHasCompletedStoryPerformedAndInitial" time="0.007" />
    <testcase classname="SPTTinkerbellManagerImplementationTests" name="testHasCompletedStoryPermanentlyDismissedAndDismissed" time="0.008" />
    <testcase classname="SPTTinkerbellManagerImplementationTests" name="testMarkStoryAsPermanentlyDismissedFromFirstAllInitial" time="0.008" />
    <testcase classname="SPTTinkerbellManagerImplementationTests" name="testMarkStoryAsPermanentlyDismissedFromFirstWithFirstTwoPerformed" time="0.013" />
    <testcase classname="SPTTinkerbellManagerImplementationTests" name="testMarkStoryAsPermanentlyDismissedFromFirstWithMixed" time="0.011" />
    <testcase classname="SPTTinkerbellManagerImplementationTests" name="testMarkStoryAsPermanentlyDismissedFromLastAllInitial" time="0.011" />
    <testcase classname="SPTTinkerbellManagerImplementationTests" name="testMarkStoryAsPermanentlyDismissedFromSecondAllInitial" time="0.009" />
    <testcase classname="SPTTinkerbellManagerImplementationTests" name="testMarkStoryAsPermanentlyDismissedNoItems" time="0.008" />
    <testcase classname="SPTTinkerbellManagerImplementationTests" name="testPresentItemWithoutStory" time="0.008" />
    <testcase classname="SPTTinkerbellManagerImplementationTests" name="testPresentTooltipItemWithInitialStateAndFeatureFlags" time="0.008" />
    <testcase classname="SPTTinkerbellManagerImplementationTests" name="testPresentTooltipItemWithPerformedState" time="0.007" />
    <testcase classname="SPTTinkerbellManagerImplementationTests" name="testPresentTooltipItemWithPermanentlyDismissedState" time="0.006" />
    <testcase classname="SPTTinkerbellManagerImplementationTests" name="testPresentTooltipWithHiddenXButton" time="0.010" />
    <testcase classname="SPTTinkerbellManagerImplementationTests" name="testPresentTooltipWithNotHiddenXButton" time="0.009" />
    <testcase classname="SPTTinkerbellManagerImplementationTests" name="testRefreshesOnStartup" time="0.013" />
    <testcase classname="SPTTinkerbellManagerImplementationTests" name="testStartAndStopAutomaticRefresh" time="0.012" />
  </testsuite>
  <testsuite failures="0" name="SPTTinkerbellStoryRegistryImplementationTests" tests="6">
    <testcase classname="SPTTinkerbellStoryRegistryImplementationTests" name="testAllStoriesContainsAllStories" time="0.009" />
    <testcase classname="SPTTinkerbellStoryRegistryImplementationTests" name="testCanRegisterMultipleStories" time="0.009" />
    <testcase classname="SPTTinkerbellStoryRegistryImplementationTests" name="testCanRegisterStory" time="0.007" />
    <testcase classname="SPTTinkerbellStoryRegistryImplementationTests" name="testCanRetrieveRegisteredStory" time="0.007" />
    <testcase classname="SPTTinkerbellStoryRegistryImplementationTests" name="testCanUnregisterStory" time="0.007" />
    <testcase classname="SPTTinkerbellStoryRegistryImplementationTests" name="testCanUnregisterStoryByLiteralIdentifier" time="0.006" />
  </testsuite>
  <testsuite failures="0" name="SPTTinkerbellStoryTests" tests="10">
    <testcase classname="SPTTinkerbellStoryTests" name="testBasicCreation" time="0.006" />
    <testcase classname="SPTTinkerbellStoryTests" name="testCreationWithFeatureFlagButNilGroups" time="0.006" />
    <testcase classname="SPTTinkerbellStoryTests" name="testCreationWithFeatureFlagButNoGroups" time="0.006" />
    <testcase classname="SPTTinkerbellStoryTests" name="testCreationWithNilFeatureFlagAndNilGroups" time="0.005" />
    <testcase classname="SPTTinkerbellStoryTests" name="testCreationWithNilFeatureFlagAndNoGroups" time="0.005" />
    <testcase classname="SPTTinkerbellStoryTests" name="testCreationWithNilIdentifier" time="0.006" />
    <testcase classname="SPTTinkerbellStoryTests" name="testCreationWithNilItems" time="0.006" />
    <testcase classname="SPTTinkerbellStoryTests" name="testCreationWithNoIdentifier" time="0.006" />
    <testcase classname="SPTTinkerbellStoryTests" name="testCreationWithNoItems" time="0.006" />
    <testcase classname="SPTTinkerbellStoryTests" name="testGetItemWithIdentifier" time="0.006" />
  </testsuite>
  <testsuite failures="0" name="SPTTinkerbellTooltipWindowTests" tests="2">
    <testcase classname="SPTTinkerbellTooltipWindowTests" name="testNestedHitTesting" time="0.027" />
    <testcase classname="SPTTinkerbellTooltipWindowTests" name="testSimpleHitTesting" time="0.030" />
  </testsuite>
  <testsuite failures="0" name="SPTCeramicBackgroundViewDecoratorTests" tests="1">
    <testcase classname="SPTCeramicBackgroundViewDecoratorTests" name="testLoadBackgroundImage" time="0.013" />
  </testsuite>
  <testsuite failures="0" name="SPTCeramicBillboardCollectionViewCellTest" tests="2">
    <testcase classname="SPTCeramicBillboardCollectionViewCellTest" name="testCollectionViewCellGetsPlaceholderImagesFromCeramicItem" time="0.028" />
    <testcase classname="SPTCeramicBillboardCollectionViewCellTest" name="testDescriptionTextRespondsToSelector" time="0.012" />
  </testsuite>
  <testsuite failures="0" name="SPTCeramicBlockFunctionsTests" tests="8">
    <testcase classname="SPTCeramicBlockFunctionsTests" name="testBlockBackgroundImageURLFunction" time="0.011" />
    <testcase classname="SPTCeramicBlockFunctionsTests" name="testBlockBackgroundImageURLFunctionWithNonExistingProperty" time="0.012" />
    <testcase classname="SPTCeramicBlockFunctionsTests" name="testBlockDescriptionFunction" time="0.008" />
    <testcase classname="SPTCeramicBlockFunctionsTests" name="testBlockDescriptionFunctionWithNonExistingProperty" time="0.011" />
    <testcase classname="SPTCeramicBlockFunctionsTests" name="testBlockFooterActionURLFunction" time="0.011" />
    <testcase classname="SPTCeramicBlockFunctionsTests" name="testBlockFooterActionURLFunctionWithNonExistingProperty" time="0.011" />
    <testcase classname="SPTCeramicBlockFunctionsTests" name="testBlockFooterTitleFunction" time="0.009" />
    <testcase classname="SPTCeramicBlockFunctionsTests" name="testBlockFooterTitleFunctionWithNonExistingProperty" time="0.009" />
  </testsuite>
  <testsuite failures="0" name="SPTCeramicBlockRenderTypeFromStringTest" tests="11">
    <testcase classname="SPTCeramicBlockRenderTypeFromStringTest" name="testBillboard" time="0.010" />
    <testcase classname="SPTCeramicBlockRenderTypeFromStringTest" name="testCarousel" time="0.008" />
    <testcase classname="SPTCeramicBlockRenderTypeFromStringTest" name="testCompactGrid" time="0.008" />
    <testcase classname="SPTCeramicBlockRenderTypeFromStringTest" name="testDefault" time="0.008" />
    <testcase classname="SPTCeramicBlockRenderTypeFromStringTest" name="testGrid" time="0.009" />
    <testcase classname="SPTCeramicBlockRenderTypeFromStringTest" name="testList" time="0.006" />
    <testcase classname="SPTCeramicBlockRenderTypeFromStringTest" name="testNavigationList" time="0.005" />
    <testcase classname="SPTCeramicBlockRenderTypeFromStringTest" name="testNilIsDefault" time="0.006" />
    <testcase classname="SPTCeramicBlockRenderTypeFromStringTest" name="testPlainBillboard" time="0.009" />
    <testcase classname="SPTCeramicBlockRenderTypeFromStringTest" name="testPlainCarousel" time="0.007" />
    <testcase classname="SPTCeramicBlockRenderTypeFromStringTest" name="testTextOnly" time="0.005" />
  </testsuite>
  <testsuite failures="0" name="SPTCeramicBlockV4ImplementationTest" tests="7">
    <testcase classname="SPTCeramicBlockV4ImplementationTest" name="testDefaultRenderType" time="0.006" />
    <testcase classname="SPTCeramicBlockV4ImplementationTest" name="testDescriptionText" time="0.006" />
    <testcase classname="SPTCeramicBlockV4ImplementationTest" name="testDesignatedInit" time="0.006" />
    <testcase classname="SPTCeramicBlockV4ImplementationTest" name="testFooterActionURL" time="0.005" />
    <testcase classname="SPTCeramicBlockV4ImplementationTest" name="testFooterTitle" time="0.004" />
    <testcase classname="SPTCeramicBlockV4ImplementationTest" name="testItems" time="0.005" />
    <testcase classname="SPTCeramicBlockV4ImplementationTest" name="testTitle" time="0.004" />
  </testsuite>
  <testsuite failures="0" name="SPTCeramicCarouselHubComponentTests" tests="2">
    <testcase classname="SPTCeramicCarouselHubComponentTests" name="testChildDelegateNotifiedWhenAnItemDidAppear" time="0.009" />
    <testcase classname="SPTCeramicCarouselHubComponentTests" name="testChildDelegateNotifiedWhenAnItemDidDisappear" time="0.010" />
  </testsuite>
  <testsuite failures="0" name="SPTCeramicCellDecoratorTests" tests="6">
    <testcase classname="SPTCeramicCellDecoratorTests" name="testAccessoryViewPopulation" time="0.009" />
    <testcase classname="SPTCeramicCellDecoratorTests" name="testAccessoryViewPopulationWithoutViewSource" time="0.009" />
    <testcase classname="SPTCeramicCellDecoratorTests" name="testMetadataPrefixViewPopulation" time="0.009" />
    <testcase classname="SPTCeramicCellDecoratorTests" name="testMetadataPrefixViewPopulationWithoutViewSource" time="0.009" />
    <testcase classname="SPTCeramicCellDecoratorTests" name="testPrefixViewPopulation" time="0.007" />
    <testcase classname="SPTCeramicCellDecoratorTests" name="testPrefixViewPopulationWithoutViewSource" time="0.005" />
  </testsuite>
  <testsuite failures="0" name="SPTCeramicClassMappingFunctionsTests" tests="7">
    <testcase classname="SPTCeramicClassMappingFunctionsTests" name="testBlockViewBackgroundViewForBlockRenderType" time="0.004" />
    <testcase classname="SPTCeramicClassMappingFunctionsTests" name="testCellReuseIdentifiersForCellClasses" time="0.004" />
    <testcase classname="SPTCeramicClassMappingFunctionsTests" name="testCeramicStyleForBlockRenderType" time="0.012" />
    <testcase classname="SPTCeramicClassMappingFunctionsTests" name="testCollectionViewCellClassForBlockRenderType" time="0.005" />
    <testcase classname="SPTCeramicClassMappingFunctionsTests" name="testCollectionViewFooterClassForBlockRenderType" time="0.004" />
    <testcase classname="SPTCeramicClassMappingFunctionsTests" name="testCollectionViewHeaderClassForBlockRenderType" time="0.004" />
    <testcase classname="SPTCeramicClassMappingFunctionsTests" name="testCollectionViewLayoutClassForRenderType" time="0.004" />
  </testsuite>
  <testsuite failures="0" name="SPTCeramicCollectionViewLayoutTests" tests="4">
    <testcase classname="SPTCeramicCollectionViewLayoutTests" name="testCellFullWidth" time="0.062" />
    <testcase classname="SPTCeramicCollectionViewLayoutTests" name="testIfShouldInvalidateLayoutForBoundsChange" time="0.048" />
    <testcase classname="SPTCeramicCollectionViewLayoutTests" name="testIfSizeInFrameIsCorrect" time="0.043" />
    <testcase classname="SPTCeramicCollectionViewLayoutTests" name="testLayoutAttributesForElementsInRect" time="0.031" />
  </testsuite>
  <testsuite failures="0" name="SPTCeramicCollectionViewTests" tests="6">
    <testcase classname="SPTCeramicCollectionViewTests" name="testBackgroundView" time="0.009" />
    <testcase classname="SPTCeramicCollectionViewTests" name="testCollectionViewLayoutClasssetUp" time="0.009" />
    <testcase classname="SPTCeramicCollectionViewTests" name="testShouldInterruptSidebarRevealGestureIsFalseGestureIsNotPan" time="0.010" />
    <testcase classname="SPTCeramicCollectionViewTests" name="testShouldInterruptSidebarRevealGestureIsFalseWhenContentOffsetLessThanOrEqualToZero" time="0.016" />
    <testcase classname="SPTCeramicCollectionViewTests" name="testShouldInterruptSidebarRevealGestureIsFalseWhenScrollDirectionIsVertical" time="0.009" />
    <testcase classname="SPTCeramicCollectionViewTests" name="testShouldInterruptSidebarRevealGestureIsFalseWhenSwipeDirectionIsRight" time="0.009" />
  </testsuite>
  <testsuite failures="0" name="SPTCeramicFeatureImplementationTest" tests="1">
    <testcase classname="SPTCeramicFeatureImplementationTest" name="testProvideCeramicSpaceFactory" time="0.009" />
  </testsuite>
  <testsuite failures="0" name="SPTCeramicHeaderDecoratorTests" tests="3">
    <testcase classname="SPTCeramicHeaderDecoratorTests" name="testAccessoryViewPopulation" time="0.012" />
    <testcase classname="SPTCeramicHeaderDecoratorTests" name="testAccessoryViewPopulationIndex" time="0.006" />
    <testcase classname="SPTCeramicHeaderDecoratorTests" name="testAccessoryViewPopulationWithoutViewSource" time="0.008" />
  </testsuite>
  <testsuite failures="0" name="SPTCeramicIndexPathTests" tests="4">
    <testcase classname="SPTCeramicIndexPathTests" name="testCopying" time="0.010" />
    <testcase classname="SPTCeramicIndexPathTests" name="testEqualityFunction" time="0.007" />
    <testcase classname="SPTCeramicIndexPathTests" name="testFactoryMethod" time="0.005" />
    <testcase classname="SPTCeramicIndexPathTests" name="testProperties" time="0.005" />
  </testsuite>
  <testsuite failures="0" name="SPTCeramicItemV4ImplementationTest" tests="10">
    <testcase classname="SPTCeramicItemV4ImplementationTest" name="testActionURL" time="0.008" />
    <testcase classname="SPTCeramicItemV4ImplementationTest" name="testAudioTouchEntityURI" time="0.008" />
    <testcase classname="SPTCeramicItemV4ImplementationTest" name="testAudioTouchServiceName" time="0.009" />
    <testcase classname="SPTCeramicItemV4ImplementationTest" name="testAudioTouchServicePathComponents" time="0.007" />
    <testcase classname="SPTCeramicItemV4ImplementationTest" name="testDescriptionText" time="0.006" />
    <testcase classname="SPTCeramicItemV4ImplementationTest" name="testImageNotNilForSize" time="0.009" />
    <testcase classname="SPTCeramicItemV4ImplementationTest" name="testImageURL" time="0.010" />
    <testcase classname="SPTCeramicItemV4ImplementationTest" name="testInit" time="0.007" />
    <testcase classname="SPTCeramicItemV4ImplementationTest" name="testSubtitle" time="0.005" />
    <testcase classname="SPTCeramicItemV4ImplementationTest" name="testTitle" time="0.004" />
  </testsuite>
  <testsuite failures="0" name="SPTCeramicMetricsFunctionsTests" tests="2">
    <testcase classname="SPTCeramicMetricsFunctionsTests" name="testHeaderSafeDescriptionHeightWithoutMethod" time="0.007" />
    <testcase classname="SPTCeramicMetricsFunctionsTests" name="testInitialHeightDependingOnLayoutScrollDirection" time="0.007" />
  </testsuite>
  <testsuite failures="0" name="SPTCeramicPageViewControllerTests" tests="2">
    <testcase classname="SPTCeramicPageViewControllerTests" name="testNoBarButtonItems" time="0.018" />
    <testcase classname="SPTCeramicPageViewControllerTests" name="testSomeBarButtonItems" time="0.010" />
  </testsuite>
  <testsuite failures="0" name="SPTCeramicQualifierTests" tests="9">
    <testcase classname="SPTCeramicQualifierTests" name="testElseToken" time="0.008" />
    <testcase classname="SPTCeramicQualifierTests" name="testIfItemHasDecriptionRunBlockForNilItem" time="0.009" />
    <testcase classname="SPTCeramicQualifierTests" name="testIfItemHasDescriptionRunBlockForDescribableItemWithoutDescription" time="0.011" />
    <testcase classname="SPTCeramicQualifierTests" name="testIfItemHasDescriptionRunBlockForDescriptionlessItem" time="0.008" />
    <testcase classname="SPTCeramicQualifierTests" name="testIfItemHasDescriptionRunBlockForItemWithDescription" time="0.008" />
    <testcase classname="SPTCeramicQualifierTests" name="testIfItemHasIconRunBlockForIconItemWithoutIcon" time="0.008" />
    <testcase classname="SPTCeramicQualifierTests" name="testIfItemHasIconRunBlockForIconlessItem" time="0.009" />
    <testcase classname="SPTCeramicQualifierTests" name="testIfItemHasIconRunBlockForItemWithIcon" time="0.008" />
    <testcase classname="SPTCeramicQualifierTests" name="testIfItemHasIconRunBlockForNilItem" time="0.007" />
  </testsuite>
  <testsuite failures="0" name="SPTCeramicSpaceFactoryImplementationTest" tests="1">
    <testcase classname="SPTCeramicSpaceFactoryImplementationTest" name="testCreateCeramicSpaceForV4" time="0.009" />
  </testsuite>
  <testsuite failures="0" name="SPTCeramicSpaceV4ImplementationTest" tests="3">
    <testcase classname="SPTCeramicSpaceV4ImplementationTest" name="testInit" time="0.008" />
    <testcase classname="SPTCeramicSpaceV4ImplementationTest" name="testItems" time="0.006" />
    <testcase classname="SPTCeramicSpaceV4ImplementationTest" name="testTitle" time="0.006" />
  </testsuite>
  <testsuite failures="0" name="SPTCeramicVerticalCollectionViewDataSourceTests" tests="2">
    <testcase classname="SPTCeramicVerticalCollectionViewDataSourceTests" name="testNumberOfRowsInSection" time="0.007" />
    <testcase classname="SPTCeramicVerticalCollectionViewDataSourceTests" name="testNumberOfTableSections" time="0.007" />
  </testsuite>
  <testsuite failures="0" name="SPTCeramicViewControllerTests" tests="11">
    <testcase classname="SPTCeramicViewControllerTests" name="testAudioTouchEntityURINotPassedIntoAudioTouchIfZeroLength" time="0.018" />
    <testcase classname="SPTCeramicViewControllerTests" name="testAudioTouchEntityURIPassedIntoAudioTouch" time="0.015" />
    <testcase classname="SPTCeramicViewControllerTests" name="testBlockViewBlockRenderTypes" time="0.013" />
    <testcase classname="SPTCeramicViewControllerTests" name="testCeramicViewControllerTitle" time="0.012" />
    <testcase classname="SPTCeramicViewControllerTests" name="testErrorInfoView" time="0.018" />
    <testcase classname="SPTCeramicViewControllerTests" name="testGenerationOfBlockViews" time="0.012" />
    <testcase classname="SPTCeramicViewControllerTests" name="testInfoViewHasAccessoryButton" time="0.015" />
    <testcase classname="SPTCeramicViewControllerTests" name="testNumberOfItemsInCollectionViewSections" time="0.012" />
    <testcase classname="SPTCeramicViewControllerTests" name="testNumberOfSectionsInBlockViews" time="0.013" />
    <testcase classname="SPTCeramicViewControllerTests" name="testReloadBlockAtIndexMethod" time="0.011" />
    <testcase classname="SPTCeramicViewControllerTests" name="testSelectAndDeselectAll" time="0.010" />
  </testsuite>
  <testsuite failures="0" name="SPTCeramicViewModelTests" tests="4">
    <testcase classname="SPTCeramicViewModelTests" name="testBlockAtIndex" time="0.006" />
    <testcase classname="SPTCeramicViewModelTests" name="testNumberOfBlocks" time="0.010" />
    <testcase classname="SPTCeramicViewModelTests" name="testSpaceIsLoaded" time="0.008" />
    <testcase classname="SPTCeramicViewModelTests" name="testTitle" time="0.009" />
  </testsuite>
  <testsuite failures="0" name="UIScrollView_VisibleRectTests" tests="1">
    <testcase classname="UIScrollView_VisibleRectTests" name="testVisibleAreaCalculation" time="0.009" />
  </testsuite>
  <testsuite failures="0" name="SPTClippyServiceTests" tests="2">
    <testcase classname="SPTClippyServiceTests" name="testFeatureIsDisabledAfterLoadWhenNoDataFromABBAOrOverride" time="0.012" />
    <testcase classname="SPTClippyServiceTests" name="testFeatureIsDisabledByDefault" time="0.009" />
  </testsuite>
  <testsuite failures="0" name="SPTHubBlockFooterDataTests" tests="3">
    <testcase classname="SPTHubBlockFooterDataTests" name="testCopying" time="0.012" />
    <testcase classname="SPTHubBlockFooterDataTests" name="testDesignatedInitializer" time="0.007" />
    <testcase classname="SPTHubBlockFooterDataTests" name="testDictionaryDataExtraction" time="0.009" />
  </testsuite>
  <testsuite failures="0" name="SPTHubBlockTinkerbellDataTests" tests="1">
    <testcase classname="SPTHubBlockTinkerbellDataTests" name="testDictionaryDataExtraction" time="0.008" />
  </testsuite>
  <testsuite failures="0" name="SPTHubBrowseRemoteContentURLResolverTests" tests="3">
    <testcase classname="SPTHubBrowseRemoteContentURLResolverTests" name="testBrowseRemoteContentURLConvertedToPrototypeURLWhenPrototypeIdentifierIsNotEmpty" time="0.007" />
    <testcase classname="SPTHubBrowseRemoteContentURLResolverTests" name="testBrowseRemoteContentURLNotConvertedToPrototypeURLWhenPrototypeIdentifierIsEmpty" time="0.008" />
    <testcase classname="SPTHubBrowseRemoteContentURLResolverTests" name="testBrowseRemoteContentURLNotConvertedToPrototypeURLWhenPrototypeIdentifierIsNil" time="0.008" />
  </testsuite>
  <testsuite failures="0" name="SPTHubButtonDataTests" tests="1">
    <testcase classname="SPTHubButtonDataTests" name="testMissingRequiredParametersProducingNilInstance" time="0.008" />
  </testsuite>
  <testsuite failures="0" name="SPTHubCapabilitiesManagerTests" tests="2">
    <testcase classname="SPTHubCapabilitiesManagerTests" name="testNoCapabilitiesReturningNilString" time="0.008" />
    <testcase classname="SPTHubCapabilitiesManagerTests" name="testVideoCapabilityOnlySentWhenUserInterfaceIdiomIsPhone" time="0.008" />
  </testsuite>
  <testsuite failures="0" name="SPTHubCeramicRequestTests" tests="4">
    <testcase classname="SPTHubCeramicRequestTests" name="testIsLoaded" time="0.009" />
    <testcase classname="SPTHubCeramicRequestTests" name="testLoad" time="0.009" />
    <testcase classname="SPTHubCeramicRequestTests" name="testSpace" time="0.008" />
    <testcase classname="SPTHubCeramicRequestTests" name="testURI" time="0.011" />
  </testsuite>
  <testsuite failures="0" name="SPTHubConfigurationImplementationTests" tests="1">
    <testcase classname="SPTHubConfigurationImplementationTests" name="testDefaults" time="0.010" />
  </testsuite>
  <testsuite failures="0" name="SPTHubContainerViewControllerTests" tests="4">
    <testcase classname="SPTHubContainerViewControllerTests" name="testContainerViewControllerConformsToSPTScrollToTopProtocol" time="0.011" />
    <testcase classname="SPTHubContainerViewControllerTests" name="testInstrumentationPageIdentifier" time="0.008" />
    <testcase classname="SPTHubContainerViewControllerTests" name="testSPTScrollToTopAppliesZeroContentOffsetToViewController" time="0.005" />
    <testcase classname="SPTHubContainerViewControllerTests" name="testThatTabBarItemTitleIsNotChangedWhenViewModelIsUpdated" time="0.005" />
  </testsuite>
  <testsuite failures="0" name="SPTHubContentBuilderTests" tests="10">
    <testcase classname="SPTHubContentBuilderTests" name="testAddingLocalContent" time="0.005" />
    <testcase classname="SPTHubContentBuilderTests" name="testAddingStandaloneBlockDictionaryArray" time="0.005" />
    <testcase classname="SPTHubContentBuilderTests" name="testEmptyLocalContentNotProducingNilInstance" time="0.004" />
    <testcase classname="SPTHubContentBuilderTests" name="testEmptyRemoteContentProducingNilContentSet" time="0.005" />
    <testcase classname="SPTHubContentBuilderTests" name="testManipulatingRemoteBlockLocally" time="0.005" />
    <testcase classname="SPTHubContentBuilderTests" name="testPaginatedContent" time="0.005" />
    <testcase classname="SPTHubContentBuilderTests" name="testPagingatedContentAlwaysMarkingBlockForRenderingUpdate" time="0.005" />
    <testcase classname="SPTHubContentBuilderTests" name="testRenderingUpdateMarking" time="0.005" />
    <testcase classname="SPTHubContentBuilderTests" name="testReset" time="0.005" />
    <testcase classname="SPTHubContentBuilderTests" name="testTabItems" time="0.005" />
  </testsuite>
  <testsuite failures="0" name="SPTHubContentLoaderTests" tests="16">
    <testcase classname="SPTHubContentLoaderTests" name="testCancelling" time="0.005" />
    <testcase classname="SPTHubContentLoaderTests" name="testEmptyContentSetTriggeringErrorEvent" time="0.005" />
    <testcase classname="SPTHubContentLoaderTests" name="testIsLoadingWithLocalContentProviderOnFailure" time="0.005" />
    <testcase classname="SPTHubContentLoaderTests" name="testIsLoadingWithLocalContentProviderOnly" time="0.005" />
    <testcase classname="SPTHubContentLoaderTests" name="testIsLoadingWithReloadPolicy" time="0.006" />
    <testcase classname="SPTHubContentLoaderTests" name="testIsLoadingWithRemoteAndLocalContentProvider" time="0.005" />
    <testcase classname="SPTHubContentLoaderTests" name="testIsLoadingWithRemoteContentProviderOnFailure" time="0.005" />
    <testcase classname="SPTHubContentLoaderTests" name="testIsLoadingWithRemoteContentProviderOnly" time="0.005" />
    <testcase classname="SPTHubContentLoaderTests" name="testLoadingStandaloneBlockDictionaryArray" time="0.005" />
    <testcase classname="SPTHubContentLoaderTests" name="testLocalContentProviderPreparation" time="0.005" />
    <testcase classname="SPTHubContentLoaderTests" name="testLocalContentProviderUpdateMessageTriggeringLoadEvent" time="0.005" />
    <testcase classname="SPTHubContentLoaderTests" name="testMissingRemoteAndLocalContentProviderProducingNilInstance" time="0.004" />
    <testcase classname="SPTHubContentLoaderTests" name="testMissingRemoteContentDictionaryPathSetProducingNilInstance" time="0.005" />
    <testcase classname="SPTHubContentLoaderTests" name="testReloadingWhenOnlineStateChanges" time="0.005" />
    <testcase classname="SPTHubContentLoaderTests" name="testThrottling" time="0.005" />
    <testcase classname="SPTHubContentLoaderTests" name="testWithOnlyLocalContentProviderWhenOnline" time="0.005" />
  </testsuite>
  <testsuite failures="0" name="SPTHubContentSetTests" tests="1">
    <testcase classname="SPTHubContentSetTests" name="testPropertyAssignment" time="0.005" />
  </testsuite>
  <testsuite failures="0" name="SPTHubDefaultReloadPolicyTests" tests="1">
    <testcase classname="SPTHubDefaultReloadPolicyTests" name="testReloadAfterEvenHourWasPassed" time="0.009" />
  </testsuite>
  <testsuite failures="0" name="SPTHubDefaultRemoteContentProviderFactoryTests" tests="1">
    <testcase classname="SPTHubDefaultRemoteContentProviderFactoryTests" name="testCreatesExternalDataCompatibleHubRemoteContentProviders" time="0.005" />
  </testsuite>
  <testsuite failures="0" name="SPTHubDefaultRemoteContentProviderTests" tests="5">
    <testcase classname="SPTHubDefaultRemoteContentProviderTests" name="testCancelAllHubRemoteContentOperations" time="0.013" />
    <testcase classname="SPTHubDefaultRemoteContentProviderTests" name="testErrorReporting" time="0.008" />
    <testcase classname="SPTHubDefaultRemoteContentProviderTests" name="testJSONTypeSafety" time="0.006" />
    <testcase classname="SPTHubDefaultRemoteContentProviderTests" name="testLoadHubRemoteContentForViewURI" time="0.006" />
    <testcase classname="SPTHubDefaultRemoteContentProviderTests" name="testLoadHubRemoteContentFromEndpointPath" time="0.006" />
  </testsuite>
  <testsuite failures="0" name="SPTHubDefaultRemoteContentURLResolverTests" tests="8">
    <testcase classname="SPTHubDefaultRemoteContentURLResolverTests" name="testCapabilitiesString" time="0.006" />
    <testcase classname="SPTHubDefaultRemoteContentURLResolverTests" name="testEndPointPathDoesNotContainDoubleSlashes" time="0.009" />
    <testcase classname="SPTHubDefaultRemoteContentURLResolverTests" name="testExternalEndpoint" time="0.005" />
    <testcase classname="SPTHubDefaultRemoteContentURLResolverTests" name="testExternalEndpointContainsShowsCapabilityWhenEnabled" time="0.005" />
    <testcase classname="SPTHubDefaultRemoteContentURLResolverTests" name="testExternalEndpointContainsVideoCapabilityWhenEnabled" time="0.005" />
    <testcase classname="SPTHubDefaultRemoteContentURLResolverTests" name="testInvalidViewURIProducingNilInstance" time="0.004" />
    <testcase classname="SPTHubDefaultRemoteContentURLResolverTests" name="testProductStateValueForTabBarIsSentWhenEnabled" time="0.005" />
    <testcase classname="SPTHubDefaultRemoteContentURLResolverTests" name="testValidViewURIProducingNonNilInstance" time="0.005" />
  </testsuite>
  <testsuite failures="0" name="SPTHubDefaultViewURIQualifierTests" tests="7">
    <testcase classname="SPTHubDefaultViewURIQualifierTests" name="testDisqualifyingMomentsHub" time="0.004" />
    <testcase classname="SPTHubDefaultViewURIQualifierTests" name="testQualifyingBrowseAlwaysReturnsTrue" time="0.008" />
    <testcase classname="SPTHubDefaultViewURIQualifierTests" name="testQualifyingMomentsHubNonRootViewURI" time="0.004" />
    <testcase classname="SPTHubDefaultViewURIQualifierTests" name="testQualifyingNonMomentsHub" time="0.005" />
    <testcase classname="SPTHubDefaultViewURIQualifierTests" name="testQualifyingShowsHub" time="0.005" />
    <testcase classname="SPTHubDefaultViewURIQualifierTests" name="testQualifyingShowsHubWithMomentsExperience" time="0.004" />
    <testcase classname="SPTHubDefaultViewURIQualifierTests" name="testQualifyingSpecialAlwaysReturnsTrue" time="0.004" />
  </testsuite>
  <testsuite failures="0" name="SPTHubDictionaryPathSetImplementationTests" tests="4">
    <testcase classname="SPTHubDictionaryPathSetImplementationTests" name="testComponentIdentifierFallback" time="0.006" />
    <testcase classname="SPTHubDictionaryPathSetImplementationTests" name="testComponentIdentifierPresidenceOverTypeString" time="0.005" />
    <testcase classname="SPTHubDictionaryPathSetImplementationTests" name="testDefaultImplementationForAllPaths" time="0.006" />
    <testcase classname="SPTHubDictionaryPathSetImplementationTests" name="testIconFallback" time="0.005" />
  </testsuite>
  <testsuite failures="0" name="SPTHubDictionaryPathTests" tests="26">
    <testcase classname="SPTHubDictionaryPathTests" name="testArrayPath" time="0.005" />
    <testcase classname="SPTHubDictionaryPathTests" name="testBackgroundImageURLPath" time="0.005" />
    <testcase classname="SPTHubDictionaryPathTests" name="testBoolPath" time="0.005" />
    <testcase classname="SPTHubDictionaryPathTests" name="testBoolPathInverse" time="0.005" />
    <testcase classname="SPTHubDictionaryPathTests" name="testCombinedDictionaryPath" time="0.005" />
    <testcase classname="SPTHubDictionaryPathTests" name="testCombinedPath" time="0.005" />
    <testcase classname="SPTHubDictionaryPathTests" name="testCombinedPathTypeSafety" time="0.005" />
    <testcase classname="SPTHubDictionaryPathTests" name="testCombiningArrayPaths" time="0.005" />
    <testcase classname="SPTHubDictionaryPathTests" name="testCombiningImmutablePathsThrows" time="0.005" />
    <testcase classname="SPTHubDictionaryPathTests" name="testCombiningMutablePathsThrows" time="0.005" />
    <testcase classname="SPTHubDictionaryPathTests" name="testDatePath" time="0.006" />
    <testcase classname="SPTHubDictionaryPathTests" name="testDictionaryPath" time="0.005" />
    <testcase classname="SPTHubDictionaryPathTests" name="testDoublePath" time="0.005" />
    <testcase classname="SPTHubDictionaryPathTests" name="testExtend" time="0.005" />
    <testcase classname="SPTHubDictionaryPathTests" name="testHeaderViewStylePath" time="0.005" />
    <testcase classname="SPTHubDictionaryPathTests" name="testIconPath" time="0.005" />
    <testcase classname="SPTHubDictionaryPathTests" name="testItemTypePath" time="0.004" />
    <testcase classname="SPTHubDictionaryPathTests" name="testMissingValueForCombinedDictionaryPath" time="0.005" />
    <testcase classname="SPTHubDictionaryPathTests" name="testMissingValueForCombinedPath" time="0.005" />
    <testcase classname="SPTHubDictionaryPathTests" name="testProducesArrayOutput" time="0.004" />
    <testcase classname="SPTHubDictionaryPathTests" name="testSingleValueFromCombinedPath" time="0.005" />
    <testcase classname="SPTHubDictionaryPathTests" name="testStringPath" time="0.004" />
    <testcase classname="SPTHubDictionaryPathTests" name="testTargetTypePath" time="0.005" />
    <testcase classname="SPTHubDictionaryPathTests" name="testTinkerbellItemTypePath" time="0.005" />
    <testcase classname="SPTHubDictionaryPathTests" name="testUnsignedIntegerPath" time="0.005" />
    <testcase classname="SPTHubDictionaryPathTests" name="testURLPath" time="0.005" />
  </testsuite>
  <testsuite failures="0" name="SPTHubExternalDataLoaderImplementationTests" tests="5">
    <testcase classname="SPTHubExternalDataLoaderImplementationTests" name="testAlwaysLoadingRemoteContent" time="0.005" />
    <testcase classname="SPTHubExternalDataLoaderImplementationTests" name="testCancelExternalDataRequest" time="0.004" />
    <testcase classname="SPTHubExternalDataLoaderImplementationTests" name="testDelegateErrorEvent" time="0.005" />
    <testcase classname="SPTHubExternalDataLoaderImplementationTests" name="testDelegateSuccessEvent" time="0.005" />
    <testcase classname="SPTHubExternalDataLoaderImplementationTests" name="testLoadExternalHubDataFromEndpointWithPath" time="0.004" />
  </testsuite>
  <testsuite failures="0" name="SPTHubIndexPathTests" tests="2">
    <testcase classname="SPTHubIndexPathTests" name="testHubIndexPathFromNSIndexPath" time="0.004" />
    <testcase classname="SPTHubIndexPathTests" name="testHubIndexPathMake" time="0.004" />
  </testsuite>
  <testsuite failures="0" name="SPTHubInfoViewContentOperationTests" tests="2">
    <testcase classname="SPTHubInfoViewContentOperationTests" name="testOfflineViewAddedDirectlyIfOperationIsNotDelayed" time="0.005" />
    <testcase classname="SPTHubInfoViewContentOperationTests" name="testOfflineViewNotAddedDirectlyIfOperationIsDelayed" time="1.010" />
  </testsuite>
  <testsuite failures="0" name="SPTHubItemTests" tests="4">
    <testcase classname="SPTHubItemTests" name="testContextMenuType" time="0.005" />
    <testcase classname="SPTHubItemTests" name="testStyleHint" time="0.005" />
    <testcase classname="SPTHubItemTests" name="testTypeIcon" time="0.005" />
    <testcase classname="SPTHubItemTests" name="testUserInteractionType" time="0.005" />
  </testsuite>
  <testsuite failures="0" name="SPTHubLegacyProxyPageControllerTests" tests="7">
    <testcase classname="SPTHubLegacyProxyPageControllerTests" name="testDifferentIdentifiersAreNotEqual" time="0.004" />
    <testcase classname="SPTHubLegacyProxyPageControllerTests" name="testDifferentURIsAreNotEqual" time="0.004" />
    <testcase classname="SPTHubLegacyProxyPageControllerTests" name="testEquivalentNilObjectsAreEqual" time="0.004" />
    <testcase classname="SPTHubLegacyProxyPageControllerTests" name="testEquivalentObjectsAreEqual" time="0.004" />
    <testcase classname="SPTHubLegacyProxyPageControllerTests" name="testIsEqualToSelf" time="0.004" />
    <testcase classname="SPTHubLegacyProxyPageControllerTests" name="testTitleDoesNotAffectNominalEquality" time="0.004" />
    <testcase classname="SPTHubLegacyProxyPageControllerTests" name="testURIIsNotEqualToNil" time="0.005" />
  </testsuite>
  <testsuite failures="0" name="SPTHubLoggerTests" tests="2">
    <testcase classname="SPTHubLoggerTests" name="testLoggingComponentImpression" time="0.005" />
    <testcase classname="SPTHubLoggerTests" name="testLoggingComponentInteraction" time="0.005" />
  </testsuite>
  <testsuite failures="0" name="SPTHubMutableBlockTests" tests="8">
    <testcase classname="SPTHubMutableBlockTests" name="testBackgroundImageURL" time="0.004" />
    <testcase classname="SPTHubMutableBlockTests" name="testComponentIdentifier" time="0.004" />
    <testcase classname="SPTHubMutableBlockTests" name="testFooterTargetURL" time="0.004" />
    <testcase classname="SPTHubMutableBlockTests" name="testFooterTargetViewTitle" time="0.004" />
    <testcase classname="SPTHubMutableBlockTests" name="testFooterTitle" time="0.004" />
    <testcase classname="SPTHubMutableBlockTests" name="testHeaderAccessoryButton" time="0.004" />
    <testcase classname="SPTHubMutableBlockTests" name="testHeaderTitle" time="0.004" />
    <testcase classname="SPTHubMutableBlockTests" name="testPreferredIndex" time="0.004" />
  </testsuite>
  <testsuite failures="0" name="SPTHubMutableDictionaryPathTests" tests="7">
    <testcase classname="SPTHubMutableDictionaryPathTests" name="testCopy" time="0.005" />
    <testcase classname="SPTHubMutableDictionaryPathTests" name="testForEach" time="0.005" />
    <testcase classname="SPTHubMutableDictionaryPathTests" name="testGoToAndKeyedSubscripting" time="0.005" />
    <testcase classname="SPTHubMutableDictionaryPathTests" name="testMapTo" time="0.005" />
    <testcase classname="SPTHubMutableDictionaryPathTests" name="testMutableCopy" time="0.004" />
    <testcase classname="SPTHubMutableDictionaryPathTests" name="testRunBlock" time="0.004" />
    <testcase classname="SPTHubMutableDictionaryPathTests" name="testRunBlockTypeSafety" time="0.004" />
  </testsuite>
  <testsuite failures="0" name="SPTHubProxyPageControllerTests" tests="4">
    <testcase classname="SPTHubProxyPageControllerTests" name="testDifferentIdentifiersAreNotEqual" time="0.004" />
    <testcase classname="SPTHubProxyPageControllerTests" name="testDifferentURIsAreNotEqual" time="0.004" />
    <testcase classname="SPTHubProxyPageControllerTests" name="testEquivalentObjectsAreEqual" time="0.005" />
    <testcase classname="SPTHubProxyPageControllerTests" name="testIsEqualToSelf" time="0.004" />
  </testsuite>
  <testsuite failures="0" name="SPTHubRegistryTests" tests="4">
    <testcase classname="SPTHubRegistryTests" name="testAssertValidConfiguration" time="0.006" />
    <testcase classname="SPTHubRegistryTests" name="testDisablingSubviews" time="0.006" />
    <testcase classname="SPTHubRegistryTests" name="testHubRegistrationForIdentifier" time="0.005" />
    <testcase classname="SPTHubRegistryTests" name="testHubRegistrationForViewURI" time="0.005" />
  </testsuite>
  <testsuite failures="0" name="SPTHubRemoteContentOperationTests" tests="7">
    <testcase classname="SPTHubRemoteContentOperationTests" name="testDataLoaderCalledWithCorrectURL" time="0.005" />
    <testcase classname="SPTHubRemoteContentOperationTests" name="testDataLoaderErrorResponseResultsInFailedOperation" time="0.005" />
    <testcase classname="SPTHubRemoteContentOperationTests" name="testDataLoaderSuccessfulResponseResultsInSuccessfulOperation" time="0.005" />
    <testcase classname="SPTHubRemoteContentOperationTests" name="testNilContentURLResultsInFinishedOperation" time="0.004" />
    <testcase classname="SPTHubRemoteContentOperationTests" name="testOfflineConnectivityStateResultsInFinishedOperation" time="0.005" />
    <testcase classname="SPTHubRemoteContentOperationTests" name="testPreviousErrorPassedAlongIfOperationWasNotFullyPerformed" time="0.005" />
    <testcase classname="SPTHubRemoteContentOperationTests" name="testPreviousErrorSilencedIfOperationWasPerformed" time="0.005" />
  </testsuite>
  <testsuite failures="0" name="SPTHubStudioMessageTransportTests" tests="1">
    <testcase classname="SPTHubStudioMessageTransportTests" name="testDelegateReceivesMessage" time="0.009" />
  </testsuite>
  <testsuite failures="0" name="SPTHubTinkerbellHandlerTests" tests="3">
    <testcase classname="SPTHubTinkerbellHandlerTests" name="testCompletingStoryFromUserInteraction" time="0.007" />
    <testcase classname="SPTHubTinkerbellHandlerTests" name="testIsPresentingStory" time="0.006" />
    <testcase classname="SPTHubTinkerbellHandlerTests" name="testMissingRequiredParametersProducingNilInstance" time="0.004" />
  </testsuite>
  <testsuite failures="0" name="SPTHubV1JSONSchemaConfiguratorTests" tests="19">
    <testcase classname="SPTHubV1JSONSchemaConfiguratorTests" name="testBlockComponentIdentifiersConvertedIntoModernComponentIdentifiers" time="0.011" />
    <testcase classname="SPTHubV1JSONSchemaConfiguratorTests" name="testBlockHeadersConvertedToComponentModels" time="0.009" />
    <testcase classname="SPTHubV1JSONSchemaConfiguratorTests" name="testBlockIdentifierConvertedToComponentModelLoggingDataSectionId" time="0.006" />
    <testcase classname="SPTHubV1JSONSchemaConfiguratorTests" name="testBlockIdentifierIsNotOverridingComponentModelLoggingDataSectionId" time="0.006" />
    <testcase classname="SPTHubV1JSONSchemaConfiguratorTests" name="testBlocksForContainerComponentsNotFlattened" time="0.008" />
    <testcase classname="SPTHubV1JSONSchemaConfiguratorTests" name="testBrowseJSONFileConversion" time="0.031" />
    <testcase classname="SPTHubV1JSONSchemaConfiguratorTests" name="testCarouselBlockIdentifierConvertedToComponentModelLoggingDataSectionId" time="0.006" />
    <testcase classname="SPTHubV1JSONSchemaConfiguratorTests" name="testCarouselComponentCategoryForRelevantBlockComponentIdentifiers" time="0.009" />
    <testcase classname="SPTHubV1JSONSchemaConfiguratorTests" name="testFirstItemImageURLUsedForBlocksWithoutImageURLs" time="0.006" />
    <testcase classname="SPTHubV1JSONSchemaConfiguratorTests" name="testFlatteningBlockIntoComponentModels" time="0.007" />
    <testcase classname="SPTHubV1JSONSchemaConfiguratorTests" name="testHeaderWithoutHeaderViewStyleIsNotRendered" time="0.006" />
    <testcase classname="SPTHubV1JSONSchemaConfiguratorTests" name="testLegacyIconIdentifiersConvertedIntoSPTIconIdentifiers" time="0.006" />
    <testcase classname="SPTHubV1JSONSchemaConfiguratorTests" name="testMetadataUsedAsCustomData" time="0.006" />
    <testcase classname="SPTHubV1JSONSchemaConfiguratorTests" name="testRadioJSONFileConversion" time="0.026" />
    <testcase classname="SPTHubV1JSONSchemaConfiguratorTests" name="testThatHeaderComponentIsCompactWhenStyleIs2" time="0.006" />
    <testcase classname="SPTHubV1JSONSchemaConfiguratorTests" name="testThatHeaderComponentIsNotCompactWhenStyleIs1" time="0.007" />
    <testcase classname="SPTHubV1JSONSchemaConfiguratorTests" name="testThatHeaderComponentIsNotCreatedWhenStyleIs0" time="0.006" />
    <testcase classname="SPTHubV1JSONSchemaConfiguratorTests" name="testThatHeaderComponentIsNotCreatedWhenStyleIsMissing" time="0.006" />
    <testcase classname="SPTHubV1JSONSchemaConfiguratorTests" name="testTypeIdentifiersConvertedIntoPlaceholderIconIdentifiers" time="0.006" />
  </testsuite>
  <testsuite failures="0" name="SPTHubViewModelTests" tests="7">
    <testcase classname="SPTHubViewModelTests" name="testBottomMarginForBlockAtIndexOnlyReturnsNonZeroValueForLastBlock" time="0.006" />
    <testcase classname="SPTHubViewModelTests" name="testBottomMarginForBlockAtIndexReturnsZeroValueForGridRenderType" time="0.006" />
    <testcase classname="SPTHubViewModelTests" name="testDelegateCalledWhenContentWasLoaded" time="0.005" />
    <testcase classname="SPTHubViewModelTests" name="testErrorIfNoContentCouldBeLoaded" time="0.005" />
    <testcase classname="SPTHubViewModelTests" name="testInstrumentationDataReported" time="0.007" />
    <testcase classname="SPTHubViewModelTests" name="testMissingRequiredParametersProducingNilInstance" time="0.005" />
    <testcase classname="SPTHubViewModelTests" name="testReloadingOnlyBlocksThatWereMarkedForRendering" time="0.007" />
  </testsuite>
  <testsuite failures="0" name="NSDictionary_SPTKeystoreKeyValuesFilteringTests" tests="2">
    <testcase classname="NSDictionary_SPTKeystoreKeyValuesFilteringTests" name="testFilteringDictionaryWithNSNull" time="0.008" />
    <testcase classname="NSDictionary_SPTKeystoreKeyValuesFilteringTests" name="testFilteringDictionaryWithoutNSNull" time="0.007" />
  </testsuite>
  <testsuite failures="0" name="NSError_SPTKeystoreTests" tests="3">
    <testcase classname="NSError_SPTKeystoreTests" name="testKeystoreErrorWithCodeAndUnderlyingError" time="0.007" />
    <testcase classname="NSError_SPTKeystoreTests" name="testKeystoreRequestFailedErrorWithResponse" time="0.009" />
    <testcase classname="NSError_SPTKeystoreTests" name="testKeystoreRequestFailedErrorWithResponseAndOffline" time="0.006" />
  </testsuite>
  <testsuite failures="0" name="NSURL_SPTKeystoreRequestTests" tests="2">
    <testcase classname="NSURL_SPTKeystoreRequestTests" name="testGlobalRequestURL" time="0.004" />
    <testcase classname="NSURL_SPTKeystoreRequestTests" name="testUserRequestURL" time="0.008" />
  </testsuite>
  <testsuite failures="0" name="SPTGenericKeystoreDataSourceTests" tests="17">
    <testcase classname="SPTGenericKeystoreDataSourceTests" name="testBaseURLSetAfterInit" time="0.008" />
    <testcase classname="SPTGenericKeystoreDataSourceTests" name="testDeletingUserKeyValuesStatusIsUnsuccessful" time="0.008" />
    <testcase classname="SPTGenericKeystoreDataSourceTests" name="testDeletingUserValueExecutesCompletionWithSuccessOnSuccess" time="0.008" />
    <testcase classname="SPTGenericKeystoreDataSourceTests" name="testFetchingGlobalKeyValuesInvalidJSONResponse" time="0.008" />
    <testcase classname="SPTGenericKeystoreDataSourceTests" name="testFetchingGlobalKeyValuesMultipleKeyValuePairs" time="0.007" />
    <testcase classname="SPTGenericKeystoreDataSourceTests" name="testFetchingGlobalKeyValuesNilResponseBody" time="0.007" />
    <testcase classname="SPTGenericKeystoreDataSourceTests" name="testFetchingGlobalKeyValuesSingleKeyValuePair" time="0.008" />
    <testcase classname="SPTGenericKeystoreDataSourceTests" name="testFetchingGlobalKeyValuesStatusIsUnsuccessful" time="0.008" />
    <testcase classname="SPTGenericKeystoreDataSourceTests" name="testFetchingUserKeyValuesInvalidJSONResponse" time="0.008" />
    <testcase classname="SPTGenericKeystoreDataSourceTests" name="testFetchingUserKeyValuesMultipleKeyValuePairs" time="0.007" />
    <testcase classname="SPTGenericKeystoreDataSourceTests" name="testFetchingUserKeyValuesNilResponseBody" time="0.008" />
    <testcase classname="SPTGenericKeystoreDataSourceTests" name="testFetchingUserKeyValuesSingleKeyValuePair" time="0.005" />
    <testcase classname="SPTGenericKeystoreDataSourceTests" name="testFetchingUserKeyValuesStatusIsUnsuccessful" time="0.007" />
    <testcase classname="SPTGenericKeystoreDataSourceTests" name="testFetchingUserKeyValuesUnexpectedClass" time="0.007" />
    <testcase classname="SPTGenericKeystoreDataSourceTests" name="testSettingUserKeyValuesStatusIsUnsuccessful" time="0.007" />
    <testcase classname="SPTGenericKeystoreDataSourceTests" name="testSettingUserKeyValueWithAnInvalidJSONObject" time="0.005" />
    <testcase classname="SPTGenericKeystoreDataSourceTests" name="testSettingUserValueExecutesCompletionWithSuccessOnSuccess" time="0.004" />
  </testsuite>
  <testsuite failures="0" name="SPTKeystoreFeatureImplementationTests" tests="5">
    <testcase classname="SPTKeystoreFeatureImplementationTests" name="testConfiguresFeatureDependenciesCorrectly" time="0.012" />
    <testcase classname="SPTKeystoreFeatureImplementationTests" name="testConformsToFeatureProtocol" time="0.006" />
    <testcase classname="SPTKeystoreFeatureImplementationTests" name="testFeatureIdentifier" time="0.005" />
    <testcase classname="SPTKeystoreFeatureImplementationTests" name="testProvidesDataSource" time="0.006" />
    <testcase classname="SPTKeystoreFeatureImplementationTests" name="testUnloadNilsFeatureDependencies" time="0.005" />
  </testsuite>
  <testsuite failures="0" name="EmployeeNaggingFeatureTests" tests="3">
    <testcase classname="EmployeeNaggingFeatureTests" name="testShowsAlertForVeryOldBuild" time="0.010" />
    <testcase classname="EmployeeNaggingFeatureTests" name="testShowsBannerForSemiRecentBuild" time="0.009" />
    <testcase classname="EmployeeNaggingFeatureTests" name="testShowsNothingForRecentBuild" time="0.008" />
  </testsuite>
  <testsuite failures="0" name="NSURLPartyTest" tests="21">
    <testcase classname="NSURLPartyTest" name="testAlbumIsNonPartyURL" time="0.008" />
    <testcase classname="NSURLPartyTest" name="testHubURLiPad" time="0.015" />
    <testcase classname="NSURLPartyTest" name="testHubURLiPhone" time="0.011" />
    <testcase classname="NSURLPartyTest" name="testHubURLLocalDebug" time="0.014" />
    <testcase classname="NSURLPartyTest" name="testIsPartyPresetURL" time="0.012" />
    <testcase classname="NSURLPartyTest" name="testIsPartyPresetURLFalse" time="0.008" />
    <testcase classname="NSURLPartyTest" name="testIsPartyPresetURLWithEnergyLevel" time="0.007" />
    <testcase classname="NSURLPartyTest" name="testMixifyIdentifier" time="0.009" />
    <testcase classname="NSURLPartyTest" name="testMixifyURL" time="0.011" />
    <testcase classname="NSURLPartyTest" name="testMixifyURLCountsAsPartyURL" time="0.011" />
    <testcase classname="NSURLPartyTest" name="testOldPartyHubURL" time="0.009" />
    <testcase classname="NSURLPartyTest" name="testPartyPresetURIWithPresetAndEnergy" time="0.017" />
    <testcase classname="NSURLPartyTest" name="testPartyShareURL" time="0.009" />
    <testcase classname="NSURLPartyTest" name="testPartyURL" time="0.008" />
    <testcase classname="NSURLPartyTest" name="testPlaylistIsNonPartyURL" time="0.007" />
    <testcase classname="NSURLPartyTest" name="testPresetEnergyLevel" time="0.009" />
    <testcase classname="NSURLPartyTest" name="testPresetEnergyLevelFail" time="0.007" />
    <testcase classname="NSURLPartyTest" name="testPresetKey" time="0.007" />
    <testcase classname="NSURLPartyTest" name="testPresetKeyFail" time="0.006" />
    <testcase classname="NSURLPartyTest" name="testPresetKeyWithEnergyLevel" time="0.007" />
    <testcase classname="NSURLPartyTest" name="testPresetURL" time="0.006" />
  </testsuite>
  <testsuite failures="0" name="SPTOfflineModeStateDispatcherTests" tests="1">
    <testcase classname="SPTOfflineModeStateDispatcherTests" name="testPerformWhenOnline" time="0.009" />
  </testsuite>
  <testsuite failures="0" name="SPTPartyEnergyLevelTests" tests="6">
    <testcase classname="SPTPartyEnergyLevelTests" name="testImageURLIsNotEqual" time="0.007" />
    <testcase classname="SPTPartyEnergyLevelTests" name="testInit" time="0.006" />
    <testcase classname="SPTPartyEnergyLevelTests" name="testIsEqual" time="0.004" />
    <testcase classname="SPTPartyEnergyLevelTests" name="testIsNotEqual" time="0.004" />
    <testcase classname="SPTPartyEnergyLevelTests" name="testKeyIsNotEqual" time="0.004" />
    <testcase classname="SPTPartyEnergyLevelTests" name="testTitleIsNotEqual" time="0.007" />
  </testsuite>
  <testsuite failures="0" name="SPTPartyFeatureImplementationTests" tests="15">
    <testcase classname="SPTPartyFeatureImplementationTests" name="testConfigureWithProvider" time="0.014" />
    <testcase classname="SPTPartyFeatureImplementationTests" name="testIpadDisabledWithABBAEnabled" time="0.013" />
    <testcase classname="SPTPartyFeatureImplementationTests" name="testIphoneEnabledWithABBAEnabled" time="0.011" />
    <testcase classname="SPTPartyFeatureImplementationTests" name="testNoRegisterPartyForRecentlyPlayedIfNotEnabled" time="0.022" />
    <testcase classname="SPTPartyFeatureImplementationTests" name="testNowPlayingViewMode" time="0.010" />
    <testcase classname="SPTPartyFeatureImplementationTests" name="testProvideOfflineModeStateDispatcher" time="0.008" />
    <testcase classname="SPTPartyFeatureImplementationTests" name="testProvideOpenURLHandler" time="0.008" />
    <testcase classname="SPTPartyFeatureImplementationTests" name="testProvidePlaylistsVC" time="0.013" />
    <testcase classname="SPTPartyFeatureImplementationTests" name="testRegisterHubWhenPartyAndQueueIsEnabled" time="0.025" />
    <testcase classname="SPTPartyFeatureImplementationTests" name="testRegisterNowPlayingTitleViewPresenter" time="0.008" />
    <testcase classname="SPTPartyFeatureImplementationTests" name="testRegisterOpenURL" time="0.010" />
    <testcase classname="SPTPartyFeatureImplementationTests" name="testRegisterPartyForRecentlyPlayed" time="0.010" />
    <testcase classname="SPTPartyFeatureImplementationTests" name="testRegisterPartyPlaylistWhenPartyAndQueueAreNotEnabled" time="0.010" />
    <testcase classname="SPTPartyFeatureImplementationTests" name="testRegisterQueueHeadUnit" time="0.007" />
    <testcase classname="SPTPartyFeatureImplementationTests" name="testSubscribeToAbbaOnLoad" time="0.010" />
  </testsuite>
  <testsuite failures="0" name="SPTPartyHubViewHandlerTests" tests="18">
    <testcase classname="SPTPartyHubViewHandlerTests" name="testDidFailToLoadPreset" time="0.008" />
    <testcase classname="SPTPartyHubViewHandlerTests" name="testDidLoadContextWithPartyContextStaged" time="0.007" />
    <testcase classname="SPTPartyHubViewHandlerTests" name="testDidLoadPreset" time="0.007" />
    <testcase classname="SPTPartyHubViewHandlerTests" name="testErrorViewIsShownWhenTracksFailToLoad" time="0.007" />
    <testcase classname="SPTPartyHubViewHandlerTests" name="testHandleHubDidFinishLoading" time="0.006" />
    <testcase classname="SPTPartyHubViewHandlerTests" name="testHandleHubHeaderButtonPress" time="0.006" />
    <testcase classname="SPTPartyHubViewHandlerTests" name="testInsetsForHubBlock" time="0.006" />
    <testcase classname="SPTPartyHubViewHandlerTests" name="testMetadataPrefixViewForHubItem" time="0.006" />
    <testcase classname="SPTPartyHubViewHandlerTests" name="testOpeningOldPartyHubURL" time="0.013" />
    <testcase classname="SPTPartyHubViewHandlerTests" name="testOpenMixifyURL" time="0.008" />
    <testcase classname="SPTPartyHubViewHandlerTests" name="testOpenPresetURL" time="0.007" />
    <testcase classname="SPTPartyHubViewHandlerTests" name="testOverlayViewForHubItem" time="0.007" />
    <testcase classname="SPTPartyHubViewHandlerTests" name="testPrefixViewForHubItem" time="0.006" />
    <testcase classname="SPTPartyHubViewHandlerTests" name="testSelectingPresetItemLoadsPreset" time="0.007" />
    <testcase classname="SPTPartyHubViewHandlerTests" name="testSelectingPresetStagesContextAndShowsNowPlayingView" time="0.007" />
    <testcase classname="SPTPartyHubViewHandlerTests" name="testTrackManagerDidStartLoadingWithIntent" time="0.006" />
    <testcase classname="SPTPartyHubViewHandlerTests" name="testTrackManagerDidUpdatePartyParameters" time="0.006" />
    <testcase classname="SPTPartyHubViewHandlerTests" name="testViewHandlerObservesTrackManager" time="0.006" />
  </testsuite>
  <testsuite failures="0" name="SPTPartyHubViewURIQualifierTests" tests="2">
    <testcase classname="SPTPartyHubViewURIQualifierTests" name="testQualifyHubURI" time="0.004" />
    <testcase classname="SPTPartyHubViewURIQualifierTests" name="testQualifyPresetURI" time="0.004" />
  </testsuite>
  <testsuite failures="0" name="SPTPartyNowPlayingTitleViewPresenterTests" tests="3">
    <testcase classname="SPTPartyNowPlayingTitleViewPresenterTests" name="testDescriptionAttributesHighlighted" time="0.005" />
    <testcase classname="SPTPartyNowPlayingTitleViewPresenterTests" name="testDescriptionMinimumScaleFactor" time="0.004" />
    <testcase classname="SPTPartyNowPlayingTitleViewPresenterTests" name="testNameAttributesHighlighted" time="0.004" />
  </testsuite>
  <testsuite failures="0" name="SPTPartyParametersTests" tests="8">
    <testcase classname="SPTPartyParametersTests" name="testEnergyLevelJSONKeyForEnergyLevel" time="0.004" />
    <testcase classname="SPTPartyParametersTests" name="testEnergyLevelLoggingString" time="0.004" />
    <testcase classname="SPTPartyParametersTests" name="testEnergyLevelTypeKeyForEnergyLevelJSONKey" time="0.004" />
    <testcase classname="SPTPartyParametersTests" name="testInitWithNilPreset" time="0.004" />
    <testcase classname="SPTPartyParametersTests" name="testIsEqual" time="0.004" />
    <testcase classname="SPTPartyParametersTests" name="testIsEqualNoUsernames" time="0.004" />
    <testcase classname="SPTPartyParametersTests" name="testIsNotEqual" time="0.004" />
    <testcase classname="SPTPartyParametersTests" name="testPresetLoggingString" time="0.004" />
  </testsuite>
  <testsuite failures="0" name="SPTPartyPlaybackManagerTests" tests="11">
    <testcase classname="SPTPartyPlaybackManagerTests" name="testCannotLogSamePlaybackIdTwice" time="0.011" />
    <testcase classname="SPTPartyPlaybackManagerTests" name="testInit" time="0.004" />
    <testcase classname="SPTPartyPlaybackManagerTests" name="testIsPlayingFromPartyContext" time="0.004" />
    <testcase classname="SPTPartyPlaybackManagerTests" name="testLogPartyPersonalizationWithCorrectPersonalizedUsernames" time="0.005" />
    <testcase classname="SPTPartyPlaybackManagerTests" name="testNotLoggingPartyPersonalizationWhenNotPlayingFromParty" time="0.005" />
    <testcase classname="SPTPartyPlaybackManagerTests" name="testNotLoggingPartyPersonalizationWithNoPersonalization" time="0.005" />
    <testcase classname="SPTPartyPlaybackManagerTests" name="testNotLoggingPartyPersonalizationWithNoPlaybackId" time="0.006" />
    <testcase classname="SPTPartyPlaybackManagerTests" name="testPlayContextOptions" time="0.005" />
    <testcase classname="SPTPartyPlaybackManagerTests" name="testUpdateContextNotPlayingFromParty" time="0.005" />
    <testcase classname="SPTPartyPlaybackManagerTests" name="testUpdateContextPlayingFromParty" time="0.005" />
    <testcase classname="SPTPartyPlaybackManagerTests" name="testUpdateContextPlayingFromPartyNotPlaying" time="0.005" />
  </testsuite>
  <testsuite failures="0" name="SPTPartyPrerollAdsDisablerTests" tests="4">
    <testcase classname="SPTPartyPrerollAdsDisablerTests" name="testDisablesPrerollAdsIfUsingPartyForFirstTime" time="0.009" />
    <testcase classname="SPTPartyPrerollAdsDisablerTests" name="testDoesNotDisablePrerollAdsIfHasAlreadyUsedPartyAtLeastOnce" time="0.008" />
    <testcase classname="SPTPartyPrerollAdsDisablerTests" name="testEnablesPrerollAdsIfHasAlreadyUsedPartyAtLeastOnce" time="0.011" />
    <testcase classname="SPTPartyPrerollAdsDisablerTests" name="testEnablesPrerollAdsIfUsingPartyForFirstTime" time="0.009" />
  </testsuite>
  <testsuite failures="0" name="SPTPartyPresetLoaderTests" tests="9">
    <testcase classname="SPTPartyPresetLoaderTests" name="testCancelRequest" time="0.009" />
    <testcase classname="SPTPartyPresetLoaderTests" name="testDataLoaderDidCancelRequest" time="0.008" />
    <testcase classname="SPTPartyPresetLoaderTests" name="testDataLoaderDidReceiveErrorResponse" time="0.006" />
    <testcase classname="SPTPartyPresetLoaderTests" name="testDataLoaderDidReceiveSuccessfulResponseInvalidJSON" time="0.007" />
    <testcase classname="SPTPartyPresetLoaderTests" name="testDataLoaderDidReceiveSuccessfulResponseValidJSON" time="0.006" />
    <testcase classname="SPTPartyPresetLoaderTests" name="testInit" time="0.005" />
    <testcase classname="SPTPartyPresetLoaderTests" name="testLoadPresetKey" time="0.005" />
    <testcase classname="SPTPartyPresetLoaderTests" name="testLoadPresetKeyEmpty" time="0.004" />
    <testcase classname="SPTPartyPresetLoaderTests" name="testLoadPresetKeyNil" time="0.004" />
  </testsuite>
  <testsuite failures="0" name="SPTPartyPresetTests" tests="5">
    <testcase classname="SPTPartyPresetTests" name="testEnergyLevelType" time="0.004" />
    <testcase classname="SPTPartyPresetTests" name="testInit" time="0.005" />
    <testcase classname="SPTPartyPresetTests" name="testIsEqual" time="0.004" />
    <testcase classname="SPTPartyPresetTests" name="testIsNotEqual" time="0.004" />
    <testcase classname="SPTPartyPresetTests" name="testKeyIsNotEqual" time="0.004" />
  </testsuite>
  <testsuite failures="0" name="SPTPartyTrackManagerTests" tests="14">
    <testcase classname="SPTPartyTrackManagerTests" name="testAddObserver" time="0.005" />
    <testcase classname="SPTPartyTrackManagerTests" name="testAddObserverNil" time="0.004" />
    <testcase classname="SPTPartyTrackManagerTests" name="testDidFailToLoadTracks" time="0.005" />
    <testcase classname="SPTPartyTrackManagerTests" name="testDidLoadTracks" time="0.005" />
    <testcase classname="SPTPartyTrackManagerTests" name="testInit" time="0.004" />
    <testcase classname="SPTPartyTrackManagerTests" name="testLoadTracksWithIntent" time="0.005" />
    <testcase classname="SPTPartyTrackManagerTests" name="testLoadTracksWithIntentNilPartyParameters" time="0.004" />
    <testcase classname="SPTPartyTrackManagerTests" name="testRemoveObserver" time="0.004" />
    <testcase classname="SPTPartyTrackManagerTests" name="testRemoveObserverNil" time="0.004" />
    <testcase classname="SPTPartyTrackManagerTests" name="testSetEnergyLevel" time="0.005" />
    <testcase classname="SPTPartyTrackManagerTests" name="testSetPartyParameters" time="0.005" />
    <testcase classname="SPTPartyTrackManagerTests" name="testSetPresetNilDoesNotUpdateParameters" time="0.004" />
    <testcase classname="SPTPartyTrackManagerTests" name="testSetPresetUpdatesParameters" time="0.005" />
    <testcase classname="SPTPartyTrackManagerTests" name="testStartedLoading" time="0.006" />
  </testsuite>
  <testsuite failures="0" name="SPTPartyTracksLoaderTests" tests="5">
    <testcase classname="SPTPartyTracksLoaderTests" name="testDidCancelRequestNoop" time="0.007" />
    <testcase classname="SPTPartyTracksLoaderTests" name="testDidReceiveErrorReponseForwardsError" time="0.006" />
    <testcase classname="SPTPartyTracksLoaderTests" name="testFailedToLoadJson" time="0.009" />
    <testcase classname="SPTPartyTracksLoaderTests" name="testShouldReturnErrorForEmptyTracks" time="0.008" />
    <testcase classname="SPTPartyTracksLoaderTests" name="testShouldReturnValidTracksArray" time="0.010" />
  </testsuite>
  <testsuite failures="0" name="SPTPartyTunerVCTests" tests="18">
    <testcase classname="SPTPartyTunerVCTests" name="testDialDirectionForEnergyLevelType" time="0.006" />
    <testcase classname="SPTPartyTunerVCTests" name="testDialViewDown" time="0.005" />
    <testcase classname="SPTPartyTunerVCTests" name="testDialViewInvalid" time="0.004" />
    <testcase classname="SPTPartyTunerVCTests" name="testDialViewLeft" time="0.005" />
    <testcase classname="SPTPartyTunerVCTests" name="testDialViewRight" time="0.006" />
    <testcase classname="SPTPartyTunerVCTests" name="testDidAttachToScrollView" time="0.005" />
    <testcase classname="SPTPartyTunerVCTests" name="testImageLoaderDidLoadImage" time="0.016" />
    <testcase classname="SPTPartyTunerVCTests" name="testImageLoaderDidLoadImageInvalidContext" time="0.005" />
    <testcase classname="SPTPartyTunerVCTests" name="testImageLoaderDidLoadImageInvalidEnergyLevel" time="0.007" />
    <testcase classname="SPTPartyTunerVCTests" name="testImageLoaderDidLoadImageInvalidPreset" time="0.008" />
    <testcase classname="SPTPartyTunerVCTests" name="testStartParty" time="0.007" />
    <testcase classname="SPTPartyTunerVCTests" name="testTransitionToViewModeWithPlayerState" time="0.007" />
    <testcase classname="SPTPartyTunerVCTests" name="testViewDidDisappearResets" time="0.007" />
    <testcase classname="SPTPartyTunerVCTests" name="testViewModelDidRejectShuffleTrackSelection" time="0.005" />
    <testcase classname="SPTPartyTunerVCTests" name="testViewModelDidUpdateEnergyLevel" time="0.004" />
    <testcase classname="SPTPartyTunerVCTests" name="testViewModelDidUpdatePartyParameters" time="0.004" />
    <testcase classname="SPTPartyTunerVCTests" name="testViewModelDidUpdatePreset" time="0.004" />
    <testcase classname="SPTPartyTunerVCTests" name="testViewWillAppear" time="0.007" />
  </testsuite>
  <testsuite failures="0" name="SPTPartyTunerViewModelTests" tests="25">
    <testcase classname="SPTPartyTunerViewModelTests" name="testCurrentTrackManagerQueue" time="0.006" />
    <testcase classname="SPTPartyTunerViewModelTests" name="testCurrentTrackManagerStaged" time="0.006" />
    <testcase classname="SPTPartyTunerViewModelTests" name="testDidFailToLoadTracks" time="0.006" />
    <testcase classname="SPTPartyTunerViewModelTests" name="testDidLoadTracks" time="0.006" />
    <testcase classname="SPTPartyTunerViewModelTests" name="testDidStartLoadingIntentEnergyChanged" time="0.006" />
    <testcase classname="SPTPartyTunerViewModelTests" name="testDidStartLoadingIntentPresetChanged" time="0.006" />
    <testcase classname="SPTPartyTunerViewModelTests" name="testDidStartLoadingIntentUsersChangedPartyNotStagedOrPlaying" time="0.006" />
    <testcase classname="SPTPartyTunerViewModelTests" name="testDidStartLoadingIntentUsersChangedPartyPlaying" time="0.008" />
    <testcase classname="SPTPartyTunerViewModelTests" name="testDidStartLoadingIntentUsersChangedPartyStaged" time="0.009" />
    <testcase classname="SPTPartyTunerViewModelTests" name="testDidUpdatePartyParameters" time="0.007" />
    <testcase classname="SPTPartyTunerViewModelTests" name="testHubTrackManagerDidLoadTracks" time="0.007" />
    <testcase classname="SPTPartyTunerViewModelTests" name="testInit" time="0.006" />
    <testcase classname="SPTPartyTunerViewModelTests" name="testLoadPresetKeyNew" time="0.006" />
    <testcase classname="SPTPartyTunerViewModelTests" name="testLoadPresetKeySame" time="0.008" />
    <testcase classname="SPTPartyTunerViewModelTests" name="testLogMessageOnEnergyChangeOnPresetView" time="0.007" />
    <testcase classname="SPTPartyTunerViewModelTests" name="testLogMessageOnEnergyChangeOnQueueView" time="0.006" />
    <testcase classname="SPTPartyTunerViewModelTests" name="testPlayStagedContextWithOptionsDisablesShuffleAndRepeat" time="0.006" />
    <testcase classname="SPTPartyTunerViewModelTests" name="testPreRollAdsAreDisabledWhenStartingAPartyForTheFirstTime" time="0.006" />
    <testcase classname="SPTPartyTunerViewModelTests" name="testPreRollAdsAreEnabledOncePartyStarts" time="0.006" />
    <testcase classname="SPTPartyTunerViewModelTests" name="testQueueDidSelectShuffleTrack" time="0.006" />
    <testcase classname="SPTPartyTunerViewModelTests" name="testQueueWillPlayStagedTrack" time="0.007" />
    <testcase classname="SPTPartyTunerViewModelTests" name="testSetCurrentPreset" time="0.006" />
    <testcase classname="SPTPartyTunerViewModelTests" name="testSetCurrentPresetSameDoesNothing" time="0.006" />
    <testcase classname="SPTPartyTunerViewModelTests" name="testSetEnergyLevel" time="0.006" />
    <testcase classname="SPTPartyTunerViewModelTests" name="testStartParty" time="0.006" />
  </testsuite>
  <testsuite failures="0" name="SPTPlayerTrackPartyTests" tests="2">
    <testcase classname="SPTPlayerTrackPartyTests" name="testProofedUsernames" time="0.005" />
    <testcase classname="SPTPlayerTrackPartyTests" name="testProofedUsernamesKey" time="0.005" />
  </testsuite>
  <testsuite failures="0" name="ExternalContentProviderTests" tests="1">
    <testcase classname="ExternalContentProviderTests" name="testDriverDistraction" time="0.033" />
  </testsuite>
  <testsuite failures="0" name="ExternalPlaybackControlCanModifyURITests" tests="5">
    <testcase classname="ExternalPlaybackControlCanModifyURITests" name="testCanModifyAlbum" time="0.011" />
    <testcase classname="ExternalPlaybackControlCanModifyURITests" name="testCanModifyTrack" time="0.013" />
    <testcase classname="ExternalPlaybackControlCanModifyURITests" name="testCanModifyTrackContainedWithinCollection" time="0.008" />
    <testcase classname="ExternalPlaybackControlCanModifyURITests" name="testCantModifyArtist" time="0.008" />
    <testcase classname="ExternalPlaybackControlCanModifyURITests" name="testCantModifyPodcast" time="0.012" />
  </testsuite>
  <testsuite failures="0" name="ExternalPlaybackControlTests" tests="5">
    <testcase classname="ExternalPlaybackControlTests" name="testGetNextTracks" time="0.011" />
    <testcase classname="ExternalPlaybackControlTests" name="testRequestCoverArtReturnsErrorWhenPlayerStateHasNoImageURL" time="0.011" />
    <testcase classname="ExternalPlaybackControlTests" name="testSeekingBackwards" time="0.012" />
    <testcase classname="ExternalPlaybackControlTests" name="testSeekingForwards" time="0.010" />
    <testcase classname="ExternalPlaybackControlTests" name="testSkipExtremeValueErrors" time="0.010" />
  </testsuite>
  <testsuite failures="0" name="SPTAutoplayManagerTests" tests="8">
    <testcase classname="SPTAutoplayManagerTests" name="testShouldDoNothingIfExistingPlayingContext" time="0.010" />
    <testcase classname="SPTAutoplayManagerTests" name="testShouldDoNothingWhenNoContextAndNoFallbackItem" time="0.007" />
    <testcase classname="SPTAutoplayManagerTests" name="testShouldInvokeSuccessBlockIfExistingPlayingContext" time="0.007" />
    <testcase classname="SPTAutoplayManagerTests" name="testShouldInvokeSuccessBlockWhenNoContext" time="0.007" />
    <testcase classname="SPTAutoplayManagerTests" name="testShouldInvokeSuccessBlockWhenNoContextAndNoFallbackItem" time="0.006" />
    <testcase classname="SPTAutoplayManagerTests" name="testShouldInvokeSuccessBlockWhenUnpausingExistingContext" time="0.005" />
    <testcase classname="SPTAutoplayManagerTests" name="testShouldPlayFallbackItemShuffledWhenNoContextExists" time="0.005" />
    <testcase classname="SPTAutoplayManagerTests" name="testShouldUnpauseExistingPausedContext" time="0.006" />
  </testsuite>
  <testsuite failures="0" name="SPTContentItemChangeNotificationImplementationTests" tests="1">
    <testcase classname="SPTContentItemChangeNotificationImplementationTests" name="testIdentifier" time="0.005" />
  </testsuite>
  <testsuite failures="0" name="SPTECPContentItemOfflineIndicationTests" tests="1">
    <testcase classname="SPTECPContentItemOfflineIndicationTests" name="testAvailableOfflineContentItems" time="0.008" />
  </testsuite>
  <testsuite failures="0" name="SPTECPLoggedInTest" tests="10">
    <testcase classname="SPTECPLoggedInTest" name="testDoNotExecuteLoggedOutTasksWhenLoggedIn" time="0.109" />
    <testcase classname="SPTECPLoggedInTest" name="testDoNotExecuteLoggedOutTasksWhenLoggedInAP" time="0.113" />
    <testcase classname="SPTECPLoggedInTest" name="testInitialState" time="0.009" />
    <testcase classname="SPTECPLoggedInTest" name="testLoggedInOnlineOfflineTaskExecuteAfterLoggedIn" time="0.008" />
    <testcase classname="SPTECPLoggedInTest" name="testLoggedInOnlineOfflineTaskExecutedAfterOnline" time="0.008" />
    <testcase classname="SPTECPLoggedInTest" name="testLoggedOutTaskExecutedWhenOffline" time="0.008" />
    <testcase classname="SPTECPLoggedInTest" name="testPermanentTaskExecutesMultipleTimes" time="0.011" />
    <testcase classname="SPTECPLoggedInTest" name="testQueueHasOneLengthAfterExecutionOfPermanentTask" time="0.019" />
    <testcase classname="SPTECPLoggedInTest" name="testQueueHasZeroLengthAfterExecutionOfNonPermanentTask" time="0.021" />
    <testcase classname="SPTECPLoggedInTest" name="testVerifyQueueHasOneElementOnScheduling" time="0.007" />
  </testsuite>
  <testsuite failures="0" name="SPTECPRecentlyPlayedRootItemTest" tests="2">
    <testcase classname="SPTECPRecentlyPlayedRootItemTest" name="testRecentlyPlayedChildrenWithCleanListOfTypes" time="0.010" />
    <testcase classname="SPTECPRecentlyPlayedRootItemTest" name="testRecentlyPlayedChildrenWithMixedListOfTypes" time="0.010" />
  </testsuite>
  <testsuite failures="0" name="SPTECPSearchRequestTest" tests="3">
    <testcase classname="SPTECPSearchRequestTest" name="testInitialization" time="0.007" />
    <testcase classname="SPTECPSearchRequestTest" name="testLimitAndOffsetDefaultValues" time="0.005" />
    <testcase classname="SPTECPSearchRequestTest" name="testQueryProperty" time="0.008" />
  </testsuite>
  <testsuite failures="0" name="SPTECPSearchResultSectionContentItemTest" tests="1">
    <testcase classname="SPTECPSearchResultSectionContentItemTest" name="testInitialization" time="0.009" />
  </testsuite>
  <testsuite failures="0" name="SPTExternalAccessoryInfoManagerTests" tests="1">
    <testcase classname="SPTExternalAccessoryInfoManagerTests" name="testConnectingAndDisconnecting" time="0.007" />
  </testsuite>
  <testsuite failures="0" name="SPTExternalContentBrowseItemTest" tests="1">
    <testcase classname="SPTExternalContentBrowseItemTest" name="testShouldReturnAllBlocksAsItemsWithChildren" time="0.014" />
  </testsuite>
  <testsuite failures="0" name="SPTExternalContentHubItemTests" tests="1">
    <testcase classname="SPTExternalContentHubItemTests" name="testShouldFilterOutUnsupportedTypes" time="0.009" />
  </testsuite>
  <testsuite failures="0" name="SPTExternalContentNowItemTest" tests="2">
    <testcase classname="SPTExternalContentNowItemTest" name="testShouldRemoveEmptyBlocks" time="0.007" />
    <testcase classname="SPTExternalContentNowItemTest" name="testShouldReturnOneItemWithAllBlocksAsChildren" time="0.009" />
  </testsuite>
  <testsuite failures="0" name="SPTExternalPlaybackStatusTests" tests="6">
    <testcase classname="SPTExternalPlaybackStatusTests" name="testCoverArtIdentifierShouldReturnNilIfNothingSet" time="0.010" />
    <testcase classname="SPTExternalPlaybackStatusTests" name="testShouldHaveContextWhenGivenATrackThathasURI" time="0.008" />
    <testcase classname="SPTExternalPlaybackStatusTests" name="testShouldHaveNoContextWhenItHasATrackWithNoUri" time="0.007" />
    <testcase classname="SPTExternalPlaybackStatusTests" name="testShouldHaveNoContextWhenItHasNoTrack" time="0.008" />
    <testcase classname="SPTExternalPlaybackStatusTests" name="testShouldReturnCoverArtIdentifierIfTrackAlbumSet" time="0.010" />
    <testcase classname="SPTExternalPlaybackStatusTests" name="testShouldReturnCoverArtIdentifierIfTrackMetaDataSet" time="0.008" />
  </testsuite>
  <testsuite failures="0" name="SPTExternalUserCapabilitiesTests" tests="2">
    <testcase classname="SPTExternalUserCapabilitiesTests" name="testOnDemandProductStateGivesOnDemandCapabilities" time="0.008" />
    <testcase classname="SPTExternalUserCapabilitiesTests" name="testShuffleProductStateDoesNotGiveOnDemandCapabilities" time="0.009" />
  </testsuite>
  <testsuite failures="0" name="SPTPlaylistContentItemTest" tests="1">
    <testcase classname="SPTPlaylistContentItemTest" name="testGenerateImageWithSize" time="0.010" />
  </testsuite>
  <testsuite failures="0" name="SPTRootYourMusicContentItemTest" tests="2">
    <testcase classname="SPTRootYourMusicContentItemTest" name="testUpdateArtists" time="0.012" />
    <testcase classname="SPTRootYourMusicContentItemTest" name="testUpdateArtistsOnlyFollowedArtistsInCollection" time="0.012" />
  </testsuite>
  <testsuite failures="0" name="NowHubFeatureTests" tests="5">
    <testcase classname="NowHubFeatureTests" name="testDontRegisterMetaVCDelegateForNow" time="0.013" />
    <testcase classname="NowHubFeatureTests" name="testInitialVCFromUserPolicy" time="0.027" />
    <testcase classname="NowHubFeatureTests" name="testInitialVCWithEmptyStringFromPolicy" time="0.016" />
    <testcase classname="NowHubFeatureTests" name="testInitialVCWithoutPolicy" time="0.012" />
    <testcase classname="NowHubFeatureTests" name="testNotInteractingWithMetaVCIfFeatureDisabled" time="0.010" />
  </testsuite>
  <testsuite failures="0" name="NowHubLocalContentManagerTests" tests="4">
    <testcase classname="NowHubLocalContentManagerTests" name="testLocalContentManagerFiltersBlockedItems" time="0.010" />
    <testcase classname="NowHubLocalContentManagerTests" name="testLocalContentManagerReturnsAllTheLocalItems" time="0.008" />
    <testcase classname="NowHubLocalContentManagerTests" name="testLocalContentManagerReturnsRecentlyPlayedData" time="0.009" />
    <testcase classname="NowHubLocalContentManagerTests" name="testLocalContentManagerShiftsIndexesCorrectly" time="0.009" />
  </testsuite>
  <testsuite failures="0" name="NowHubReloadPolicyTests" tests="3">
    <testcase classname="NowHubReloadPolicyTests" name="testReloadPolicyWithCacheDisabled" time="0.008" />
    <testcase classname="NowHubReloadPolicyTests" name="testReloadPolicyWithCacheNotDisabled" time="0.008" />
    <testcase classname="NowHubReloadPolicyTests" name="testReloadPolicyWithCacheNotDisabledAtFirstAndThenDisabled" time="0.008" />
  </testsuite>
  <testsuite failures="0" name="NowHubRemoteContentURLResolverTests" tests="3">
    <testcase classname="NowHubRemoteContentURLResolverTests" name="testRemoteContentResolver" time="0.010" />
    <testcase classname="NowHubRemoteContentURLResolverTests" name="testRemoteContentResolverWithCustomRadioStationURI" time="0.007" />
    <testcase classname="NowHubRemoteContentURLResolverTests" name="testRemoteContentResolverWithCustomSpaceId" time="0.005" />
  </testsuite>
  <testsuite failures="0" name="SPTHomeRecentlyPlayedContentOperationTests" tests="3">
    <testcase classname="SPTHomeRecentlyPlayedContentOperationTests" name="testIdentifiersSetup" time="0.007" />
    <testcase classname="SPTHomeRecentlyPlayedContentOperationTests" name="testPreviousErrorForwarded" time="0.011" />
    <testcase classname="SPTHomeRecentlyPlayedContentOperationTests" name="testPreviousErrorIsPassedAgainWhenThereIsNoNewError" time="0.008" />
  </testsuite>
  <testsuite failures="0" name="SPTNowHubHomepageManagerTests" tests="8">
    <testcase classname="SPTNowHubHomepageManagerTests" name="testOpeningInitialURLAfterTimeoutWithMusic" time="0.009" />
    <testcase classname="SPTNowHubHomepageManagerTests" name="testOpeningInitialURLAfterTimeoutWithMusicWithURLToOpen" time="0.010" />
    <testcase classname="SPTNowHubHomepageManagerTests" name="testOpeningInitialURLBeforeTimeoutWithMusic" time="0.010" />
    <testcase classname="SPTNowHubHomepageManagerTests" name="testOpeningInitialURLBeforeTimeoutWithMusicOff" time="0.009" />
    <testcase classname="SPTNowHubHomepageManagerTests" name="testOpeningInitialURLBeforeTimeoutWithMusicOffWithURLToOpen" time="0.009" />
    <testcase classname="SPTNowHubHomepageManagerTests" name="testOpeningInitialURLBeforeTimeoutWithMusicWithURLToOpen" time="0.010" />
    <testcase classname="SPTNowHubHomepageManagerTests" name="testOpeningInitialVCAfterTimeoutWithMusicOff" time="0.009" />
    <testcase classname="SPTNowHubHomepageManagerTests" name="testOpeningInitialVCAfterTimeoutWithMusicOffWithURLToOpen" time="0.009" />
  </testsuite>
  <testsuite failures="0" name="SPTNowHubLocalContentProviderTests" tests="8">
    <testcase classname="SPTNowHubLocalContentProviderTests" name="testAddingRecentlyPlayedBlock" time="0.014" />
    <testcase classname="SPTNowHubLocalContentProviderTests" name="testHubItemTypeFromContentTypes" time="0.008" />
    <testcase classname="SPTNowHubLocalContentProviderTests" name="testLotsOfLocalContentNotifications" time="0.410" />
    <testcase classname="SPTNowHubLocalContentProviderTests" name="testNoRecentlyPlayedBlockWithEmptyEntityList" time="0.011" />
    <testcase classname="SPTNowHubLocalContentProviderTests" name="testNoRecentlyPlayedBlockWithoutLoadedEntityList" time="0.008" />
    <testcase classname="SPTNowHubLocalContentProviderTests" name="testNoRecentlyPlayedBlockWithoutSpaceMetadata" time="0.007" />
    <testcase classname="SPTNowHubLocalContentProviderTests" name="testOneLocalContentNotificationFiresImmediately" time="0.008" />
    <testcase classname="SPTNowHubLocalContentProviderTests" name="testTwoLotsOfLocalContentNotifications" time="0.810" />
  </testsuite>
  <testsuite failures="0" name="SPTNowHubUITest" tests="2">
    <testcase classname="SPTNowHubUITest" name="testHubViewWithoutRecentlyPlayed" time="1.899" />
    <testcase classname="SPTNowHubUITest" name="testHubViewWithRecentlyPlayed" time="1.447" />
  </testsuite>
  <testsuite failures="0" name="FindFriendsFeatureTests" tests="1">
    <testcase classname="FindFriendsFeatureTests" name="testProvideFindFriendsVC" time="0.022" />
  </testsuite>
  <testsuite failures="0" name="SPTFindFriendsEntityDataTests" tests="3">
    <testcase classname="SPTFindFriendsEntityDataTests" name="testInvalidUserData" time="0.008" />
    <testcase classname="SPTFindFriendsEntityDataTests" name="testIsFollowingState" time="0.009" />
    <testcase classname="SPTFindFriendsEntityDataTests" name="testValidUserData" time="0.008" />
  </testsuite>
  <testsuite failures="0" name="SPTFindFriendsFeaturedProfilesViewModelTests" tests="5">
    <testcase classname="SPTFindFriendsFeaturedProfilesViewModelTests" name="testErrorResponse" time="0.009" />
    <testcase classname="SPTFindFriendsFeaturedProfilesViewModelTests" name="testParseResponseFailureEmptyResponse" time="0.009" />
    <testcase classname="SPTFindFriendsFeaturedProfilesViewModelTests" name="testParseResponseFailureInvalidJSON" time="0.008" />
    <testcase classname="SPTFindFriendsFeaturedProfilesViewModelTests" name="testParseResponseSuccessfulHasValidData" time="0.010" />
    <testcase classname="SPTFindFriendsFeaturedProfilesViewModelTests" name="testParseResponseSuccessfulNoData" time="0.009" />
  </testsuite>
  <testsuite failures="0" name="SPTFindFriendsNetworkConnectionManagerTests" tests="5">
    <testcase classname="SPTFindFriendsNetworkConnectionManagerTests" name="testDisconnectedNetworkAtIndex" time="0.008" />
    <testcase classname="SPTFindFriendsNetworkConnectionManagerTests" name="testDisconnectedNetworks" time="0.008" />
    <testcase classname="SPTFindFriendsNetworkConnectionManagerTests" name="testIsConnectedToNetwork" time="0.007" />
    <testcase classname="SPTFindFriendsNetworkConnectionManagerTests" name="testNetworkConnectionStates" time="0.007" />
    <testcase classname="SPTFindFriendsNetworkConnectionManagerTests" name="testSetConnectionStatus" time="0.008" />
  </testsuite>
  <testsuite failures="0" name="SPTFindFriendsVCTest" tests="3">
    <testcase classname="SPTFindFriendsVCTest" name="testDelegateFindFriendsFeaturedProfilesViewModel" time="0.048" />
    <testcase classname="SPTFindFriendsVCTest" name="testDelegateHasConnectedToNetworkType" time="0.018" />
    <testcase classname="SPTFindFriendsVCTest" name="testDelegateHasDisconnectedFromNetworkType" time="0.014" />
  </testsuite>
  <testsuite failures="0" name="SPTFindFriendsViewModelTests" tests="9">
    <testcase classname="SPTFindFriendsViewModelTests" name="testErrorResponse" time="0.009" />
    <testcase classname="SPTFindFriendsViewModelTests" name="testFilteringWithEmptySearchTerm" time="0.009" />
    <testcase classname="SPTFindFriendsViewModelTests" name="testFilteringWithMatchingSearchTerm" time="0.013" />
    <testcase classname="SPTFindFriendsViewModelTests" name="testFilteringWithNilSearchTerm" time="0.008" />
    <testcase classname="SPTFindFriendsViewModelTests" name="testFilteringWithNonMatchingSearchTerm" time="0.009" />
    <testcase classname="SPTFindFriendsViewModelTests" name="testParseResponseFailureEmptyResponse" time="0.007" />
    <testcase classname="SPTFindFriendsViewModelTests" name="testParseResponseFailureInvalidJSON" time="0.008" />
    <testcase classname="SPTFindFriendsViewModelTests" name="testParseResponseSuccessfulHasValidData" time="0.008" />
    <testcase classname="SPTFindFriendsViewModelTests" name="testParseResponseSuccessfulNoData" time="0.007" />
  </testsuite>
  <testsuite failures="0" name="DLogTests" tests="3">
    <testcase classname="DLogTests" name="test_MakeLogLineWithArgs" time="0.009" />
    <testcase classname="DLogTests" name="test_MakeLogLineWithMessage" time="0.016" />
    <testcase classname="DLogTests" name="testBadArguments" time="0.000" />
  </testsuite>
  <testsuite failures="0" name="NSArrayFindClassesTest" tests="1">
    <testcase classname="NSArrayFindClassesTest" name="testFilterClasses" time="0.001" />
  </testsuite>
  <testsuite failures="0" name="NSArraySPTDiffTests" tests="8">
    <testcase classname="NSArraySPTDiffTests" name="testBothEmpty" time="0.001" />
    <testcase classname="NSArraySPTDiffTests" name="testComparator" time="0.001" />
    <testcase classname="NSArraySPTDiffTests" name="testDeletion" time="0.000" />
    <testcase classname="NSArraySPTDiffTests" name="testEmptyOther" time="0.000" />
    <testcase classname="NSArraySPTDiffTests" name="testInsertion" time="0.001" />
    <testcase classname="NSArraySPTDiffTests" name="testLargeArrays" time="6.420" />
    <testcase classname="NSArraySPTDiffTests" name="testRequiresOther" time="0.002" />
    <testcase classname="NSArraySPTDiffTests" name="testSubstitution" time="0.001" />
  </testsuite>
  <testsuite failures="0" name="NSDataAsyncTests" tests="6">
    <testcase classname="NSDataAsyncTests" name="testDataWithContentsOfURL" time="0.001" />
    <testcase classname="NSDataAsyncTests" name="testDataWithContentsOfURLBgThreadCompletion" time="0.001" />
    <testcase classname="NSDataAsyncTests" name="testDataWithContentsOfURLMainThreadCompletion" time="0.010" />
    <testcase classname="NSDataAsyncTests" name="testDataWithContentsOfURLOptions" time="0.001" />
    <testcase classname="NSDataAsyncTests" name="testDataWithContentsOfURLOptionsBgThreadCompletion" time="0.001" />
    <testcase classname="NSDataAsyncTests" name="testDataWithContentsOfURLOptionsMainThreadCompletion" time="0.001" />
  </testsuite>
  <testsuite failures="0" name="NSDateFormatterHTTPTests" tests="3">
    <testcase classname="NSDateFormatterHTTPTests" name="testANSICFormatter" time="0.002" />
    <testcase classname="NSDateFormatterHTTPTests" name="testRFC1123Formatter" time="0.013" />
    <testcase classname="NSDateFormatterHTTPTests" name="testRFC850Formatter" time="0.001" />
  </testsuite>
  <testsuite failures="0" name="NSDateHTTPTests" tests="11">
    <testcase classname="NSDateHTTPTests" name="testCacheControlMaxAgeZero" time="0.002" />
    <testcase classname="NSDateHTTPTests" name="testCacheControlPrecedence" time="0.002" />
    <testcase classname="NSDateHTTPTests" name="testHTTPDateANSIC" time="0.001" />
    <testcase classname="NSDateHTTPTests" name="testHTTPDateInvalid" time="0.001" />
    <testcase classname="NSDateHTTPTests" name="testHTTPDateRFC1123" time="0.001" />
    <testcase classname="NSDateHTTPTests" name="testHTTPDateRFC850" time="0.001" />
    <testcase classname="NSDateHTTPTests" name="testInvalidExplicitExpiration" time="0.001" />
    <testcase classname="NSDateHTTPTests" name="testPragmaNoCache" time="0.001" />
    <testcase classname="NSDateHTTPTests" name="testValidCacheControlHeader" time="0.010" />
    <testcase classname="NSDateHTTPTests" name="testValidExplicitExpiration" time="0.001" />
    <testcase classname="NSDateHTTPTests" name="testWithMissingDate" time="0.004" />
  </testsuite>
  <testsuite failures="0" name="NSDictionary_SPTTypeSafetyTests" tests="13">
    <testcase classname="NSDictionary_SPTTypeSafetyTests" name="testArrayForKeyWithObjectsOfClass" time="0.001" />
    <testcase classname="NSDictionary_SPTTypeSafetyTests" name="testBoolForKey" time="0.011" />
    <testcase classname="NSDictionary_SPTTypeSafetyTests" name="testDateForKey" time="0.001" />
    <testcase classname="NSDictionary_SPTTypeSafetyTests" name="testDateParsing" time="0.001" />
    <testcase classname="NSDictionary_SPTTypeSafetyTests" name="testDictionaryForKey" time="0.000" />
    <testcase classname="NSDictionary_SPTTypeSafetyTests" name="testNumberAndIntegerForKey" time="0.001" />
    <testcase classname="NSDictionary_SPTTypeSafetyTests" name="testSpotifyURIForKey" time="0.011" />
    <testcase classname="NSDictionary_SPTTypeSafetyTests" name="testStringForKey" time="0.001" />
    <testcase classname="NSDictionary_SPTTypeSafetyTests" name="testTransformedObjectFromDictionaryForKey" time="0.001" />
    <testcase classname="NSDictionary_SPTTypeSafetyTests" name="testTransformedObjectsFromArrayForKey" time="0.001" />
    <testcase classname="NSDictionary_SPTTypeSafetyTests" name="testTransformedObjectsFromDictionaryArrayForKey" time="0.000" />
    <testcase classname="NSDictionary_SPTTypeSafetyTests" name="testUnsignedIntegerForKeyForNegativeNumber" time="0.000" />
    <testcase classname="NSDictionary_SPTTypeSafetyTests" name="testURLForKey" time="0.000" />
  </testsuite>
  <testsuite failures="0" name="NSJSONSerializationAsyncTests" tests="6">
    <testcase classname="NSJSONSerializationAsyncTests" name="testAsyncDataWithJSONObject" time="0.001" />
    <testcase classname="NSJSONSerializationAsyncTests" name="testAsyncDataWithJSONObjectBgThreadCompletion" time="0.011" />
    <testcase classname="NSJSONSerializationAsyncTests" name="testAsyncDataWithJSONObjectMainThreadCompletion" time="0.001" />
    <testcase classname="NSJSONSerializationAsyncTests" name="testAsyncJSONObjectWithData" time="0.001" />
    <testcase classname="NSJSONSerializationAsyncTests" name="testAsyncJSONObjectWithDataBgThreadCompletion" time="0.001" />
    <testcase classname="NSJSONSerializationAsyncTests" name="testAsyncJSONObjectWithDataMainThreadCompletion" time="0.015" />
  </testsuite>
  <testsuite failures="0" name="NSStringSpotifyTests" tests="4">
    <testcase classname="NSStringSpotifyTests" name="testIdiomaticIdentifier" time="0.002" />
    <testcase classname="NSStringSpotifyTests" name="testSimpleHTMLConversion" time="0.004" />
    <testcase classname="NSStringSpotifyTests" name="testWhitespaceSquishing" time="0.000" />
    <testcase classname="NSStringSpotifyTests" name="testWhitespaceTrimming" time="0.004" />
  </testsuite>
  <testsuite failures="0" name="NSTimer_WeakTargetTests" tests="1">
    <testcase classname="NSTimer_WeakTargetTests" name="testTargetIsWeak" time="0.001" />
  </testsuite>
  <testsuite failures="0" name="NSURLQueryParamsTest" tests="19">
    <testcase classname="NSURLQueryParamsTest" name="testBlankURLQueryParameters" time="0.001" />
    <testcase classname="NSURLQueryParamsTest" name="testDeserializeArrayAndNullValues" time="0.001" />
    <testcase classname="NSURLQueryParamsTest" name="testDeserializeLastInWins" time="0.001" />
    <testcase classname="NSURLQueryParamsTest" name="testDeserializeUnescaping" time="0.000" />
    <testcase classname="NSURLQueryParamsTest" name="testMergeQueryParameters" time="0.001" />
    <testcase classname="NSURLQueryParamsTest" name="testMergeQueryParametersBlankParams" time="0.000" />
    <testcase classname="NSURLQueryParamsTest" name="testMergeQueryParametersBlankReplacement" time="0.001" />
    <testcase classname="NSURLQueryParamsTest" name="testMergeQueryParametersDoubleBlank" time="0.001" />
    <testcase classname="NSURLQueryParamsTest" name="testReplaceQueryParameters" time="0.001" />
    <testcase classname="NSURLQueryParamsTest" name="testReplaceQueryParametersBlankParams" time="0.000" />
    <testcase classname="NSURLQueryParamsTest" name="testReplaceQueryParametersBlankReplacement" time="0.000" />
    <testcase classname="NSURLQueryParamsTest" name="testReplaceQueryParametersDoubleBlank" time="0.001" />
    <testcase classname="NSURLQueryParamsTest" name="testSerializeArray" time="0.000" />
    <testcase classname="NSURLQueryParamsTest" name="testSerializeEscaping" time="0.000" />
    <testcase classname="NSURLQueryParamsTest" name="testSerializeKeyPairs" time="0.000" />
    <testcase classname="NSURLQueryParamsTest" name="testSerializeNullValues" time="0.000" />
    <testcase classname="NSURLQueryParamsTest" name="testSerializeNumbers" time="0.001" />
    <testcase classname="NSURLQueryParamsTest" name="testSerializeWithDummyObject" time="0.001" />
    <testcase classname="NSURLQueryParamsTest" name="testURLQueryParameters" time="0.001" />
  </testsuite>
  <testsuite failures="0" name="SPTCachingShadowGeneratorTests" tests="5">
    <testcase classname="SPTCachingShadowGeneratorTests" name="testCachesMultipleShadows" time="0.001" />
    <testcase classname="SPTCachingShadowGeneratorTests" name="testGenerationOfDifferentColours" time="0.001" />
    <testcase classname="SPTCachingShadowGeneratorTests" name="testGenerationOfDifferentSizes" time="0.001" />
    <testcase classname="SPTCachingShadowGeneratorTests" name="testGenerationOfDifferentWidths" time="0.000" />
    <testcase classname="SPTCachingShadowGeneratorTests" name="testRepeatedCallsWithSameParameters" time="0.001" />
  </testsuite>
  <testsuite failures="0" name="SPTDigestUtilityTests" tests="2">
    <testcase classname="SPTDigestUtilityTests" name="testSHA1FromData" time="0.001" />
    <testcase classname="SPTDigestUtilityTests" name="testSHA1FromString" time="0.001" />
  </testsuite>
  <testsuite failures="0" name="SPTEqualityUtilityTests" tests="3">
    <testcase classname="SPTEqualityUtilityTests" name="testShouldTreatEqualObjectsAsEqual" time="0.000" />
    <testcase classname="SPTEqualityUtilityTests" name="testShouldTreatNilAsEqual" time="0.000" />
    <testcase classname="SPTEqualityUtilityTests" name="testShouldTreatOneNilAndOneObjectAsDifferent" time="0.000" />
  </testsuite>
  <testsuite failures="0" name="SPTFunctionalTests" tests="2">
    <testcase classname="SPTFunctionalTests" name="testGroupBy" time="0.000" />
    <testcase classname="SPTFunctionalTests" name="testMap" time="0.000" />
  </testsuite>
  <testsuite failures="0" name="SPTHexUtilityTests" tests="5">
    <testcase classname="SPTHexUtilityTests" name="testBytesToHexNil" time="0.001" />
    <testcase classname="SPTHexUtilityTests" name="testHexToDataInvalidState" time="0.000" />
    <testcase classname="SPTHexUtilityTests" name="testHexToDataMixedCase" time="0.000" />
    <testcase classname="SPTHexUtilityTests" name="testHexToDataNil" time="0.000" />
    <testcase classname="SPTHexUtilityTests" name="testRandomOrgBinary" time="0.015" />
  </testsuite>
  <testsuite failures="0" name="SPTObjectDescriptionTests" tests="5">
    <testcase classname="SPTObjectDescriptionTests" name="testClass" time="0.001" />
    <testcase classname="SPTObjectDescriptionTests" name="testDescription" time="0.001" />
    <testcase classname="SPTObjectDescriptionTests" name="testNonNSObject" time="0.001" />
    <testcase classname="SPTObjectDescriptionTests" name="testPlaceholderString" time="0.009" />
    <testcase classname="SPTObjectDescriptionTests" name="testTruncation" time="0.001" />
  </testsuite>
  <testsuite failures="0" name="SPTObserverManagerTests" tests="2">
    <testcase classname="SPTObserverManagerTests" name="testAsyncronousCalls" time="0.004" />
    <testcase classname="SPTObserverManagerTests" name="testForwardsToObservers" time="0.001" />
  </testsuite>
  <testsuite failures="0" name="SPTObserverNotifierProxyTests" tests="2">
    <testcase classname="SPTObserverNotifierProxyTests" name="testAsyncronousCalls" time="0.001" />
    <testcase classname="SPTObserverNotifierProxyTests" name="testNilDelegate" time="0.000" />
  </testsuite>
  <testsuite failures="0" name="SPTSimpleDiskCacheTests" tests="9">
    <testcase classname="SPTSimpleDiskCacheTests" name="testAsyncDelete" time="1.191" />
    <testcase classname="SPTSimpleDiskCacheTests" name="testAsyncOperations" time="0.197" />
    <testcase classname="SPTSimpleDiskCacheTests" name="testAsyncSave" time="0.692" />
    <testcase classname="SPTSimpleDiskCacheTests" name="testBasicStringSaving" time="0.057" />
    <testcase classname="SPTSimpleDiskCacheTests" name="testBasicTypes" time="0.003" />
    <testcase classname="SPTSimpleDiskCacheTests" name="testContainerTypes" time="0.004" />
    <testcase classname="SPTSimpleDiskCacheTests" name="testDelete" time="0.002" />
    <testcase classname="SPTSimpleDiskCacheTests" name="testInvalidTypes" time="0.001" />
    <testcase classname="SPTSimpleDiskCacheTests" name="testPeformance" time="1.877" />
  </testsuite>
  <testsuite failures="0" name="SpotifyUtilityTests" tests="2">
    <testcase classname="SpotifyUtilityTests" name="testFindIpAddress" time="0.001" />
    <testcase classname="SpotifyUtilityTests" name="testNotFoundIpAddress" time="0.000" />
  </testsuite>
  <testsuite failures="0" name="UIImageAsycTests" tests="6">
    <testcase classname="UIImageAsycTests" name="testDataWithContentsOfURL" time="0.006" />
    <testcase classname="UIImageAsycTests" name="testDataWithContentsOfURLBgThreadCompletion" time="0.001" />
    <testcase classname="UIImageAsycTests" name="testDataWithContentsOfURLMainThreadCompletion" time="0.000" />
    <testcase classname="UIImageAsycTests" name="testDataWithContentsOfURLScale" time="0.001" />
    <testcase classname="UIImageAsycTests" name="testDataWithContentsOfURLScaleBgThreadCompletion" time="0.001" />
    <testcase classname="UIImageAsycTests" name="testDataWithContentsOfURLScaleMainThreadCompletion" time="0.010" />
  </testsuite>
  <testsuite failures="0" name="CellularSyncSettingsSectionTest" tests="2">
    <testcase classname="CellularSyncSettingsSectionTest" name="testShouldInvokeUpsellForSyncOver3gIfNotEligibleForOffline" time="0.046" />
    <testcase classname="CellularSyncSettingsSectionTest" name="testShouldNotInvokeSyncOver3gIfNotEligibleForSyncOver3gButShowsCollectionEnabled" time="0.024" />
  </testsuite>
  <testsuite failures="0" name="LicensesSettingsSectionTest" tests="1">
    <testcase classname="LicensesSettingsSectionTest" name="testSelectingFirstRowOpensCorrectViewController" time="0.012" />
  </testsuite>
  <testsuite failures="0" name="LogoutSettingsSectionTest" tests="4">
    <testcase classname="LogoutSettingsSectionTest" name="testLogoutTitleForFacebookUseWithMixedIdNotLoaded" time="0.012" />
    <testcase classname="LogoutSettingsSectionTest" name="testLogoutTitleForNonloadedUser" time="0.019" />
    <testcase classname="LogoutSettingsSectionTest" name="testLogoutTitleForUserFullyLoaded" time="0.012" />
    <testcase classname="LogoutSettingsSectionTest" name="testLogoutTitleForUserNotLoaded" time="0.009" />
  </testsuite>
  <testsuite failures="0" name="OfflineSettingsSectionTest" tests="9">
    <testcase classname="OfflineSettingsSectionTest" name="testDontShowGoOfflineCellIfUserIsOfflineAndHasNoOfflineLists" time="0.022" />
    <testcase classname="OfflineSettingsSectionTest" name="testFetchOfflineExpiryTimeInterval" time="0.023" />
    <testcase classname="OfflineSettingsSectionTest" name="testFooterText" time="0.024" />
    <testcase classname="OfflineSettingsSectionTest" name="testFooterTextWithShowsEnabled" time="0.021" />
    <testcase classname="OfflineSettingsSectionTest" name="testGoOfflineDoesNotDeleteRowsThatDoNotExist" time="0.022" />
    <testcase classname="OfflineSettingsSectionTest" name="testGoOfflineWithinHasSomeDuration" time="0.024" />
    <testcase classname="OfflineSettingsSectionTest" name="testShouldDisplayInSettingsViewController" time="0.022" />
    <testcase classname="OfflineSettingsSectionTest" name="testShouldInvokeUpsellForOfflineIfNotEligibleForOffline" time="0.021" />
    <testcase classname="OfflineSettingsSectionTest" name="testShouldNotInvokeUpsellForOfflineIfNotEligibleForOfflineButShowsCollectionEnabled" time="0.023" />
  </testsuite>
  <testsuite failures="0" name="PublishActivitySettingsSectionTest" tests="2">
    <testcase classname="PublishActivitySettingsSectionTest" name="testNotNil" time="0.022" />
    <testcase classname="PublishActivitySettingsSectionTest" name="testSwitchChangedSetsProductState" time="0.020" />
  </testsuite>
  <testsuite failures="0" name="SPTClientSettingsImplementationTest" tests="3">
    <testcase classname="SPTClientSettingsImplementationTest" name="testSettingLastFMEnabledCallsSessionToToggleLastFMScrobbler" time="0.015" />
    <testcase classname="SPTClientSettingsImplementationTest" name="testSettingLastFMPasswordCallsSessionToToggleLastFMScrobbler" time="0.015" />
    <testcase classname="SPTClientSettingsImplementationTest" name="testSettingLastFMUsernameCallsSessionToToggleLastFMScrobbler" time="0.016" />
  </testsuite>
  <testsuite failures="0" name="SPTFeatureSettingsItemTest" tests="1">
    <testcase classname="SPTFeatureSettingsItemTest" name="testStateRestoration_IOS10659" time="0.012" />
  </testsuite>
  <testsuite failures="0" name="SPTFeatureSettingsPageViewControllerTest" tests="2">
    <testcase classname="SPTFeatureSettingsPageViewControllerTest" name="testItemsEmpty" time="0.009" />
    <testcase classname="SPTFeatureSettingsPageViewControllerTest" name="testItemsNil" time="0.008" />
  </testsuite>
  <testsuite failures="0" name="SPTOfflineContentViewModelTest" tests="5">
    <testcase classname="SPTOfflineContentViewModelTest" name="testClearAllFiles" time="0.018" />
    <testcase classname="SPTOfflineContentViewModelTest" name="testClearCachedFiles" time="0.010" />
    <testcase classname="SPTOfflineContentViewModelTest" name="testClearOfflineFiles" time="0.009" />
    <testcase classname="SPTOfflineContentViewModelTest" name="testLoad" time="0.010" />
    <testcase classname="SPTOfflineContentViewModelTest" name="testLoadWithCompletion" time="0.010" />
  </testsuite>
  <testsuite failures="0" name="SPTOptInManagerTest" tests="4">
    <testcase classname="SPTOptInManagerTest" name="testDoNotPresentIfDisabled" time="0.008" />
    <testcase classname="SPTOptInManagerTest" name="testDoNotPresentIfDormantAndEnabled" time="0.011" />
    <testcase classname="SPTOptInManagerTest" name="testPresentIfEnabled" time="0.009" />
    <testcase classname="SPTOptInManagerTest" name="testPresentIfEnabledAndDormantTimeHasPassed" time="0.009" />
  </testsuite>
  <testsuite failures="0" name="SyncQualitySettingsSectionTest" tests="1">
    <testcase classname="SyncQualitySettingsSectionTest" name="testFetchNumberOfOfflineLists" time="0.030" />
  </testsuite>
  <testsuite failures="0" name="SPTBannerItemTests" tests="5">
    <testcase classname="SPTBannerItemTests" name="testEquality" time="0.008" />
    <testcase classname="SPTBannerItemTests" name="testInequality" time="0.008" />
    <testcase classname="SPTBannerItemTests" name="testInitialization" time="0.008" />
    <testcase classname="SPTBannerItemTests" name="testPresentationDurationNonNegative" time="0.008" />
    <testcase classname="SPTBannerItemTests" name="testPriorityWithinBounds" time="0.007" />
  </testsuite>
  <testsuite failures="0" name="SPTBannerPresentationManagerImplementationTests" tests="24">
    <testcase classname="SPTBannerPresentationManagerImplementationTests" name="testBannerActionButtonTapLoggedAsUserHit" time="0.034" />
    <testcase classname="SPTBannerPresentationManagerImplementationTests" name="testBannerCloseButtonTapLoggedAsUserHit" time="0.012" />
    <testcase classname="SPTBannerPresentationManagerImplementationTests" name="testEnqueueBannerItemsPresentsThemInCorrectOrder" time="0.014" />
    <testcase classname="SPTBannerPresentationManagerImplementationTests" name="testIsBannerTicketMoreImportantThanOtherBannerTicket" time="0.010" />
    <testcase classname="SPTBannerPresentationManagerImplementationTests" name="testItemIsPresentedIfQueueIsEmpty" time="0.011" />
    <testcase classname="SPTBannerPresentationManagerImplementationTests" name="testPresentingBannerLoggedAsUserImpression" time="0.013" />
    <testcase classname="SPTBannerPresentationManagerImplementationTests" name="testPrioritySortingBlock" time="0.007" />
    <testcase classname="SPTBannerPresentationManagerImplementationTests" name="testPushTicketOntoQueue" time="0.005" />
    <testcase classname="SPTBannerPresentationManagerImplementationTests" name="testQueueContainsNoDuplicates" time="0.006" />
    <testcase classname="SPTBannerPresentationManagerImplementationTests" name="testQueueIsEmptyInitially" time="0.007" />
    <testcase classname="SPTBannerPresentationManagerImplementationTests" name="testRemoveTicketFromQueue" time="0.005" />
    <testcase classname="SPTBannerPresentationManagerImplementationTests" name="testShouldBePresentedWhenCurrentTicketWillBeDismissed" time="0.005" />
    <testcase classname="SPTBannerPresentationManagerImplementationTests" name="testShouldBePresentedWhenHigherPriority" time="0.007" />
    <testcase classname="SPTBannerPresentationManagerImplementationTests" name="testShouldBePresentedWhenLowrPriorityButTemporary" time="0.005" />
    <testcase classname="SPTBannerPresentationManagerImplementationTests" name="testShouldBePresentedWhenNoBannerIsPresented" time="0.005" />
    <testcase classname="SPTBannerPresentationManagerImplementationTests" name="testShouldNotBePresentedWhenLowrPriorityAboveTemporaryThreshold" time="0.005" />
    <testcase classname="SPTBannerPresentationManagerImplementationTests" name="testShouldNotBePresentedWhenNextIsNil" time="0.005" />
    <testcase classname="SPTBannerPresentationManagerImplementationTests" name="testShouldNotRequeueAnyTicketIsNil" time="0.005" />
    <testcase classname="SPTBannerPresentationManagerImplementationTests" name="testShouldNotRequeueCurrentWhenHasDurationAndNextIsMoreImportant" time="0.006" />
    <testcase classname="SPTBannerPresentationManagerImplementationTests" name="testShouldRequeueCurrentWhenDurationIsForeverAndNextIsMoreImportant" time="0.005" />
    <testcase classname="SPTBannerPresentationManagerImplementationTests" name="testShouldRequeueCurrentWhenNextIsLessImportantButForever" time="0.005" />
    <testcase classname="SPTBannerPresentationManagerImplementationTests" name="testShouldRequeueCurrentWhenNextIsLessImportantButTemporary" time="0.005" />
    <testcase classname="SPTBannerPresentationManagerImplementationTests" name="testShoulNotdBePresentedWhenHigherPriorityButCurrentIsTemporary" time="0.005" />
    <testcase classname="SPTBannerPresentationManagerImplementationTests" name="testSortQueue" time="0.005" />
  </testsuite>
  <testsuite failures="0" name="SPTInstrumentationAppFocusStateMonitorTest" tests="12">
    <testcase classname="SPTInstrumentationAppFocusStateMonitorTest" name="testDebouncing" time="0.012" />
    <testcase classname="SPTInstrumentationAppFocusStateMonitorTest" name="testDefaultState" time="0.009" />
    <testcase classname="SPTInstrumentationAppFocusStateMonitorTest" name="testLoggingOut" time="0.008" />
    <testcase classname="SPTInstrumentationAppFocusStateMonitorTest" name="testLoggingOutWhilePlaying" time="0.008" />
    <testcase classname="SPTInstrumentationAppFocusStateMonitorTest" name="testPausingAndResumingInBackground" time="0.010" />
    <testcase classname="SPTInstrumentationAppFocusStateMonitorTest" name="testPausingAndResumingInForeground" time="0.010" />
    <testcase classname="SPTInstrumentationAppFocusStateMonitorTest" name="testPausingInBackground" time="0.010" />
    <testcase classname="SPTInstrumentationAppFocusStateMonitorTest" name="testStoppingInBackground" time="0.009" />
    <testcase classname="SPTInstrumentationAppFocusStateMonitorTest" name="testSwitching" time="0.009" />
    <testcase classname="SPTInstrumentationAppFocusStateMonitorTest" name="testSwitchingWhilePlaying" time="0.009" />
    <testcase classname="SPTInstrumentationAppFocusStateMonitorTest" name="testSwitchingWhilePlayingRemotely" time="0.009" />
    <testcase classname="SPTInstrumentationAppFocusStateMonitorTest" name="testTerminatingWhilePlaying" time="0.009" />
  </testsuite>
  <testsuite failures="0" name="SPTInstrumentationAutoPoppingStackedPageStreamTest" tests="3">
    <testcase classname="SPTInstrumentationAutoPoppingStackedPageStreamTest" name="testBasicLayering" time="0.026" />
    <testcase classname="SPTInstrumentationAutoPoppingStackedPageStreamTest" name="testComplexLayering" time="0.010" />
    <testcase classname="SPTInstrumentationAutoPoppingStackedPageStreamTest" name="testSimpleForwarding" time="0.008" />
  </testsuite>
  <testsuite failures="0" name="SPTInstrumentationLoggerTests" tests="5">
    <testcase classname="SPTInstrumentationLoggerTests" name="testNotePageNameReportsNullString" time="0.008" />
    <testcase classname="SPTInstrumentationLoggerTests" name="testNotePageViewWithKnwonPageIdentifierReportsCorrectCoverage" time="0.012" />
    <testcase classname="SPTInstrumentationLoggerTests" name="testNotePageViewWithUnknwonLegacyHubPageIdentifierReportsCorrectCoverage" time="0.011" />
    <testcase classname="SPTInstrumentationLoggerTests" name="testNotePageViewWithUnknwonPageIdentifierReportsCorrectCoverage" time="0.008" />
    <testcase classname="SPTInstrumentationLoggerTests" name="testNotePageViewWithUnknwonUncoveredPageIdentifierReportsCorrectCoverage" time="0.009" />
  </testsuite>
  <testsuite failures="0" name="SPTInstrumentationModalPageContainerTests" tests="5">
    <testcase classname="SPTInstrumentationModalPageContainerTests" name="testInitWithModalViewControllerPageContainerSetsCurrentPageControllerCorrectly" time="0.009" />
    <testcase classname="SPTInstrumentationModalPageContainerTests" name="testInitWithModalViewControllerSetsCurrentPageToUncoveredPlaceholder" time="0.009" />
    <testcase classname="SPTInstrumentationModalPageContainerTests" name="testInitWithModalViewControllerUncoveredPlaceHolderNameIsCorrect" time="0.011" />
    <testcase classname="SPTInstrumentationModalPageContainerTests" name="testInitWithNilModalViewControllerThrows" time="0.008" />
    <testcase classname="SPTInstrumentationModalPageContainerTests" name="testPageContainerConformsToPageContainerProtocol" time="0.009" />
  </testsuite>
  <testsuite failures="0" name="SPTInstrumentationModalPresentationMonitorTests" tests="3">
    <testcase classname="SPTInstrumentationModalPresentationMonitorTests" name="testDidDismissModalViewControllerPopsPageStreamForLastPresentedViewController" time="0.010" />
    <testcase classname="SPTInstrumentationModalPresentationMonitorTests" name="testDidDismissModalViewControllerWithNoKnownLastModalPageStreamDoesNothing" time="0.010" />
    <testcase classname="SPTInstrumentationModalPresentationMonitorTests" name="testPresentModalViewControllerPushesNewPageStreamOntoPageStream" time="0.009" />
  </testsuite>
  <testsuite failures="0" name="SPTInstrumentationNavigationPageContainerTests" tests="4">
    <testcase classname="SPTInstrumentationNavigationPageContainerTests" name="testCurrentPageControllerKVO" time="0.012" />
    <testcase classname="SPTInstrumentationNavigationPageContainerTests" name="testDidNavigateToNonPageControllerSetsCurrentPageController" time="0.009" />
    <testcase classname="SPTInstrumentationNavigationPageContainerTests" name="testDidNavigateToPageControllerSetsCurrentPageController" time="0.009" />
    <testcase classname="SPTInstrumentationNavigationPageContainerTests" name="testNavigationManagerDelegateIsSetCorrectly" time="0.011" />
  </testsuite>
  <testsuite failures="0" name="SPTInstrumentationPageContainerPageStreamTest" tests="3">
    <testcase classname="SPTInstrumentationPageContainerPageStreamTest" name="testBackdatingAndResolution" time="0.009" />
    <testcase classname="SPTInstrumentationPageContainerPageStreamTest" name="testMultiplePages" time="0.009" />
    <testcase classname="SPTInstrumentationPageContainerPageStreamTest" name="testMultiplePagesKVO" time="0.012" />
  </testsuite>
  <testsuite failures="0" name="SPTInstrumentationPageContainerStackPageStreamTest" tests="1">
    <testcase classname="SPTInstrumentationPageContainerStackPageStreamTest" name="testComplexLayering" time="0.010" />
  </testsuite>
  <testsuite failures="0" name="SPTInstrumentationPageStreamFactoryTests" tests="2">
    <testcase classname="SPTInstrumentationPageStreamFactoryTests" name="testModalPageStreamReturnsValidInstance" time="0.012" />
    <testcase classname="SPTInstrumentationPageStreamFactoryTests" name="testUnifedPageStreamReturnsValidInstance" time="0.010" />
  </testsuite>
  <testsuite failures="0" name="SPTInstrumentationPageStreamObserverTests" tests="1">
    <testcase classname="SPTInstrumentationPageStreamObserverTests" name="testCurrentPageViewDidChangeWithExperimentalIdentiferCallsMessageHandler" time="0.010" />
  </testsuite>
  <testsuite failures="0" name="SPTInstrumentationPageTest" tests="6">
    <testcase classname="SPTInstrumentationPageTest" name="testDoubleResolveThrows" time="0.009" />
    <testcase classname="SPTInstrumentationPageTest" name="testResolutionKVO" time="0.009" />
    <testcase classname="SPTInstrumentationPageTest" name="testResolveAction" time="0.008" />
    <testcase classname="SPTInstrumentationPageTest" name="testResolvedPage" time="0.008" />
    <testcase classname="SPTInstrumentationPageTest" name="testTimeGatedPage" time="0.009" />
    <testcase classname="SPTInstrumentationPageTest" name="testUnresolvedPage" time="0.008" />
  </testsuite>
  <testsuite failures="0" name="SPTInstrumentationServiceTests" tests="1">
    <testcase classname="SPTInstrumentationServiceTests" name="testModalPresentationManagerReturnsValidObject" time="0.012" />
  </testsuite>
  <testsuite failures="0" name="SPTPageInstrumentationPageControllerIntegrationTest" tests="12">
    <testcase classname="SPTPageInstrumentationPageControllerIntegrationTest" name="testAsynchronousToAsynchronousVC" time="0.012" />
    <testcase classname="SPTPageInstrumentationPageControllerIntegrationTest" name="testAsynchronousToAsynchronousVCButLeaveBeforeDataLoads" time="0.012" />
    <testcase classname="SPTPageInstrumentationPageControllerIntegrationTest" name="testAsynchronousToSynchronousVC" time="0.021" />
    <testcase classname="SPTPageInstrumentationPageControllerIntegrationTest" name="testAsynchronousToSynchronousVCButLeaveBeforeDataLoads" time="0.009" />
    <testcase classname="SPTPageInstrumentationPageControllerIntegrationTest" name="testBothVCsInstrumented" time="0.011" />
    <testcase classname="SPTPageInstrumentationPageControllerIntegrationTest" name="testCoverageLogging" time="0.009" />
    <testcase classname="SPTPageInstrumentationPageControllerIntegrationTest" name="testNoVCInstrumented" time="0.009" />
    <testcase classname="SPTPageInstrumentationPageControllerIntegrationTest" name="testOnlyFromVCInstrumented" time="0.011" />
    <testcase classname="SPTPageInstrumentationPageControllerIntegrationTest" name="testOnlyToVCInstrumented" time="0.009" />
    <testcase classname="SPTPageInstrumentationPageControllerIntegrationTest" name="testSynchronousToAsynchronousVC" time="0.010" />
    <testcase classname="SPTPageInstrumentationPageControllerIntegrationTest" name="testSynchronousToAsynchronousVCButLeaveBeforeDataLoads" time="0.012" />
    <testcase classname="SPTPageInstrumentationPageControllerIntegrationTest" name="testVisitAsynchronousVCTwiceButLeaveBeforeDataLoads" time="0.010" />
  </testsuite>
  <testsuite failures="0" name="SPTAppProtocolAndECPSearchQueryTests" tests="1">
    <testcase classname="SPTAppProtocolAndECPSearchQueryTests" name="testSearchQuery" time="0.013" />
  </testsuite>
  <testsuite failures="0" name="SPTAppProtocolCapabilitiesTests" tests="4">
    <testcase classname="SPTAppProtocolCapabilitiesTests" name="testGetCapabilitiesCallReturnsCapabilities" time="0.015" />
    <testcase classname="SPTAppProtocolCapabilitiesTests" name="testOnDemandProductPermissionGivesOnDemandCapability" time="0.008" />
    <testcase classname="SPTAppProtocolCapabilitiesTests" name="testShuffleProductPermissionDoesNotGiveOnDemandCapability" time="0.009" />
    <testcase classname="SPTAppProtocolCapabilitiesTests" name="testSubscription" time="0.114" />
  </testsuite>
  <testsuite failures="0" name="SPTAppProtocolNotifyAdsFeatureTests" tests="2">
    <testcase classname="SPTAppProtocolNotifyAdsFeatureTests" name="testThatWeInformTheAdsFeatureWhenSomethingConnectsViaInterAppProtocol" time="0.009" />
    <testcase classname="SPTAppProtocolNotifyAdsFeatureTests" name="testThatWeInformTheAdsFeatureWhenSomethingDisconnectsViaInterAppProtocol" time="0.008" />
  </testsuite>
  <testsuite failures="0" name="SPTAppProtocolPlayQueueTests" tests="1">
    <testcase classname="SPTAppProtocolPlayQueueTests" name="testGetNextTracks" time="0.012" />
  </testsuite>
  <testsuite failures="0" name="SPTAppProtocolPlayUriTests" tests="4">
    <testcase classname="SPTAppProtocolPlayUriTests" name="testCallbackForValidRequest" time="0.009" />
    <testcase classname="SPTAppProtocolPlayUriTests" name="testErrorReturnedIfInternalError" time="0.008" />
    <testcase classname="SPTAppProtocolPlayUriTests" name="testErrorThrownForInvalidUri" time="0.007" />
    <testcase classname="SPTAppProtocolPlayUriTests" name="testSongPlayedWithValidUri" time="0.005" />
  </testsuite>
  <testsuite failures="0" name="SPTAppProtocolPlayerStatusTests" tests="7">
    <testcase classname="SPTAppProtocolPlayerStatusTests" name="testConstructResultMessageWithOriginalRequestID" time="0.006" />
    <testcase classname="SPTAppProtocolPlayerStatusTests" name="testCurrentPlayerStateRepresentationOfPlaybackStatus" time="0.014" />
    <testcase classname="SPTAppProtocolPlayerStatusTests" name="testEmptyAlbumUri" time="0.009" />
    <testcase classname="SPTAppProtocolPlayerStatusTests" name="testEmptyArtistUri" time="0.010" />
    <testcase classname="SPTAppProtocolPlayerStatusTests" name="testEmptyTrackDisplayName" time="0.009" />
    <testcase classname="SPTAppProtocolPlayerStatusTests" name="testEmptyTrackUri" time="0.007" />
    <testcase classname="SPTAppProtocolPlayerStatusTests" name="testTokenLostEvent" time="0.007" />
  </testsuite>
  <testsuite failures="0" name="SPTAppProtocolSessionStateTests" tests="1">
    <testcase classname="SPTAppProtocolSessionStateTests" name="testGetSessionStateReturnContent" time="0.011" />
  </testsuite>
  <testsuite failures="0" name="SPTProtocolLibraryApiTests" tests="3">
    <testcase classname="SPTProtocolLibraryApiTests" name="testGetSaved" time="0.012" />
    <testcase classname="SPTProtocolLibraryApiTests" name="testGetSavedNoTrack" time="0.010" />
    <testcase classname="SPTProtocolLibraryApiTests" name="testSetSaved" time="0.009" />
  </testsuite>
  <testsuite failures="0" name="SPTSpotifyAppProtocolURIRegistrationServiceTests" tests="2">
    <testcase classname="SPTSpotifyAppProtocolURIRegistrationServiceTests" name="testHandlePressPlay" time="0.008" />
    <testcase classname="SPTSpotifyAppProtocolURIRegistrationServiceTests" name="testNoWakeupHandler" time="0.007" />
  </testsuite>
  <testsuite failures="0" name="SPTSpotifyAppProtocolWakeupRemoteAudioHandlerTests" tests="3">
    <testcase classname="SPTSpotifyAppProtocolWakeupRemoteAudioHandlerTests" name="testHandlesURIAndOpensCallback" time="0.016" />
    <testcase classname="SPTSpotifyAppProtocolWakeupRemoteAudioHandlerTests" name="testHandlesURIButResumeFailsAndOpensCallback" time="0.022" />
    <testcase classname="SPTSpotifyAppProtocolWakeupRemoteAudioHandlerTests" name="testHandlesURIWithNoCallback" time="0.015" />
  </testsuite>
  <testsuite failures="0" name="SPTGLUECarouselHubComponentTests" tests="5">
    <testcase classname="SPTGLUECarouselHubComponentTests" name="testCalculateItemSizeForModelDisplayingFourItemsScalesItemSizeDownCorrectlyToMeetGlueCarouselDisplayRules" time="0.017" />
    <testcase classname="SPTGLUECarouselHubComponentTests" name="testCalculateItemSizeForModelDisplayingTwoItemsScalesItemSizeDownCorrectlyToMeetGlueCarouselDisplayRules" time="0.015" />
    <testcase classname="SPTGLUECarouselHubComponentTests" name="testChildDelegateNotifiedWhenAnItemDidAppear" time="0.010" />
    <testcase classname="SPTGLUECarouselHubComponentTests" name="testChildDelegateNotifiedWhenAnItemDidDisappear" time="0.008" />
    <testcase classname="SPTGLUECarouselHubComponentTests" name="testLoadViewCreatesCollectionViewWithCorrectMinimumLineSpacingFromTheme" time="0.007" />
  </testsuite>
  <testsuite failures="0" name="SPTGLUEHubComponentEntityStyleTests" tests="8">
    <testcase classname="SPTGLUEHubComponentEntityStyleTests" name="testAlbumStyle" time="0.008" />
    <testcase classname="SPTGLUEHubComponentEntityStyleTests" name="testArtistRadioStyle" time="0.006" />
    <testcase classname="SPTGLUEHubComponentEntityStyleTests" name="testArtistStyle" time="0.005" />
    <testcase classname="SPTGLUEHubComponentEntityStyleTests" name="testGenreRadioStyle" time="0.008" />
    <testcase classname="SPTGLUEHubComponentEntityStyleTests" name="testPlaylistStyle" time="0.008" />
    <testcase classname="SPTGLUEHubComponentEntityStyleTests" name="testPodcastStyle" time="0.007" />
    <testcase classname="SPTGLUEHubComponentEntityStyleTests" name="testUnknownStyle" time="0.008" />
    <testcase classname="SPTGLUEHubComponentEntityStyleTests" name="testUserStyle" time="0.007" />
  </testsuite>
  <testsuite failures="0" name="SPTGLUEHubComponentFactoryTests" tests="1">
    <testcase classname="SPTGLUEHubComponentFactoryTests" name="testAllComponentsInheritFromThemableComponent" time="0.009" />
  </testsuite>
  <testsuite failures="0" name="SPTGLUEHubComponentFallbackHandlerTests" tests="2">
    <testcase classname="SPTGLUEHubComponentFallbackHandlerTests" name="testComponentReturnedForUnknownCategory" time="0.020" />
    <testcase classname="SPTGLUEHubComponentFallbackHandlerTests" name="testFallbackComponentsForStandardCategoriesHaveReasonableLayoutTraits" time="0.007" />
  </testsuite>
  <testsuite failures="0" name="SPTGLUEHubComponentLayoutManagerTests" tests="7">
    <testcase classname="SPTGLUEHubComponentLayoutManagerTests" name="testReturningDefaultHorizontalMarginBetweenComponentsWithCompactAndStackableLayoutTraits" time="0.005" />
    <testcase classname="SPTGLUEHubComponentLayoutManagerTests" name="testReturningInfiniteHorizontalMarginForCenteredComponentAfterNotCenteredOne" time="0.008" />
    <testcase classname="SPTGLUEHubComponentLayoutManagerTests" name="testReturningInfiniteHorizontalMarginForNotCenteredComponentAfterCenteredOne" time="0.008" />
    <testcase classname="SPTGLUEHubComponentLayoutManagerTests" name="testReturningOffsetForCenteringComponentsIfAllLayoutTraitsContainLayoutTraitCentered" time="0.008" />
    <testcase classname="SPTGLUEHubComponentLayoutManagerTests" name="testReturningZeroHorizontalMarginBetweenComponentsWithFullWidthAndCenteredLayoutTraits" time="0.007" />
    <testcase classname="SPTGLUEHubComponentLayoutManagerTests" name="testReturningZeroOffsetForEmptyLayoutTraitsArray" time="0.005" />
    <testcase classname="SPTGLUEHubComponentLayoutManagerTests" name="testReturningZeroOffsetIfNotAllLayoutTraitsContainLayoutTraitCentered" time="0.007" />
  </testsuite>
  <testsuite failures="0" name="SPTLogCenterTests" tests="6">
    <testcase classname="SPTLogCenterTests" name="testDoNotLogBrowseLinkWithoutSourceAndUTMParameters" time="0.001" />
    <testcase classname="SPTLogCenterTests" name="testLogBrowseLinkWithSourceButNoUTMParameters" time="0.001" />
    <testcase classname="SPTLogCenterTests" name="testLogBrowseLinkWithUTMCampaignButNoSource" time="0.001" />
    <testcase classname="SPTLogCenterTests" name="testLogBrowseLinkWithUTMMediumButNoSource" time="0.000" />
    <testcase classname="SPTLogCenterTests" name="testLogBrowseLinkWithUTMParameters" time="0.001" />
    <testcase classname="SPTLogCenterTests" name="testLogBrowseLinkWithUTMSourceButNoSource" time="0.000" />
  </testsuite>
  <testsuite failures="0" name="SPTLogMessageBuilderTest" tests="14">
    <testcase classname="SPTLogMessageBuilderTest" name="testEncodeBooleanFalse" time="0.000" />
    <testcase classname="SPTLogMessageBuilderTest" name="testEncodeBooleanTrue" time="0.000" />
    <testcase classname="SPTLogMessageBuilderTest" name="testEncodeData" time="0.000" />
    <testcase classname="SPTLogMessageBuilderTest" name="testEncodeDouble" time="0.001" />
    <testcase classname="SPTLogMessageBuilderTest" name="testEncodeIDAndVersion" time="0.001" />
    <testcase classname="SPTLogMessageBuilderTest" name="testEncodeListOfNumbers" time="0.001" />
    <testcase classname="SPTLogMessageBuilderTest" name="testEncodeListOfSillyStrings" time="0.000" />
    <testcase classname="SPTLogMessageBuilderTest" name="testEncodeListOfStrings" time="0.000" />
    <testcase classname="SPTLogMessageBuilderTest" name="testEncodeLongLong" time="0.000" />
    <testcase classname="SPTLogMessageBuilderTest" name="testEncodeStringSimple" time="0.001" />
    <testcase classname="SPTLogMessageBuilderTest" name="testEncodeStringWithAstralPlaneUnicode" time="0.001" />
    <testcase classname="SPTLogMessageBuilderTest" name="testEncodeStringWithAstralPlaneUnicodeBytes" time="0.001" />
    <testcase classname="SPTLogMessageBuilderTest" name="testEncodeStringWithTab" time="0.001" />
    <testcase classname="SPTLogMessageBuilderTest" name="testEncodeStringWithUnicode" time="0.001" />
  </testsuite>
  <testsuite failures="0" name="SPTLogMessageTest" tests="1">
    <testcase classname="SPTLogMessageTest" name="testLogMessageSerialization" time="0.001" />
  </testsuite>
  <testsuite failures="0" name="SPTStartupTracerTests" tests="2">
    <testcase classname="SPTStartupTracerTests" name="testLogAppStartupWithStepNameHelper" time="0.001" />
    <testcase classname="SPTStartupTracerTests" name="testSequenceId" time="0.016" />
  </testsuite>
  <testsuite failures="0" name="SPTViewLoggerTests" tests="9">
    <testcase classname="SPTViewLoggerTests" name="testDuplicateEnterLeaveAreNoops" time="0.001" />
    <testcase classname="SPTViewLoggerTests" name="testLogOnDestructionWhenEntered" time="0.001" />
    <testcase classname="SPTViewLoggerTests" name="testLogOnDestructionWhenNotEntered" time="0.001" />
    <testcase classname="SPTViewLoggerTests" name="testLogViewDataLoadedWithError" time="0.001" />
    <testcase classname="SPTViewLoggerTests" name="testLogViewLeave" time="0.001" />
    <testcase classname="SPTViewLoggerTests" name="testLogWillEnterNotification" time="0.001" />
    <testcase classname="SPTViewLoggerTests" name="testNotificationListeners" time="0.001" />
    <testcase classname="SPTViewLoggerTests" name="testViewLoadingCancelled" time="0.001" />
    <testcase classname="SPTViewLoggerTests" name="testViewLoadingCancelledLogNotSentForViewNotStartedLoading" time="0.000" />
  </testsuite>
  <testsuite failures="0" name="SPTNaturalLanguageSearchFeatureImplementationTests" tests="2">
    <testcase classname="SPTNaturalLanguageSearchFeatureImplementationTests" name="testProvideClassifier" time="0.009" />
    <testcase classname="SPTNaturalLanguageSearchFeatureImplementationTests" name="testProvideResultsLoader" time="0.005" />
  </testsuite>
  <testsuite failures="0" name="SPTNaturalLanguageSearchQueryClassifierImplementationTests" tests="1">
    <testcase classname="SPTNaturalLanguageSearchQueryClassifierImplementationTests" name="testIsQueryNaturalLanguage" time="0.005" />
  </testsuite>
  <testsuite failures="0" name="SPTNaturalLanguageSearchResultsDictionaryParserImplementationTests" tests="26">
    <testcase classname="SPTNaturalLanguageSearchResultsDictionaryParserImplementationTests" name="testFilterEntityTypeShouldOnlyReturnThatType" time="0.009" />
    <testcase classname="SPTNaturalLanguageSearchResultsDictionaryParserImplementationTests" name="testShouldReturnAlbums" time="0.008" />
    <testcase classname="SPTNaturalLanguageSearchResultsDictionaryParserImplementationTests" name="testShouldReturnArtists" time="0.008" />
    <testcase classname="SPTNaturalLanguageSearchResultsDictionaryParserImplementationTests" name="testShouldReturnPauseIntent" time="0.008" />
    <testcase classname="SPTNaturalLanguageSearchResultsDictionaryParserImplementationTests" name="testShouldReturnPlayIntent" time="0.006" />
    <testcase classname="SPTNaturalLanguageSearchResultsDictionaryParserImplementationTests" name="testShouldReturnPlaylists" time="0.008" />
    <testcase classname="SPTNaturalLanguageSearchResultsDictionaryParserImplementationTests" name="testShouldReturnPlayMusicIntent" time="0.008" />
    <testcase classname="SPTNaturalLanguageSearchResultsDictionaryParserImplementationTests" name="testShouldReturnPlayMusicIntentIfNoActionFacet" time="0.006" />
    <testcase classname="SPTNaturalLanguageSearchResultsDictionaryParserImplementationTests" name="testShouldReturnPlayRadioCurrentTrackIntentIfRadioIntent" time="0.008" />
    <testcase classname="SPTNaturalLanguageSearchResultsDictionaryParserImplementationTests" name="testShouldReturnPlayRadioGenreIntentAndGenreNameIfRadioIntent" time="0.010" />
    <testcase classname="SPTNaturalLanguageSearchResultsDictionaryParserImplementationTests" name="testShouldReturnPlayRadioIntentIfRadioModeFacet" time="0.009" />
    <testcase classname="SPTNaturalLanguageSearchResultsDictionaryParserImplementationTests" name="testShouldReturnQueueMusicIntent" time="0.009" />
    <testcase classname="SPTNaturalLanguageSearchResultsDictionaryParserImplementationTests" name="testShouldReturnQueueMusicIntentIfQueueAndPlayActionFacet" time="0.010" />
    <testcase classname="SPTNaturalLanguageSearchResultsDictionaryParserImplementationTests" name="testShouldReturnRepeatContextIntent" time="0.008" />
    <testcase classname="SPTNaturalLanguageSearchResultsDictionaryParserImplementationTests" name="testShouldReturnRepeatOffIntent" time="0.008" />
    <testcase classname="SPTNaturalLanguageSearchResultsDictionaryParserImplementationTests" name="testShouldReturnRepeatTrackIntent" time="0.005" />
    <testcase classname="SPTNaturalLanguageSearchResultsDictionaryParserImplementationTests" name="testShouldReturnShowMusicIntent" time="0.006" />
    <testcase classname="SPTNaturalLanguageSearchResultsDictionaryParserImplementationTests" name="testShouldReturnShuffleIntent" time="0.005" />
    <testcase classname="SPTNaturalLanguageSearchResultsDictionaryParserImplementationTests" name="testShouldReturnSkipBackIntent" time="0.005" />
    <testcase classname="SPTNaturalLanguageSearchResultsDictionaryParserImplementationTests" name="testShouldReturnSkipForwardIntent" time="0.005" />
    <testcase classname="SPTNaturalLanguageSearchResultsDictionaryParserImplementationTests" name="testShouldReturnTopResult" time="0.013" />
    <testcase classname="SPTNaturalLanguageSearchResultsDictionaryParserImplementationTests" name="testShouldReturnTracks" time="0.005" />
    <testcase classname="SPTNaturalLanguageSearchResultsDictionaryParserImplementationTests" name="testShouldReturnUnknownIntent" time="0.005" />
    <testcase classname="SPTNaturalLanguageSearchResultsDictionaryParserImplementationTests" name="testShouldReturnUnknownIntentIfUnsupportedActionFacet" time="0.007" />
    <testcase classname="SPTNaturalLanguageSearchResultsDictionaryParserImplementationTests" name="testShouldReturnUnknownIntentIfUnsupportedActionFacetSet" time="0.006" />
    <testcase classname="SPTNaturalLanguageSearchResultsDictionaryParserImplementationTests" name="testShouldReturnUserDiscoverWeekly" time="0.007" />
  </testsuite>
  <testsuite failures="0" name="SPTNaturalLanguageSearchResultsLoaderImplementationTests" tests="15">
    <testcase classname="SPTNaturalLanguageSearchResultsLoaderImplementationTests" name="testCancelCancellationTokenCancelsRequest" time="0.007" />
    <testcase classname="SPTNaturalLanguageSearchResultsLoaderImplementationTests" name="testCancelRequestWhenNewOneComesIn" time="0.006" />
    <testcase classname="SPTNaturalLanguageSearchResultsLoaderImplementationTests" name="testLogMessageWithAlbumSearch" time="0.005" />
    <testcase classname="SPTNaturalLanguageSearchResultsLoaderImplementationTests" name="testLogMessageWithArtistSearch" time="0.006" />
    <testcase classname="SPTNaturalLanguageSearchResultsLoaderImplementationTests" name="testLogMessageWithGenericSearch" time="0.005" />
    <testcase classname="SPTNaturalLanguageSearchResultsLoaderImplementationTests" name="testLogMessageWithPlaylistSearch" time="0.013" />
    <testcase classname="SPTNaturalLanguageSearchResultsLoaderImplementationTests" name="testLogMessageWithTrackSearch" time="0.005" />
    <testcase classname="SPTNaturalLanguageSearchResultsLoaderImplementationTests" name="testLogMessageWithUUID" time="0.005" />
    <testcase classname="SPTNaturalLanguageSearchResultsLoaderImplementationTests" name="testLogMessageWithViewURI" time="0.006" />
    <testcase classname="SPTNaturalLanguageSearchResultsLoaderImplementationTests" name="testNotNil" time="0.005" />
    <testcase classname="SPTNaturalLanguageSearchResultsLoaderImplementationTests" name="testRequestResultsForQuery" time="0.006" />
    <testcase classname="SPTNaturalLanguageSearchResultsLoaderImplementationTests" name="testRequestSearchResultsForQueryEntityTypeGivenAnyEntityType" time="0.006" />
    <testcase classname="SPTNaturalLanguageSearchResultsLoaderImplementationTests" name="testRequestSearchResultsForQueryEntityTypeGivenTracksEntityType" time="0.006" />
    <testcase classname="SPTNaturalLanguageSearchResultsLoaderImplementationTests" name="testRequestSearchResultsForQueryEntityTypeGivenTracksEntityTypeAndBackendReturnsMultipleTypes" time="0.007" />
    <testcase classname="SPTNaturalLanguageSearchResultsLoaderImplementationTests" name="testUUIDSentToDelegate" time="0.009" />
  </testsuite>
  <testsuite failures="0" name="SPTVoiceCommandAnswerViewModelTests" tests="3">
    <testcase classname="SPTVoiceCommandAnswerViewModelTests" name="testInitWithNLSearchResults" time="0.010" />
    <testcase classname="SPTVoiceCommandAnswerViewModelTests" name="testInitWithRadioGenreData" time="0.008" />
    <testcase classname="SPTVoiceCommandAnswerViewModelTests" name="testInitWithSpecificData" time="0.008" />
  </testsuite>
  <testsuite failures="0" name="SPTVoiceCommandFeatureImplementationTests" tests="2">
    <testcase classname="SPTVoiceCommandFeatureImplementationTests" name="testNotNil" time="0.008" />
    <testcase classname="SPTVoiceCommandFeatureImplementationTests" name="testProvideVoiceCommandViewController" time="0.012" />
  </testsuite>
  <testsuite failures="0" name="SPTVoiceCommandHandlerImplementationTests" tests="12">
    <testcase classname="SPTVoiceCommandHandlerImplementationTests" name="testAddPlayerObserver" time="0.010" />
    <testcase classname="SPTVoiceCommandHandlerImplementationTests" name="testQueueAlbum" time="0.011" />
    <testcase classname="SPTVoiceCommandHandlerImplementationTests" name="testQueueArtist" time="0.009" />
    <testcase classname="SPTVoiceCommandHandlerImplementationTests" name="testQueueNil" time="0.007" />
    <testcase classname="SPTVoiceCommandHandlerImplementationTests" name="testQueuePlaylist" time="0.010" />
    <testcase classname="SPTVoiceCommandHandlerImplementationTests" name="testQueueTrack" time="0.009" />
    <testcase classname="SPTVoiceCommandHandlerImplementationTests" name="testRepeatContext" time="0.009" />
    <testcase classname="SPTVoiceCommandHandlerImplementationTests" name="testRepeatOff" time="0.009" />
    <testcase classname="SPTVoiceCommandHandlerImplementationTests" name="testRepeatTrack" time="0.009" />
    <testcase classname="SPTVoiceCommandHandlerImplementationTests" name="testShowWithResultUpdatesHostWhenHostIsSearch" time="0.010" />
    <testcase classname="SPTVoiceCommandHandlerImplementationTests" name="testShuffleGivenPlayerShuffleIsOff" time="0.007" />
    <testcase classname="SPTVoiceCommandHandlerImplementationTests" name="testShuffleGivenPlayerShuffleIsOn" time="0.008" />
  </testsuite>
  <testsuite failures="0" name="SPTVoiceCommandPlaybackManagerImplementationTests" tests="7">
    <testcase classname="SPTVoiceCommandPlaybackManagerImplementationTests" name="testFinishVoiceCommandSessionWhileRecording" time="0.009" />
    <testcase classname="SPTVoiceCommandPlaybackManagerImplementationTests" name="testInitialState" time="0.005" />
    <testcase classname="SPTVoiceCommandPlaybackManagerImplementationTests" name="testStartVoiceCommandSessionWhenPlayingRemotely" time="0.011" />
    <testcase classname="SPTVoiceCommandPlaybackManagerImplementationTests" name="testVoiceCommandSessionFlowWhenNeverPlayed" time="0.007" />
    <testcase classname="SPTVoiceCommandPlaybackManagerImplementationTests" name="testVoiceCommandSessionFlowWhenPausedLocally" time="0.007" />
    <testcase classname="SPTVoiceCommandPlaybackManagerImplementationTests" name="testVoiceCommandSessionFlowWhenPlayingLocallyAndShouldNotResume" time="0.008" />
    <testcase classname="SPTVoiceCommandPlaybackManagerImplementationTests" name="testVoiceCommandSessionFlowWhenPlayingLocallyAndShouldResume" time="0.007" />
  </testsuite>
  <testsuite failures="0" name="SPTVoiceCommandViewControllerTests" tests="2">
    <testcase classname="SPTVoiceCommandViewControllerTests" name="testConformsToPageController" time="0.005" />
    <testcase classname="SPTVoiceCommandViewControllerTests" name="testNotNil" time="0.006" />
  </testsuite>
  <testsuite failures="0" name="SPTBaseViewModelTests" tests="8">
    <testcase classname="SPTBaseViewModelTests" name="testDoesntAutomaticallyMakeRequestWhenNotEnabled" time="0.011" />
    <testcase classname="SPTBaseViewModelTests" name="testFailsWithOfflineErrorWhenOffline" time="0.011" />
    <testcase classname="SPTBaseViewModelTests" name="testHasSuccessfullyLoadedDataBooleanOnFailure" time="0.010" />
    <testcase classname="SPTBaseViewModelTests" name="testHasSuccessfullyLoadedDataBooleanOnSuccess" time="0.012" />
    <testcase classname="SPTBaseViewModelTests" name="testMultipleSuccessfulRequestInvokesProperDelegateMethodsOneAtATime" time="0.010" />
    <testcase classname="SPTBaseViewModelTests" name="testRetriesAutomaticallyAfterGoingBackOnline" time="0.010" />
    <testcase classname="SPTBaseViewModelTests" name="testSingleFailedRequestInvokesProperDelegateMethods" time="0.009" />
    <testcase classname="SPTBaseViewModelTests" name="testSingleSuccessfulRequestInvokesProperDelegateMethods" time="0.009" />
  </testsuite>
  <testsuite failures="0" name="SPTBlockResolverTests" tests="2">
    <testcase classname="SPTBlockResolverTests" name="testDesignatedInit" time="0.000" />
    <testcase classname="SPTBlockResolverTests" name="testResolveRequest" time="0.000" />
  </testsuite>
  <testsuite failures="0" name="SPTCompoundFeatureEnabledStateTests" tests="14">
    <testcase classname="SPTCompoundFeatureEnabledStateTests" name="testDisabledWhenAllSubfeatureEnabledStatesAreDisabledWithStrategyAll" time="0.017" />
    <testcase classname="SPTCompoundFeatureEnabledStateTests" name="testDisabledWhenAllSubfeatureEnabledStatesAreDisabledWithStrategyAny" time="0.008" />
    <testcase classname="SPTCompoundFeatureEnabledStateTests" name="testDisabledWhenNotAllSubfeatureEnabledStatesAreEnabledWithStrategyAll" time="0.008" />
    <testcase classname="SPTCompoundFeatureEnabledStateTests" name="testDisabledWithPriorityOverrideStrategyAny" time="0.011" />
    <testcase classname="SPTCompoundFeatureEnabledStateTests" name="testEnabledUpdateOnSubfeatureEnabledStateChange" time="0.008" />
    <testcase classname="SPTCompoundFeatureEnabledStateTests" name="testEnabledWhenAllSubfeatureEnabledStatesAreEnabledWithStrategyAll" time="0.010" />
    <testcase classname="SPTCompoundFeatureEnabledStateTests" name="testEnabledWhenOneSubfeatureEnabledStateWhichIsEnabledWithStrategyAll" time="0.007" />
    <testcase classname="SPTCompoundFeatureEnabledStateTests" name="testEnabledWhenOneSubfeatureEnabledStateWhichIsEnabledWithStrategyAny" time="0.006" />
    <testcase classname="SPTCompoundFeatureEnabledStateTests" name="testEnabledWhenOnlyOneSubfeatureEnabledStateIsEnabledWithStrategyAny" time="0.006" />
    <testcase classname="SPTCompoundFeatureEnabledStateTests" name="testEnabledWhenPriorityOverrideDoesNotHaveReducibleValueStrategyAll" time="0.006" />
    <testcase classname="SPTCompoundFeatureEnabledStateTests" name="testEnabledWhenPriorityOverrideDoesNotHaveReducibleValueStrategyAny" time="0.005" />
    <testcase classname="SPTCompoundFeatureEnabledStateTests" name="testStartBeingCalledOnAllSubfeatureEnabledStates" time="0.005" />
    <testcase classname="SPTCompoundFeatureEnabledStateTests" name="testStopBeingCalledOnAllSubfeatureEnabledStates" time="0.005" />
    <testcase classname="SPTCompoundFeatureEnabledStateTests" name="testStrategyAllIgnoresPriorityOverride" time="0.005" />
  </testsuite>
  <testsuite failures="0" name="SPTFeatureFlagFeatureEnabledStateTests" tests="6">
    <testcase classname="SPTFeatureFlagFeatureEnabledStateTests" name="testFeatureDisabledByDefault" time="0.000" />
    <testcase classname="SPTFeatureFlagFeatureEnabledStateTests" name="testFeatureDisabledForInvalidValue" time="0.001" />
    <testcase classname="SPTFeatureFlagFeatureEnabledStateTests" name="testFeatureEnabledForValidValue" time="0.001" />
    <testcase classname="SPTFeatureFlagFeatureEnabledStateTests" name="testFeatureFlagValueCheckedWhenChanged" time="0.013" />
    <testcase classname="SPTFeatureFlagFeatureEnabledStateTests" name="testFeatureFlagValueNotCheckedWhenChangedToEqualObject" time="0.000" />
    <testcase classname="SPTFeatureFlagFeatureEnabledStateTests" name="testFeatureFlagValueNotCheckedWhenNotStarted" time="0.000" />
  </testsuite>
  <testsuite failures="0" name="SPTLocalSettingsFeatureEnabledStateTests" tests="5">
    <testcase classname="SPTLocalSettingsFeatureEnabledStateTests" name="testDisableByDefaultEvenAfterStartStop" time="0.007" />
    <testcase classname="SPTLocalSettingsFeatureEnabledStateTests" name="testDisabledByDefault" time="0.004" />
    <testcase classname="SPTLocalSettingsFeatureEnabledStateTests" name="testDisabledWhenLocalSettingsFlagIsNotTheValue" time="0.004" />
    <testcase classname="SPTLocalSettingsFeatureEnabledStateTests" name="testEnabledValueUpdatesWhenLocalSettingsFlagChange" time="0.006" />
    <testcase classname="SPTLocalSettingsFeatureEnabledStateTests" name="testEnabledWhenLocalSettingsFlagIsTheValue" time="0.004" />
  </testsuite>
  <testsuite failures="0" name="SPTMockOfflineModeStateTests" tests="5">
    <testcase classname="SPTMockOfflineModeStateTests" name="testAddAndRemoveObservers" time="0.000" />
    <testcase classname="SPTMockOfflineModeStateTests" name="testBasicCallback" time="0.000" />
    <testcase classname="SPTMockOfflineModeStateTests" name="testGoToOffline" time="0.000" />
    <testcase classname="SPTMockOfflineModeStateTests" name="testRemoval" time="0.000" />
    <testcase classname="SPTMockOfflineModeStateTests" name="testRemoveFromCallback" time="0.000" />
  </testsuite>
  <testsuite failures="0" name="SPTProductStateFeatureEnabledStateTests" tests="7">
    <testcase classname="SPTProductStateFeatureEnabledStateTests" name="testDisableByDefault" time="0.015" />
    <testcase classname="SPTProductStateFeatureEnabledStateTests" name="testDisableByDefaultEvenAfterStartStop" time="0.005" />
    <testcase classname="SPTProductStateFeatureEnabledStateTests" name="testDisabledForDefaultBoolValueCheckerWhenFlagIsInvalid" time="0.004" />
    <testcase classname="SPTProductStateFeatureEnabledStateTests" name="testDisabledForDefaultBoolValueCheckerWhenFlagIsOff" time="0.004" />
    <testcase classname="SPTProductStateFeatureEnabledStateTests" name="testDisabledWhenProductStateFlagIsOff" time="0.012" />
    <testcase classname="SPTProductStateFeatureEnabledStateTests" name="testEnabledForDefaultBoolValueCheckerWhenFlagIsOn" time="0.004" />
    <testcase classname="SPTProductStateFeatureEnabledStateTests" name="testEnabledWhenProductStateFlagIsOn" time="0.004" />
  </testsuite>
  <testsuite failures="0" name="SPTSingleRequestViewModelTest" tests="9">
    <testcase classname="SPTSingleRequestViewModelTest" name="testDataLoaderDelegate" time="0.006" />
    <testcase classname="SPTSingleRequestViewModelTest" name="testDataLoaderErrorCallbackWhenOffline" time="0.005" />
    <testcase classname="SPTSingleRequestViewModelTest" name="testDataLoaderErrorCallbackWhenOnline" time="0.005" />
    <testcase classname="SPTSingleRequestViewModelTest" name="testDataLoaderSuccessfulCallback" time="0.005" />
    <testcase classname="SPTSingleRequestViewModelTest" name="testNotNil" time="0.004" />
    <testcase classname="SPTSingleRequestViewModelTest" name="testParseSuccessfulResponseDictionary" time="0.004" />
    <testcase classname="SPTSingleRequestViewModelTest" name="testRequestDataCallsDataLoader" time="0.005" />
    <testcase classname="SPTSingleRequestViewModelTest" name="testThatDataIsNotReloadedWhenStreamingRulesDontChange" time="0.005" />
    <testcase classname="SPTSingleRequestViewModelTest" name="testThatDataIsReloadedWithoutUsingCacheWhenStreamingRulesChange" time="0.004" />
  </testsuite>
  <testsuite failures="0" name="SPTNewReleasesAlbumModelTests" tests="3">
    <testcase classname="SPTNewReleasesAlbumModelTests" name="testInvalidAlbumWithoutArtistName" time="0.010" />
    <testcase classname="SPTNewReleasesAlbumModelTests" name="testInvalidAlbumWithoutName" time="0.008" />
    <testcase classname="SPTNewReleasesAlbumModelTests" name="testValidAlbum" time="0.007" />
  </testsuite>
  <testsuite failures="0" name="SPTNewReleasesJustReleasedEntityListLoaderTest" tests="2">
    <testcase classname="SPTNewReleasesJustReleasedEntityListLoaderTest" name="testEntityListOnlyHasCurrentTracks" time="0.009" />
    <testcase classname="SPTNewReleasesJustReleasedEntityListLoaderTest" name="testFailedAlbumRelease" time="0.012" />
  </testsuite>
  <testsuite failures="0" name="SPTNewReleasesJustReleasedSupplementaryViewProviderTest" tests="1">
    <testcase classname="SPTNewReleasesJustReleasedSupplementaryViewProviderTest" name="testSuplementaryViewDidReload" time="0.030" />
  </testsuite>
  <testsuite failures="0" name="SPTNewReleasesPreSavedSongsLocalDataManagerTests" tests="3">
    <testcase classname="SPTNewReleasesPreSavedSongsLocalDataManagerTests" name="testAdd" time="0.008" />
    <testcase classname="SPTNewReleasesPreSavedSongsLocalDataManagerTests" name="testRemove" time="0.008" />
    <testcase classname="SPTNewReleasesPreSavedSongsLocalDataManagerTests" name="testRemoveAll" time="0.009" />
  </testsuite>
  <testsuite failures="0" name="SPTNewReleasesPresavePopupDialogTests" tests="5">
    <testcase classname="SPTNewReleasesPresavePopupDialogTests" name="testAlreadyInCollectionClosePopup" time="0.026" />
    <testcase classname="SPTNewReleasesPresavePopupDialogTests" name="testDidExecuteCancelActions" time="0.016" />
    <testcase classname="SPTNewReleasesPresavePopupDialogTests" name="testDidExecutePresaveAdditionalActions" time="0.013" />
    <testcase classname="SPTNewReleasesPresavePopupDialogTests" name="testDidPerformPreSaveCallback" time="0.013" />
    <testcase classname="SPTNewReleasesPresavePopupDialogTests" name="testRemovePreSavedTrack" time="0.011" />
  </testsuite>
  <testsuite failures="0" name="SPTNewReleasesUpcomingTracksAdditionalSectionItemTest" tests="1">
    <testcase classname="SPTNewReleasesUpcomingTracksAdditionalSectionItemTest" name="testInit" time="0.006" />
  </testsuite>
  <testsuite failures="0" name="SPTNewReleasesUpcomingTracksAdditionalSectionTest" tests="5">
    <testcase classname="SPTNewReleasesUpcomingTracksAdditionalSectionTest" name="testFeatureSectionImpressionLogging" time="0.019" />
    <testcase classname="SPTNewReleasesUpcomingTracksAdditionalSectionTest" name="testInit" time="0.005" />
    <testcase classname="SPTNewReleasesUpcomingTracksAdditionalSectionTest" name="testInitWithNewJamsPlaylist" time="0.005" />
    <testcase classname="SPTNewReleasesUpcomingTracksAdditionalSectionTest" name="testOpenPresavePopupLogging" time="0.006" />
    <testcase classname="SPTNewReleasesUpcomingTracksAdditionalSectionTest" name="testSaveToLocalSettingsPresave" time="0.018" />
  </testsuite>
  <testsuite failures="0" name="SPTRecordingServiceProviderTest" tests="2">
    <testcase classname="SPTRecordingServiceProviderTest" name="testPassRequestToParent" time="0.001" />
    <testcase classname="SPTRecordingServiceProviderTest" name="testShouldRecordRequestedServices" time="0.001" />
  </testsuite>
  <testsuite failures="0" name="SPTServiceManagerLoggerTest" tests="2">
    <testcase classname="SPTServiceManagerLoggerTest" name="testLoadAndConfigureAllServices" time="0.001" />
    <testcase classname="SPTServiceManagerLoggerTest" name="testLoadAndConfigureEachService" time="0.001" />
  </testsuite>
  <testsuite failures="0" name="SPTServiceManagerTest" tests="10">
    <testcase classname="SPTServiceManagerTest" name="testEnabledServiceInBothChildAndParentShouldOnlyBeLoadedInParent" time="0.002" />
    <testcase classname="SPTServiceManagerTest" name="testLoading" time="0.009" />
    <testcase classname="SPTServiceManagerTest" name="testOneDependencyInParentIsBeingResolved" time="0.002" />
    <testcase classname="SPTServiceManagerTest" name="testOneDependencyIsBeginResolved" time="0.024" />
    <testcase classname="SPTServiceManagerTest" name="testSilentlyIgnoreUnresolvableDependencies" time="0.001" />
    <testcase classname="SPTServiceManagerTest" name="testSupportsUnimplementedOptionals" time="0.015" />
    <testcase classname="SPTServiceManagerTest" name="testTwoDependenciesAreBeingResolved" time="0.002" />
    <testcase classname="SPTServiceManagerTest" name="testTwoDependenciesInTwoManagersIsBeingResolved" time="0.002" />
    <testcase classname="SPTServiceManagerTest" name="testUncorformingService" time="0.010" />
    <testcase classname="SPTServiceManagerTest" name="testUnloading" time="0.002" />
  </testsuite>
  <testsuite failures="0" name="SPTServiceSystemGraphAlgorithmTest" tests="12">
    <testcase classname="SPTServiceSystemGraphAlgorithmTest" name="testConnectedCompanents2NodesCahin" time="0.000" />
    <testcase classname="SPTServiceSystemGraphAlgorithmTest" name="testConnectedCompanentsCompleteGraph" time="0.001" />
    <testcase classname="SPTServiceSystemGraphAlgorithmTest" name="testConnectedCompanentsEmptyGraph" time="0.001" />
    <testcase classname="SPTServiceSystemGraphAlgorithmTest" name="testConnectedCompanentsNoCycle" time="0.001" />
    <testcase classname="SPTServiceSystemGraphAlgorithmTest" name="testConnectedCompanentsNoCycle3Nodes" time="0.000" />
    <testcase classname="SPTServiceSystemGraphAlgorithmTest" name="testEnsureSameNumberOfElementsAfterReversing" time="0.000" />
    <testcase classname="SPTServiceSystemGraphAlgorithmTest" name="testReverseGraph" time="0.014" />
    <testcase classname="SPTServiceSystemGraphAlgorithmTest" name="testReverseGraphEmptyGraph" time="0.001" />
    <testcase classname="SPTServiceSystemGraphAlgorithmTest" name="testReverseGraphOneToMany" time="0.001" />
    <testcase classname="SPTServiceSystemGraphAlgorithmTest" name="testTopologicalSort" time="0.000" />
    <testcase classname="SPTServiceSystemGraphAlgorithmTest" name="testTopologicalSortBigGraph" time="0.000" />
    <testcase classname="SPTServiceSystemGraphAlgorithmTest" name="testTopologicalSortConnectedComponents" time="0.000" />
  </testsuite>
  <testsuite failures="0" name="SpotlightIndexRegistryImplementationTests" tests="5">
    <testcase classname="SpotlightIndexRegistryImplementationTests" name="testDecorateUserActivity" time="0.024" />
    <testcase classname="SpotlightIndexRegistryImplementationTests" name="testDecorateWithLargerNonSquareThumbnail" time="0.017" />
    <testcase classname="SpotlightIndexRegistryImplementationTests" name="testDecorateWithLargerSquareThumbnail" time="0.013" />
    <testcase classname="SpotlightIndexRegistryImplementationTests" name="testDecorateWithNonSquareSmallThumbnail" time="0.010" />
    <testcase classname="SpotlightIndexRegistryImplementationTests" name="testDecorateWithSquareSmallThumbnail" time="0.010" />
  </testsuite>
  <testsuite failures="0" name="SPTAudioPreviewTests" tests="2">
    <testcase classname="SPTAudioPreviewTests" name="testLoop" time="0.002" />
    <testcase classname="SPTAudioPreviewTests" name="testNotNil" time="0.001" />
  </testsuite>
  <testsuite failures="0" name="SPTAccessoryLoggingTests" tests="10">
    <testcase classname="SPTAccessoryLoggingTests" name="testAccessoryChangedDuringPlayback" time="0.020" />
    <testcase classname="SPTAccessoryLoggingTests" name="testAccessoryConnected" time="0.015" />
    <testcase classname="SPTAccessoryLoggingTests" name="testAccessoryDisconnected" time="0.012" />
    <testcase classname="SPTAccessoryLoggingTests" name="testAudioOutputChangedDuringPlayback" time="0.016" />
    <testcase classname="SPTAccessoryLoggingTests" name="testAudioOutputChangedWithGaiaDevice" time="0.022" />
    <testcase classname="SPTAccessoryLoggingTests" name="testAudioRouteChanged" time="0.015" />
    <testcase classname="SPTAccessoryLoggingTests" name="testCategorizedAccessoryConnected" time="0.014" />
    <testcase classname="SPTAccessoryLoggingTests" name="testCategorizedAccessoryDisconnected" time="0.016" />
    <testcase classname="SPTAccessoryLoggingTests" name="testPlaybackBeganWithConnectedAccessories" time="0.012" />
    <testcase classname="SPTAccessoryLoggingTests" name="testPlaybackChangedWithConnectedAccessories" time="0.015" />
  </testsuite>
  <testsuite failures="0" name="SPTAccessoryManagerServiceTests" tests="3">
    <testcase classname="SPTAccessoryManagerServiceTests" name="testAppServiceConfiguration" time="0.014" />
    <testcase classname="SPTAccessoryManagerServiceTests" name="testSessionServiceConfiguration" time="0.012" />
    <testcase classname="SPTAccessoryManagerServiceTests" name="testSessionServiceLoading" time="0.010" />
  </testsuite>
  <testsuite failures="0" name="SPTAccessoryStateManagerImplementationTests" tests="5">
    <testcase classname="SPTAccessoryStateManagerImplementationTests" name="testCurrentAccessories" time="0.010" />
    <testcase classname="SPTAccessoryStateManagerImplementationTests" name="testManuallyChangingAccessories" time="0.017" />
    <testcase classname="SPTAccessoryStateManagerImplementationTests" name="testObservingAccessoryChanges" time="0.011" />
    <testcase classname="SPTAccessoryStateManagerImplementationTests" name="testObservingAudioRouteChanges" time="0.015" />
    <testcase classname="SPTAccessoryStateManagerImplementationTests" name="testUnobservingChanges" time="0.011" />
  </testsuite>
  <testsuite failures="0" name="SPTLocalAccessoryCategorizerTests" tests="2">
    <testcase classname="SPTLocalAccessoryCategorizerTests" name="testCategorizingKnownAccessory" time="0.018" />
    <testcase classname="SPTLocalAccessoryCategorizerTests" name="testCategorizingUnknownAccessory" time="0.010" />
  </testsuite>
  <testsuite failures="0" name="SPTFormatListContextMenuControllerTests" tests="4">
    <testcase classname="SPTFormatListContextMenuControllerTests" name="testCreateDefaultAccessoryButton" time="0.018" />
    <testcase classname="SPTFormatListContextMenuControllerTests" name="testInjectionsAreCorrect" time="0.008" />
    <testcase classname="SPTFormatListContextMenuControllerTests" name="testPresentContextMenuForPadInterfaceFromSenderView" time="0.006" />
    <testcase classname="SPTFormatListContextMenuControllerTests" name="testPresentContextMenuForPhoneInterfaceWithFormatListItemModel" time="0.010" />
  </testsuite>
  <testsuite failures="0" name="SPTFormatListModelBuilderTests" tests="2">
    <testcase classname="SPTFormatListModelBuilderTests" name="testListItemsWithAtLeastOneArtist" time="0.009" />
    <testcase classname="SPTFormatListModelBuilderTests" name="testListItemsWithNoArtistsAreHandledGracefully" time="0.008" />
  </testsuite>
  <testsuite failures="0" name="SPTFormatListPlatformPlaylistAPIResolverTest" tests="2">
    <testcase classname="SPTFormatListPlatformPlaylistAPIResolverTest" name="testMetadataResponseThenRowsResponse" time="0.213" />
    <testcase classname="SPTFormatListPlatformPlaylistAPIResolverTest" name="testRowsResponseThenMetadataResponse" time="0.218" />
  </testsuite>
  <testsuite failures="0" name="SPTFormatListPlatformRegistryImplementationTest" tests="4">
    <testcase classname="SPTFormatListPlatformRegistryImplementationTest" name="testMultiplePredicatesAreSatisfied" time="0.010" />
    <testcase classname="SPTFormatListPlatformRegistryImplementationTest" name="testNoPredicatesSatisfied" time="0.009" />
    <testcase classname="SPTFormatListPlatformRegistryImplementationTest" name="testPredicateSatisfied" time="0.008" />
    <testcase classname="SPTFormatListPlatformRegistryImplementationTest" name="testUnregister" time="0.008" />
  </testsuite>
  <testsuite failures="0" name="SPTFormatListPlatformRemoteControlPolicyFactoryImplementationTest" tests="2">
    <testcase classname="SPTFormatListPlatformRemoteControlPolicyFactoryImplementationTest" name="testCreateRemoteControlPolicy" time="0.007" />
    <testcase classname="SPTFormatListPlatformRemoteControlPolicyFactoryImplementationTest" name="testNotNil" time="0.006" />
  </testsuite>
  <testsuite failures="0" name="SPTFormatListPlatformRemoteControlPolicyImplementationTest" tests="14">
    <testcase classname="SPTFormatListPlatformRemoteControlPolicyImplementationTest" name="testBookmarkButtonPressedWithCompletionDoesNothing" time="0.010" />
    <testcase classname="SPTFormatListPlatformRemoteControlPolicyImplementationTest" name="testDataLoaderFails" time="0.016" />
    <testcase classname="SPTFormatListPlatformRemoteControlPolicyImplementationTest" name="testDislikeButtonPressedWithDefinedEndpoint" time="0.016" />
    <testcase classname="SPTFormatListPlatformRemoteControlPolicyImplementationTest" name="testDislikeButtonPressedWithNilCompletionBlockDoesNothing" time="0.013" />
    <testcase classname="SPTFormatListPlatformRemoteControlPolicyImplementationTest" name="testDislikeButtonPressedWithNoDefinedEndpoint" time="0.011" />
    <testcase classname="SPTFormatListPlatformRemoteControlPolicyImplementationTest" name="testLikeButtonPressedWithDefinedEndpoint" time="0.011" />
    <testcase classname="SPTFormatListPlatformRemoteControlPolicyImplementationTest" name="testLikeButtonPressedWithNilCompletionBlockDoesNothing" time="0.009" />
    <testcase classname="SPTFormatListPlatformRemoteControlPolicyImplementationTest" name="testLikeButtonPressedWithNoDefinedEndpoint" time="0.011" />
    <testcase classname="SPTFormatListPlatformRemoteControlPolicyImplementationTest" name="testLogDislike" time="0.010" />
    <testcase classname="SPTFormatListPlatformRemoteControlPolicyImplementationTest" name="testLogLike" time="0.009" />
    <testcase classname="SPTFormatListPlatformRemoteControlPolicyImplementationTest" name="testNotNil" time="0.006" />
    <testcase classname="SPTFormatListPlatformRemoteControlPolicyImplementationTest" name="testRemoveObserver" time="0.009" />
    <testcase classname="SPTFormatListPlatformRemoteControlPolicyImplementationTest" name="testSkipBackwardWithTimeIntervalDoesNothing" time="0.008" />
    <testcase classname="SPTFormatListPlatformRemoteControlPolicyImplementationTest" name="testSkipForwardWithTimeIntervalDoesNothing" time="0.010" />
  </testsuite>
  <testsuite failures="0" name="SPTFormatListPlatformServiceImplementationTest" tests="6">
    <testcase classname="SPTFormatListPlatformServiceImplementationTest" name="testLoadFormatList" time="0.018" />
    <testcase classname="SPTFormatListPlatformServiceImplementationTest" name="testNotNil" time="0.008" />
    <testcase classname="SPTFormatListPlatformServiceImplementationTest" name="testOfflineCachedRepsonseFromResolver" time="0.022" />
    <testcase classname="SPTFormatListPlatformServiceImplementationTest" name="testOfflineNoRepsonseFromResolverInOfflineShowOfflineVIew" time="1.034" />
    <testcase classname="SPTFormatListPlatformServiceImplementationTest" name="testProvideRemoteControlPolicyFactory" time="0.008" />
    <testcase classname="SPTFormatListPlatformServiceImplementationTest" name="testRemoteControlPolicyFactoryIsTornDownInUnload" time="0.006" />
  </testsuite>
  <testsuite failures="0" name="SPTFormatListTableViewConfiguratorImplementationTests" tests="7">
    <testcase classname="SPTFormatListTableViewConfiguratorImplementationTests" name="testDecorateTableViewCell" time="0.010" />
    <testcase classname="SPTFormatListTableViewConfiguratorImplementationTests" name="testDecorateTableViewCellWithAccessoryButton" time="0.006" />
    <testcase classname="SPTFormatListTableViewConfiguratorImplementationTests" name="testDefaultCellIdentifierForIndexPath" time="0.004" />
    <testcase classname="SPTFormatListTableViewConfiguratorImplementationTests" name="testDefaultInitializer" time="0.004" />
    <testcase classname="SPTFormatListTableViewConfiguratorImplementationTests" name="testDefaultRowHeightForIndexPath" time="0.004" />
    <testcase classname="SPTFormatListTableViewConfiguratorImplementationTests" name="testRegisterCell" time="0.005" />
    <testcase classname="SPTFormatListTableViewConfiguratorImplementationTests" name="testRegisterCellsInTableView" time="0.005" />
  </testsuite>
  <testsuite failures="0" name="SPTCollectionPlatformDataLoaderFieldsFactoryTest" tests="3">
    <testcase classname="SPTCollectionPlatformDataLoaderFieldsFactoryTest" name="testAlbumMetadataPolicyProtocols" time="0.012" />
    <testcase classname="SPTCollectionPlatformDataLoaderFieldsFactoryTest" name="testAllFieldsForAlbumMetadata" time="0.009" />
    <testcase classname="SPTCollectionPlatformDataLoaderFieldsFactoryTest" name="testSubsetOfFieldsForAlbumMetadata" time="0.009" />
  </testsuite>
  <testsuite failures="0" name="SPTCollectionPlatformDataLoaderImplementationTest" tests="2">
    <testcase classname="SPTCollectionPlatformDataLoaderImplementationTest" name="testFetchAlbumsMetadata" time="0.016" />
    <testcase classname="SPTCollectionPlatformDataLoaderImplementationTest" name="testSubscribeAlbumsMetadata" time="0.012" />
  </testsuite>
  <testsuite failures="0" name="SPTCollectionPlatformImplementationTest" tests="27">
    <testcase classname="SPTCollectionPlatformImplementationTest" name="testAddAlbumURLWithUISuccessBookmarkModel" time="0.018" />
    <testcase classname="SPTCollectionPlatformImplementationTest" name="testAddAlbumURLWithUISuccessBookmarkModelYourLibrary" time="0.019" />
    <testcase classname="SPTCollectionPlatformImplementationTest" name="testAddCallback" time="0.010" />
    <testcase classname="SPTCollectionPlatformImplementationTest" name="testAddCallbackWithError" time="0.015" />
    <testcase classname="SPTCollectionPlatformImplementationTest" name="testAddSongURLWithUISuccessBookmarkModel" time="0.013" />
    <testcase classname="SPTCollectionPlatformImplementationTest" name="testAddSongURLWithUISuccessBookmarkModelYourLibrary" time="0.013" />
    <testcase classname="SPTCollectionPlatformImplementationTest" name="testAddURL" time="0.007" />
    <testcase classname="SPTCollectionPlatformImplementationTest" name="testAddURLWithUISuccess" time="0.010" />
    <testcase classname="SPTCollectionPlatformImplementationTest" name="testAddURLWithUISuccessYourLibrary" time="0.011" />
    <testcase classname="SPTCollectionPlatformImplementationTest" name="testCallbackWithCollectionFull" time="0.015" />
    <testcase classname="SPTCollectionPlatformImplementationTest" name="testCallbackWithCollectionFullYourLibrary" time="0.012" />
    <testcase classname="SPTCollectionPlatformImplementationTest" name="testCanAddTrack" time="0.010" />
    <testcase classname="SPTCollectionPlatformImplementationTest" name="testCanAddTrackIsFalseForAlbumURL" time="0.008" />
    <testcase classname="SPTCollectionPlatformImplementationTest" name="testCollectionContainSong" time="0.007" />
    <testcase classname="SPTCollectionPlatformImplementationTest" name="testCollectionContainSongError" time="0.009" />
    <testcase classname="SPTCollectionPlatformImplementationTest" name="testCollectionDidChangeObserver" time="1.097" />
    <testcase classname="SPTCollectionPlatformImplementationTest" name="testCollectionDidChangeObserverAddRemoveObserver" time="1.010" />
    <testcase classname="SPTCollectionPlatformImplementationTest" name="testCollectionNotContainSong" time="0.007" />
    <testcase classname="SPTCollectionPlatformImplementationTest" name="testRemoveAlbumURLWithUISuccessBookmarkModel" time="0.013" />
    <testcase classname="SPTCollectionPlatformImplementationTest" name="testRemoveAlbumURLWithUISuccessBookmarkModelYourLibrary" time="0.013" />
    <testcase classname="SPTCollectionPlatformImplementationTest" name="testRemoveCallback" time="0.006" />
    <testcase classname="SPTCollectionPlatformImplementationTest" name="testRemoveCallbackWithError" time="0.005" />
    <testcase classname="SPTCollectionPlatformImplementationTest" name="testRemoveSongURLWithUISuccessBookmarkModel" time="0.010" />
    <testcase classname="SPTCollectionPlatformImplementationTest" name="testRemoveSongURLWithUISuccessBookmarkModelYourLibrary" time="0.014" />
    <testcase classname="SPTCollectionPlatformImplementationTest" name="testRemoveURL" time="0.008" />
    <testcase classname="SPTCollectionPlatformImplementationTest" name="testRemoveURLWithUISuccess" time="0.011" />
    <testcase classname="SPTCollectionPlatformImplementationTest" name="testRemoveURLWithUISuccessYourLibrary" time="0.014" />
  </testsuite>
  <testsuite failures="0" name="SPTCollectionPlatformTestManagerImplementationTest" tests="7">
    <testcase classname="SPTCollectionPlatformTestManagerImplementationTest" name="testCollectionOverviewHubDisabled" time="0.005" />
    <testcase classname="SPTCollectionPlatformTestManagerImplementationTest" name="testCollectionOverviewHubEnabled" time="0.004" />
    <testcase classname="SPTCollectionPlatformTestManagerImplementationTest" name="testCollectionPremiumLabel" time="0.005" />
    <testcase classname="SPTCollectionPlatformTestManagerImplementationTest" name="testCollectionRecentlyPlayedCosmosLimitControl" time="0.005" />
    <testcase classname="SPTCollectionPlatformTestManagerImplementationTest" name="testCollectionRecentlyPlayedCosmosLimitLowLimit" time="0.005" />
    <testcase classname="SPTCollectionPlatformTestManagerImplementationTest" name="testCollectionRecentlyPlayedCosmosLimitMediumLimit" time="0.006" />
    <testcase classname="SPTCollectionPlatformTestManagerImplementationTest" name="testCollectionRecentlyPlayedCosmosLimitNoFlag" time="0.005" />
  </testsuite>
  <testsuite failures="0" name="NSURLPlaylistTest" tests="7">
    <testcase classname="NSURLPlaylistTest" name="testDiscoverWeeklyURI" time="0.008" />
    <testcase classname="NSURLPlaylistTest" name="testDiscoverWeeklyURIOnNonPlaylistURI" time="0.008" />
    <testcase classname="NSURLPlaylistTest" name="testPlaylistIdentifier" time="0.008" />
    <testcase classname="NSURLPlaylistTest" name="testSpt_getAutoPlayTrackURL" time="0.008" />
    <testcase classname="NSURLPlaylistTest" name="testSpt_isPlaylistWithAutoPlayTrack" time="0.007" />
    <testcase classname="NSURLPlaylistTest" name="testSpt_isPlaylistWithAutoPlayTrackReturnsFalseWhenAutoPlayInformationIsMissing" time="0.006" />
    <testcase classname="NSURLPlaylistTest" name="testSpt_playlistURIByStrippingAutoPlayComponents" time="0.008" />
  </testsuite>
  <testsuite failures="0" name="SPTPlaylistCosmosModelTest" tests="16">
    <testcase classname="SPTPlaylistCosmosModelTest" name="testAddToPlaylistWeirdCharacters" time="0.009" />
    <testcase classname="SPTPlaylistCosmosModelTest" name="testContainsTrackURLsForPlaylistWeirdCharacters" time="0.008" />
    <testcase classname="SPTPlaylistCosmosModelTest" name="testCreatePlaylistInFolder" time="0.009" />
    <testcase classname="SPTPlaylistCosmosModelTest" name="testCreatePlaylistInSubFolder" time="0.008" />
    <testcase classname="SPTPlaylistCosmosModelTest" name="testFetchFolderItems" time="0.008" />
    <testcase classname="SPTPlaylistCosmosModelTest" name="testFetchPlaylistMetadata" time="0.008" />
    <testcase classname="SPTPlaylistCosmosModelTest" name="testFetchPlaylistTracks" time="0.007" />
    <testcase classname="SPTPlaylistCosmosModelTest" name="testFolderIdsNumeric" time="0.007" />
    <testcase classname="SPTPlaylistCosmosModelTest" name="testFollowPlaylist" time="0.008" />
    <testcase classname="SPTPlaylistCosmosModelTest" name="testRecursiveCount" time="0.008" />
    <testcase classname="SPTPlaylistCosmosModelTest" name="testRemovePlaylist" time="0.009" />
    <testcase classname="SPTPlaylistCosmosModelTest" name="testSubscribeFolderItems" time="0.008" />
    <testcase classname="SPTPlaylistCosmosModelTest" name="testSubscribeFolderItemsWithDeltaUpdates" time="0.009" />
    <testcase classname="SPTPlaylistCosmosModelTest" name="testSubscribePlaylistMetadata" time="0.008" />
    <testcase classname="SPTPlaylistCosmosModelTest" name="testSubscribePlaylistTracks" time="0.007" />
    <testcase classname="SPTPlaylistCosmosModelTest" name="testTrackURLsForPlaylistWeirdCharacters" time="0.005" />
  </testsuite>
  <testsuite failures="0" name="SPTPlaylistPlatformPlaylistDataLoaderFieldsFactoryTest" tests="7">
    <testcase classname="SPTPlaylistPlatformPlaylistDataLoaderFieldsFactoryTest" name="testAllFieldsForFolderItems" time="0.006" />
    <testcase classname="SPTPlaylistPlatformPlaylistDataLoaderFieldsFactoryTest" name="testAllFieldsForPlaylistMetadata" time="0.005" />
    <testcase classname="SPTPlaylistPlatformPlaylistDataLoaderFieldsFactoryTest" name="testAllFieldsForPlaylistTrack" time="0.005" />
    <testcase classname="SPTPlaylistPlatformPlaylistDataLoaderFieldsFactoryTest" name="testProtocolExtendingProtocolFieldsForPlaylistMetadata" time="0.015" />
    <testcase classname="SPTPlaylistPlatformPlaylistDataLoaderFieldsFactoryTest" name="testProtocolExtendingProtocolFieldsForPlaylistTrack" time="0.005" />
    <testcase classname="SPTPlaylistPlatformPlaylistDataLoaderFieldsFactoryTest" name="testSubsetOfFieldsForPlaylistTrackData" time="0.004" />
    <testcase classname="SPTPlaylistPlatformPlaylistDataLoaderFieldsFactoryTest" name="testSubsetOfFieldsForPlaylistTrackPolicy" time="0.005" />
  </testsuite>
  <testsuite failures="0" name="SPTSmartDeviceLinkServiceTests" tests="1">
    <testcase classname="SPTSmartDeviceLinkServiceTests" name="testNoOp" time="0.008" />
  </testsuite>
  <testsuite failures="0" name="SPTMagicUserFeedbackServiceTests" tests="5">
    <testcase classname="SPTMagicUserFeedbackServiceTests" name="testEveningBoundsBeforeTime" time="0.009" />
    <testcase classname="SPTMagicUserFeedbackServiceTests" name="testMorningBoundsAfterTime" time="0.008" />
    <testcase classname="SPTMagicUserFeedbackServiceTests" name="testScheduleBounds" time="0.007" />
    <testcase classname="SPTMagicUserFeedbackServiceTests" name="testTimeBetweenMorningEveningBounds" time="0.009" />
    <testcase classname="SPTMagicUserFeedbackServiceTests" name="testTimeWithinAnHourFromNow" time="0.009" />
  </testsuite>
  <testsuite failures="0" name="SPTAdjustURLSanitizerTests" tests="1">
    <testcase classname="SPTAdjustURLSanitizerTests" name="testCleaningOfAdjustURL" time="0.017" />
  </testsuite>
  <testsuite failures="0" name="SPTAdjustUserTrackerTests" tests="16">
    <testcase classname="SPTAdjustUserTrackerTests" name="testAppWillOpenURL" time="0.011" />
    <testcase classname="SPTAdjustUserTrackerTests" name="testAppWillOpenURLDisabled" time="0.008" />
    <testcase classname="SPTAdjustUserTrackerTests" name="testTrackAppDidLaunchDisabled" time="0.008" />
    <testcase classname="SPTAdjustUserTrackerTests" name="testTrackAppDidLaunchEnabled" time="0.009" />
    <testcase classname="SPTAdjustUserTrackerTests" name="testUserDidEnterLoginAndSignupFlow" time="0.006" />
    <testcase classname="SPTAdjustUserTrackerTests" name="testUserDidEnterLoginAndSignupFlowDisabled" time="0.007" />
    <testcase classname="SPTAdjustUserTrackerTests" name="testUserDidLoginWithProductState" time="0.008" />
    <testcase classname="SPTAdjustUserTrackerTests" name="testUserDidLoginWithProductStateDisabled" time="0.007" />
    <testcase classname="SPTAdjustUserTrackerTests" name="testUserDidRegister" time="0.008" />
    <testcase classname="SPTAdjustUserTrackerTests" name="testUserDidRegisterWithDeviceIdDisabled" time="0.008" />
    <testcase classname="SPTAdjustUserTrackerTests" name="testUserDidSeeLoginOrSignupScreen" time="0.006" />
    <testcase classname="SPTAdjustUserTrackerTests" name="testUserDidSeeLoginOrSignupScreenDisabled" time="0.008" />
    <testcase classname="SPTAdjustUserTrackerTests" name="testUserDidSeeLoginScreen" time="0.009" />
    <testcase classname="SPTAdjustUserTrackerTests" name="testUserDidSeeLoginScreenDisabled" time="0.008" />
    <testcase classname="SPTAdjustUserTrackerTests" name="testUserDidSeeSignupScreen" time="0.008" />
    <testcase classname="SPTAdjustUserTrackerTests" name="testUserDidSeeSignupScreenDisabled" time="0.015" />
  </testsuite>
  <testsuite failures="0" name="SPTInhouseUserTrackerTests" tests="2">
    <testcase classname="SPTInhouseUserTrackerTests" name="testTrackAppDidLaunch" time="0.009" />
    <testcase classname="SPTInhouseUserTrackerTests" name="testUserDidLoginWithProductState" time="0.009" />
  </testsuite>
  <testsuite failures="0" name="SPTIntercomUserTrackerTests" tests="9">
    <testcase classname="SPTIntercomUserTrackerTests" name="testIntercomInjection" time="0.012" />
    <testcase classname="SPTIntercomUserTrackerTests" name="testPushNotificationsToken" time="0.005" />
    <testcase classname="SPTIntercomUserTrackerTests" name="testPushNotificationsTokenWithHMACDelayed" time="0.006" />
    <testcase classname="SPTIntercomUserTrackerTests" name="testUserDidLoginWithDelayedTrackerUserID" time="0.005" />
    <testcase classname="SPTIntercomUserTrackerTests" name="testUserDidLoginWithoutTrackerUserID" time="0.005" />
    <testcase classname="SPTIntercomUserTrackerTests" name="testUserDidLoginWithProductStateEnabled" time="0.005" />
    <testcase classname="SPTIntercomUserTrackerTests" name="testUserDidLoginWithProductStateNotEnabled" time="0.005" />
    <testcase classname="SPTIntercomUserTrackerTests" name="testUserDidLoginWithRepeatedCalls" time="0.005" />
    <testcase classname="SPTIntercomUserTrackerTests" name="testUserDidLogout" time="0.005" />
  </testsuite>
  <testsuite failures="0" name="SPTIterableUserTrackerTests" tests="4">
    <testcase classname="SPTIterableUserTrackerTests" name="testNetworkResponseThenPushNotification" time="0.008" />
    <testcase classname="SPTIterableUserTrackerTests" name="testNetworkResponseThenPushNotificationAfterLogoutLogin" time="0.007" />
    <testcase classname="SPTIterableUserTrackerTests" name="testPushNotificationThenNetworkResponse" time="0.007" />
    <testcase classname="SPTIterableUserTrackerTests" name="testPushNotificationThenNetworkResponseAfterLogoutLogin" time="0.005" />
  </testsuite>
  <testsuite failures="0" name="SPTTrackerBroadcasterTests" tests="12">
    <testcase classname="SPTTrackerBroadcasterTests" name="testAppTrackerAppDidLaunch" time="0.005" />
    <testcase classname="SPTTrackerBroadcasterTests" name="testAppTrackerAppWillOpenURL" time="0.004" />
    <testcase classname="SPTTrackerBroadcasterTests" name="testAppTrackerOfflineMode" time="0.004" />
    <testcase classname="SPTTrackerBroadcasterTests" name="testFailToRegisterRemoteNotifications" time="0.005" />
    <testcase classname="SPTTrackerBroadcasterTests" name="testHandleActionWithIdentifierForLocalNotification" time="0.004" />
    <testcase classname="SPTTrackerBroadcasterTests" name="testHandleActionWithIdentifierForRemoteNotification" time="0.004" />
    <testcase classname="SPTTrackerBroadcasterTests" name="testHandleIncomingNotifcation" time="0.004" />
    <testcase classname="SPTTrackerBroadcasterTests" name="testInjectionsAreNotNil" time="0.005" />
    <testcase classname="SPTTrackerBroadcasterTests" name="testNotificationsTrackerPushDeviceToken" time="0.004" />
    <testcase classname="SPTTrackerBroadcasterTests" name="testUserTrackerDidLogin" time="0.004" />
    <testcase classname="SPTTrackerBroadcasterTests" name="testUserTrackerDidLogout" time="0.004" />
    <testcase classname="SPTTrackerBroadcasterTests" name="testUserTrackerDidRegister" time="0.010" />
  </testsuite>
  <testsuite failures="0" name="SPTUserTrackingServiceImplementationTests" tests="6">
    <testcase classname="SPTUserTrackingServiceImplementationTests" name="testAdjustTrackerIsThere" time="0.005" />
    <testcase classname="SPTUserTrackingServiceImplementationTests" name="testAdjustURLSanitizer" time="0.004" />
    <testcase classname="SPTUserTrackingServiceImplementationTests" name="testInhouseTrackerIsThere" time="0.004" />
    <testcase classname="SPTUserTrackingServiceImplementationTests" name="testIntercomTrackerIsThere" time="0.004" />
    <testcase classname="SPTUserTrackingServiceImplementationTests" name="testPushNotificationsTrackerIsThere" time="0.004" />
    <testcase classname="SPTUserTrackingServiceImplementationTests" name="testTrackerBroadcaster" time="0.004" />
  </testsuite>
  <testsuite failures="0" name="AnnotateServiceTests" tests="2">
    <testcase classname="AnnotateServiceTests" name="testPresentProfileImageUpload" time="0.013" />
    <testcase classname="AnnotateServiceTests" name="testProvideTestManager" time="0.006" />
  </testsuite>
  <testsuite failures="0" name="NSURL_AnnotateTest" tests="1">
    <testcase classname="NSURL_AnnotateTest" name="testAnnotationURLWithUsername" time="0.007" />
  </testsuite>
  <testsuite failures="0" name="SPTAnnotateImageHandlerTests" tests="1">
    <testcase classname="SPTAnnotateImageHandlerTests" name="testShowImagePicker" time="0.015" />
  </testsuite>
  <testsuite failures="0" name="SPTAnnotateManagerTests" tests="5">
    <testcase classname="SPTAnnotateManagerTests" name="testUpdateDisplayNameAndProfileImage" time="0.009" />
    <testcase classname="SPTAnnotateManagerTests" name="testUpdateDisplayNameAndProfileImageWithNilValues" time="0.008" />
    <testcase classname="SPTAnnotateManagerTests" name="testUpdateDisplayNameWithSpecialCharacters" time="0.008" />
    <testcase classname="SPTAnnotateManagerTests" name="testUpdateOnlyDisplayName" time="0.008" />
    <testcase classname="SPTAnnotateManagerTests" name="testUpdateOnlyProfileImage" time="0.006" />
  </testsuite>
  <testsuite failures="0" name="SPTPlaylistAnnotateViewControllerTest" tests="1">
    <testcase classname="SPTPlaylistAnnotateViewControllerTest" name="testInit" time="0.007" />
  </testsuite>
  <testsuite failures="0" name="SPTCosmosDictionaryDataLoaderImplementationTest" tests="6">
    <testcase classname="SPTCosmosDictionaryDataLoaderImplementationTest" name="testNonCancelableWithSUBFails" time="0.009" />
    <testcase classname="SPTCosmosDictionaryDataLoaderImplementationTest" name="testNonSUBRequestsAlwaysReturnNoOnTheHandler" time="0.008" />
    <testcase classname="SPTCosmosDictionaryDataLoaderImplementationTest" name="testRequestGet" time="0.006" />
    <testcase classname="SPTCosmosDictionaryDataLoaderImplementationTest" name="testRequestGetWithCosmosError" time="0.007" />
    <testcase classname="SPTCosmosDictionaryDataLoaderImplementationTest" name="testRequestGetWithJSONError" time="0.008" />
    <testcase classname="SPTCosmosDictionaryDataLoaderImplementationTest" name="testRequestSubWithCancelation" time="0.006" />
  </testsuite>
  <testsuite failures="0" name="NSURL_SPTNotificationsServiceTests" tests="5">
    <testcase classname="NSURL_SPTNotificationsServiceTests" name="testFetchNotificationPreferencesAPIURL" time="0.008" />
    <testcase classname="NSURL_SPTNotificationsServiceTests" name="testIsNotificationViewControllerURI" time="0.008" />
    <testcase classname="NSURL_SPTNotificationsServiceTests" name="testNotificationViewControllerURI" time="0.007" />
    <testcase classname="NSURL_SPTNotificationsServiceTests" name="testSubscribeToNotificationAPIURL" time="0.008" />
    <testcase classname="NSURL_SPTNotificationsServiceTests" name="testUnubscribeToNotificationAPIURL" time="0.007" />
  </testsuite>
  <testsuite failures="0" name="SPTNotificationCellTests" tests="2">
    <testcase classname="SPTNotificationCellTests" name="testTogglingASwitchOff" time="0.031" />
    <testcase classname="SPTNotificationCellTests" name="testTogglingASwitchOn" time="0.014" />
  </testsuite>
  <testsuite failures="0" name="SPTNotificationGroupDeserializerTests" tests="2">
    <testcase classname="SPTNotificationGroupDeserializerTests" name="testDeserializeWithNoPreferences" time="0.008" />
    <testcase classname="SPTNotificationGroupDeserializerTests" name="testDeserializeWithValidData" time="0.007" />
  </testsuite>
  <testsuite failures="0" name="SPTNotificationPreferencesViewControllerTests" tests="11">
    <testcase classname="SPTNotificationPreferencesViewControllerTests" name="testBecomingAnOfflineModeObserver" time="1.434" />
    <testcase classname="SPTNotificationPreferencesViewControllerTests" name="testSubscribingToANotificationIsASuccess" time="1.631" />
    <testcase classname="SPTNotificationPreferencesViewControllerTests" name="testSubscribingToANotificationIsNotASuccess" time="1.631" />
    <testcase classname="SPTNotificationPreferencesViewControllerTests" name="testThatTheCellsAreCorrect" time="1.097" />
    <testcase classname="SPTNotificationPreferencesViewControllerTests" name="testThatTheHeaderViewsAreCorrect" time="1.101" />
    <testcase classname="SPTNotificationPreferencesViewControllerTests" name="testThatWhenThereIsNetwork_ItShouldRequestNetworkPreferences" time="1.114" />
    <testcase classname="SPTNotificationPreferencesViewControllerTests" name="testThatWhenThereIsNoNetwork_ItShouldNotRequestNetworkPreferences" time="1.055" />
    <testcase classname="SPTNotificationPreferencesViewControllerTests" name="testUnsubscribingToANotificationIsANotSuccess" time="1.606" />
    <testcase classname="SPTNotificationPreferencesViewControllerTests" name="testUnubscribingToANotificationIsASuccess" time="1.616" />
    <testcase classname="SPTNotificationPreferencesViewControllerTests" name="testWhenTheNetworkGoesBackOnline_ShouldNotShowTheOfflineInfoView_AndShouldRefetchPreferences" time="2.083" />
    <testcase classname="SPTNotificationPreferencesViewControllerTests" name="testWhenTheNetworkGoesOffline_ShouldShowTheOfflineInfoView_AndHideTheTableView" time="1.577" />
  </testsuite>
  <testsuite failures="0" name="SPTNotificationTypeDeserializerTests" tests="1">
    <testcase classname="SPTNotificationTypeDeserializerTests" name="testDeserializeWithValidData" time="0.008" />
  </testsuite>
  <testsuite failures="0" name="SPTNotificationTypeTests" tests="2">
    <testcase classname="SPTNotificationTypeTests" name="testStringFromChannel" time="0.005" />
    <testcase classname="SPTNotificationTypeTests" name="testUpdatingAChannelValue" time="0.005" />
  </testsuite>
  <testsuite failures="0" name="SPTNotificationsServiceTests" tests="5">
    <testcase classname="SPTNotificationsServiceTests" name="testErrorResponse" time="0.007" />
    <testcase classname="SPTNotificationsServiceTests" name="testFetchNotificationPreferences" time="0.007" />
    <testcase classname="SPTNotificationsServiceTests" name="testResponseCancelled" time="0.006" />
    <testcase classname="SPTNotificationsServiceTests" name="testSubscribeToNotification" time="0.006" />
    <testcase classname="SPTNotificationsServiceTests" name="testUnsubscribeFromNotification" time="0.005" />
  </testsuite>
  <testsuite failures="0" name="SPTPersonalisedSetsFeatureTests" tests="1">
    <testcase classname="SPTPersonalisedSetsFeatureTests" name="testExample" time="0.009" />
  </testsuite>
<testsuite failures="0" name="SPTAbbaDataSourceImplementationTest" tests="7">
    <testcase classname="SPTAbbaDataSourceImplementationTest" name="testAbbaDataSourceDidFailWithErrorOnCorruptedJSONDataViaHTTPIsInvoked" time="0.015" />
    <testcase classname="SPTAbbaDataSourceImplementationTest" name="testAbbaDataSourceDidFailWithErrorOnFailedResponseViaHTTPIsInvoked" time="0.011" />
    <testcase classname="SPTAbbaDataSourceImplementationTest" name="testAbbaDataSourceDidLoadFeatureFlagsOnValidJSONDataViaHTTPIsInvoked" time="0.011" />
    <testcase classname="SPTAbbaDataSourceImplementationTest" name="testCancelRequestWhenNewOneComesIn" time="0.009" />
    <testcase classname="SPTAbbaDataSourceImplementationTest" name="testHttpRequestIsSentToTheRightURL" time="0.010" />
    <testcase classname="SPTAbbaDataSourceImplementationTest" name="testMaximumOfTenRetries" time="0.006" />
    <testcase classname="SPTAbbaDataSourceImplementationTest" name="testValidJSONThatHasMissingFieldsIsHandledProperly" time="0.012" />
  </testsuite>
  <testsuite failures="0" name="SPTAbbaFeatureEnabledStateTests" tests="5">
    <testcase classname="SPTAbbaFeatureEnabledStateTests" name="testDisableByDefaultEvenAfterStartStop" time="0.010" />
    <testcase classname="SPTAbbaFeatureEnabledStateTests" name="testDisabledByDefault" time="0.010" />
    <testcase classname="SPTAbbaFeatureEnabledStateTests" name="testDisabledWhenAbbaFeatureFlagIsNotTheValue" time="0.008" />
    <testcase classname="SPTAbbaFeatureEnabledStateTests" name="testEnabledValueUpdatesWhenAbbaFeatureFlagChange" time="0.015" />
    <testcase classname="SPTAbbaFeatureEnabledStateTests" name="testEnabledWhenAbbaFeatureFlagIsTheValue" time="0.010" />
  </testsuite>
  <testsuite failures="0" name="SPTAbbaFeatureFlagTests" tests="2">
    <testcase classname="SPTAbbaFeatureFlagTests" name="testDisabledByOverride" time="0.010" />
    <testcase classname="SPTAbbaFeatureFlagTests" name="testEnabledByAbbaFlag" time="0.009" />
  </testsuite>
  <testsuite failures="0" name="SPTAbbaFeatureFlagsImplementationTest" tests="16">
    <testcase classname="SPTAbbaFeatureFlagsImplementationTest" name="testAddNewFlagsToLocalSettings" time="0.006" />
    <testcase classname="SPTAbbaFeatureFlagsImplementationTest" name="testFeatureFlagsDidChange" time="0.006" />
    <testcase classname="SPTAbbaFeatureFlagsImplementationTest" name="testFeatureFlagsDidFailWithError" time="0.006" />
    <testcase classname="SPTAbbaFeatureFlagsImplementationTest" name="testFeatureFlagsLogOnLookup" time="0.007" />
    <testcase classname="SPTAbbaFeatureFlagsImplementationTest" name="testFeatureFlagsLogOnLookupOnceRefreshed" time="0.006" />
    <testcase classname="SPTAbbaFeatureFlagsImplementationTest" name="testFeatureFlagsLogOnLookupOnlyOnce" time="0.006" />
    <testcase classname="SPTAbbaFeatureFlagsImplementationTest" name="testFeatureFlagsObservingProductState" time="0.005" />
    <testcase classname="SPTAbbaFeatureFlagsImplementationTest" name="testFeatureFlagsRefreshOnProductStateChange" time="0.005" />
    <testcase classname="SPTAbbaFeatureFlagsImplementationTest" name="testFlagsFallBackToProductState" time="0.006" />
    <testcase classname="SPTAbbaFeatureFlagsImplementationTest" name="testFlagsLoadedFromLocalSettings" time="0.005" />
    <testcase classname="SPTAbbaFeatureFlagsImplementationTest" name="testLookupOnApplicationActive" time="0.005" />
    <testcase classname="SPTAbbaFeatureFlagsImplementationTest" name="testObservingOfflineModeState" time="0.005" />
    <testcase classname="SPTAbbaFeatureFlagsImplementationTest" name="testRefreshDataSourceIfNotLoadedAndNotOfflineOnOfflineChange" time="0.005" />
    <testcase classname="SPTAbbaFeatureFlagsImplementationTest" name="testRefreshIsInvokingLoadOnDataSource" time="0.005" />
    <testcase classname="SPTAbbaFeatureFlagsImplementationTest" name="testRefreshIsInvokingLoadOnDataSourceOnlyOnceWhenCalledMultipleTimes" time="0.005" />
    <testcase classname="SPTAbbaFeatureFlagsImplementationTest" name="testRemoveRedundantKeysFromLocalSettings" time="0.005" />
  </testsuite>
  <testsuite failures="0" name="SPTAbbaFeatureImplementationTest" tests="1">
    <testcase classname="SPTAbbaFeatureImplementationTest" name="testFeatureFlagsInstance" time="0.005" />
  </testsuite>
  <testsuite failures="0" name="SPTAbbaFlagDataConfigLoaderTest" tests="1">
    <testcase classname="SPTAbbaFlagDataConfigLoaderTest" name="testFetchAbbaDataConfigOnSuccess" time="0.007" />
  </testsuite>
  <testsuite failures="0" name="NSURLBouncerTest" tests="2">
    <testcase classname="NSURLBouncerTest" name="testNilWithNilStoryID" time="0.011" />
    <testcase classname="NSURLBouncerTest" name="testWithValidStoryID" time="0.010" />
  </testsuite>
  <testsuite failures="0" name="NSURLSocialFeedViewTest" tests="9">
    <testcase classname="NSURLSocialFeedViewTest" name="testNewerStories" time="0.010" />
    <testcase classname="NSURLSocialFeedViewTest" name="testNewerStoriesWithNilStoryID" time="0.010" />
    <testcase classname="NSURLSocialFeedViewTest" name="testPath" time="0.009" />
    <testcase classname="NSURLSocialFeedViewTest" name="testReactionsForStoryWithNilStoryID" time="0.009" />
    <testcase classname="NSURLSocialFeedViewTest" name="testReactionsForStoryWithValidStoryID" time="0.010" />
    <testcase classname="NSURLSocialFeedViewTest" name="testTimelineWithNilUser" time="0.008" />
    <testcase classname="NSURLSocialFeedViewTest" name="testTimelineWithValidUser" time="0.009" />
    <testcase classname="NSURLSocialFeedViewTest" name="testUnreadCountSinceStoryID" time="0.007" />
    <testcase classname="NSURLSocialFeedViewTest" name="testUnreadCountWithNilStoryID" time="0.009" />
  </testsuite>
  <testsuite failures="0" name="SPTActivityDataTests" tests="6">
    <testcase classname="SPTActivityDataTests" name="testAppendData" time="0.012" />
    <testcase classname="SPTActivityDataTests" name="testDataCountCorrect" time="0.011" />
    <testcase classname="SPTActivityDataTests" name="testDataValid" time="0.007" />
    <testcase classname="SPTActivityDataTests" name="testHasLoadedAllOlderEntititiesFlippedToFalse" time="0.006" />
    <testcase classname="SPTActivityDataTests" name="testNextPageURLValid" time="0.008" />
    <testcase classname="SPTActivityDataTests" name="testPrependData" time="0.007" />
  </testsuite>
  <testsuite failures="0" name="SPTActivityEntityViewModelTests" tests="4">
    <testcase classname="SPTActivityEntityViewModelTests" name="testParseResponseNotSuccessfulBecauseOffline" time="0.008" />
    <testcase classname="SPTActivityEntityViewModelTests" name="testParseResponseNotSuccessfulOnline" time="0.006" />
    <testcase classname="SPTActivityEntityViewModelTests" name="testParseResponseSuccessfulHasValidReplays" time="0.007" />
    <testcase classname="SPTActivityEntityViewModelTests" name="testParseResponseSuccessfulNoReplays" time="0.006" />
  </testsuite>
  <testsuite failures="0" name="SPTActivityFeatureImplementationTest" tests="3">
    <testcase classname="SPTActivityFeatureImplementationTest" name="testProvideActivityEntityViewController" time="0.013" />
    <testcase classname="SPTActivityFeatureImplementationTest" name="testProvideActivityViewControllerPhone" time="0.015" />
    <testcase classname="SPTActivityFeatureImplementationTest" name="testProvideRecentActivityVC" time="0.005" />
  </testsuite>
  <testsuite failures="0" name="SPTActivityUserTests" tests="4">
    <testcase classname="SPTActivityUserTests" name="testInitUserWithEmptyDict" time="0.005" />
    <testcase classname="SPTActivityUserTests" name="testInitUserWithValidDict" time="0.004" />
    <testcase classname="SPTActivityUserTests" name="testUsersWithDifferentURIIsEqualReturnsFalse" time="0.005" />
    <testcase classname="SPTActivityUserTests" name="testUsersWithSameURIIsEqualReturnsTrue" time="0.004" />
  </testsuite>
  <testsuite failures="0" name="SPTActivityViewModelEntityDataTests" tests="18">
    <testcase classname="SPTActivityViewModelEntityDataTests" name="testCorrectTypeForAlbumURI" time="0.005" />
    <testcase classname="SPTActivityViewModelEntityDataTests" name="testCorrectTypeForArtistURI" time="0.004" />
    <testcase classname="SPTActivityViewModelEntityDataTests" name="testCorrectTypeForPlaylistURI" time="0.005" />
    <testcase classname="SPTActivityViewModelEntityDataTests" name="testCorrectTypeForTrackURI" time="0.004" />
    <testcase classname="SPTActivityViewModelEntityDataTests" name="testCorrectTypeForUserURI" time="0.004" />
    <testcase classname="SPTActivityViewModelEntityDataTests" name="testInitWithIncorrectAuthorDataDict" time="0.004" />
    <testcase classname="SPTActivityViewModelEntityDataTests" name="testInitWithIncorrectFieldsDataDict" time="0.005" />
    <testcase classname="SPTActivityViewModelEntityDataTests" name="testInitWithIncorrectParentDataDict" time="0.004" />
    <testcase classname="SPTActivityViewModelEntityDataTests" name="testInitWithIncorrectReplayersArrayDataDict" time="0.004" />
    <testcase classname="SPTActivityViewModelEntityDataTests" name="testInitWithIncorrectReplaysCountDataDict" time="0.005" />
    <testcase classname="SPTActivityViewModelEntityDataTests" name="testInitWithIncorrectResourceDataDict" time="0.004" />
    <testcase classname="SPTActivityViewModelEntityDataTests" name="testInitWithIncorrectStreamsDataDict" time="0.004" />
    <testcase classname="SPTActivityViewModelEntityDataTests" name="testInitWithIncorrectTitleDataDict" time="0.004" />
    <testcase classname="SPTActivityViewModelEntityDataTests" name="testInitWithInvalidDataDict" time="0.006" />
    <testcase classname="SPTActivityViewModelEntityDataTests" name="testInitWithValidDataDict" time="0.009" />
    <testcase classname="SPTActivityViewModelEntityDataTests" name="testUserReplayedToggleOffDoesntCrashIfReplayersArrayIsEmpty" time="0.007" />
    <testcase classname="SPTActivityViewModelEntityDataTests" name="testUserReplayedToggleOffRemovesCurrentUserFromReplayersArray" time="0.005" />
    <testcase classname="SPTActivityViewModelEntityDataTests" name="testUserReplayedToggleOnAddsCurrentUserToReplayersArray" time="0.004" />
  </testsuite>
  <testsuite failures="0" name="SPTActivityViewModelTests" tests="27">
    <testcase classname="SPTActivityViewModelTests" name="testDataNotCreatedWhenRefreshAllDataCalledOffline" time="0.006" />
    <testcase classname="SPTActivityViewModelTests" name="testDoNotAccessEmptyDataOnFetchNewerStoriesRequest" time="0.006" />
    <testcase classname="SPTActivityViewModelTests" name="testHasLoadedAllOlderStoriesBooleanFalseOnOlderStoriesRequestIfMissingLastPageBoolean" time="0.011" />
    <testcase classname="SPTActivityViewModelTests" name="testHasLoadedAllOlderStoriesBooleanFalseOnOlderStoriesRequestIfThereAreMoreOlderStories" time="0.007" />
    <testcase classname="SPTActivityViewModelTests" name="testHasLoadedAllOlderStoriesBooleanFalseOnOlderStoriesRequestWithValidNextPageValue" time="0.006" />
    <testcase classname="SPTActivityViewModelTests" name="testHasLoadedAllOlderStoriesBooleanFalseOnRefreshDataRequest" time="0.005" />
    <testcase classname="SPTActivityViewModelTests" name="testNonTrackInMFTModeIsNotDisabled" time="0.007" />
    <testcase classname="SPTActivityViewModelTests" name="testNonTrackInPremiumModeIsNotDisabled" time="0.005" />
    <testcase classname="SPTActivityViewModelTests" name="testOfflineChangeToOnlineBeforeRefreshAllDataDoesNothing" time="0.005" />
    <testcase classname="SPTActivityViewModelTests" name="testOfflineChangeToOnlineCallsResfreshAllData" time="0.006" />
    <testcase classname="SPTActivityViewModelTests" name="testParseResponseNotSuccessfulBecauseOffline" time="0.005" />
    <testcase classname="SPTActivityViewModelTests" name="testParseResponseNotSuccessfulOnline" time="0.005" />
    <testcase classname="SPTActivityViewModelTests" name="testParseResponseSuccessfulHasValidStories" time="0.006" />
    <testcase classname="SPTActivityViewModelTests" name="testParseResponseSuccessfulNoStories" time="0.005" />
    <testcase classname="SPTActivityViewModelTests" name="testPlayAtIndexChangesUserReplayedBool" time="0.007" />
    <testcase classname="SPTActivityViewModelTests" name="testPlayerStateNotNilAfterPlayerStateDidChange" time="0.005" />
    <testcase classname="SPTActivityViewModelTests" name="testPostsReplayIfWeHaveNotDisabledPublishingActivity" time="0.006" />
    <testcase classname="SPTActivityViewModelTests" name="testProductStateDidChangeCallsDelegate" time="0.005" />
    <testcase classname="SPTActivityViewModelTests" name="testsDoesNotPostReplayIfWeHaveDisabledPublishingActivity" time="0.010" />
    <testcase classname="SPTActivityViewModelTests" name="testTrackInMFTModeIsDisabled" time="0.006" />
    <testcase classname="SPTActivityViewModelTests" name="testTrackInPremiumModeIsNotDisabled" time="0.005" />
    <testcase classname="SPTActivityViewModelTests" name="testUnreadCountSetToZeroAfterSuccessfulResponseWithNoStories" time="0.048" />
    <testcase classname="SPTActivityViewModelTests" name="testUnreadCountSetToZeroAfterSuccessfulResponseWithStories" time="0.014" />
    <testcase classname="SPTActivityViewModelTests" name="testViewModelCallsDelegateOnFetchOlderStoriesRequest" time="0.008" />
    <testcase classname="SPTActivityViewModelTests" name="testViewModelDataDoesNotChangeWhenFetchNewerStoriesBeforeRefreshAllData" time="0.005" />
    <testcase classname="SPTActivityViewModelTests" name="testViewModelDataDoesNotChangeWhenFetchOlderStoriesBeforeRefreshAllData" time="0.005" />
    <testcase classname="SPTActivityViewModelTests" name="testViewModelDataHasNewStoryOnFetchNewerStoriesRequest" time="0.006" />
  </testsuite>
  <testsuite failures="0" name="SPTActivtyViewControllerTests" tests="2">
    <testcase classname="SPTActivtyViewControllerTests" name="testFetchNewerStoriesIsCalledForFeedRequests" time="0.005" />
    <testcase classname="SPTActivtyViewControllerTests" name="testRefreshDataIsNotCalledForTimelineRequests" time="0.005" />
  </testsuite>
  <testsuite failures="0" name="SPTNotificationsViewControllerTests" tests="2">
    <testcase classname="SPTNotificationsViewControllerTests" name="testNotificationsViewOpensWithActivityTabSelected" time="1.483" />
    <testcase classname="SPTNotificationsViewControllerTests" name="testSwitchToMessagesViewWhenMessagesTabIsSelected" time="1.619" />
  </testsuite>
  <testsuite failures="0" name="AlbumFeatureImplementationTest" tests="1">
    <testcase classname="AlbumFeatureImplementationTest" name="testProvideAlbumViewController" time="0.023" />
  </testsuite>
  <testsuite failures="0" name="AlbumPlaybackStateRestoreTests" tests="3">
    <testcase classname="AlbumPlaybackStateRestoreTests" name="testClearPlaybackPositionForAlbumWithURL" time="0.009" />
    <testcase classname="AlbumPlaybackStateRestoreTests" name="testPlaybackInfoExistsForAlbumWithURL" time="0.007" />
    <testcase classname="AlbumPlaybackStateRestoreTests" name="testPlayOptionsForAlbumWithURL" time="0.008" />
  </testsuite>
  <testsuite failures="0" name="AlbumURLParsingTests" tests="1">
    <testcase classname="AlbumURLParsingTests" name="testIsValidAlbumURL" time="0.006" />
  </testsuite>
  <testsuite failures="0" name="NSURLAlbumTest" tests="1">
    <testcase classname="NSURLAlbumTest" name="testAlbumID" time="0.007" />
  </testsuite>
  <testsuite failures="0" name="SPTAlbumABTestSourceImplementationTest" tests="12">
    <testcase classname="SPTAlbumABTestSourceImplementationTest" name="testThatSpokenWordFeatureIsDisabledWhenFlagIsEnabled_mftUser" time="0.008" />
    <testcase classname="SPTAlbumABTestSourceImplementationTest" name="testThatSpokenWordFeatureIsDisabledWhenFlagIsMissing" time="0.007" />
    <testcase classname="SPTAlbumABTestSourceImplementationTest" name="testThatSpokenWordFeatureIsEnabledWhenFlagIsEnabled" time="0.008" />
    <testcase classname="SPTAlbumABTestSourceImplementationTest" name="testThatWindowedAlbumShufflePlayBehaviourIsShownAsDefaultWhenFlagIsMissing" time="0.008" />
    <testcase classname="SPTAlbumABTestSourceImplementationTest" name="testThatWindowedAlbumShufflePlayBehaviourIsShownAsDefaultWhenFlagValueIsDefault" time="0.005" />
    <testcase classname="SPTAlbumABTestSourceImplementationTest" name="testThatWindowedAlbumShufflePlayBehaviourIsShownAsDisableWhenFlagValueIsDisable" time="0.006" />
    <testcase classname="SPTAlbumABTestSourceImplementationTest" name="testThatWindowedAlbumShufflePlayBehaviourIsShownAsUpsellAndPlayWhenFlagValueIsUpsellAndPlay" time="0.007" />
    <testcase classname="SPTAlbumABTestSourceImplementationTest" name="testThatWindowedAlbumShufflePlayBehaviourIsShownAsUpsellWhenFlagValueIsUpsell" time="0.008" />
    <testcase classname="SPTAlbumABTestSourceImplementationTest" name="testThatWindowedTracksPresentationStyleIsShowAlwaysWhenFlagValueIsAlways" time="0.010" />
    <testcase classname="SPTAlbumABTestSourceImplementationTest" name="testThatWindowedTracksPresentationStyleIsShowAsUnplayableWhenFlagIsMissing" time="0.008" />
    <testcase classname="SPTAlbumABTestSourceImplementationTest" name="testThatWindowedTracksPresentationStyleIsShowAsUnplayableWhenFlagValueIsControl" time="0.006" />
    <testcase classname="SPTAlbumABTestSourceImplementationTest" name="testThatWindowedTracksPresentationStyleIsShowOnlySinglesWhenFlagValueIsOnlySingles" time="0.005" />
  </testsuite>
  <testsuite failures="0" name="SPTAlbumDataTest" tests="6">
    <testcase classname="SPTAlbumDataTest" name="testAllTracks" time="0.009" />
    <testcase classname="SPTAlbumDataTest" name="testOnlyPlayableTracks" time="0.005" />
    <testcase classname="SPTAlbumDataTest" name="testThatReleaseIsSetToWindowed" time="0.005" />
    <testcase classname="SPTAlbumDataTest" name="testTracksPlayableState" time="0.005" />
    <testcase classname="SPTAlbumDataTest" name="testWindowedContentMessage" time="0.004" />
    <testcase classname="SPTAlbumDataTest" name="testWindowedContentTitle" time="0.005" />
  </testsuite>
  <testsuite failures="0" name="SPTAlbumDownloadActionTests" tests="5">
    <testcase classname="SPTAlbumDownloadActionTests" name="testActionChecksAlbumOfflineDuringInit" time="0.005" />
    <testcase classname="SPTAlbumDownloadActionTests" name="testActionExecutionWithOfflineStatusOff" time="0.005" />
    <testcase classname="SPTAlbumDownloadActionTests" name="testActionExecutionWithOfflineStatusOn" time="0.004" />
    <testcase classname="SPTAlbumDownloadActionTests" name="testContextMenuTitleOfflineOff" time="0.005" />
    <testcase classname="SPTAlbumDownloadActionTests" name="testContextMenuTitleOfflineOn" time="0.004" />
  </testsuite>
  <testsuite failures="0" name="SPTAlbumUITestOnDemand" tests="5">
    <testcase classname="SPTAlbumUITestOnDemand" name="testLogsViewCompletion" time="1.578" />
    <testcase classname="SPTAlbumUITestOnDemand" name="testOfflineButtonOnAlreadySavedAlbum" time="2.672" />
    <testcase classname="SPTAlbumUITestOnDemand" name="testPlayTrackRow" time="4.316" />
    <testcase classname="SPTAlbumUITestOnDemand" name="testSaveButton" time="3.366" />
    <testcase classname="SPTAlbumUITestOnDemand" name="testShufflePlay" time="1.925" />
  </testsuite>
  <testsuite failures="0" name="SPTAlbumUITestShuffle" tests="4">
    <testcase classname="SPTAlbumUITestShuffle" name="testLogsViewCompletion" time="1.090" />
    <testcase classname="SPTAlbumUITestShuffle" name="testPressTrackRow" time="4.315" />
    <testcase classname="SPTAlbumUITestShuffle" name="testSaveButton" time="3.357" />
    <testcase classname="SPTAlbumUITestShuffle" name="testShufflePlay" time="1.924" />
  </testsuite>
  <testsuite failures="0" name="SPTAlbumViewControllerTest" tests="15">
    <testcase classname="SPTAlbumViewControllerTest" name="testAlbumOfflineBarShowsAlways" time="0.030" />
    <testcase classname="SPTAlbumViewControllerTest" name="testAlbumOfflineBarShowsWhenSaved" time="0.027" />
    <testcase classname="SPTAlbumViewControllerTest" name="testAlbumViewControllerTrackRowTapped" time="0.017" />
    <testcase classname="SPTAlbumViewControllerTest" name="testArtistViewTapLogging" time="0.032" />
    <testcase classname="SPTAlbumViewControllerTest" name="testContextMenuButtonTappedLogging" time="0.049" />
    <testcase classname="SPTAlbumViewControllerTest" name="testEntityTableHeaderViewDelegateImageTappedLogging" time="0.035" />
    <testcase classname="SPTAlbumViewControllerTest" name="testNoObservationOnInit" time="0.011" />
    <testcase classname="SPTAlbumViewControllerTest" name="testObserveCollectionAfterViewDidLoad" time="0.022" />
    <testcase classname="SPTAlbumViewControllerTest" name="testOffliningNonSavedAlbum" time="0.039" />
    <testcase classname="SPTAlbumViewControllerTest" name="testOffliningNonSavedAlbumWhenOffliningNotAllowedShouldNotSave" time="0.021" />
    <testcase classname="SPTAlbumViewControllerTest" name="testOffliningSavedAlbum" time="0.031" />
    <testcase classname="SPTAlbumViewControllerTest" name="testPageSlidingLogging" time="0.032" />
    <testcase classname="SPTAlbumViewControllerTest" name="testSaveButtonTappedLogging" time="0.046" />
    <testcase classname="SPTAlbumViewControllerTest" name="testSaveButtonTappedLoggingOnCollectionCompletion" time="0.045" />
    <testcase classname="SPTAlbumViewControllerTest" name="testShufflePlayButtonTappedLogging" time="0.033" />
  </testsuite>
  <testsuite failures="0" name="SPTAlbumViewModelTest" tests="66">
    <testcase classname="SPTAlbumViewModelTest" name="testAddCollectionActionToContextMenu" time="0.011" />
    <testcase classname="SPTAlbumViewModelTest" name="testAlbumDataDateParsing" time="0.007" />
    <testcase classname="SPTAlbumViewModelTest" name="testCompleteCollectionActionInContextMenu" time="0.016" />
    <testcase classname="SPTAlbumViewModelTest" name="testFilteringUnplayableTracks_showAlways_hideUnplayableTracksFalse" time="0.008" />
    <testcase classname="SPTAlbumViewModelTest" name="testFilteringUnplayableTracks_showAlways_hideUnplayableTracksTrue" time="0.007" />
    <testcase classname="SPTAlbumViewModelTest" name="testFilteringUnplayableTracks_showAsUnplayable_hideUnplayableTracksFalse" time="0.007" />
    <testcase classname="SPTAlbumViewModelTest" name="testFilteringUnplayableTracks_showAsUnplayable_hideUnplayableTracksTrue" time="0.007" />
    <testcase classname="SPTAlbumViewModelTest" name="testFilteringUnplayableTracks_showOnlySingles_hideUnplayableTracksFalse_withoutSingles" time="0.007" />
    <testcase classname="SPTAlbumViewModelTest" name="testFilteringUnplayableTracks_showOnlySingles_hideUnplayableTracksFalse_withSingles" time="0.007" />
    <testcase classname="SPTAlbumViewModelTest" name="testFilteringUnplayableTracks_showOnlySingles_hideUnplayableTracksTrue_withoutSingles" time="0.007" />
    <testcase classname="SPTAlbumViewModelTest" name="testFilteringUnplayableTracks_showOnlySingles_hideUnplayableTracksTrue_withSingles" time="0.007" />
    <testcase classname="SPTAlbumViewModelTest" name="testIsTrackWindowed_isFalse_playableTrack" time="0.007" />
    <testcase classname="SPTAlbumViewModelTest" name="testNoCollectionActionInContextMenu" time="0.013" />
    <testcase classname="SPTAlbumViewModelTest" name="testNoCompleteCollectionActionInContextMenuWhenBookmarkModelEnabled" time="0.014" />
    <testcase classname="SPTAlbumViewModelTest" name="testNotNil" time="0.006" />
    <testcase classname="SPTAlbumViewModelTest" name="testPrimaryActionButtonEnabledState_albumWindowedShufflePlayBehaviourDefault_unWindowedContent_noTracks" time="0.006" />
    <testcase classname="SPTAlbumViewModelTest" name="testPrimaryActionButtonEnabledState_albumWindowedShufflePlayBehaviourDefault_unWindowedContent_someTracks" time="0.006" />
    <testcase classname="SPTAlbumViewModelTest" name="testPrimaryActionButtonEnabledState_albumWindowedShufflePlayBehaviourDefault_windowedContent_noTracks" time="0.007" />
    <testcase classname="SPTAlbumViewModelTest" name="testPrimaryActionButtonEnabledState_albumWindowedShufflePlayBehaviourDefault_windowedContent_someTracks" time="0.008" />
    <testcase classname="SPTAlbumViewModelTest" name="testPrimaryActionButtonEnabledState_albumWindowedShufflePlayBehaviourDisable_unWindowedContent_noTracks" time="0.006" />
    <testcase classname="SPTAlbumViewModelTest" name="testPrimaryActionButtonEnabledState_albumWindowedShufflePlayBehaviourDisable_unWindowedContent_someTracks" time="0.007" />
    <testcase classname="SPTAlbumViewModelTest" name="testPrimaryActionButtonEnabledState_albumWindowedShufflePlayBehaviourDisable_windowedContent_noTracks" time="0.007" />
    <testcase classname="SPTAlbumViewModelTest" name="testPrimaryActionButtonEnabledState_albumWindowedShufflePlayBehaviourDisable_windowedContent_someTracks" time="0.009" />
    <testcase classname="SPTAlbumViewModelTest" name="testPrimaryActionButtonEnabledState_albumWindowedShufflePlayBehaviourUpsell_unWindowedContent_noTracks" time="0.007" />
    <testcase classname="SPTAlbumViewModelTest" name="testPrimaryActionButtonEnabledState_albumWindowedShufflePlayBehaviourUpsell_unWindowedContent_someTracks" time="0.007" />
    <testcase classname="SPTAlbumViewModelTest" name="testPrimaryActionButtonEnabledState_albumWindowedShufflePlayBehaviourUpsell_windowedContent_noTracks" time="0.007" />
    <testcase classname="SPTAlbumViewModelTest" name="testPrimaryActionButtonEnabledState_albumWindowedShufflePlayBehaviourUpsell_windowedContent_someTracks" time="0.007" />
    <testcase classname="SPTAlbumViewModelTest" name="testPrimaryActionButtonEnabledState_albumWindowedShufflePlayBehaviourUpsellAndPlay_unWindowedContent_noTracks" time="0.007" />
    <testcase classname="SPTAlbumViewModelTest" name="testPrimaryActionButtonEnabledState_albumWindowedShufflePlayBehaviourUpsellAndPlay_unWindowedContent_someTracks" time="0.007" />
    <testcase classname="SPTAlbumViewModelTest" name="testPrimaryActionButtonEnabledState_albumWindowedShufflePlayBehaviourUpsellAndPlay_windowedContent_noTracks" time="0.007" />
    <testcase classname="SPTAlbumViewModelTest" name="testPrimaryActionButtonEnabledState_albumWindowedShufflePlayBehaviourUpsellAndPlay_windowedContent_someTracks" time="0.007" />
    <testcase classname="SPTAlbumViewModelTest" name="testShouldShowWindowedContentButtonReturnsFalseWhenNoWindowedRelease" time="0.007" />
    <testcase classname="SPTAlbumViewModelTest" name="testShouldShowWindowedContentButtonReturnsFalseWhenWindowedReleaseNoButton" time="0.007" />
    <testcase classname="SPTAlbumViewModelTest" name="testShouldShowWindowedContentButtonReturnsFalseWhenWindowedReleaseWithButton" time="0.006" />
    <testcase classname="SPTAlbumViewModelTest" name="testShouldShowWindowedContentReturnsFalseWhenAlbumWithoutWindowedRelease" time="0.007" />
    <testcase classname="SPTAlbumViewModelTest" name="testShouldShowWindowedContentReturnsFalseWhenAlbumWithWindowedReleaseButNoMessage" time="0.007" />
    <testcase classname="SPTAlbumViewModelTest" name="testShouldShowWindowedContentReturnsTrueWhenAlbumWithWindowedReleaseAndMessage" time="0.007" />
    <testcase classname="SPTAlbumViewModelTest" name="testShouldTagWithPremiumLabel_isFalse_flagDisabled_windowedTrack" time="0.007" />
    <testcase classname="SPTAlbumViewModelTest" name="testShouldTagWithPremiumLabel_isFalse_unavailableTrack" time="0.008" />
    <testcase classname="SPTAlbumViewModelTest" name="testShouldTagWithPremiumLabel_isTrue_flagEnabled_windowedTrack" time="0.008" />
    <testcase classname="SPTAlbumViewModelTest" name="testThatshouldOnlyUpsellAndPlayIsFalse_albumWindowedShufflePlayBehaviourDefault_windowedContent" time="0.008" />
    <testcase classname="SPTAlbumViewModelTest" name="testThatshouldOnlyUpsellIsFalse_albumWindowedShufflePlayBehaviourDefault_unWindowedContent" time="0.007" />
    <testcase classname="SPTAlbumViewModelTest" name="testThatshouldOnlyUpsellIsFalse_albumWindowedShufflePlayBehaviourDefault_windowedContent" time="0.007" />
    <testcase classname="SPTAlbumViewModelTest" name="testThatshouldOnlyUpsellIsFalse_albumWindowedShufflePlayBehaviourDisable_unWindowedContent" time="0.007" />
    <testcase classname="SPTAlbumViewModelTest" name="testThatshouldOnlyUpsellIsFalse_albumWindowedShufflePlayBehaviourDisable_windowedContent" time="0.007" />
    <testcase classname="SPTAlbumViewModelTest" name="testThatshouldOnlyUpsellIsFalse_albumWindowedShufflePlayBehaviourUpsell_unWindowedContent" time="0.007" />
    <testcase classname="SPTAlbumViewModelTest" name="testThatshouldOnlyUpsellIsFalse_albumWindowedShufflePlayBehaviourUpsellAndPlay_unWindowedContent" time="0.006" />
    <testcase classname="SPTAlbumViewModelTest" name="testThatshouldOnlyUpsellIsFalse_albumWindowedShufflePlayBehaviourUpsellAndPlay_windowedContent" time="0.007" />
    <testcase classname="SPTAlbumViewModelTest" name="testThatshouldOnlyUpsellIsTrue_albumWindowedShufflePlayBehaviourUpsell_windowedContent" time="0.007" />
    <testcase classname="SPTAlbumViewModelTest" name="testThatshouldOnlyUpselllAndPlayIsFalse_albumWindowedShufflePlayBehaviourDefault_unWindowedContent" time="0.007" />
    <testcase classname="SPTAlbumViewModelTest" name="testThatshouldOnlyUpselllAndPlayIsFalse_albumWindowedShufflePlayBehaviourDisable_unWindowedContent" time="0.007" />
    <testcase classname="SPTAlbumViewModelTest" name="testThatshouldOnlyUpselllAndPlayIsFalse_albumWindowedShufflePlayBehaviourDisable_windowedContent" time="0.006" />
    <testcase classname="SPTAlbumViewModelTest" name="testThatshouldOnlyUpselllAndPlayIsFalse_albumWindowedShufflePlayBehaviourUpsell_unWindowedContent" time="0.007" />
    <testcase classname="SPTAlbumViewModelTest" name="testThatshouldOnlyUpselllAndPlayIsFalse_albumWindowedShufflePlayBehaviourUpsell_windowedContent" time="0.006" />
    <testcase classname="SPTAlbumViewModelTest" name="testThatshouldOnlyUpselllAndPlayIsFalse_albumWindowedShufflePlayBehaviourUpsellAndPlay_unWindowedContent" time="0.007" />
    <testcase classname="SPTAlbumViewModelTest" name="testThatshouldOnlyUpselllAndPlayIsTrue_albumWindowedShufflePlayBehaviourUpsellAndPlay_windowedContent" time="0.007" />
    <testcase classname="SPTAlbumViewModelTest" name="testThatShuffleDoesntPlayWhenThereIsNoPlayableTracks_albumWindowedShufflePlayBehaviourUpsellAndPlay" time="0.007" />
    <testcase classname="SPTAlbumViewModelTest" name="testViewModelHasRelatedAlbums" time="0.007" />
    <testcase classname="SPTAlbumViewModelTest" name="testViewModelNumberOfPlayableTracks" time="0.006" />
    <testcase classname="SPTAlbumViewModelTest" name="testViewModelNumberOfRelatedAlbums" time="0.007" />
    <testcase classname="SPTAlbumViewModelTest" name="testViewModelNumberOfTracks" time="0.006" />
    <testcase classname="SPTAlbumViewModelTest" name="testViewModelPlayingRowMatch" time="0.007" />
    <testcase classname="SPTAlbumViewModelTest" name="testViewModelPlayTrackAtIndex" time="0.006" />
    <testcase classname="SPTAlbumViewModelTest" name="testViewModelPlayTrackInAlbum" time="0.007" />
    <testcase classname="SPTAlbumViewModelTest" name="testViewModelPlayTrackNotInAlbum" time="0.006" />
    <testcase classname="SPTAlbumViewModelTest" name="testViewModelVariousArtists" time="0.007" />
  </testsuite>
  <testsuite failures="0" name="SPTAlbumViewModel_OffliningTests" tests="12">
    <testcase classname="SPTAlbumViewModel_OffliningTests" name="testAlbumIsOffline" time="0.007" />
    <testcase classname="SPTAlbumViewModel_OffliningTests" name="testAlbumIsOfflineNot" time="0.006" />
    <testcase classname="SPTAlbumViewModel_OffliningTests" name="testDownloadAfterSavingAlbum" time="0.774" />
    <testcase classname="SPTAlbumViewModel_OffliningTests" name="testDownloadCallbackAfterSaving" time="0.006" />
    <testcase classname="SPTAlbumViewModel_OffliningTests" name="testDownloadCase" time="0.005" />
    <testcase classname="SPTAlbumViewModel_OffliningTests" name="testDownloadNotTriggeredWhenAlreadyDownloaded" time="0.005" />
    <testcase classname="SPTAlbumViewModel_OffliningTests" name="testOfflineNotRemovesAlbumWhenNotDownloaded" time="0.005" />
    <testcase classname="SPTAlbumViewModel_OffliningTests" name="testOfflineRemovesAlbumWhenDownloaded" time="0.007" />
    <testcase classname="SPTAlbumViewModel_OffliningTests" name="testOfflineTriggersUpsellWithoutOfflinePermissionWhenSaved" time="0.006" />
    <testcase classname="SPTAlbumViewModel_OffliningTests" name="testOfflineTriggersUpsellWithoutOfflinePermissionWhenUnsaved" time="0.006" />
    <testcase classname="SPTAlbumViewModel_OffliningTests" name="testOfflineURLcallsHelper" time="0.005" />
    <testcase classname="SPTAlbumViewModel_OffliningTests" name="testSaveWhenNotYedSaved" time="0.005" />
  </testsuite>
  <testsuite failures="0" name="SPTClientEventLoggerAlbumTest" tests="6">
    <testcase classname="SPTClientEventLoggerAlbumTest" name="testLogAlbumEntityTableHeaderViewArtistViewTap" time="0.005" />
    <testcase classname="SPTClientEventLoggerAlbumTest" name="testLogAlbumEntityTableHeaderViewContextMenuTap" time="0.005" />
    <testcase classname="SPTClientEventLoggerAlbumTest" name="testLogAlbumEntityTableHeaderViewImageTap" time="0.005" />
    <testcase classname="SPTClientEventLoggerAlbumTest" name="testLogAlbumEntityTableHeaderViewSaveTap" time="0.006" />
    <testcase classname="SPTClientEventLoggerAlbumTest" name="testLogAlbumEntityTableHeaderViewShufflePlayTap" time="0.005" />
    <testcase classname="SPTClientEventLoggerAlbumTest" name="testLogAlbumEntityTableHeaderViewSlideToPage" time="0.005" />
  </testsuite>
  <testsuite failures="0" name="NSURL_SPTTouchEngineTest" tests="1">
    <testcase classname="NSURL_SPTTouchEngineTest" name="testTemplateParameters" time="0.008" />
  </testsuite>
  <testsuite failures="0" name="SPTAudioTouchFeatureImplementationTest" tests="1">
    <testcase classname="SPTAudioTouchFeatureImplementationTest" name="testProvideAudioTouchWithViewIdentifierNotNil" time="0.011" />
  </testsuite>
  <testsuite failures="0" name="SPTAudioTouchPlaybackControllerTests" tests="4">
    <testcase classname="SPTAudioTouchPlaybackControllerTests" name="testPlaybackNotPausedOnStateChangeWhenNotPreviewing" time="0.009" />
    <testcase classname="SPTAudioTouchPlaybackControllerTests" name="testPlayerObserverRegistered" time="0.008" />
    <testcase classname="SPTAudioTouchPlaybackControllerTests" name="testPreviewingWhilePlayingWithGaia" time="0.009" />
    <testcase classname="SPTAudioTouchPlaybackControllerTests" name="testPreviewingWhilePlayingWithoutGaia" time="0.008" />
  </testsuite>
  <testsuite failures="0" name="SPTAudioTouchQueueShelfTest" tests="3">
    <testcase classname="SPTAudioTouchQueueShelfTest" name="testEntityServiceTrackLookup" time="0.014" />
    <testcase classname="SPTAudioTouchQueueShelfTest" name="testNotNil" time="0.009" />
    <testcase classname="SPTAudioTouchQueueShelfTest" name="testSupportsLocalFiles" time="0.010" />
  </testsuite>
  <testsuite failures="0" name="SPTAudioTouchResolverTests" tests="4">
    <testcase classname="SPTAudioTouchResolverTests" name="testNotNil" time="0.009" />
    <testcase classname="SPTAudioTouchResolverTests" name="testResolveError" time="1.011" />
    <testcase classname="SPTAudioTouchResolverTests" name="testResolveOtherService" time="1.012" />
    <testcase classname="SPTAudioTouchResolverTests" name="testResolveSuccess" time="1.011" />
  </testsuite>
  <testsuite failures="0" name="SPTAudioTouchShelvesImplementationTest" tests="2">
    <testcase classname="SPTAudioTouchShelvesImplementationTest" name="testCollectionActionNotSupportedForCollectionUnsupportedURLs" time="0.006" />
    <testcase classname="SPTAudioTouchShelvesImplementationTest" name="testNotNil" time="0.004" />
  </testsuite>
  <testsuite failures="0" name="SPTTouchAudioEngineTests" tests="2">
    <testcase classname="SPTTouchAudioEngineTests" name="testCreateSampleWithURL" time="0.004" />
    <testcase classname="SPTTouchAudioEngineTests" name="testNotNil" time="0.004" />
  </testsuite>
  <testsuite failures="0" name="SPTTouchObjectObserverTests" tests="5">
    <testcase classname="SPTTouchObjectObserverTests" name="testActionCallbackCalledOnDealloc" time="0.004" />
    <testcase classname="SPTTouchObjectObserverTests" name="testActionCallbackNotCalledOnInvalidate" time="0.005" />
    <testcase classname="SPTTouchObjectObserverTests" name="testObserverAddedToObject" time="0.004" />
    <testcase classname="SPTTouchObjectObserverTests" name="testObserverRemovedFromObject" time="0.004" />
    <testcase classname="SPTTouchObjectObserverTests" name="testParametersAreSetCorrectly" time="0.004" />
  </testsuite>
  <testsuite failures="0" name="SPTTouchViewAudioSessionTests" tests="4">
    <testcase classname="SPTTouchViewAudioSessionTests" name="testLogEndPreviewEvent" time="0.010" />
    <testcase classname="SPTTouchViewAudioSessionTests" name="testSessionIdentifierAssociation" time="0.004" />
    <testcase classname="SPTTouchViewAudioSessionTests" name="testSessionUserInfoAssociation" time="0.004" />
    <testcase classname="SPTTouchViewAudioSessionTests" name="testStartEndSession" time="0.004" />
  </testsuite>
  <testsuite failures="0" name="SPTTouchViewBackgroundEffectTests" tests="1">
    <testcase classname="SPTTouchViewBackgroundEffectTests" name="testViewBackgroundColorDoesNotChangeOutOfBounds" time="0.005" />
  </testsuite>
  <testsuite failures="0" name="SPTTouchViewContextEffectTests" tests="5">
    <testcase classname="SPTTouchViewContextEffectTests" name="testDelayedPreviewFetch" time="0.005" />
    <testcase classname="SPTTouchViewContextEffectTests" name="testDelayedPreviewFetchCreatesViewController" time="0.013" />
    <testcase classname="SPTTouchViewContextEffectTests" name="testDelayedPreviewFetchNotTriggeredIfOutOfBounds" time="0.004" />
    <testcase classname="SPTTouchViewContextEffectTests" name="testDelayedPreviewFetchUsesLastInteractionPoint" time="0.004" />
    <testcase classname="SPTTouchViewContextEffectTests" name="testDelayedPreviewFetchWhenCompletesOutOfBoundSetsPreviewsButDoesNotActivate" time="0.004" />
  </testsuite>
  <testsuite failures="0" name="SPTTouchViewEngineImplementationTest" tests="1">
    <testcase classname="SPTTouchViewEngineImplementationTest" name="testNotNil" time="0.004" />
  </testsuite>
  <testsuite failures="0" name="SPTTouchViewEngineNodeTests" tests="5">
    <testcase classname="SPTTouchViewEngineNodeTests" name="testConvertPointToNodeCoordinateSystem" time="0.007" />
    <testcase classname="SPTTouchViewEngineNodeTests" name="testConvertRectToNodeCoordinateSystem" time="0.005" />
    <testcase classname="SPTTouchViewEngineNodeTests" name="testCorrectParametersSet" time="0.004" />
    <testcase classname="SPTTouchViewEngineNodeTests" name="testInvalidateObserverCalled" time="0.004" />
    <testcase classname="SPTTouchViewEngineNodeTests" name="testInvalidateObserverNotCalledOnDealloc" time="0.004" />
  </testsuite>
  <testsuite failures="0" name="SPTTouchViewEngineTests" tests="22">
    <testcase classname="SPTTouchViewEngineTests" name="testBeginNodeCalledOnEffectAfterStartTouch" time="0.005" />
    <testcase classname="SPTTouchViewEngineTests" name="testCanRegisterView" time="0.004" />
    <testcase classname="SPTTouchViewEngineTests" name="testEndTouchingCalledAfterEndTouchCalled" time="0.005" />
    <testcase classname="SPTTouchViewEngineTests" name="testEndTouchingNotCalledAfterEndTouchIfNotStartTouchCalled" time="0.004" />
    <testcase classname="SPTTouchViewEngineTests" name="testHasGestureRecognizer" time="0.004" />
    <testcase classname="SPTTouchViewEngineTests" name="testIsTouchingNotSet" time="0.004" />
    <testcase classname="SPTTouchViewEngineTests" name="testIsTouchingNotSetAfterEndTouch" time="0.004" />
    <testcase classname="SPTTouchViewEngineTests" name="testIsTouchingSetAfterStartTouch" time="0.004" />
    <testcase classname="SPTTouchViewEngineTests" name="testMoveNodeCalledOnEffectAfterMoveTouch" time="0.005" />
    <testcase classname="SPTTouchViewEngineTests" name="testRegisterEffect" time="0.004" />
    <testcase classname="SPTTouchViewEngineTests" name="testRegisterEffectMustConformToSPTTouchViewEffect" time="0.004" />
    <testcase classname="SPTTouchViewEngineTests" name="testRegisterViewCalledOnEffect" time="0.004" />
    <testcase classname="SPTTouchViewEngineTests" name="testRegisterViewCreatesNode" time="0.004" />
    <testcase classname="SPTTouchViewEngineTests" name="testTouchingEndedFromGestureRecognizer" time="0.005" />
    <testcase classname="SPTTouchViewEngineTests" name="testTouchingStartedFromGestureRecognizer" time="0.005" />
    <testcase classname="SPTTouchViewEngineTests" name="testTouchMovedFromGestureRecognizer" time="0.005" />
    <testcase classname="SPTTouchViewEngineTests" name="testTouchStartedPreventedFromGestureRecognizerPublicDelegate" time="0.005" />
    <testcase classname="SPTTouchViewEngineTests" name="testTouchStartedPreventionFromGestureRecognizerInternalDelegate" time="0.005" />
    <testcase classname="SPTTouchViewEngineTests" name="testUnregisterViewCalledOnEffect" time="0.004" />
    <testcase classname="SPTTouchViewEngineTests" name="testUnregisterViewCalledOnEffectWhenViewIsDeallocated" time="0.004" />
    <testcase classname="SPTTouchViewEngineTests" name="testUnregisterViewDeletesNode" time="0.004" />
    <testcase classname="SPTTouchViewEngineTests" name="testUpdateNodeNotCalledAfterMoveTouchIfNotStartTouchCalled" time="0.004" />
  </testsuite>
  <testsuite failures="0" name="SPTTouchViewEngineWatcherTests" tests="1">
    <testcase classname="SPTTouchViewEngineWatcherTests" name="testViewEngineWatcherCallback" time="0.005" />
  </testsuite>
  <testsuite failures="0" name="SPTTouchViewPreviewTests" tests="2">
    <testcase classname="SPTTouchViewPreviewTests" name="testCoding" time="0.004" />
    <testcase classname="SPTTouchViewPreviewTests" name="testCopy" time="0.004" />
  </testsuite>
  <testsuite failures="0" name="SPTTouchViewZoomViewControllerTests" tests="1">
    <testcase classname="SPTTouchViewZoomViewControllerTests" name="testPreviewArrayCounts" time="0.004" />
  </testsuite>
  <testsuite failures="0" name="UIColor_InterpolateTest" tests="1">
    <testcase classname="UIColor_InterpolateTest" name="testInterpolation" time="0.004" />
  </testsuite>
  <testsuite failures="0" name="UIView_SPTTouchViewEngineTests" tests="2">
    <testcase classname="UIView_SPTTouchViewEngineTests" name="testNearestViewController" time="0.005" />
    <testcase classname="UIView_SPTTouchViewEngineTests" name="testNilNearestViewController" time="0.004" />
  </testsuite>
  <testsuite failures="0" name="CollectionFeatureImplementationTest" tests="1">
    <testcase classname="CollectionFeatureImplementationTest" name="testSourceStartOnCollectionAlbum" time="0.013" />
  </testsuite>
  <testsuite failures="0" name="NSJSONSerializationCollectionLossyDataSupportTest" tests="4">
    <testcase classname="NSJSONSerializationCollectionLossyDataSupportTest" name="testFailOnRandomData" time="0.008" />
    <testcase classname="NSJSONSerializationCollectionLossyDataSupportTest" name="testFaultyJsonWithNilError" time="0.008" />
    <testcase classname="NSJSONSerializationCollectionLossyDataSupportTest" name="testParseFaultyJsonData" time="0.009" />
    <testcase classname="NSJSONSerializationCollectionLossyDataSupportTest" name="testParseJsonData" time="0.008" />
  </testsuite>
  <testsuite failures="0" name="NSURLCollectionFavouritesTest" tests="2">
    <testcase classname="NSURLCollectionFavouritesTest" name="testNilWithNilUsername" time="0.009" />
    <testcase classname="NSURLCollectionFavouritesTest" name="testWithValidUsername" time="0.008" />
  </testsuite>
  <testsuite failures="0" name="NSURLCollectionTest" tests="6">
    <testcase classname="NSURLCollectionTest" name="testCollectionURLOnNonArtistOrAlbumURL" time="0.008" />
    <testcase classname="NSURLCollectionTest" name="testCollectionURLWithNilUsername" time="0.010" />
    <testcase classname="NSURLCollectionTest" name="testCollectionURLWithValidNonAsciiUsername" time="0.010" />
    <testcase classname="NSURLCollectionTest" name="testCollectionURLWithValidNonAsciiUsernameSpecialChars" time="0.009" />
    <testcase classname="NSURLCollectionTest" name="testCollectionURLWithValidUsername" time="0.013" />
    <testcase classname="NSURLCollectionTest" name="testUserCollectionURL" time="0.011" />
  </testsuite>
  <testsuite failures="0" name="SPTCollectionAddRemoveFromCollectionActionTest" tests="4">
    <testcase classname="SPTCollectionAddRemoveFromCollectionActionTest" name="testExecuteAddToCollection" time="0.009" />
    <testcase classname="SPTCollectionAddRemoveFromCollectionActionTest" name="testExecuteRemoveFromCollection" time="0.008" />
    <testcase classname="SPTCollectionAddRemoveFromCollectionActionTest" name="testInCollection" time="0.007" />
    <testcase classname="SPTCollectionAddRemoveFromCollectionActionTest" name="testInit" time="0.005" />
  </testsuite>
  <testsuite failures="0" name="SPTCollectionAlbumEntityTest" tests="5">
    <testcase classname="SPTCollectionAlbumEntityTest" name="testAction" time="0.012" />
    <testcase classname="SPTCollectionAlbumEntityTest" name="testActionBookmarkModelOffline" time="0.009" />
    <testcase classname="SPTCollectionAlbumEntityTest" name="testActionBookmarkModelOnline" time="0.009" />
    <testcase classname="SPTCollectionAlbumEntityTest" name="testBuildTouchPreviews" time="0.008" />
    <testcase classname="SPTCollectionAlbumEntityTest" name="testSetup" time="0.005" />
  </testsuite>
  <testsuite failures="0" name="SPTCollectionAlbumModelTest" tests="10">
    <testcase classname="SPTCollectionAlbumModelTest" name="testContextMenuComponentForTrack" time="0.014" />
    <testcase classname="SPTCollectionAlbumModelTest" name="testHasSavedTracksHasNoTracks" time="0.005" />
    <testcase classname="SPTCollectionAlbumModelTest" name="testHasSavedTracksHasTracks" time="0.005" />
    <testcase classname="SPTCollectionAlbumModelTest" name="testModelLoadWithAlbumMetadataLookupError" time="0.010" />
    <testcase classname="SPTCollectionAlbumModelTest" name="testModelLoadWithAlbumMetadataLookupSuccess" time="0.011" />
    <testcase classname="SPTCollectionAlbumModelTest" name="testModelUpdateSongItemsWithManyTracks" time="0.040" />
    <testcase classname="SPTCollectionAlbumModelTest" name="testModelUpdateSongItemsWithOneTrack" time="0.011" />
    <testcase classname="SPTCollectionAlbumModelTest" name="testModelUpdateSongItemsWithZeroTracks" time="0.010" />
    <testcase classname="SPTCollectionAlbumModelTest" name="testOfflineSyncStateForTrack" time="0.011" />
    <testcase classname="SPTCollectionAlbumModelTest" name="testUpdateCurrentyPlayingTrack" time="0.012" />
  </testsuite>
  <testsuite failures="0" name="SPTCollectionAlbumViewControllerTest" tests="20">
    <testcase classname="SPTCollectionAlbumViewControllerTest" name="testAlbumPremiumLabelDisabledFlag" time="0.072" />
    <testcase classname="SPTCollectionAlbumViewControllerTest" name="testAlbumPremiumLabelEnabledFlag" time="0.025" />
    <testcase classname="SPTCollectionAlbumViewControllerTest" name="testAlbumPremiumLabelEnabledTrackEnabledFlag" time="0.019" />
    <testcase classname="SPTCollectionAlbumViewControllerTest" name="testCanNotPlayDisabledWindowedTrack" time="0.020" />
    <testcase classname="SPTCollectionAlbumViewControllerTest" name="testCanPlayEnabledWindowedTrack" time="0.020" />
    <testcase classname="SPTCollectionAlbumViewControllerTest" name="testClickAvailableOfflineCell" time="0.015" />
    <testcase classname="SPTCollectionAlbumViewControllerTest" name="testEmptyView" time="0.018" />
    <testcase classname="SPTCollectionAlbumViewControllerTest" name="testEnableShufflePlayButtonOnDataLoaded" time="0.014" />
    <testcase classname="SPTCollectionAlbumViewControllerTest" name="testHideAndShowEmptyAlbumView" time="0.019" />
    <testcase classname="SPTCollectionAlbumViewControllerTest" name="testNavigateToArtistPage" time="0.011" />
    <testcase classname="SPTCollectionAlbumViewControllerTest" name="testNoHeaderUpdateIfModelNotLoaded" time="0.021" />
    <testcase classname="SPTCollectionAlbumViewControllerTest" name="testOfflineSwitchDisabled" time="0.019" />
    <testcase classname="SPTCollectionAlbumViewControllerTest" name="testOfflineSwitchDisabledOnlyUnplayable" time="0.018" />
    <testcase classname="SPTCollectionAlbumViewControllerTest" name="testOpenContextMenyOnIphone" time="0.015" />
    <testcase classname="SPTCollectionAlbumViewControllerTest" name="testSelectTrack" time="0.005" />
    <testcase classname="SPTCollectionAlbumViewControllerTest" name="testSelectTrackInFreeMode" time="0.005" />
    <testcase classname="SPTCollectionAlbumViewControllerTest" name="testShuffleButtonDisabled" time="0.017" />
    <testcase classname="SPTCollectionAlbumViewControllerTest" name="testShuffleButtonDisabledOnlyUnplayable" time="0.016" />
    <testcase classname="SPTCollectionAlbumViewControllerTest" name="testShuffleButtonEnabled" time="0.013" />
    <testcase classname="SPTCollectionAlbumViewControllerTest" name="testShufflePlayButtonInitiallyDisabled" time="0.010" />
  </testsuite>
  <testsuite failures="0" name="SPTCollectionAlbumsViewControllerTest" tests="14">
    <testcase classname="SPTCollectionAlbumsViewControllerTest" name="testAdditionalSectionDisabled" time="0.010" />
    <testcase classname="SPTCollectionAlbumsViewControllerTest" name="testAdditionalSectionDisabledNoSections" time="0.007" />
    <testcase classname="SPTCollectionAlbumsViewControllerTest" name="testAdditionalSectionEnabled" time="0.016" />
    <testcase classname="SPTCollectionAlbumsViewControllerTest" name="testAdditionalSectionEnabledNoOtherSections" time="0.010" />
    <testcase classname="SPTCollectionAlbumsViewControllerTest" name="testAlbumsInfoViewEmptyCollection" time="0.008" />
    <testcase classname="SPTCollectionAlbumsViewControllerTest" name="testAlbumsInfoViewEmptyOnTextFiltering" time="0.009" />
    <testcase classname="SPTCollectionAlbumsViewControllerTest" name="testAlbumsInfoViewEmptyViewOnStaticFiltering" time="0.009" />
    <testcase classname="SPTCollectionAlbumsViewControllerTest" name="testAlbumsInfoViewNotShownByDefault" time="0.008" />
    <testcase classname="SPTCollectionAlbumsViewControllerTest" name="testFilterBarContextButtonTapped" time="0.012" />
    <testcase classname="SPTCollectionAlbumsViewControllerTest" name="testFilterBarContextButtonTappedSavedAlbums" time="0.010" />
    <testcase classname="SPTCollectionAlbumsViewControllerTest" name="testFilterBarContextButtonTappedSavedAlbumsBookmarkModel" time="0.010" />
    <testcase classname="SPTCollectionAlbumsViewControllerTest" name="testNoScrollIndexWhenFilterBarIsActive" time="0.033" />
    <testcase classname="SPTCollectionAlbumsViewControllerTest" name="testThatInfoViewAccessoryIsNotNilWhenAlbumIsEmpty" time="0.008" />
    <testcase classname="SPTCollectionAlbumsViewControllerTest" name="testURI" time="0.005" />
  </testsuite>
  <testsuite failures="0" name="SPTCollectionArtistEntityListItemTest" tests="7">
    <testcase classname="SPTCollectionArtistEntityListItemTest" name="testActionFollowedOnly" time="0.011" />
    <testcase classname="SPTCollectionArtistEntityListItemTest" name="testActionNoSongs" time="0.011" />
    <testcase classname="SPTCollectionArtistEntityListItemTest" name="testActionWithSongs" time="0.009" />
    <testcase classname="SPTCollectionArtistEntityListItemTest" name="testSetup" time="0.006" />
    <testcase classname="SPTCollectionArtistEntityListItemTest" name="testTouchPreviewFollowedOnly" time="0.005" />
    <testcase classname="SPTCollectionArtistEntityListItemTest" name="testTouchPreviewHasSongs" time="0.005" />
    <testcase classname="SPTCollectionArtistEntityListItemTest" name="testTouchPreviewNoSongs" time="0.005" />
  </testsuite>
  <testsuite failures="0" name="SPTCollectionArtistModelTest" tests="15">
    <testcase classname="SPTCollectionArtistModelTest" name="testContextMenuComponentForTrackAtIndexPath" time="0.016" />
    <testcase classname="SPTCollectionArtistModelTest" name="testIsEmpty" time="0.013" />
    <testcase classname="SPTCollectionArtistModelTest" name="testIsEmptyNotEmpty" time="0.013" />
    <testcase classname="SPTCollectionArtistModelTest" name="testItemAtIndexPath" time="0.012" />
    <testcase classname="SPTCollectionArtistModelTest" name="testModelLoadWithArtistMetadataLookupError" time="0.010" />
    <testcase classname="SPTCollectionArtistModelTest" name="testModelLoadWithArtistMetadataLookupSuccess" time="0.010" />
    <testcase classname="SPTCollectionArtistModelTest" name="testModelLoadWithArtistMetadataNoResponse" time="0.010" />
    <testcase classname="SPTCollectionArtistModelTest" name="testNoLoadOnOfflineStateChange" time="0.006" />
    <testcase classname="SPTCollectionArtistModelTest" name="testNumberOfItemsInSection" time="0.013" />
    <testcase classname="SPTCollectionArtistModelTest" name="testNumberOfItemsInSectionNoItems" time="0.013" />
    <testcase classname="SPTCollectionArtistModelTest" name="testNumberOfSections" time="0.005" />
    <testcase classname="SPTCollectionArtistModelTest" name="testOfflineSyncStateForTrackAtIndexPath" time="0.016" />
    <testcase classname="SPTCollectionArtistModelTest" name="testShufflePlayArtistEnforceShuffle" time="0.013" />
    <testcase classname="SPTCollectionArtistModelTest" name="testShufflePlayArtistEnforceShuffleNotEnforced" time="0.014" />
    <testcase classname="SPTCollectionArtistModelTest" name="testShufflePlayArtistEnforceShuffleNoTracks" time="0.013" />
  </testsuite>
  <testsuite failures="0" name="SPTCollectionArtistViewControllerTest" tests="18">
    <testcase classname="SPTCollectionArtistViewControllerTest" name="testArtistPremiumLabelDisabledFlag" time="0.024" />
    <testcase classname="SPTCollectionArtistViewControllerTest" name="testArtistPremiumLabelEnabledFlag" time="0.015" />
    <testcase classname="SPTCollectionArtistViewControllerTest" name="testArtistPremiumLabelEnabledTrackEnabledFlag" time="0.013" />
    <testcase classname="SPTCollectionArtistViewControllerTest" name="testCanNotPlayDisabledWindowedTrack" time="0.012" />
    <testcase classname="SPTCollectionArtistViewControllerTest" name="testCanPlayEnabledWindowedTrack" time="0.013" />
    <testcase classname="SPTCollectionArtistViewControllerTest" name="testCollectionArtistFollowButtonDisabled" time="0.013" />
    <testcase classname="SPTCollectionArtistViewControllerTest" name="testCollectionArtistFollowButtonEnabled" time="0.013" />
    <testcase classname="SPTCollectionArtistViewControllerTest" name="testContextMenuButtonEnabledWhenMetadataLoaded" time="0.013" />
    <testcase classname="SPTCollectionArtistViewControllerTest" name="testEmptyView" time="0.017" />
    <testcase classname="SPTCollectionArtistViewControllerTest" name="testHideAndShowEmptyArtistView" time="0.021" />
    <testcase classname="SPTCollectionArtistViewControllerTest" name="testImplicitlyResetingOfflineAvailabilityResetsAvailableOfflineSwitch" time="0.021" />
    <testcase classname="SPTCollectionArtistViewControllerTest" name="testNoHeaderUpdateIfModelNotLoaded" time="0.015" />
    <testcase classname="SPTCollectionArtistViewControllerTest" name="testOfflineSwitchDisabled" time="0.018" />
    <testcase classname="SPTCollectionArtistViewControllerTest" name="testOfflineSwitchDisabledOnlyUnplayable" time="0.016" />
    <testcase classname="SPTCollectionArtistViewControllerTest" name="testOpenArtistContextMenu" time="0.014" />
    <testcase classname="SPTCollectionArtistViewControllerTest" name="testShuffleButtonDisabled" time="0.016" />
    <testcase classname="SPTCollectionArtistViewControllerTest" name="testShuffleButtonDisabledOnlyUnplayable" time="0.017" />
    <testcase classname="SPTCollectionArtistViewControllerTest" name="testShuffleButtonEnabled" time="0.013" />
  </testsuite>
  <testsuite failures="0" name="SPTCollectionArtistsModelTests" tests="8">
    <testcase classname="SPTCollectionArtistsModelTests" name="testDefaultOfflineFilteredList" time="0.019" />
    <testcase classname="SPTCollectionArtistsModelTests" name="testHasArtistsInCollection" time="0.006" />
    <testcase classname="SPTCollectionArtistsModelTests" name="testNoArtistsInCollection" time="0.007" />
    <testcase classname="SPTCollectionArtistsModelTests" name="testNoPersistOfflineContentFilterUnchanged" time="0.005" />
    <testcase classname="SPTCollectionArtistsModelTests" name="testOfflineFilteredList" time="0.016" />
    <testcase classname="SPTCollectionArtistsModelTests" name="testPersistOfflineContentFilter" time="0.005" />
    <testcase classname="SPTCollectionArtistsModelTests" name="testPersistSortColumn" time="0.005" />
    <testcase classname="SPTCollectionArtistsModelTests" name="testSortOrderByNameOfArtists" time="0.010" />
  </testsuite>
  <testsuite failures="0" name="SPTCollectionArtistsViewControllerTest" tests="10">
    <testcase classname="SPTCollectionArtistsViewControllerTest" name="testArtistsInfoViewWhenTextFilterResultInEmptyModel" time="0.007" />
    <testcase classname="SPTCollectionArtistsViewControllerTest" name="testCollectionArtitsAvailableOfflineFilterNoResultInfoView" time="0.009" />
    <testcase classname="SPTCollectionArtistsViewControllerTest" name="testFilterBarContextButtonTapped" time="0.009" />
    <testcase classname="SPTCollectionArtistsViewControllerTest" name="testFilterBarContextButtonTappedFollowedArtistsOnlyEnabled" time="0.010" />
    <testcase classname="SPTCollectionArtistsViewControllerTest" name="testNavigateToCollectionView" time="0.006" />
    <testcase classname="SPTCollectionArtistsViewControllerTest" name="testNoScrollIndexWhenFilterBarIsActive" time="0.019" />
    <testcase classname="SPTCollectionArtistsViewControllerTest" name="testSubtitleIfOnlyFollowedArtistsInList" time="0.010" />
    <testcase classname="SPTCollectionArtistsViewControllerTest" name="testSubtitleIfUnionTypeCollection" time="0.009" />
    <testcase classname="SPTCollectionArtistsViewControllerTest" name="testThatInfoViewAccessoryIsNotNilWhenArtistListIsEmpty" time="0.008" />
    <testcase classname="SPTCollectionArtistsViewControllerTest" name="testURI" time="0.005" />
  </testsuite>
  <testsuite failures="0" name="SPTCollectionAudioTouchShelfTest" tests="3">
    <testcase classname="SPTCollectionAudioTouchShelfTest" name="testAddToCollection" time="0.005" />
    <testcase classname="SPTCollectionAudioTouchShelfTest" name="testNotNil" time="0.004" />
    <testcase classname="SPTCollectionAudioTouchShelfTest" name="testRemoveFromCollection" time="0.004" />
  </testsuite>
  <testsuite failures="0" name="SPTCollectionCompleteAlbumActionTest" tests="2">
    <testcase classname="SPTCollectionCompleteAlbumActionTest" name="testExecuteAddToCollection" time="0.005" />
    <testcase classname="SPTCollectionCompleteAlbumActionTest" name="testInit" time="0.004" />
  </testsuite>
  <testsuite failures="0" name="SPTCollectionContextMenuComponentFactoryTest" tests="8">
    <testcase classname="SPTCollectionContextMenuComponentFactoryTest" name="testContextMenuComponentForTrack" time="0.012" />
    <testcase classname="SPTCollectionContextMenuComponentFactoryTest" name="testContextMenuComponentForTrackOffline" time="0.008" />
    <testcase classname="SPTCollectionContextMenuComponentFactoryTest" name="testLocalFileContextMenu" time="0.009" />
    <testcase classname="SPTCollectionContextMenuComponentFactoryTest" name="testNoCrashWhenAlbumNotAvailable" time="0.008" />
    <testcase classname="SPTCollectionContextMenuComponentFactoryTest" name="testNoCrashWhenArtistNotAvailable" time="0.008" />
    <testcase classname="SPTCollectionContextMenuComponentFactoryTest" name="testNoCrashWhenFollowModelIsNil" time="0.006" />
    <testcase classname="SPTCollectionContextMenuComponentFactoryTest" name="testNoCrashWhenNoAlbumAndNoArtistAvailable" time="0.007" />
    <testcase classname="SPTCollectionContextMenuComponentFactoryTest" name="testNotNil" time="0.006" />
  </testsuite>
  <testsuite failures="0" name="SPTCollectionCurrentlyPlayingIndexTest" tests="2">
    <testcase classname="SPTCollectionCurrentlyPlayingIndexTest" name="testNotNil" time="0.004" />
    <testcase classname="SPTCollectionCurrentlyPlayingIndexTest" name="testQueuedTrackResultingInNotFoundIndex" time="0.005" />
  </testsuite>
  <testsuite failures="0" name="SPTCollectionCurrentlyPlayingIndexTests" tests="8">
    <testcase classname="SPTCollectionCurrentlyPlayingIndexTests" name="testIndexShouldBeNotFoundInitially" time="0.004" />
    <testcase classname="SPTCollectionCurrentlyPlayingIndexTests" name="testIndexShouldBeSet" time="0.005" />
    <testcase classname="SPTCollectionCurrentlyPlayingIndexTests" name="testIndexShouldBeSetWhenContextContextURIChanges" time="0.006" />
    <testcase classname="SPTCollectionCurrentlyPlayingIndexTests" name="testIndexShouldBeSetWhenContextURIChanges" time="0.006" />
    <testcase classname="SPTCollectionCurrentlyPlayingIndexTests" name="testIndexShouldBeSetWhenTrackURIChanges" time="0.006" />
    <testcase classname="SPTCollectionCurrentlyPlayingIndexTests" name="testIndexShouldBeUnsetWhenContextURIDoesntMatch" time="0.006" />
    <testcase classname="SPTCollectionCurrentlyPlayingIndexTests" name="testIndexShouldFindIndexWhenTrackIsAddedToList" time="0.005" />
    <testcase classname="SPTCollectionCurrentlyPlayingIndexTests" name="testShouldSupportEmptyParameters" time="0.004" />
  </testsuite>
  <testsuite failures="0" name="SPTCollectionEmptyEntityFooterViewTest" tests="8">
    <testcase classname="SPTCollectionEmptyEntityFooterViewTest" name="testAlbumEmptyFooterViewNoPlayableSavedContentTitle" time="0.005" />
    <testcase classname="SPTCollectionEmptyEntityFooterViewTest" name="testAlbumEmptyFooterViewNotSavedContentTitle" time="0.005" />
    <testcase classname="SPTCollectionEmptyEntityFooterViewTest" name="testAlbumEmptyFooterViewNotSavedContentTitleYourLibrary" time="0.004" />
    <testcase classname="SPTCollectionEmptyEntityFooterViewTest" name="testArtistEmptyFooterViewFollowed" time="0.005" />
    <testcase classname="SPTCollectionEmptyEntityFooterViewTest" name="testArtistEmptyFooterViewNotFollowed" time="0.004" />
    <testcase classname="SPTCollectionEmptyEntityFooterViewTest" name="testArtistEmptyFooterViewNotFollowedYourLibrary" time="0.004" />
    <testcase classname="SPTCollectionEmptyEntityFooterViewTest" name="testArtistEmptyFooterViewOffline" time="0.005" />
    <testcase classname="SPTCollectionEmptyEntityFooterViewTest" name="testArtistEmptyFooterViewOfflineUnplayable" time="0.004" />
  </testsuite>
  <testsuite failures="0" name="SPTCollectionFilterBarTest" tests="2">
    <testcase classname="SPTCollectionFilterBarTest" name="testFilterBarAdaptingToScrollIndex" time="0.009" />
    <testcase classname="SPTCollectionFilterBarTest" name="testNotNil" time="0.009" />
  </testsuite>
  <testsuite failures="0" name="SPTCollectionOverviewNavigationListControllerTests" tests="2">
    <testcase classname="SPTCollectionOverviewNavigationListControllerTests" name="testAddNavigationItem" time="0.005" />
    <testcase classname="SPTCollectionOverviewNavigationListControllerTests" name="testRemoveNavigationItem" time="0.004" />
  </testsuite>
  <testsuite failures="0" name="SPTCollectionOverviewNavigationListTests" tests="4">
    <testcase classname="SPTCollectionOverviewNavigationListTests" name="testAddEntryFirstInList" time="0.004" />
    <testcase classname="SPTCollectionOverviewNavigationListTests" name="testAddSeveralEntriesWithSameOrder" time="0.004" />
    <testcase classname="SPTCollectionOverviewNavigationListTests" name="testInitalModel" time="0.004" />
    <testcase classname="SPTCollectionOverviewNavigationListTests" name="testRemoveLastItem" time="0.004" />
  </testsuite>
  <testsuite failures="0" name="SPTCollectionOverviewNavigationModelTest" tests="3">
    <testcase classname="SPTCollectionOverviewNavigationModelTest" name="testAddEntryFirstInList" time="0.005" />
    <testcase classname="SPTCollectionOverviewNavigationModelTest" name="testInitalModel" time="0.004" />
    <testcase classname="SPTCollectionOverviewNavigationModelTest" name="testRemoveLastItem" time="0.004" />
  </testsuite>
  <testsuite failures="0" name="SPTCollectionOverviewViewControllerIPadTest" tests="12">
    <testcase classname="SPTCollectionOverviewViewControllerIPadTest" name="testInitialList" time="0.014" />
    <testcase classname="SPTCollectionOverviewViewControllerIPadTest" name="testNavigationBarButtomItemsNone" time="0.005" />
    <testcase classname="SPTCollectionOverviewViewControllerIPadTest" name="testNavigationBarButtomItemsTabBarDisabledOneExtra" time="0.006" />
    <testcase classname="SPTCollectionOverviewViewControllerIPadTest" name="testNavigationBarButtomItemsTabBarEnabledNoExtra" time="0.009" />
    <testcase classname="SPTCollectionOverviewViewControllerIPadTest" name="testNavigationBarButtomItemsVoiceEnabledTabBarEnabled" time="0.007" />
    <testcase classname="SPTCollectionOverviewViewControllerIPadTest" name="testNavigationBarButtomItemsVoiceNotInjectedTabBarDisabled" time="0.006" />
    <testcase classname="SPTCollectionOverviewViewControllerIPadTest" name="testRemoveItemFromIntialList" time="0.005" />
    <testcase classname="SPTCollectionOverviewViewControllerIPadTest" name="testStackedStartupWithNoRestore" time="0.015" />
    <testcase classname="SPTCollectionOverviewViewControllerIPadTest" name="testStackedStartupWithRestore" time="0.015" />
    <testcase classname="SPTCollectionOverviewViewControllerIPadTest" name="testTitle" time="0.007" />
    <testcase classname="SPTCollectionOverviewViewControllerIPadTest" name="testURI" time="0.005" />
    <testcase classname="SPTCollectionOverviewViewControllerIPadTest" name="testYourLibraryTitle" time="0.005" />
  </testsuite>
  <testsuite failures="0" name="SPTCollectionRecentlyPlayedCosmosDataLoaderTest" tests="10">
    <testcase classname="SPTCollectionRecentlyPlayedCosmosDataLoaderTest" name="testEnableAdditionalContentType" time="0.004" />
    <testcase classname="SPTCollectionRecentlyPlayedCosmosDataLoaderTest" name="testEnableRadioContentType" time="0.004" />
    <testcase classname="SPTCollectionRecentlyPlayedCosmosDataLoaderTest" name="testEnableShowContentType" time="0.004" />
    <testcase classname="SPTCollectionRecentlyPlayedCosmosDataLoaderTest" name="testEnableSongs" time="0.004" />
    <testcase classname="SPTCollectionRecentlyPlayedCosmosDataLoaderTest" name="testHideEntityWithUrl" time="0.005" />
    <testcase classname="SPTCollectionRecentlyPlayedCosmosDataLoaderTest" name="testOnlyEnableAdditionalContentTypeOnce" time="0.005" />
    <testcase classname="SPTCollectionRecentlyPlayedCosmosDataLoaderTest" name="testSubscribe" time="0.005" />
    <testcase classname="SPTCollectionRecentlyPlayedCosmosDataLoaderTest" name="testSubscribeFailureCallback" time="0.006" />
    <testcase classname="SPTCollectionRecentlyPlayedCosmosDataLoaderTest" name="testSubscribeSuccessCallback" time="0.006" />
    <testcase classname="SPTCollectionRecentlyPlayedCosmosDataLoaderTest" name="testTestManagerLimit" time="0.005" />
  </testsuite>
  <testsuite failures="0" name="SPTCollectionRecentlyPlayedCosmosModelTest" tests="10">
    <testcase classname="SPTCollectionRecentlyPlayedCosmosModelTest" name="testEnableEntityListContentType" time="0.112" />
    <testcase classname="SPTCollectionRecentlyPlayedCosmosModelTest" name="testEntityListItem" time="0.011" />
    <testcase classname="SPTCollectionRecentlyPlayedCosmosModelTest" name="testIsEmpty" time="0.006" />
    <testcase classname="SPTCollectionRecentlyPlayedCosmosModelTest" name="testNumberOfItems" time="0.006" />
    <testcase classname="SPTCollectionRecentlyPlayedCosmosModelTest" name="testOnlyOneSuccessCallbackIfListNotChanged" time="0.007" />
    <testcase classname="SPTCollectionRecentlyPlayedCosmosModelTest" name="testRemoveItem" time="0.006" />
    <testcase classname="SPTCollectionRecentlyPlayedCosmosModelTest" name="testSubscribeOnInit" time="0.005" />
    <testcase classname="SPTCollectionRecentlyPlayedCosmosModelTest" name="testSuccessCallback" time="0.008" />
    <testcase classname="SPTCollectionRecentlyPlayedCosmosModelTest" name="testUpdateWithNoRecentlyPlayedItems" time="0.006" />
    <testcase classname="SPTCollectionRecentlyPlayedCosmosModelTest" name="testWithSomeItemsNotFullyLoaded" time="0.005" />
  </testsuite>
  <testsuite failures="0" name="SPTCollectionRecentlyPlayedEntityListTest" tests="14">
    <testcase classname="SPTCollectionRecentlyPlayedEntityListTest" name="testEnityListNumberOfItemsInUntrimmedList" time="0.006" />
    <testcase classname="SPTCollectionRecentlyPlayedEntityListTest" name="testEntityListCanEditList" time="0.005" />
    <testcase classname="SPTCollectionRecentlyPlayedEntityListTest" name="testEntityListCanRemoveItem" time="0.005" />
    <testcase classname="SPTCollectionRecentlyPlayedEntityListTest" name="testEntityListIsEmpty" time="0.005" />
    <testcase classname="SPTCollectionRecentlyPlayedEntityListTest" name="testEntityListItem" time="0.006" />
    <testcase classname="SPTCollectionRecentlyPlayedEntityListTest" name="testEntityListNumberOfItems" time="0.005" />
    <testcase classname="SPTCollectionRecentlyPlayedEntityListTest" name="testEntityListRemoveItem" time="0.006" />
    <testcase classname="SPTCollectionRecentlyPlayedEntityListTest" name="testEntityListRemoveItemBackFilled" time="0.015" />
    <testcase classname="SPTCollectionRecentlyPlayedEntityListTest" name="testFilterOnPlaylist" time="0.006" />
    <testcase classname="SPTCollectionRecentlyPlayedEntityListTest" name="testLoadDataIfModelIsLoaded" time="0.006" />
    <testcase classname="SPTCollectionRecentlyPlayedEntityListTest" name="testNilItemIfOutOfRange" time="0.006" />
    <testcase classname="SPTCollectionRecentlyPlayedEntityListTest" name="testNoLimitItemCountLimit" time="0.015" />
    <testcase classname="SPTCollectionRecentlyPlayedEntityListTest" name="testNoLimitOnItemCount" time="0.015" />
    <testcase classname="SPTCollectionRecentlyPlayedEntityListTest" name="testObserverNotification" time="0.006" />
  </testsuite>
  <testsuite failures="0" name="SPTCollectionRecentlyPlayedEntityTest" tests="25">
    <testcase classname="SPTCollectionRecentlyPlayedEntityTest" name="testApplicationOpenURLWithCurrentStack" time="0.011" />
    <testcase classname="SPTCollectionRecentlyPlayedEntityTest" name="testInternalURLFromInternalSpotifyURI" time="0.006" />
    <testcase classname="SPTCollectionRecentlyPlayedEntityTest" name="testInternalURLFromSpotifyURI" time="0.006" />
    <testcase classname="SPTCollectionRecentlyPlayedEntityTest" name="testIsEqual" time="0.006" />
    <testcase classname="SPTCollectionRecentlyPlayedEntityTest" name="testIsNotEqual" time="0.006" />
    <testcase classname="SPTCollectionRecentlyPlayedEntityTest" name="testRecentlyPlayedAlbumEntity" time="0.006" />
    <testcase classname="SPTCollectionRecentlyPlayedEntityTest" name="testRecentlyPlayedAlbumEntityNavigation" time="0.011" />
    <testcase classname="SPTCollectionRecentlyPlayedEntityTest" name="testRecentlyPlayedAlbumEntityNavigationBookmarkModel" time="0.011" />
    <testcase classname="SPTCollectionRecentlyPlayedEntityTest" name="testRecentlyPlayedAlbumEntityNavigationBookmarkModelOffline" time="0.011" />
    <testcase classname="SPTCollectionRecentlyPlayedEntityTest" name="testRecentlyPlayedAlbumRadioEntity" time="0.006" />
    <testcase classname="SPTCollectionRecentlyPlayedEntityTest" name="testRecentlyPlayedArtistEntity" time="0.007" />
    <testcase classname="SPTCollectionRecentlyPlayedEntityTest" name="testRecentlyPlayedArtistRadioEntity" time="0.006" />
    <testcase classname="SPTCollectionRecentlyPlayedEntityTest" name="testRecentlyPlayedClusterRadioEntity" time="0.006" />
    <testcase classname="SPTCollectionRecentlyPlayedEntityTest" name="testRecentlyPlayedCollcetionSongEntity" time="0.006" />
    <testcase classname="SPTCollectionRecentlyPlayedEntityTest" name="testRecentlyPlayedGenreRadioEntity" time="0.005" />
    <testcase classname="SPTCollectionRecentlyPlayedEntityTest" name="testRecentlyPlayedPartyEntity" time="0.005" />
    <testcase classname="SPTCollectionRecentlyPlayedEntityTest" name="testRecentlyPlayedPlaylistEntity" time="0.005" />
    <testcase classname="SPTCollectionRecentlyPlayedEntityTest" name="testRecentlyPlayedPlaylistEntityNotLoaded" time="0.006" />
    <testcase classname="SPTCollectionRecentlyPlayedEntityTest" name="testRecentlyPlayedPlaylistEntityProperlyEscaped" time="0.009" />
    <testcase classname="SPTCollectionRecentlyPlayedEntityTest" name="testRecentlyPlayedPlaylistEntityWithDoubleEncodedUsernameIsNil" time="0.006" />
    <testcase classname="SPTCollectionRecentlyPlayedEntityTest" name="testRecentlyPlayedPlaylistRadioEntity" time="0.006" />
    <testcase classname="SPTCollectionRecentlyPlayedEntityTest" name="testRecentlyPlayedRunningEntity" time="0.006" />
    <testcase classname="SPTCollectionRecentlyPlayedEntityTest" name="testRecentlyPlayedShowEntity" time="0.005" />
    <testcase classname="SPTCollectionRecentlyPlayedEntityTest" name="testRecentlyPlayedTrackRadioEntity" time="0.005" />
    <testcase classname="SPTCollectionRecentlyPlayedEntityTest" name="testSongIsEqual" time="0.006" />
  </testsuite>
  <testsuite failures="0" name="SPTCollectionRecentlyPlayedHubContentOperationTests" tests="9">
    <testcase classname="SPTCollectionRecentlyPlayedHubContentOperationTests" name="testAddingItemsAsRootBodyComponents" time="0.002" />
    <testcase classname="SPTCollectionRecentlyPlayedHubContentOperationTests" name="testContainerComponentIdentifiers" time="0.002" />
    <testcase classname="SPTCollectionRecentlyPlayedHubContentOperationTests" name="testContainerComponentRemovedWhenEntityListIsEmpty" time="0.001" />
    <testcase classname="SPTCollectionRecentlyPlayedHubContentOperationTests" name="testEntityListConversionToComponentModels" time="0.002" />
    <testcase classname="SPTCollectionRecentlyPlayedHubContentOperationTests" name="testEntityListObservedAfterOperationWasPerformed" time="0.001" />
    <testcase classname="SPTCollectionRecentlyPlayedHubContentOperationTests" name="testIdentifiersSetup" time="0.000" />
    <testcase classname="SPTCollectionRecentlyPlayedHubContentOperationTests" name="testNoContainerComponentAddedWhenIdentifierIsNil" time="0.001" />
    <testcase classname="SPTCollectionRecentlyPlayedHubContentOperationTests" name="testPreviousErrorForwarded" time="0.005" />
    <testcase classname="SPTCollectionRecentlyPlayedHubContentOperationTests" name="testRemovingUnusedComponents" time="0.002" />
  </testsuite>
  <testsuite failures="0" name="SPTCollectionRecentlyPlayedSupplementaryViewProviderTest" tests="7">
    <testcase classname="SPTCollectionRecentlyPlayedSupplementaryViewProviderTest" name="testFooterIfModelEmpty" time="0.009" />
    <testcase classname="SPTCollectionRecentlyPlayedSupplementaryViewProviderTest" name="testLoadingViewIfDataNotLoaded" time="0.026" />
    <testcase classname="SPTCollectionRecentlyPlayedSupplementaryViewProviderTest" name="testNoFooterIfModelEmptyButAdditionalSectionHasItems" time="0.006" />
    <testcase classname="SPTCollectionRecentlyPlayedSupplementaryViewProviderTest" name="testNoFooterIfModelPopulated" time="0.006" />
    <testcase classname="SPTCollectionRecentlyPlayedSupplementaryViewProviderTest" name="testNoHeaderChange" time="0.005" />
    <testcase classname="SPTCollectionRecentlyPlayedSupplementaryViewProviderTest" name="testProvideSectionHeaderView" time="0.012" />
    <testcase classname="SPTCollectionRecentlyPlayedSupplementaryViewProviderTest" name="testProvideSectionHeaderViewAdditionalSection" time="0.008" />
  </testsuite>
  <testsuite failures="0" name="SPTCollectionShortcutItemsProviderImplementationTest" tests="3">
    <testcase classname="SPTCollectionShortcutItemsProviderImplementationTest" name="testAddRemoveObserver" time="0.008" />
    <testcase classname="SPTCollectionShortcutItemsProviderImplementationTest" name="testProviderHandlesZeroItems" time="0.006" />
    <testcase classname="SPTCollectionShortcutItemsProviderImplementationTest" name="testProvideShortcutItems" time="0.006" />
  </testsuite>
  <testsuite failures="0" name="SPTCollectionSongItemTest" tests="3">
    <testcase classname="SPTCollectionSongItemTest" name="testSongItemWithAlbum" time="0.007" />
    <testcase classname="SPTCollectionSongItemTest" name="testSongItemWithArtist" time="0.006" />
    <testcase classname="SPTCollectionSongItemTest" name="testSongItemWithArtistAndAlbum" time="0.006" />
  </testsuite>
  <testsuite failures="0" name="SPTCollectionSongsModelTest" tests="9">
    <testcase classname="SPTCollectionSongsModelTest" name="testImportedFilesFilter" time="0.009" />
    <testcase classname="SPTCollectionSongsModelTest" name="testIsEmptySongsModel" time="0.006" />
    <testcase classname="SPTCollectionSongsModelTest" name="testIsEmptySongsModelFalseWhenTracksInCollecton" time="0.007" />
    <testcase classname="SPTCollectionSongsModelTest" name="testNotNil" time="0.006" />
    <testcase classname="SPTCollectionSongsModelTest" name="testOfflinedFilesFilter" time="0.009" />
    <testcase classname="SPTCollectionSongsModelTest" name="testOnlyOneContextCreatedWhenFiltering" time="0.007" />
    <testcase classname="SPTCollectionSongsModelTest" name="testSongsItems" time="0.008" />
    <testcase classname="SPTCollectionSongsModelTest" name="testSongsNumberOfSections" time="0.006" />
    <testcase classname="SPTCollectionSongsModelTest" name="testSongsNumberOfTracks" time="0.007" />
  </testsuite>
  <testsuite failures="0" name="SPTCollectionSongsViewControllerTest" tests="25">
    <testcase classname="SPTCollectionSongsViewControllerTest" name="testCanNotPlayDisabledWindowedTrack" time="0.026" />
    <testcase classname="SPTCollectionSongsViewControllerTest" name="testCanPlayEnabledWindowedTrack" time="0.016" />
    <testcase classname="SPTCollectionSongsViewControllerTest" name="testNoOfflineSwitchCellWithImportedFilesFilter" time="0.006" />
    <testcase classname="SPTCollectionSongsViewControllerTest" name="testNoScrollIndexWhenFilterBarIsActive" time="0.016" />
    <testcase classname="SPTCollectionSongsViewControllerTest" name="testNotOfflineSwitchCellIndexPath" time="0.006" />
    <testcase classname="SPTCollectionSongsViewControllerTest" name="testNotShufflePlayCellIndexPath" time="0.005" />
    <testcase classname="SPTCollectionSongsViewControllerTest" name="testOfflineSwitchCellIndexPath" time="0.005" />
    <testcase classname="SPTCollectionSongsViewControllerTest" name="testShufflePlayCellHeight" time="0.008" />
    <testcase classname="SPTCollectionSongsViewControllerTest" name="testShufflePlayCellIndexPath" time="0.005" />
    <testcase classname="SPTCollectionSongsViewControllerTest" name="testSongsInfoViewEmptyCollection" time="0.009" />
    <testcase classname="SPTCollectionSongsViewControllerTest" name="testSongsInfoViewEmptyOnTextFiltering" time="0.008" />
    <testcase classname="SPTCollectionSongsViewControllerTest" name="testSongsInfoViewEmptyViewOnStaticFiltering" time="0.009" />
    <testcase classname="SPTCollectionSongsViewControllerTest" name="testSongsInfoViewEmptyViewOnStaticFilteringImportLocalFiles" time="0.009" />
    <testcase classname="SPTCollectionSongsViewControllerTest" name="testSongsInfoViewEmptyViewOnStaticFilteringImportLocalFilesAndOffline" time="0.008" />
    <testcase classname="SPTCollectionSongsViewControllerTest" name="testSongsInfoViewNotShownByDefault" time="0.007" />
    <testcase classname="SPTCollectionSongsViewControllerTest" name="testSongsModelDidUpdatePlayingIndexPath" time="0.019" />
    <testcase classname="SPTCollectionSongsViewControllerTest" name="testSongsModelDidUpdatePlayingIndexPathFilterActive" time="0.019" />
    <testcase classname="SPTCollectionSongsViewControllerTest" name="testSongsNoImportFilesFilterIfOptionNotSet" time="0.012" />
    <testcase classname="SPTCollectionSongsViewControllerTest" name="testSongsNoImportFilesFilterIfOptionSet" time="0.011" />
    <testcase classname="SPTCollectionSongsViewControllerTest" name="testSongsPremiumLabelDisabledFlag" time="0.024" />
    <testcase classname="SPTCollectionSongsViewControllerTest" name="testSongsPremiumLabelEnabledFlag" time="0.016" />
    <testcase classname="SPTCollectionSongsViewControllerTest" name="testSongsPremiumLabelEnabledTrackEnabledFlag" time="0.016" />
    <testcase classname="SPTCollectionSongsViewControllerTest" name="testSongsTrackCellSelected" time="0.008" />
    <testcase classname="SPTCollectionSongsViewControllerTest" name="testThatInfoViewAccessoryIsNotNilWhenSongsListIsEmpty" time="0.010" />
    <testcase classname="SPTCollectionSongsViewControllerTest" name="testURI" time="0.005" />
  </testsuite>
  <testsuite failures="0" name="SPTCollectionTableViewControllerTest" tests="6">
    <testcase classname="SPTCollectionTableViewControllerTest" name="testArtistAndArtistBasedRadioUseCircularImageStyle" time="0.013" />
    <testcase classname="SPTCollectionTableViewControllerTest" name="testModelLoaded" time="0.010" />
    <testcase classname="SPTCollectionTableViewControllerTest" name="testNoUpdateOfSupplementaryViewsWhenIgnoringUpdatesOnDelete" time="0.007" />
    <testcase classname="SPTCollectionTableViewControllerTest" name="testSetup" time="0.006" />
    <testcase classname="SPTCollectionTableViewControllerTest" name="testSuplementaryViewSetAsDelegate" time="0.005" />
    <testcase classname="SPTCollectionTableViewControllerTest" name="testUpdateSupplementaryViews" time="0.006" />
  </testsuite>
  <testsuite failures="0" name="SPTCollectionTests" tests="8">
    <testcase classname="SPTCollectionTests" name="testCollectionUsernameDoesNotDependOnSession" time="0.007" />
    <testcase classname="SPTCollectionTests" name="testEnsureCollectionInvalidatesAfterUnload" time="0.008" />
    <testcase classname="SPTCollectionTests" name="testEnsureCollectionInvalidatesWhenControllersDie" time="0.006" />
    <testcase classname="SPTCollectionTests" name="testIsEmptyNoAlbums" time="0.005" />
    <testcase classname="SPTCollectionTests" name="testIsNotEmptyIfAlbums" time="0.005" />
    <testcase classname="SPTCollectionTests" name="testIsURLSupported" time="0.005" />
    <testcase classname="SPTCollectionTests" name="testObserverNotificationOnAlbumsChange" time="0.005" />
    <testcase classname="SPTCollectionTests" name="testObserverNotificationOnArtistsChange" time="0.005" />
  </testsuite>
  <testsuite failures="0" name="SPTCollectionToolbarHeaderViewTest" tests="6">
    <testcase classname="SPTCollectionToolbarHeaderViewTest" name="testAdjustTableView" time="0.009" />
    <testcase classname="SPTCollectionToolbarHeaderViewTest" name="testSetupToolbarImageButton" time="0.010" />
    <testcase classname="SPTCollectionToolbarHeaderViewTest" name="testSetupToolbarTextButton" time="0.008" />
    <testcase classname="SPTCollectionToolbarHeaderViewTest" name="testShowBottomSeparator" time="0.005" />
    <testcase classname="SPTCollectionToolbarHeaderViewTest" name="testShowTopSeparator" time="0.005" />
    <testcase classname="SPTCollectionToolbarHeaderViewTest" name="testTitle" time="0.006" />
  </testsuite>
  <testsuite failures="0" name="SPTCollectionTouchPreviewProviderTest" tests="2">
    <testcase classname="SPTCollectionTouchPreviewProviderTest" name="testBuildTouchPreviewsForAlbum" time="0.007" />
    <testcase classname="SPTCollectionTouchPreviewProviderTest" name="testBuildTouchPreviewsForArtist" time="0.007" />
  </testsuite>
  <testsuite failures="0" name="SPTSaveToCollectionPushNotificationActionTest" tests="3">
    <testcase classname="SPTSaveToCollectionPushNotificationActionTest" name="testSaveToCollectionExecuteBlock" time="0.006" />
    <testcase classname="SPTSaveToCollectionPushNotificationActionTest" name="testSaveToCollectionInvalidURL" time="0.005" />
    <testcase classname="SPTSaveToCollectionPushNotificationActionTest" name="testSaveToCollectionValidURL" time="0.004" />
  </testsuite>
  <testsuite failures="0" name="SPTEqualizerFeatureImplementationTest" tests="4">
    <testcase classname="SPTEqualizerFeatureImplementationTest" name="testConfigureWithFeatures" time="0.009" />
    <testcase classname="SPTEqualizerFeatureImplementationTest" name="testFeatureIdentifier" time="0.008" />
    <testcase classname="SPTEqualizerFeatureImplementationTest" name="testProvideEqualizerSettingsSection" time="0.018" />
    <testcase classname="SPTEqualizerFeatureImplementationTest" name="testProvideEqualizerViewController" time="0.010" />
  </testsuite>
  <testsuite failures="0" name="SPTEqualizerModelTest" tests="8">
    <testcase classname="SPTEqualizerModelTest" name="testColumnNameAtIndex" time="0.009" />
    <testcase classname="SPTEqualizerModelTest" name="testConnectOn" time="0.008" />
    <testcase classname="SPTEqualizerModelTest" name="testDelegate" time="0.009" />
    <testcase classname="SPTEqualizerModelTest" name="testPersistPreset" time="0.009" />
    <testcase classname="SPTEqualizerModelTest" name="testResetPersistedPreset" time="0.009" />
    <testcase classname="SPTEqualizerModelTest" name="testSetOn" time="0.009" />
    <testcase classname="SPTEqualizerModelTest" name="testSetPreset" time="0.008" />
    <testcase classname="SPTEqualizerModelTest" name="testSetValues" time="0.007" />
  </testsuite>
  <testsuite failures="0" name="SPTEqualizerSettingsSectionTest" tests="2">
    <testcase classname="SPTEqualizerSettingsSectionTest" name="testCellForRow" time="0.022" />
    <testcase classname="SPTEqualizerSettingsSectionTest" name="testNumberOfRows" time="0.009" />
  </testsuite>
  <testsuite failures="0" name="SPTEqualizerViewControllerTests" tests="5">
    <testcase classname="SPTEqualizerViewControllerTests" name="testPageIdentifierReturnsCorrectly" time="0.008" />
    <testcase classname="SPTEqualizerViewControllerTests" name="testPageURIReturnsCorrectly" time="0.006" />
    <testcase classname="SPTEqualizerViewControllerTests" name="testSelectingPredefinedPresetCellDoesPersistPreset" time="0.012" />
    <testcase classname="SPTEqualizerViewControllerTests" name="testTogglingOffEqualizerSwitchDoesClearPersistedPreset" time="0.005" />
    <testcase classname="SPTEqualizerViewControllerTests" name="testUpdatingGraphResetsPersistedPreset" time="0.005" />
  </testsuite>
  <testsuite failures="0" name="GaiaFeatureImplementationTest" tests="8">
    <testcase classname="GaiaFeatureImplementationTest" name="testAirplayHiddenViaMomentsOverride" time="0.013" />
    <testcase classname="GaiaFeatureImplementationTest" name="testAirplayHiddenViaSettingState" time="0.033" />
    <testcase classname="GaiaFeatureImplementationTest" name="testAirplayShownViaMomentsOverride" time="0.008" />
    <testcase classname="GaiaFeatureImplementationTest" name="testAirplayShownViaSettingState" time="0.008" />
    <testcase classname="GaiaFeatureImplementationTest" name="testCreatePlayTokenLostManagerOnLoad" time="0.027" />
    <testcase classname="GaiaFeatureImplementationTest" name="testDestroyPlayTokenLostManagerOnUnload" time="0.005" />
    <testcase classname="GaiaFeatureImplementationTest" name="testGaiaPickerViewControllerValid" time="0.016" />
    <testcase classname="GaiaFeatureImplementationTest" name="testNotNil" time="0.007" />
  </testsuite>
  <testsuite failures="0" name="GaiaLocalAudioSessionControllerTests" tests="2">
    <testcase classname="GaiaLocalAudioSessionControllerTests" name="testWhenPauseRemoteEventOccursPlayerPauses" time="0.011" />
    <testcase classname="GaiaLocalAudioSessionControllerTests" name="testWhenPlayRemoteEventOccursPlayerPlays" time="0.488" />
  </testsuite>
  <testsuite failures="0" name="GaiaSettingsTest" tests="5">
    <testcase classname="GaiaSettingsTest" name="testGaiaEnabled" time="0.005" />
    <testcase classname="GaiaSettingsTest" name="testGaiaProtocolEnabled" time="0.004" />
    <testcase classname="GaiaSettingsTest" name="testNotNil" time="0.004" />
    <testcase classname="GaiaSettingsTest" name="testRawFeatureFlagValue" time="0.004" />
    <testcase classname="GaiaSettingsTest" name="testShouldShowGaiaUI" time="0.004" />
  </testsuite>
  <testsuite failures="0" name="NSAttributedStringsGaiaTests" tests="3">
    <testcase classname="NSAttributedStringsGaiaTests" name="testConnectedAttributedString" time="0.005" />
    <testcase classname="NSAttributedStringsGaiaTests" name="testConnectingAttributedString" time="0.004" />
    <testcase classname="NSAttributedStringsGaiaTests" name="testDisconnectedAttributedString" time="0.004" />
  </testsuite>
  <testsuite failures="0" name="NSURL_GaiaTests" tests="1">
    <testcase classname="NSURL_GaiaTests" name="testChecksTheURLRight" time="0.004" />
  </testsuite>
  <testsuite failures="0" name="SPTCastManagerTest" tests="16">
    <testcase classname="SPTCastManagerTest" name="testAddRemoveObserver" time="0.005" />
    <testcase classname="SPTCastManagerTest" name="testCorrectOptionsWhenLaunchingAppOnConnect" time="0.005" />
    <testcase classname="SPTCastManagerTest" name="testDeviceDidComeOnlineShouldAddToCastList" time="0.005" />
    <testcase classname="SPTCastManagerTest" name="testDeviceDidComeOnlineShouldNotAddToCastListWhenNotOnLAN" time="0.005" />
    <testcase classname="SPTCastManagerTest" name="testDeviceIdComeOnLineAddsDeviceIfChromeCastNotReadyToPlay" time="0.005" />
    <testcase classname="SPTCastManagerTest" name="testDeviceScannerGetsCreatedOnCallingStartScanning" time="0.011" />
    <testcase classname="SPTCastManagerTest" name="testDeviceScannerIsNotRecreatedWhenCalledMultipleTimes" time="0.006" />
    <testcase classname="SPTCastManagerTest" name="testDeviceStatusRequestOnlyIfApplicationLaunched" time="0.005" />
    <testcase classname="SPTCastManagerTest" name="testGaiaDeviceManagerIsOnlySetIfChromeCastSupported" time="0.005" />
    <testcase classname="SPTCastManagerTest" name="testIsCastDeviceConnected" time="0.005" />
    <testcase classname="SPTCastManagerTest" name="testIsGaiaDeviceCast_connectIsPrefferedZeroConf_shouldReturnNO" time="0.006" />
    <testcase classname="SPTCastManagerTest" name="testIsGaiaDeviceCast_deviceTypeCast_shouldReturnYES" time="0.005" />
    <testcase classname="SPTCastManagerTest" name="testIsGaiaDeviceSameAsCastDevice" time="0.006" />
    <testcase classname="SPTCastManagerTest" name="testIsLoginAlreadyPerformed" time="0.006" />
    <testcase classname="SPTCastManagerTest" name="testObserverRemovedWhenObjectIsNil" time="0.005" />
    <testcase classname="SPTCastManagerTest" name="testReceiverAppID" time="0.005" />
  </testsuite>
  <testsuite failures="0" name="SPTGaiaAlarmViewTest" tests="3">
    <testcase classname="SPTGaiaAlarmViewTest" name="testActiveAlarmDate" time="0.065" />
    <testcase classname="SPTGaiaAlarmViewTest" name="testIsUpdated" time="0.031" />
    <testcase classname="SPTGaiaAlarmViewTest" name="testSetAlarmDate" time="0.028" />
  </testsuite>
  <testsuite failures="0" name="SPTGaiaBannerOnboardingFlowTest" tests="8">
    <testcase classname="SPTGaiaBannerOnboardingFlowTest" name="testBannerInteractionShouldInvokeDelegate" time="0.007" />
    <testcase classname="SPTGaiaBannerOnboardingFlowTest" name="testDismissalShouldInvokeDelegate" time="0.005" />
    <testcase classname="SPTGaiaBannerOnboardingFlowTest" name="testDismissBannerShouldLog" time="0.005" />
    <testcase classname="SPTGaiaBannerOnboardingFlowTest" name="testPresentBannerShouldLog" time="0.005" />
    <testcase classname="SPTGaiaBannerOnboardingFlowTest" name="testPresentItemForContext_NPBContextWithDevice_shouldPresentPicker" time="0.005" />
    <testcase classname="SPTGaiaBannerOnboardingFlowTest" name="testPresentItemForContext_NPBContextWithDeviceTwotimes_shouldPresentOnce" time="0.006" />
    <testcase classname="SPTGaiaBannerOnboardingFlowTest" name="testPresentItemForContext_NPVContext_shouldNotPresent" time="0.004" />
    <testcase classname="SPTGaiaBannerOnboardingFlowTest" name="testUserHitBannerShouldLog" time="0.005" />
  </testsuite>
  <testsuite failures="0" name="SPTGaiaConnectBarIconManagerTest" tests="4">
    <testcase classname="SPTGaiaConnectBarIconManagerTest" name="testIconForStateConnected" time="0.004" />
    <testcase classname="SPTGaiaConnectBarIconManagerTest" name="testIconForStateConnecting" time="0.004" />
    <testcase classname="SPTGaiaConnectBarIconManagerTest" name="testIconForStateConnectingChromecastShouldUpdateContinously" time="0.709" />
    <testcase classname="SPTGaiaConnectBarIconManagerTest" name="testIconForStateDisconnected" time="0.007" />
  </testsuite>
  <testsuite failures="0" name="SPTGaiaConnectBarManagerTest" tests="5">
    <testcase classname="SPTGaiaConnectBarManagerTest" name="testDeviceAvailable" time="0.009" />
    <testcase classname="SPTGaiaConnectBarManagerTest" name="testDeviceConnected_barItemShouldBeInDefaultMode" time="0.006" />
    <testcase classname="SPTGaiaConnectBarManagerTest" name="testDeviceConnected_noAbbaFlags_shouldNotShowBar" time="0.006" />
    <testcase classname="SPTGaiaConnectBarManagerTest" name="testDeviceNotConnected_barItemShouldBeInAlternateMode" time="0.010" />
    <testcase classname="SPTGaiaConnectBarManagerTest" name="testDevicePickerShown_shouldLog" time="0.009" />
  </testsuite>
  <testsuite failures="0" name="SPTGaiaContextConnectionActionTest" tests="3">
    <testcase classname="SPTGaiaContextConnectionActionTest" name="testAvailability" time="0.012" />
    <testcase classname="SPTGaiaContextConnectionActionTest" name="testIdentifier" time="0.007" />
    <testcase classname="SPTGaiaContextConnectionActionTest" name="testPerformAction" time="0.017" />
  </testsuite>
  <testsuite failures="0" name="SPTGaiaContextMenuAlarmActionTest" tests="1">
    <testcase classname="SPTGaiaContextMenuAlarmActionTest" name="testAvailable" time="0.005" />
  </testsuite>
  <testsuite failures="0" name="SPTGaiaContextMenuCapabilityActionTests" tests="1">
    <testcase classname="SPTGaiaContextMenuCapabilityActionTests" name="testDelegateIsCalledAfterActionIsPerfomed" time="0.112" />
  </testsuite>
  <testsuite failures="0" name="SPTGaiaContextMenuLogoutActionTest" tests="2">
    <testcase classname="SPTGaiaContextMenuLogoutActionTest" name="testAvailable" time="0.006" />
    <testcase classname="SPTGaiaContextMenuLogoutActionTest" name="testPerformActionsShouldInvokeDelegate" time="0.008" />
  </testsuite>
  <testsuite failures="0" name="SPTGaiaContextMenuModelManagerTest" tests="2">
    <testcase classname="SPTGaiaContextMenuModelManagerTest" name="testContextModelForDevice_deviceDontExists_shouldReturnNil" time="0.007" />
    <testcase classname="SPTGaiaContextMenuModelManagerTest" name="testContextModelForDevice_deviceExists_shouldReturnModel" time="0.008" />
  </testsuite>
  <testsuite failures="0" name="SPTGaiaContextMenuModelTests" tests="8">
    <testcase classname="SPTGaiaContextMenuModelTests" name="testContextMenuAvailableWhenActionsAreAvailableAndFlagsOn" time="0.008" />
    <testcase classname="SPTGaiaContextMenuModelTests" name="testContextMenuModelTitle" time="0.006" />
    <testcase classname="SPTGaiaContextMenuModelTests" name="testContextMenuNotAvailableWhenActionsAreAvailableButFlagsOff" time="0.005" />
    <testcase classname="SPTGaiaContextMenuModelTests" name="testContextMenuNotAvailableWhenActionsAreNotAvailableAndFlagsOff" time="0.005" />
    <testcase classname="SPTGaiaContextMenuModelTests" name="testContextMenuNotAvailableWhenActionsAreNotAvailableButFlagsOn" time="0.006" />
    <testcase classname="SPTGaiaContextMenuModelTests" name="testEnabledActionIdentifiersAreDisabled" time="0.005" />
    <testcase classname="SPTGaiaContextMenuModelTests" name="testEnabledActionIdentifiersAreDisabledAndEnabled" time="0.009" />
    <testcase classname="SPTGaiaContextMenuModelTests" name="testEnabledActionIdentifiersAreEnabled" time="0.007" />
  </testsuite>
  <testsuite failures="0" name="SPTGaiaDeviceAppearanceMappingTest" tests="3">
    <testcase classname="SPTGaiaDeviceAppearanceMappingTest" name="testIconForDeviceWhenDeviceIsCast" time="0.007" />
    <testcase classname="SPTGaiaDeviceAppearanceMappingTest" name="testIconForGaiaDeviceType" time="0.007" />
    <testcase classname="SPTGaiaDeviceAppearanceMappingTest" name="testIconForLocalDevice" time="0.013" />
  </testsuite>
  <testsuite failures="0" name="SPTGaiaDeviceDeviceTypeTest" tests="6">
    <testcase classname="SPTGaiaDeviceDeviceTypeTest" name="testBrandTypeStringWithSeparator_noSeparator_shouldReturnWithWhiteSpace" time="0.006" />
    <testcase classname="SPTGaiaDeviceDeviceTypeTest" name="testBrandTypeStringWithSeparator_playstation_shouldReturnSonyPlaystation" time="0.007" />
    <testcase classname="SPTGaiaDeviceDeviceTypeTest" name="testBrandTypeStringWithSeparator_shouldReturnName" time="0.007" />
    <testcase classname="SPTGaiaDeviceDeviceTypeTest" name="testBrandTypeStringWithSeparator_withBrandNameSpecified_shouldReturnWithBrandName" time="0.007" />
    <testcase classname="SPTGaiaDeviceDeviceTypeTest" name="testBrandTypeStringWithSeparator_withSpecifiedSeparator_shouldReturnWithSeparator" time="0.007" />
    <testcase classname="SPTGaiaDeviceDeviceTypeTest" name="testTier1" time="0.007" />
  </testsuite>
  <testsuite failures="0" name="SPTGaiaDeviceIncarnationsTest" tests="4">
    <testcase classname="SPTGaiaDeviceIncarnationsTest" name="testCastIncarnation" time="0.007" />
    <testcase classname="SPTGaiaDeviceIncarnationsTest" name="testCastJSIncarnation" time="0.007" />
    <testcase classname="SPTGaiaDeviceIncarnationsTest" name="testConnectIncarnation" time="0.006" />
    <testcase classname="SPTGaiaDeviceIncarnationsTest" name="testSupportedIncarnationsCount" time="0.005" />
  </testsuite>
  <testsuite failures="0" name="SPTGaiaDeviceMenuSettingsSectionTest" tests="4">
    <testcase classname="SPTGaiaDeviceMenuSettingsSectionTest" name="testDidSelectRowShouldLogToLogCenter" time="0.029" />
    <testcase classname="SPTGaiaDeviceMenuSettingsSectionTest" name="testDidSelectRowShouldOpenURL" time="0.010" />
    <testcase classname="SPTGaiaDeviceMenuSettingsSectionTest" name="testInitShouldReturnInstance" time="0.010" />
    <testcase classname="SPTGaiaDeviceMenuSettingsSectionTest" name="testNumberOfRowsShouldBeOne" time="0.006" />
  </testsuite>
  <testsuite failures="0" name="SPTGaiaDevicePickerHeaderViewTest" tests="1">
    <testcase classname="SPTGaiaDevicePickerHeaderViewTest" name="testHeaderViewLabelSet" time="0.017" />
  </testsuite>
  <testsuite failures="0" name="SPTGaiaDevicePickerModelTest" tests="6">
    <testcase classname="SPTGaiaDevicePickerModelTest" name="testObserver_activeDeviceChanges_shouldInvokeDelegate" time="0.006" />
    <testcase classname="SPTGaiaDevicePickerModelTest" name="testSelectedItemFiresDelegateWithCorrectParams" time="5.010" />
    <testcase classname="SPTGaiaDevicePickerModelTest" name="testSelectedItemFiresDelegateWithCorrectParamsWhenHomeDeviceFeatureDisabled" time="5.012" />
    <testcase classname="SPTGaiaDevicePickerModelTest" name="testSelectedItemFiresDelegateWithCorrectParamsWhenThereIsHomeDevice" time="5.013" />
    <testcase classname="SPTGaiaDevicePickerModelTest" name="testSpeakerIsDefaultIconInPickerForConnect" time="0.006" />
    <testcase classname="SPTGaiaDevicePickerModelTest" name="testSpeakerSelectedWhenDeviceIsLocalAndPlatformTypeUnknown" time="0.012" />
  </testsuite>
  <testsuite failures="0" name="SPTGaiaDevicePickerViewControllerTest" tests="8">
    <testcase classname="SPTGaiaDevicePickerViewControllerTest" name="testTableViewCellsThemeStyleUnderIPad" time="0.028" />
    <testcase classname="SPTGaiaDevicePickerViewControllerTest" name="testViewController_viewDidAppear_shouldNotifyObserver" time="0.009" />
    <testcase classname="SPTGaiaDevicePickerViewControllerTest" name="testViewController_viewDidDisappear_shouldNotifyObserver" time="0.007" />
    <testcase classname="SPTGaiaDevicePickerViewControllerTest" name="testViewController_viewWillAppear_shouldNotifyObserver" time="0.009" />
    <testcase classname="SPTGaiaDevicePickerViewControllerTest" name="testViewController_viewWillDisappear_shouldNotifyObserver" time="0.006" />
    <testcase classname="SPTGaiaDevicePickerViewControllerTest" name="testViewControllerConformsToSPTPageController" time="0.006" />
    <testcase classname="SPTGaiaDevicePickerViewControllerTest" name="testViewControllerReturnsCorrectPageIdentifier" time="0.006" />
    <testcase classname="SPTGaiaDevicePickerViewControllerTest" name="testViewControllerReturnsCorrectPageURI" time="0.005" />
  </testsuite>
  <testsuite failures="0" name="SPTGaiaFeatureFlagsManagerTests" tests="7">
    <testcase classname="SPTGaiaFeatureFlagsManagerTests" name="testFeatureAndLocalFlagsForHomeDeviceWorksWhenDisabled" time="0.005" />
    <testcase classname="SPTGaiaFeatureFlagsManagerTests" name="testFeatureFlagsForHomeDeviceWorksWhenEnabled" time="0.005" />
    <testcase classname="SPTGaiaFeatureFlagsManagerTests" name="testFeatureFlagsUpdated" time="0.005" />
    <testcase classname="SPTGaiaFeatureFlagsManagerTests" name="testLocalSettingsForHomeDeviceWorksWhenEnabled" time="0.005" />
    <testcase classname="SPTGaiaFeatureFlagsManagerTests" name="testMenuDisabledIfFeatureFlagAndLocalSettingAreOff" time="0.005" />
    <testcase classname="SPTGaiaFeatureFlagsManagerTests" name="testMenuEnabledIfAFeatureFlagIsOn" time="0.005" />
    <testcase classname="SPTGaiaFeatureFlagsManagerTests" name="testMenuEnabledIfALocalSettingIsOn" time="0.005" />
  </testsuite>
  <testsuite failures="0" name="SPTGaiaFeatureSettingsManagerTests" tests="3">
    <testcase classname="SPTGaiaFeatureSettingsManagerTests" name="testThatAnInstanceOfSPTGaiaSettingsManagerCanBeCreated" time="0.006" />
    <testcase classname="SPTGaiaFeatureSettingsManagerTests" name="testThatChromecastSettingsPageCanBeCreated" time="0.009" />
    <testcase classname="SPTGaiaFeatureSettingsManagerTests" name="testThatGaiaSettingsPageCanBeCreated" time="0.007" />
  </testsuite>
  <testsuite failures="0" name="SPTGaiaHardwareNameTest" tests="1">
    <testcase classname="SPTGaiaHardwareNameTest" name="testGaiaHardwareName_IpadIphoneIpod_shouldEachBeDifferent" time="0.005" />
  </testsuite>
  <testsuite failures="0" name="SPTGaiaHeaderSettingsSectionTest" tests="3">
    <testcase classname="SPTGaiaHeaderSettingsSectionTest" name="testFooterTextShouldNotBeNil" time="0.006" />
    <testcase classname="SPTGaiaHeaderSettingsSectionTest" name="testHeaderTextShouldNotBeNil" time="0.006" />
    <testcase classname="SPTGaiaHeaderSettingsSectionTest" name="testInitShouldReturnInstance" time="0.005" />
  </testsuite>
  <testsuite failures="0" name="SPTGaiaHomeDeviceNotificationManagerTests" tests="7">
    <testcase classname="SPTGaiaHomeDeviceNotificationManagerTests" name="testHomeDeviceNotficationManagerCanHandOverThePlayingContextToSavedDevice" time="0.007" />
    <testcase classname="SPTGaiaHomeDeviceNotificationManagerTests" name="testHomeDeviceNotificationDoesntShowUpIfNetworkStatusChangesToNonWifiType" time="8.017" />
    <testcase classname="SPTGaiaHomeDeviceNotificationManagerTests" name="testHomeDeviceNotificationDoesntShowUpIfNotPlayingCurrently" time="8.017" />
    <testcase classname="SPTGaiaHomeDeviceNotificationManagerTests" name="testHomeDeviceNotificationDoesntShowUpIfPlayingRemote" time="8.018" />
    <testcase classname="SPTGaiaHomeDeviceNotificationManagerTests" name="testHomeDeviceNotificationDoesntShowUpIfThereIsNoHomeDevice" time="8.016" />
    <testcase classname="SPTGaiaHomeDeviceNotificationManagerTests" name="testHomeDeviceNotificationDoesntShowUpWhenFlagsAreDisabled" time="8.016" />
    <testcase classname="SPTGaiaHomeDeviceNotificationManagerTests" name="testHomeDeviceNotificationShowsUp" time="5.022" />
  </testsuite>
  <testsuite failures="0" name="SPTGaiaLocalDevicesSettingsSectionTest" tests="7">
    <testcase classname="SPTGaiaLocalDevicesSettingsSectionTest" name="testCellForRowShouldReturnCell" time="0.019" />
    <testcase classname="SPTGaiaLocalDevicesSettingsSectionTest" name="testDidSwitchOffShouldLogToLogCenter" time="0.011" />
    <testcase classname="SPTGaiaLocalDevicesSettingsSectionTest" name="testDidSwitchOnShouldLogToLogCenter" time="0.010" />
    <testcase classname="SPTGaiaLocalDevicesSettingsSectionTest" name="testFooterTextShouldReturnString" time="0.009" />
    <testcase classname="SPTGaiaLocalDevicesSettingsSectionTest" name="testInitShouldReturnInstance" time="0.009" />
    <testcase classname="SPTGaiaLocalDevicesSettingsSectionTest" name="testNumberOfRowsWhouldReturnOne" time="0.009" />
    <testcase classname="SPTGaiaLocalDevicesSettingsSectionTest" name="testSwitchShouldUpdatedLocalDevicesFilter" time="0.009" />
  </testsuite>
  <testsuite failures="0" name="SPTGaiaManagerImplementationTest" tests="37">
    <testcase classname="SPTGaiaManagerImplementationTest" name="testActiveConnectionType_activatingConnectDevice_shouldReturnTypeConnect" time="0.009" />
    <testcase classname="SPTGaiaManagerImplementationTest" name="testActiveConnectionType_notPlaying_shouldReturnTypeNone" time="0.008" />
    <testcase classname="SPTGaiaManagerImplementationTest" name="testActiveConnectionType_playingRemotelyOnCastDevice_shouldReturnTypeChromecast" time="0.009" />
    <testcase classname="SPTGaiaManagerImplementationTest" name="testActiveConnectionType_playingRemotelyOnConnectDevice_shouldReturnTypeConnect" time="0.008" />
    <testcase classname="SPTGaiaManagerImplementationTest" name="testActiveConnectionType_playingViaAirplay_shouldReturnTypeAirplay" time="0.007" />
    <testcase classname="SPTGaiaManagerImplementationTest" name="testActiveDeviceName_airplayActive_shouldBeAirplayDeviceName" time="0.007" />
    <testcase classname="SPTGaiaManagerImplementationTest" name="testActiveDeviceName_chromecastActive_shouldBeChromecastDeviceName" time="0.008" />
    <testcase classname="SPTGaiaManagerImplementationTest" name="testActiveDeviceName_connectActive_shouldBeConnectDeviceName" time="0.008" />
    <testcase classname="SPTGaiaManagerImplementationTest" name="testActiveDeviceName_shouldInvokeObserver" time="0.009" />
    <testcase classname="SPTGaiaManagerImplementationTest" name="testAvailable_airplayDevicesAndAdvertisementTrack_shouldReturnFalsy" time="0.009" />
    <testcase classname="SPTGaiaManagerImplementationTest" name="testAvailable_airplayDevicesAndRunningContext_shouldReturnFalsy" time="0.008" />
    <testcase classname="SPTGaiaManagerImplementationTest" name="testAvailable_devicesAndForcedOffline_shouldReturnFalsy" time="0.008" />
    <testcase classname="SPTGaiaManagerImplementationTest" name="testAvailable_devicesAndNotOffline_shouldReturnTruthy" time="0.008" />
    <testcase classname="SPTGaiaManagerImplementationTest" name="testAvailable_noDevice_shouldReturnFalsy" time="0.009" />
    <testcase classname="SPTGaiaManagerImplementationTest" name="testAvailable_noDeviceAndAirplayaDevices_shouldReturnTruthy" time="0.008" />
    <testcase classname="SPTGaiaManagerImplementationTest" name="testAvailableChange_shouldInvokeObserver" time="0.007" />
    <testcase classname="SPTGaiaManagerImplementationTest" name="testCastManagerStartsScanningWhenOfflineModeChanges" time="0.007" />
    <testcase classname="SPTGaiaManagerImplementationTest" name="testCastManagerStopsScanningWhenOfflineModeChanges" time="0.007" />
    <testcase classname="SPTGaiaManagerImplementationTest" name="testChangedConnectionState_newState_shouldInvokeObserver" time="0.007" />
    <testcase classname="SPTGaiaManagerImplementationTest" name="testConnectionTypeAvailable_deviceStateManagerAvailableDevices_shouldInvokeObserver" time="0.007" />
    <testcase classname="SPTGaiaManagerImplementationTest" name="testConnectionTypesAvailable_airPlayAvailable_shouldInvokeObserver" time="0.008" />
    <testcase classname="SPTGaiaManagerImplementationTest" name="testIsConnectionTypeAvailable_typeAirplayWithAirplayAvailable_shouldReturnTruthy" time="0.007" />
    <testcase classname="SPTGaiaManagerImplementationTest" name="testIsConnectionTypeAvailable_typeChromecastWithChromecastAvailable_shouldReturnTruthy" time="0.008" />
    <testcase classname="SPTGaiaManagerImplementationTest" name="testIsConnectionTypeAvailable_typeConnectWithConnectAvailable_shouldReturnTruthy" time="0.008" />
    <testcase classname="SPTGaiaManagerImplementationTest" name="testPresentDevicePickerFromViewFromContext_iPadIdiomWithNPBContext_shouldLog" time="0.013" />
    <testcase classname="SPTGaiaManagerImplementationTest" name="testPresentDevicePickerFromViewFromContext_iPadIdiomWithNPVContext_shouldLog" time="0.014" />
    <testcase classname="SPTGaiaManagerImplementationTest" name="testPresentDevicePickerOnViewController_available_shouldPresent" time="0.009" />
    <testcase classname="SPTGaiaManagerImplementationTest" name="testPresentDevicePickerOnViewController_notAvailable_shouldNotPresent" time="0.008" />
    <testcase classname="SPTGaiaManagerImplementationTest" name="testPresentDevicePickerOnViewControllerFromContext_withNPBContext_shouldLog" time="0.009" />
    <testcase classname="SPTGaiaManagerImplementationTest" name="testPresentDevicePickerOnViewControllerFromContext_withNPVContext_shouldLog" time="0.008" />
    <testcase classname="SPTGaiaManagerImplementationTest" name="testRemoteConnectionState_airPlayActive_shouldReturnConnected" time="0.008" />
    <testcase classname="SPTGaiaManagerImplementationTest" name="testRemoteConnectionState_deviceIsBeeingActivated_shouldRetunrConnecting" time="0.010" />
    <testcase classname="SPTGaiaManagerImplementationTest" name="testRemoteConnectionState_deviceManagerPlayingRemotely_shouldReturnConnected" time="0.008" />
    <testcase classname="SPTGaiaManagerImplementationTest" name="testRemoteConnectionState_noDevice_shouldReturnDisconnected" time="0.008" />
    <testcase classname="SPTGaiaManagerImplementationTest" name="testSetDiplayingGaiaVolumeControlInMainView_shouldNotifiyObserver" time="0.008" />
    <testcase classname="SPTGaiaManagerImplementationTest" name="testSettingsPickerWillAppear_interfaceIdiomIpad_shouldSetDisplayingGaiaVolumeControlInMainWindowToFalse" time="0.011" />
    <testcase classname="SPTGaiaManagerImplementationTest" name="testSettingsPickerWillAppear_interfaceIdiomIphone_shouldSetDisplayingGaiaVolumeControlInMainWindowToTrue" time="0.013" />
  </testsuite>
  <testsuite failures="0" name="SPTGaiaOnboardingManagerImplementationTest" tests="8">
    <testcase classname="SPTGaiaOnboardingManagerImplementationTest" name="testAddObserver_shouldAddObserver" time="0.007" />
    <testcase classname="SPTGaiaOnboardingManagerImplementationTest" name="testObserver_shouldBeNotified_whenNewDeviceIsDiscovered" time="0.007" />
    <testcase classname="SPTGaiaOnboardingManagerImplementationTest" name="testOnboarding_onboardingDisabled_shouldLog" time="0.007" />
    <testcase classname="SPTGaiaOnboardingManagerImplementationTest" name="testOnboardingPopup_dismissPressed_shouldNotActivateDevice" time="0.007" />
    <testcase classname="SPTGaiaOnboardingManagerImplementationTest" name="testOnboardingPopup_listenPressed_shouldActivateDevice" time="0.007" />
    <testcase classname="SPTGaiaOnboardingManagerImplementationTest" name="testOnboardingPopup_listenPressedAirPlayActive_shouldPullPlayback" time="0.007" />
    <testcase classname="SPTGaiaOnboardingManagerImplementationTest" name="testPresentOnboardingForNowPlayingBar_popupOnboardingEnabled_shouldPresentPopup" time="0.007" />
    <testcase classname="SPTGaiaOnboardingManagerImplementationTest" name="testRemoveObserver_shouldRemoveObserver" time="0.006" />
  </testsuite>
  <testsuite failures="0" name="SPTGaiaOnboardingPopupControllerTest" tests="2">
    <testcase classname="SPTGaiaOnboardingPopupControllerTest" name="testDismiss" time="0.009" />
    <testcase classname="SPTGaiaOnboardingPopupControllerTest" name="testShowPopUpWithDevice_withDevice_shouldShowPopUp" time="0.019" />
  </testsuite>
  <testsuite failures="0" name="SPTGaiaPopupControllerTest" tests="2">
    <testcase classname="SPTGaiaPopupControllerTest" name="testPresentPopupDeviceIsNilShouldNotPresentPopup" time="0.011" />
    <testcase classname="SPTGaiaPopupControllerTest" name="testPresentPopupDeviceIsNotNilShouldPresentPopup" time="0.016" />
  </testsuite>
  <testsuite failures="0" name="SPTGaiaSavedDeviceManagerTests" tests="4">
    <testcase classname="SPTGaiaSavedDeviceManagerTests" name="testSavedDeviceCanBeCleared" time="0.006" />
    <testcase classname="SPTGaiaSavedDeviceManagerTests" name="testSavedDeviceDoesNotCrashWhenSettingToNil" time="0.005" />
    <testcase classname="SPTGaiaSavedDeviceManagerTests" name="testSavedDeviceReturnsNilWhenNotSet" time="0.005" />
    <testcase classname="SPTGaiaSavedDeviceManagerTests" name="testSavedDeviceReturnsTrueWhenSetToNewValue" time="0.005" />
  </testsuite>
  <testsuite failures="0" name="SPTGaiaSettingsManagerTest" tests="7">
    <testcase classname="SPTGaiaSettingsManagerTest" name="testInitShouldReturnInstance" time="0.006" />
    <testcase classname="SPTGaiaSettingsManagerTest" name="testLocalDeviceFilterEnabled_enabled_shouldReturnYes" time="0.005" />
    <testcase classname="SPTGaiaSettingsManagerTest" name="testLocalDeviceFilterEnabled_notEnabled_shouldReturnNo" time="0.005" />
    <testcase classname="SPTGaiaSettingsManagerTest" name="testLocalDevicesGaiaDeviceManagerUpdatedWhenSettingNO" time="0.005" />
    <testcase classname="SPTGaiaSettingsManagerTest" name="testLocalDevicesGaiaDeviceManagerUpdatedWhenSettingYES" time="0.005" />
    <testcase classname="SPTGaiaSettingsManagerTest" name="testRegisterSettingLocalDevicesDisabledShouldRegisterTwice" time="0.005" />
    <testcase classname="SPTGaiaSettingsManagerTest" name="testRegisterSettingsLocalDevicesEnabledShouldRegisterThreeTimes" time="0.005" />
  </testsuite>
  <testsuite failures="0" name="SPTGaiaSettingsStorageTest" tests="3">
    <testcase classname="SPTGaiaSettingsStorageTest" name="testInitShouldReturnInstance" time="0.005" />
    <testcase classname="SPTGaiaSettingsStorageTest" name="testSetValueForKey" time="0.006" />
    <testcase classname="SPTGaiaSettingsStorageTest" name="testValueForKey" time="0.005" />
  </testsuite>
  <testsuite failures="0" name="SPTGaiaVolumeButtonControllerTests" tests="5">
    <testcase classname="SPTGaiaVolumeButtonControllerTests" name="testItCanMissTheNextVolumeChangeEvent" time="0.016" />
    <testcase classname="SPTGaiaVolumeButtonControllerTests" name="testResetVolumeChangesWhenLockScreenIsEnabled" time="0.023" />
    <testcase classname="SPTGaiaVolumeButtonControllerTests" name="testResetVolumeStaysIntactWhenLockScreenIsNotEnabled" time="0.018" />
    <testcase classname="SPTGaiaVolumeButtonControllerTests" name="testStoreVolumeRouteTypeChangeWhenUnPluggedEffectsTheVolumeChange" time="0.018" />
    <testcase classname="SPTGaiaVolumeButtonControllerTests" name="testStoreVolumeRouteTypeNoChangeDoesNotEffectsResetVolume" time="0.018" />
  </testsuite>
  <testsuite failures="0" name="SPTGaiaVolumeControllerTest" tests="7">
    <testcase classname="SPTGaiaVolumeControllerTest" name="testConnectVolumeIgnoredWhenConnectedViaCast" time="0.020" />
    <testcase classname="SPTGaiaVolumeControllerTest" name="testIsRemoteVolumeAllowedForDevice" time="0.006" />
    <testcase classname="SPTGaiaVolumeControllerTest" name="testShouldShowVolumeControls" time="0.006" />
    <testcase classname="SPTGaiaVolumeControllerTest" name="testUpdateRemoteVolumeChangesDeviceVolume" time="0.021" />
    <testcase classname="SPTGaiaVolumeControllerTest" name="testUpdateRemoteVolumeDoesNotChangesDeviceVolumeWhenLockScreenDisabled" time="0.021" />
    <testcase classname="SPTGaiaVolumeControllerTest" name="testUpdateRemoteVolumeMaybeShowOverlay" time="0.016" />
    <testcase classname="SPTGaiaVolumeControllerTest" name="testVolumeUINotShownWhenCastDeviceNotInDeviceList" time="0.007" />
  </testsuite>
  <testsuite failures="0" name="SPTLogCenterGaiaTest" tests="10">
    <testcase classname="SPTLogCenterGaiaTest" name="testLogDeviceContextMenuActionPerformed" time="0.007" />
    <testcase classname="SPTLogCenterGaiaTest" name="testLogDeviceContextMenuDismissed" time="0.005" />
    <testcase classname="SPTLogCenterGaiaTest" name="testLogDeviceContextMenuShown" time="0.005" />
    <testcase classname="SPTLogCenterGaiaTest" name="testLogOnboarding_disabled_shouldLogDisabled" time="0.006" />
    <testcase classname="SPTLogCenterGaiaTest" name="testLogOnboardingPopupDismissWithDevice_shouldLogPopupSourceAndUserDismissed" time="0.006" />
    <testcase classname="SPTLogCenterGaiaTest" name="testLogOnboardingPopupListenWithDevice_shouldLogPopupSourceAndUserHit" time="0.005" />
    <testcase classname="SPTLogCenterGaiaTest" name="testLogOnboardingPopupShownWithDevice_shouldLogPopupSourceAndUserImpression" time="0.005" />
    <testcase classname="SPTLogCenterGaiaTest" name="testLogTinkerbellBannerOnboardingDismissWithDevice_shouldLogSourceAndDismiss" time="0.005" />
    <testcase classname="SPTLogCenterGaiaTest" name="testLogTinkerbellBannerOnboardingShowPickerWithDevice_shouldLogSourceAndUserHit" time="0.005" />
    <testcase classname="SPTLogCenterGaiaTest" name="testLogTinkerbellBannerOnboardingWithDevice_shouldLogSourceAndUserImpression" time="0.005" />
  </testsuite>
  <testsuite failures="0" name="SPTUIViewGaiaTest" tests="1">
    <testcase classname="SPTUIViewGaiaTest" name="testCenterX" time="0.005" />
  </testsuite>
  <testsuite failures="0" name="InboxFeatureImplementationTest" tests="4">
    <testcase classname="InboxFeatureImplementationTest" name="testIsInboxEnabledReturnsABBAValueForControlGroup" time="0.013" />
    <testcase classname="InboxFeatureImplementationTest" name="testIsInboxEnabledReturnsABBAValueForTestGroup" time="0.012" />
    <testcase classname="InboxFeatureImplementationTest" name="testProvideInboxViewController" time="0.025" />
    <testcase classname="InboxFeatureImplementationTest" name="testThatIsInboxEnabledReturnsOverrideValueWhenSet" time="0.012" />
  </testsuite>
  <testsuite failures="0" name="SPTInboxModelTest" tests="3">
    <testcase classname="SPTInboxModelTest" name="testDownloadInteractionLog" time="0.009" />
    <testcase classname="SPTInboxModelTest" name="testNotNil" time="0.008" />
    <testcase classname="SPTInboxModelTest" name="testPlaylistSynchronisation" time="0.006" />
  </testsuite>
  <testsuite failures="0" name="SPTInboxViewControllrTests" tests="2">
    <testcase classname="SPTInboxViewControllrTests" name="testViewControllerReturnsCorrectPageIdentifier" time="0.008" />
    <testcase classname="SPTInboxViewControllrTests" name="testViewControllerReturnsCorrectPageURI" time="0.007" />
  </testsuite>
  <testsuite failures="0" name="NowPlayingFeatureImplementationTest" tests="7">
    <testcase classname="NowPlayingFeatureImplementationTest" name="testConfigureWithPlaylistFeature" time="0.014" />
    <testcase classname="NowPlayingFeatureImplementationTest" name="testConfigureWithRunningFeature" time="0.009" />
    <testcase classname="NowPlayingFeatureImplementationTest" name="testNowPlayingModel" time="0.075" />
    <testcase classname="NowPlayingFeatureImplementationTest" name="testProvideNowPlayingViewController" time="0.046" />
    <testcase classname="NowPlayingFeatureImplementationTest" name="testProvideNowPlayingViewModeRegistry" time="0.006" />
    <testcase classname="NowPlayingFeatureImplementationTest" name="testProvideQueueInteractor" time="0.005" />
    <testcase classname="NowPlayingFeatureImplementationTest" name="testProvideTitleViewPresenterRegistry" time="0.005" />
  </testsuite>
  <testsuite failures="0" name="SPTNowPlayFullscreenVideoRegistryTests" tests="6">
    <testcase classname="SPTNowPlayFullscreenVideoRegistryTests" name="testAddDuplicateRegistrant" time="0.006" />
    <testcase classname="SPTNowPlayFullscreenVideoRegistryTests" name="testAddRegistrant" time="0.005" />
    <testcase classname="SPTNowPlayFullscreenVideoRegistryTests" name="testFullscreenAllowedForAllRegistrants" time="0.005" />
    <testcase classname="SPTNowPlayFullscreenVideoRegistryTests" name="testFullscreenNotAllowedForAllRegistrants" time="0.004" />
    <testcase classname="SPTNowPlayFullscreenVideoRegistryTests" name="testRemoveNonExistentRegistrant" time="0.004" />
    <testcase classname="SPTNowPlayFullscreenVideoRegistryTests" name="testRemoveRegistrant" time="0.005" />
  </testsuite>
  <testsuite failures="0" name="SPTNowPlayingAuxiliaryActionsModelTest" tests="6">
    <testcase classname="SPTNowPlayingAuxiliaryActionsModelTest" name="testCollectionUpdateWithDisplayMetadataInCollection" time="0.006" />
    <testcase classname="SPTNowPlayingAuxiliaryActionsModelTest" name="testCollectionUpdateWithDisplayMetadataNotInCollection" time="0.005" />
    <testcase classname="SPTNowPlayingAuxiliaryActionsModelTest" name="testCollectionUpdateWithNoDisplayMetadata" time="0.006" />
    <testcase classname="SPTNowPlayingAuxiliaryActionsModelTest" name="testDissallowAddingToCollection" time="0.005" />
    <testcase classname="SPTNowPlayingAuxiliaryActionsModelTest" name="testDissallowAddingToCollectionWhenTrackIsInCollectionButIsNotSupportedAnymore" time="0.005" />
    <testcase classname="SPTNowPlayingAuxiliaryActionsModelTest" name="testInitialSetup" time="0.006" />
  </testsuite>
  <testsuite failures="0" name="SPTNowPlayingBackgroundUnitProviderTest" tests="5">
    <testcase classname="SPTNowPlayingBackgroundUnitProviderTest" name="testCreateMusicUnit" time="0.006" />
    <testcase classname="SPTNowPlayingBackgroundUnitProviderTest" name="testCreateMusicUnitOnlyOnce" time="0.006" />
    <testcase classname="SPTNowPlayingBackgroundUnitProviderTest" name="testCreateShowsFormatUnit" time="0.007" />
    <testcase classname="SPTNowPlayingBackgroundUnitProviderTest" name="testCreateShowsFormatUnitOnlyOnce" time="0.007" />
    <testcase classname="SPTNowPlayingBackgroundUnitProviderTest" name="testNotNil" time="0.005" />
  </testsuite>
  <testsuite failures="0" name="SPTNowPlayingBarLeftAccessoryUnitProviderTest" tests="2">
    <testcase classname="SPTNowPlayingBarLeftAccessoryUnitProviderTest" name="testEmptyUnitCreatedOnInitialise" time="0.005" />
    <testcase classname="SPTNowPlayingBarLeftAccessoryUnitProviderTest" name="testNotNil" time="0.004" />
  </testsuite>
  <testsuite failures="0" name="SPTNowPlayingBarModelTest" tests="3">
    <testcase classname="SPTNowPlayingBarModelTest" name="testNotNil" time="0.005" />
    <testcase classname="SPTNowPlayingBarModelTest" name="testPlayingStateChangedDelegateCallback" time="0.007" />
    <testcase classname="SPTNowPlayingBarModelTest" name="testTrackMetaDataChangedDelegateCallback" time="0.005" />
  </testsuite>
  <testsuite failures="0" name="SPTNowPlayingCarouselContentProviderRegistryImplementationTest" tests="8">
    <testcase classname="SPTNowPlayingCarouselContentProviderRegistryImplementationTest" name="testCantRegisterNilFactory" time="0.005" />
    <testcase classname="SPTNowPlayingCarouselContentProviderRegistryImplementationTest" name="testCantUnregisterNilFactory" time="0.005" />
    <testcase classname="SPTNowPlayingCarouselContentProviderRegistryImplementationTest" name="testDelegate" time="0.005" />
    <testcase classname="SPTNowPlayingCarouselContentProviderRegistryImplementationTest" name="testDelegateWithNilFactory" time="0.004" />
    <testcase classname="SPTNowPlayingCarouselContentProviderRegistryImplementationTest" name="testDelegateWithUnregisteredFactory" time="0.005" />
    <testcase classname="SPTNowPlayingCarouselContentProviderRegistryImplementationTest" name="testProvidersForAllFactories" time="0.004" />
    <testcase classname="SPTNowPlayingCarouselContentProviderRegistryImplementationTest" name="testProvidersForNoFactories" time="0.005" />
    <testcase classname="SPTNowPlayingCarouselContentProviderRegistryImplementationTest" name="testProvidersForOneFactory" time="0.005" />
  </testsuite>
  <testsuite failures="0" name="SPTNowPlayingCarouselModelTest" tests="3">
    <testcase classname="SPTNowPlayingCarouselModelTest" name="testCanScroll" time="0.008" />
    <testcase classname="SPTNowPlayingCarouselModelTest" name="testCanScrollAd" time="0.006" />
    <testcase classname="SPTNowPlayingCarouselModelTest" name="testIsPaused" time="0.006" />
  </testsuite>
  <testsuite failures="0" name="SPTNowPlayingChromecastBarViewTest" tests="3">
    <testcase classname="SPTNowPlayingChromecastBarViewTest" name="testBarIsDisabledWhenConnectBarFeatureIsOn" time="1.033" />
    <testcase classname="SPTNowPlayingChromecastBarViewTest" name="testBarIsEnabledWhenConnectBarFeatureIsOff" time="1.029" />
    <testcase classname="SPTNowPlayingChromecastBarViewTest" name="testDevicesAttributedStringHandlesNilDeviceName" time="0.023" />
  </testsuite>
  <testsuite failures="0" name="SPTNowPlayingContainerViewControllerTest" tests="1">
    <testcase classname="SPTNowPlayingContainerViewControllerTest" name="testNotNil" time="0.009" />
  </testsuite>
  <testsuite failures="0" name="SPTNowPlayingContentUnitProviderTest" tests="3">
    <testcase classname="SPTNowPlayingContentUnitProviderTest" name="testMainContentViewControllerProvided" time="0.007" />
    <testcase classname="SPTNowPlayingContentUnitProviderTest" name="testNotNil" time="0.005" />
    <testcase classname="SPTNowPlayingContentUnitProviderTest" name="testShowsFormatUnitProvided" time="0.006" />
  </testsuite>
  <testsuite failures="0" name="SPTNowPlayingContextMenuPresenterTest" tests="4">
    <testcase classname="SPTNowPlayingContextMenuPresenterTest" name="testFailedPresentation" time="0.004" />
    <testcase classname="SPTNowPlayingContextMenuPresenterTest" name="testFailedPresentationForVideoContextMenu" time="0.004" />
    <testcase classname="SPTNowPlayingContextMenuPresenterTest" name="testSuccessfulPresentation" time="0.005" />
    <testcase classname="SPTNowPlayingContextMenuPresenterTest" name="testSuccessfulPresentationForVideoContextMenu" time="0.022" />
  </testsuite>
  <testsuite failures="0" name="SPTNowPlayingCoverArtModelTest" tests="6">
    <testcase classname="SPTNowPlayingCoverArtModelTest" name="testIsPaused" time="0.006" />
    <testcase classname="SPTNowPlayingCoverArtModelTest" name="testObservesTrackMetadata" time="0.005" />
    <testcase classname="SPTNowPlayingCoverArtModelTest" name="testSessionIdChangesOnTrackMetadataQueue" time="0.005" />
    <testcase classname="SPTNowPlayingCoverArtModelTest" name="testSessionIdOnInitialize" time="0.005" />
    <testcase classname="SPTNowPlayingCoverArtModelTest" name="testSessionIdResetChanges" time="0.005" />
    <testcase classname="SPTNowPlayingCoverArtModelTest" name="testTrackMetadataQueueDidStageContext" time="0.005" />
  </testsuite>
  <testsuite failures="0" name="SPTNowPlayingCoverArtTapGestureRecognizerTest" tests="2">
    <testcase classname="SPTNowPlayingCoverArtTapGestureRecognizerTest" name="testNotNil" time="0.005" />
    <testcase classname="SPTNowPlayingCoverArtTapGestureRecognizerTest" name="testTimestamp" time="0.005" />
  </testsuite>
  <testsuite failures="0" name="SPTNowPlayingDailyMixBarModelTest" tests="16">
    <testcase classname="SPTNowPlayingDailyMixBarModelTest" name="testCallArtistBannedWhenPressedBanArtist" time="0.005" />
    <testcase classname="SPTNowPlayingDailyMixBarModelTest" name="testDailyMixManagerTrackFeedbackChangesPresentationTypeInDelegate" time="0.005" />
    <testcase classname="SPTNowPlayingDailyMixBarModelTest" name="testDelegateDoesNotRequestPresentationIfShouldAnimateIsFalse" time="0.007" />
    <testcase classname="SPTNowPlayingDailyMixBarModelTest" name="testDelegateErrorDoesNotRequestPresentationIfShouldAnimateIsFalse" time="0.005" />
    <testcase classname="SPTNowPlayingDailyMixBarModelTest" name="testDidAddToCollectionIsEchodToDelegateFromObserver" time="0.005" />
    <testcase classname="SPTNowPlayingDailyMixBarModelTest" name="testErrorFromDailyMixManagerIsForwardedToDelegate" time="0.005" />
    <testcase classname="SPTNowPlayingDailyMixBarModelTest" name="testFinishedDimissingViewSetsNoneToPresentationType" time="0.004" />
    <testcase classname="SPTNowPlayingDailyMixBarModelTest" name="testNoPresentationOfAddToPlaylistViewControllerWithNoCurrentTrack" time="0.005" />
    <testcase classname="SPTNowPlayingDailyMixBarModelTest" name="testNotNil" time="0.004" />
    <testcase classname="SPTNowPlayingDailyMixBarModelTest" name="testObserverUpsellManager" time="0.005" />
    <testcase classname="SPTNowPlayingDailyMixBarModelTest" name="testPresentationOfAddToPlaylistViewControllerWithCurrentTrack" time="0.005" />
    <testcase classname="SPTNowPlayingDailyMixBarModelTest" name="testPresentationOfNegativeArtistBarWhenUpsellDismissed" time="0.005" />
    <testcase classname="SPTNowPlayingDailyMixBarModelTest" name="testPresentationTypeRemoveFromCollectionHasNoAction" time="0.005" />
    <testcase classname="SPTNowPlayingDailyMixBarModelTest" name="testSenderViewInputsToPlayerFeatureWhenCallingAddToPlaylist" time="0.007" />
    <testcase classname="SPTNowPlayingDailyMixBarModelTest" name="testShouldAnimateIfApplicationIsActive" time="0.005" />
    <testcase classname="SPTNowPlayingDailyMixBarModelTest" name="testShouldNotAnimateIfApplicationIsNotActive" time="0.004" />
  </testsuite>
  <testsuite failures="0" name="SPTNowPlayingDailyMixBarToasterViewTest" tests="1">
    <testcase classname="SPTNowPlayingDailyMixBarToasterViewTest" name="testNotNil" time="0.006" />
  </testsuite>
  <testsuite failures="0" name="SPTNowPlayingDailyMixFeedbackButtonTest" tests="3">
    <testcase classname="SPTNowPlayingDailyMixFeedbackButtonTest" name="testDoesAdjustImageWhenNotSelected" time="0.006" />
    <testcase classname="SPTNowPlayingDailyMixFeedbackButtonTest" name="testDoesNotAdjustImageWhenSelected" time="0.005" />
    <testcase classname="SPTNowPlayingDailyMixFeedbackButtonTest" name="testNotNil" time="0.005" />
  </testsuite>
  <testsuite failures="0" name="SPTNowPlayingDeviceOrientationManagerTests" tests="2">
    <testcase classname="SPTNowPlayingDeviceOrientationManagerTests" name="testBeginGeneratingDeviceOrientationNotificationsCalled" time="0.006" />
    <testcase classname="SPTNowPlayingDeviceOrientationManagerTests" name="testInitialInterfaceOrientation" time="0.005" />
  </testsuite>
  <testsuite failures="0" name="SPTNowPlayingDurationUnitProviderTest" tests="4">
    <testcase classname="SPTNowPlayingDurationUnitProviderTest" name="testGenericPlayerStateCreatesMusicUnit" time="0.007" />
    <testcase classname="SPTNowPlayingDurationUnitProviderTest" name="testNotNil" time="0.005" />
    <testcase classname="SPTNowPlayingDurationUnitProviderTest" name="testRunningPlayerStateCreatesEmptyUnit" time="0.007" />
    <testcase classname="SPTNowPlayingDurationUnitProviderTest" name="testShowsFormatPlayerStateCreatesAnotherDurationUnit" time="0.006" />
  </testsuite>
  <testsuite failures="0" name="SPTNowPlayingEntityDecorationControllerTest" tests="7">
    <testcase classname="SPTNowPlayingEntityDecorationControllerTest" name="testInit" time="0.005" />
    <testcase classname="SPTNowPlayingEntityDecorationControllerTest" name="testNotifiesObserversOfPlayerStateOnNilStagedContext" time="0.011" />
    <testcase classname="SPTNowPlayingEntityDecorationControllerTest" name="testNotNil" time="0.005" />
    <testcase classname="SPTNowPlayingEntityDecorationControllerTest" name="testPartyEntityDescription" time="0.005" />
    <testcase classname="SPTNowPlayingEntityDecorationControllerTest" name="testPartyEntityType" time="0.006" />
    <testcase classname="SPTNowPlayingEntityDecorationControllerTest" name="testRunningEntityDescription" time="0.006" />
    <testcase classname="SPTNowPlayingEntityDecorationControllerTest" name="testRunningEntityDescriptionComingFromRunningLocalisationManager" time="0.006" />
  </testsuite>
  <testsuite failures="0" name="SPTNowPlayingFooterUnitProviderTest" tests="6">
    <testcase classname="SPTNowPlayingFooterUnitProviderTest" name="testChromecastFooterGenericallyCreated" time="0.005" />
    <testcase classname="SPTNowPlayingFooterUnitProviderTest" name="testChromecastFooterUnitNotCreatedTwice" time="0.006" />
    <testcase classname="SPTNowPlayingFooterUnitProviderTest" name="testCreateDailyMixFooterUnit" time="0.005" />
    <testcase classname="SPTNowPlayingFooterUnitProviderTest" name="testCreateNoFooterUnitForRunning" time="0.005" />
    <testcase classname="SPTNowPlayingFooterUnitProviderTest" name="testDailyMixFooterUnitNotCreatedTwice" time="0.006" />
    <testcase classname="SPTNowPlayingFooterUnitProviderTest" name="testNotNil" time="0.004" />
  </testsuite>
  <testsuite failures="0" name="SPTNowPlayingHeadUnitProviderTest" tests="5">
    <testcase classname="SPTNowPlayingHeadUnitProviderTest" name="testCreateDailyMixHeadUnitForFormatListsWithFeedbackEnabled" time="0.009" />
    <testcase classname="SPTNowPlayingHeadUnitProviderTest" name="testCreateRunnerUnit" time="0.044" />
    <testcase classname="SPTNowPlayingHeadUnitProviderTest" name="testCreateRunnerUnitWithCategoryURL" time="0.036" />
    <testcase classname="SPTNowPlayingHeadUnitProviderTest" name="testCreateShowsFormatHeadUnit" time="0.025" />
    <testcase classname="SPTNowPlayingHeadUnitProviderTest" name="testNoHeadUnitsCreatedWithEmptyEntityURL" time="0.025" />
  </testsuite>
  <testsuite failures="0" name="SPTNowPlayingInfoCenterManagerTest" tests="7">
    <testcase classname="SPTNowPlayingInfoCenterManagerTest" name="testAdTrack" time="0.024" />
    <testcase classname="SPTNowPlayingInfoCenterManagerTest" name="testAdTrackShowsArtworkOnLockScreenWhenSettingIsDisabled" time="0.024" />
    <testcase classname="SPTNowPlayingInfoCenterManagerTest" name="testAdTrackShowsArtworkOnLockScreenWhenSettingIsEnabled" time="0.023" />
    <testcase classname="SPTNowPlayingInfoCenterManagerTest" name="testNonAdTrackHidesArtworkOnLockScreenWhenSettingIsEnabled" time="0.021" />
    <testcase classname="SPTNowPlayingInfoCenterManagerTest" name="testNonAdTrackShowsArtworkOnLockScreenWhenSettingIsDisabled" time="0.022" />
    <testcase classname="SPTNowPlayingInfoCenterManagerTest" name="testNotNil" time="0.021" />
    <testcase classname="SPTNowPlayingInfoCenterManagerTest" name="testVideoTrack" time="0.021" />
  </testsuite>
  <testsuite failures="0" name="SPTNowPlayingInformationAreaProviderTest" tests="2">
    <testcase classname="SPTNowPlayingInformationAreaProviderTest" name="testCreateRunningUnitWithRunningSetupURL" time="0.023" />
    <testcase classname="SPTNowPlayingInformationAreaProviderTest" name="testNotNil" time="0.006" />
  </testsuite>
  <testsuite failures="0" name="SPTNowPlayingManagerImplementationTest" tests="8">
    <testcase classname="SPTNowPlayingManagerImplementationTest" name="testexternalLinkControllerShowNowPlayingView" time="0.011" />
    <testcase classname="SPTNowPlayingManagerImplementationTest" name="testGetCurrentMode" time="0.006" />
    <testcase classname="SPTNowPlayingManagerImplementationTest" name="testHideBottomBar_gaiaManagerIsDisplayingVolumeInMainWindow_shouldBeHidden" time="0.012" />
    <testcase classname="SPTNowPlayingManagerImplementationTest" name="testHideBottomBarIfPlayerHasNoTrack" time="0.010" />
    <testcase classname="SPTNowPlayingManagerImplementationTest" name="testSetCurrentMode" time="0.006" />
    <testcase classname="SPTNowPlayingManagerImplementationTest" name="testSetHiddenOnIPad" time="0.008" />
    <testcase classname="SPTNowPlayingManagerImplementationTest" name="testShowAnimatedAnimatedCompletion_shouldInvokeCompletion" time="0.005" />
    <testcase classname="SPTNowPlayingManagerImplementationTest" name="testShowBottomBarIfPlayerHasMetadata" time="0.008" />
  </testsuite>
  <testsuite failures="0" name="SPTNowPlayingNavigationBarButtonsUnitProviderTests" tests="3">
    <testcase classname="SPTNowPlayingNavigationBarButtonsUnitProviderTests" name="testCreateMusicUnit" time="0.009" />
    <testcase classname="SPTNowPlayingNavigationBarButtonsUnitProviderTests" name="testCreateMusicUnitOnlyOnce" time="0.007" />
    <testcase classname="SPTNowPlayingNavigationBarButtonsUnitProviderTests" name="testNotNil" time="0.007" />
  </testsuite>
  <testsuite failures="0" name="SPTNowPlayingNavigationBarModelTest" tests="3">
    <testcase classname="SPTNowPlayingNavigationBarModelTest" name="testEntityDecorationControllerDidUpdate" time="0.008" />
    <testcase classname="SPTNowPlayingNavigationBarModelTest" name="testSettingShouldDisableNavigationBarMinimzationNotifiesObservers" time="0.008" />
    <testcase classname="SPTNowPlayingNavigationBarModelTest" name="testSettingShouldDisableRightBarButtonNotifiesObservers" time="0.008" />
  </testsuite>
  <testsuite failures="0" name="SPTNowPlayingNavigationBarTitleViewTest" tests="2">
    <testcase classname="SPTNowPlayingNavigationBarTitleViewTest" name="testLayoutIPhone" time="0.019" />
    <testcase classname="SPTNowPlayingNavigationBarTitleViewTest" name="testTitleViewPresenter" time="0.029" />
  </testsuite>
  <testsuite failures="0" name="SPTNowPlayingNavigationBarUnitProviderTest" tests="5">
    <testcase classname="SPTNowPlayingNavigationBarUnitProviderTest" name="testCreateMusicUnit" time="0.022" />
    <testcase classname="SPTNowPlayingNavigationBarUnitProviderTest" name="testCreateMusicUnitOnlyOnce" time="0.007" />
    <testcase classname="SPTNowPlayingNavigationBarUnitProviderTest" name="testCreateShowsFormatUnit" time="0.006" />
    <testcase classname="SPTNowPlayingNavigationBarUnitProviderTest" name="testCreateShowsFormatUnitOnlyOnce" time="0.005" />
    <testcase classname="SPTNowPlayingNavigationBarUnitProviderTest" name="testNotNil" time="0.005" />
  </testsuite>
  <testsuite failures="0" name="SPTNowPlayingNavigationItemTitleViewTest" tests="2">
    <testcase classname="SPTNowPlayingNavigationItemTitleViewTest" name="testLayoutIPad" time="0.016" />
    <testcase classname="SPTNowPlayingNavigationItemTitleViewTest" name="testLayoutIPhone" time="0.031" />
  </testsuite>
  <testsuite failures="0" name="SPTNowPlayingPartyUserProfileBadgeViewTest" tests="1">
    <testcase classname="SPTNowPlayingPartyUserProfileBadgeViewTest" name="testBadgeValueCannotBeGreaterThan99" time="0.026" />
  </testsuite>
  <testsuite failures="0" name="SPTNowPlayingQueueMetadataModelTest" tests="18">
    <testcase classname="SPTNowPlayingQueueMetadataModelTest" name="testDisallowViewingQueueIsFalseWhenNotStagingContext" time="0.010" />
    <testcase classname="SPTNowPlayingQueueMetadataModelTest" name="testDisallowViewingQueueIsTrueWhenStagingContextAndQueueFeatureEnabled" time="0.007" />
    <testcase classname="SPTNowPlayingQueueMetadataModelTest" name="testDisallowViewingQueueOnRadioWithNewQueue" time="0.006" />
    <testcase classname="SPTNowPlayingQueueMetadataModelTest" name="testDisallowViewingQueueOnRunningCategoryPresetsWithNewQueue" time="0.006" />
    <testcase classname="SPTNowPlayingQueueMetadataModelTest" name="testDisallowViewingQueueOnRunningCategoryPresetsWithOldQueue" time="0.006" />
    <testcase classname="SPTNowPlayingQueueMetadataModelTest" name="testDisallowViewingQueueOnRunningOnboardingVideoWithNewQueue" time="0.005" />
    <testcase classname="SPTNowPlayingQueueMetadataModelTest" name="testDisallowViewingQueueOnRunningOnboardingVideoWithOldQueue" time="0.005" />
    <testcase classname="SPTNowPlayingQueueMetadataModelTest" name="testDisallowViewingQueueOnRunningOriginalsWithNewQueue" time="0.006" />
    <testcase classname="SPTNowPlayingQueueMetadataModelTest" name="testDisallowViewingQueueOnRunningOriginalsWithOldQueue" time="0.005" />
    <testcase classname="SPTNowPlayingQueueMetadataModelTest" name="testNotifiesObserversOnProductStateDidUpdate" time="0.005" />
    <testcase classname="SPTNowPlayingQueueMetadataModelTest" name="testNotifiesObserversOnStagedContextUpdate" time="0.005" />
    <testcase classname="SPTNowPlayingQueueMetadataModelTest" name="testNotNil" time="0.004" />
    <testcase classname="SPTNowPlayingQueueMetadataModelTest" name="testObservesProductState" time="0.005" />
    <testcase classname="SPTNowPlayingQueueMetadataModelTest" name="testQueueDisabledWithMFTAndQueueFeatureDisabled" time="0.005" />
    <testcase classname="SPTNowPlayingQueueMetadataModelTest" name="testQueueDisabledWithMFTAndQueueFeatureiPad" time="0.008" />
    <testcase classname="SPTNowPlayingQueueMetadataModelTest" name="testQueueEnabledWithMFTAndQueueFeatureiPhone" time="0.011" />
    <testcase classname="SPTNowPlayingQueueMetadataModelTest" name="testStagedContextAccessoryButton" time="0.007" />
    <testcase classname="SPTNowPlayingQueueMetadataModelTest" name="testStagedContextAccessoryButtonNil" time="0.006" />
  </testsuite>
  <testsuite failures="0" name="SPTNowPlayingRemoteControlEventControllerTest" tests="1">
    <testcase classname="SPTNowPlayingRemoteControlEventControllerTest" name="testPolicyApplication" time="0.008" />
  </testsuite>
  <testsuite failures="0" name="SPTNowPlayingRunningHeadUnitViewTest" tests="2">
    <testcase classname="SPTNowPlayingRunningHeadUnitViewTest" name="testEnabledEchosToTempoStepper" time="0.038" />
    <testcase classname="SPTNowPlayingRunningHeadUnitViewTest" name="testNotNil" time="0.032" />
  </testsuite>
  <testsuite failures="0" name="SPTNowPlayingShowsFormatHeadUnitViewControllerTest" tests="1">
    <testcase classname="SPTNowPlayingShowsFormatHeadUnitViewControllerTest" name="testInit" time="0.006" />
  </testsuite>
  <testsuite failures="0" name="SPTNowPlayingTestManagerTests" tests="4">
    <testcase classname="SPTNowPlayingTestManagerTests" name="testAudioAnnotationEnabled" time="0.005" />
    <testcase classname="SPTNowPlayingTestManagerTests" name="testNotNil" time="0.005" />
    <testcase classname="SPTNowPlayingTestManagerTests" name="testPlaylistToShowsDisabledOnQueueViewMode" time="0.005" />
    <testcase classname="SPTNowPlayingTestManagerTests" name="testPlaylistToShowsEnabled" time="0.004" />
  </testsuite>
  <testsuite failures="0" name="SPTNowPlayingToggleContainerViewControllerTests" tests="10">
    <testcase classname="SPTNowPlayingToggleContainerViewControllerTests" name="testInit" time="0.005" />
    <testcase classname="SPTNowPlayingToggleContainerViewControllerTests" name="testOverlayHiddenWhilePlayerShowingKeepsInPlayerMode" time="0.005" />
    <testcase classname="SPTNowPlayingToggleContainerViewControllerTests" name="testOverlayHiddenWhileQueueShowingDismissesQueue" time="0.005" />
    <testcase classname="SPTNowPlayingToggleContainerViewControllerTests" name="testOverlayWasHiddenDisablesUpdates" time="0.004" />
    <testcase classname="SPTNowPlayingToggleContainerViewControllerTests" name="testOverlayWasShownQueueEnablesUpdates" time="0.004" />
    <testcase classname="SPTNowPlayingToggleContainerViewControllerTests" name="testPlayerStateDidChangeFromAdTogglesToPreviousViewMode" time="0.006" />
    <testcase classname="SPTNowPlayingToggleContainerViewControllerTests" name="testPlayerStateDidChangeToAdTogglesToCoverArtViewMode" time="0.006" />
    <testcase classname="SPTNowPlayingToggleContainerViewControllerTests" name="testPlayerStateDidChangeUpdatesViewMode" time="0.005" />
    <testcase classname="SPTNowPlayingToggleContainerViewControllerTests" name="testPlayerStateDidWithSameContextURIIgnoresUpdate" time="0.005" />
    <testcase classname="SPTNowPlayingToggleContainerViewControllerTests" name="testThatWithQueueTransitionEnabledThenWhenHidingOverlayCurrentModeIsMaintained" time="0.005" />
  </testsuite>
  <testsuite failures="0" name="SPTNowPlayingTrackMetadataQueueTest" tests="2">
    <testcase classname="SPTNowPlayingTrackMetadataQueueTest" name="testObservesPlayer" time="0.005" />
    <testcase classname="SPTNowPlayingTrackMetadataQueueTest" name="testPlayerDidStageContext" time="0.005" />
  </testsuite>
  <testsuite failures="0" name="SPTNowPlayingUITest" tests="15">
    <testcase classname="SPTNowPlayingUITest" name="testAlbumNPV" time="5.281" />
    <testcase classname="SPTNowPlayingUITest" name="testAlbumRadioNPV" time="4.945" />
    <testcase classname="SPTNowPlayingUITest" name="testAudioAdvertNPV" time="4.992" />
    <testcase classname="SPTNowPlayingUITest" name="testAudioAdvertWithActionNPV" time="5.081" />
    <testcase classname="SPTNowPlayingUITest" name="testAudioShowNPV" time="5.206" />
    <testcase classname="SPTNowPlayingUITest" name="testAudioSkippableAdvertNPV" time="5.252" />
    <testcase classname="SPTNowPlayingUITest" name="testPartyNPV" time="5.342" />
    <testcase classname="SPTNowPlayingUITest" name="testRunkeeperButtonShowNPV" time="1.854" />
    <testcase classname="SPTNowPlayingUITest" name="testRunningCategoryNPV" time="2.577" />
    <testcase classname="SPTNowPlayingUITest" name="testRunningOnboardingNPV" time="5.600" />
    <testcase classname="SPTNowPlayingUITest" name="testRunningOriginalNPV" time="5.723" />
    <testcase classname="SPTNowPlayingUITest" name="testSwitchingBetweenUnits" time="14.473" />
    <testcase classname="SPTNowPlayingUITest" name="testVideoAdvertNPV" time="5.987" />
    <testcase classname="SPTNowPlayingUITest" name="testVideoAdvertWithActionNPV" time="6.115" />
    <testcase classname="SPTNowPlayingUITest" name="testVideoShowNPV" time="6.271" />
  </testsuite>
  <testsuite failures="0" name="SPTNowPlayingViewModeRegistryImplementationTests" tests="2">
    <testcase classname="SPTNowPlayingViewModeRegistryImplementationTests" name="testDefault" time="0.009" />
    <testcase classname="SPTNowPlayingViewModeRegistryImplementationTests" name="testRegistration" time="0.006" />
  </testsuite>
  <testsuite failures="0" name="SPTPlayerTrackNowPlayingTest" tests="1">
    <testcase classname="SPTPlayerTrackNowPlayingTest" name="testWasInjectedWithMFTContextSwitchFutureProvider" time="0.011" />
  </testsuite>
  <testsuite failures="0" name="SPTStatefulPlayerPlaybackControlsTest" tests="12">
    <testcase classname="SPTStatefulPlayerPlaybackControlsTest" name="testLocalAndRemotePlayPause" time="0.007" />
    <testcase classname="SPTStatefulPlayerPlaybackControlsTest" name="testLocalAndRemoteRepeatingContext" time="0.009" />
    <testcase classname="SPTStatefulPlayerPlaybackControlsTest" name="testLocalAndRemoteRepeatingTrack" time="0.006" />
    <testcase classname="SPTStatefulPlayerPlaybackControlsTest" name="testLocalAndRemoteShufflingContext" time="0.008" />
    <testcase classname="SPTStatefulPlayerPlaybackControlsTest" name="testLocalPlayPause" time="0.007" />
    <testcase classname="SPTStatefulPlayerPlaybackControlsTest" name="testLocalRepeatingContext" time="0.006" />
    <testcase classname="SPTStatefulPlayerPlaybackControlsTest" name="testLocalRepeatingTrack" time="0.006" />
    <testcase classname="SPTStatefulPlayerPlaybackControlsTest" name="testLocalShufflingContext" time="0.008" />
    <testcase classname="SPTStatefulPlayerPlaybackControlsTest" name="testRemotePlayPause" time="0.006" />
    <testcase classname="SPTStatefulPlayerPlaybackControlsTest" name="testRemoteRepeatingContext" time="0.006" />
    <testcase classname="SPTStatefulPlayerPlaybackControlsTest" name="testRemoteRepeatingTrack" time="0.006" />
    <testcase classname="SPTStatefulPlayerPlaybackControlsTest" name="testRemoteShufflingContext" time="0.005" />
  </testsuite>
  <testsuite failures="0" name="SPTStatefulPlayerQueueTest" tests="18">
    <testcase classname="SPTStatefulPlayerQueueTest" name="testNotifiesObserversOfStagedContext" time="0.007" />
    <testcase classname="SPTStatefulPlayerQueueTest" name="testObservesStagedContext" time="0.006" />
    <testcase classname="SPTStatefulPlayerQueueTest" name="testTrackMetadataQueueCancelOutSkipping" time="0.006" />
    <testcase classname="SPTStatefulPlayerQueueTest" name="testTrackMetadataQueueDoubleTrackSkipNext" time="0.007" />
    <testcase classname="SPTStatefulPlayerQueueTest" name="testTrackMetadataQueueExcessiveBackwardSkippingWithNoPlayerCallbacks" time="0.005" />
    <testcase classname="SPTStatefulPlayerQueueTest" name="testTrackMetadataQueueExcessiveForwardSkippingWithNoPlayerCallbacks" time="0.005" />
    <testcase classname="SPTStatefulPlayerQueueTest" name="testTrackMetadataQueueParsesInjectedPlayerState" time="0.007" />
    <testcase classname="SPTStatefulPlayerQueueTest" name="testTrackMetadataQueuePeekingRestrictionsAtContextStartAndEnd" time="0.005" />
    <testcase classname="SPTStatefulPlayerQueueTest" name="testTrackMetadataQueueRecoversWithQueuedSkipsAndUnexpectedSkip" time="0.006" />
    <testcase classname="SPTStatefulPlayerQueueTest" name="testTrackMetadataQueueRecoversWithQueuedSkipsAndUnexpectedSkip2" time="0.006" />
    <testcase classname="SPTStatefulPlayerQueueTest" name="testTrackMetadataQueueSingleTrackSkipNext" time="0.007" />
    <testcase classname="SPTStatefulPlayerQueueTest" name="testTrackMetadataQueueSkipNext" time="0.005" />
    <testcase classname="SPTStatefulPlayerQueueTest" name="testTrackMetadataQueueSkipNext2" time="0.005" />
    <testcase classname="SPTStatefulPlayerQueueTest" name="testTrackMetadataQueueSkippingRestrictionsAfterExcessiveBackwardSkipping" time="0.006" />
    <testcase classname="SPTStatefulPlayerQueueTest" name="testTrackMetadataQueueSkippingRestrictionsAfterExcessiveForwardSkipping" time="0.005" />
    <testcase classname="SPTStatefulPlayerQueueTest" name="testTrackMetadataQueueSkippingRestrictionsAtContextStartAndEnd" time="0.006" />
    <testcase classname="SPTStatefulPlayerQueueTest" name="testTrackMetadataQueueSkipPrevious" time="0.006" />
    <testcase classname="SPTStatefulPlayerQueueTest" name="testTrackMetadataQueueUnknownSkip" time="0.005" />
  </testsuite>
  <testsuite failures="0" name="SPTStatefulPlayerTrackPositionTest" tests="1">
    <testcase classname="SPTStatefulPlayerTrackPositionTest" name="testThatSeekingBlocksPlayerStateUpdates" time="0.005" />
  </testsuite>
  <testsuite failures="0" name="SPTStatefulPlayerValueTest" tests="3">
    <testcase classname="SPTStatefulPlayerValueTest" name="testLocalAndRemoteMerge" time="0.006" />
    <testcase classname="SPTStatefulPlayerValueTest" name="testLocalMerge" time="0.005" />
    <testcase classname="SPTStatefulPlayerValueTest" name="testRemoteMerge" time="0.005" />
  </testsuite>
  <testsuite failures="0" name="NSURLPodcastTest" tests="11">
    <testcase classname="NSURLPodcastTest" name="testCollectionEpisodesURL" time="0.015" />
    <testcase classname="NSURLPodcastTest" name="testIsNotPodcastEpisodeURLByComponentNumber" time="0.006" />
    <testcase classname="NSURLPodcastTest" name="testIsNotPodcastURL" time="0.006" />
    <testcase classname="NSURLPodcastTest" name="testIsNotPodcastURLByComponentNumber" time="0.008" />
    <testcase classname="NSURLPodcastTest" name="testIsPodcastCollectionUrl" time="0.007" />
    <testcase classname="NSURLPodcastTest" name="testIsPodcastEpisodeURL" time="0.007" />
    <testcase classname="NSURLPodcastTest" name="testIsPodcastURL" time="0.005" />
    <testcase classname="NSURLPodcastTest" name="testPodcastEpisodeId" time="0.007" />
    <testcase classname="NSURLPodcastTest" name="testPodcastEpisodeIdNotEpisode" time="0.008" />
    <testcase classname="NSURLPodcastTest" name="testPodcastId" time="0.008" />
    <testcase classname="NSURLPodcastTest" name="testPodcastIdNotPodcast" time="0.006" />
  </testsuite>
  <testsuite failures="0" name="SPTCollectionEpisodesActionViewModelTest" tests="10">
    <testcase classname="SPTCollectionEpisodesActionViewModelTest" name="testAvailableOfflineActionEntries" time="0.009" />
    <testcase classname="SPTCollectionEpisodesActionViewModelTest" name="testAvailableOfflineActionsCount" time="0.007" />
    <testcase classname="SPTCollectionEpisodesActionViewModelTest" name="testAvailableOfflineEditable" time="0.005" />
    <testcase classname="SPTCollectionEpisodesActionViewModelTest" name="testAvailableOfflineEditStyle" time="0.008" />
    <testcase classname="SPTCollectionEpisodesActionViewModelTest" name="testAvailableOfflineIndentation" time="0.006" />
    <testcase classname="SPTCollectionEpisodesActionViewModelTest" name="testUnplayedActionEntries" time="0.005" />
    <testcase classname="SPTCollectionEpisodesActionViewModelTest" name="testUnplayedActionsCount" time="0.007" />
    <testcase classname="SPTCollectionEpisodesActionViewModelTest" name="testUnplayedEditable" time="0.006" />
    <testcase classname="SPTCollectionEpisodesActionViewModelTest" name="testUnplayedEditStyle" time="0.007" />
    <testcase classname="SPTCollectionEpisodesActionViewModelTest" name="testUnplayedIndentation" time="0.005" />
  </testsuite>
  <testsuite failures="0" name="SPTCollectionEpisodesHeaderTest" tests="6">
    <testcase classname="SPTCollectionEpisodesHeaderTest" name="testAppendEpisode" time="0.005" />
    <testcase classname="SPTCollectionEpisodesHeaderTest" name="testHeaderMoreThanTwoDaysAgoTitle" time="0.005" />
    <testcase classname="SPTCollectionEpisodesHeaderTest" name="testHeaderTodayTitle" time="0.004" />
    <testcase classname="SPTCollectionEpisodesHeaderTest" name="testHeaderTwoDaysAgoTitle" time="0.004" />
    <testcase classname="SPTCollectionEpisodesHeaderTest" name="testHeaderYesterdayTitle" time="0.004" />
    <testcase classname="SPTCollectionEpisodesHeaderTest" name="testRemoveEpisode" time="0.004" />
  </testsuite>
  <testsuite failures="0" name="SPTCollectionEpisodesViewControllerTest" tests="8">
    <testcase classname="SPTCollectionEpisodesViewControllerTest" name="testEditButton" time="0.023" />
    <testcase classname="SPTCollectionEpisodesViewControllerTest" name="testEmptyStateInAvailableOfflineEpisodes" time="0.011" />
    <testcase classname="SPTCollectionEpisodesViewControllerTest" name="testEmptyStateInUnplayedEpisodes" time="0.007" />
    <testcase classname="SPTCollectionEpisodesViewControllerTest" name="testNoTabControlForMixedModel" time="0.022" />
    <testcase classname="SPTCollectionEpisodesViewControllerTest" name="testNoTabControlForUnmixedModel" time="0.008" />
    <testcase classname="SPTCollectionEpisodesViewControllerTest" name="testResetAllPlayedOffline" time="0.006" />
    <testcase classname="SPTCollectionEpisodesViewControllerTest" name="testSetupAvailableOfflineEpisodes" time="0.007" />
    <testcase classname="SPTCollectionEpisodesViewControllerTest" name="testSetupUnplayedEpisodes" time="0.007" />
  </testsuite>
  <testsuite failures="0" name="SPTCollectionEpisodesViewModelTest" tests="7">
    <testcase classname="SPTCollectionEpisodesViewModelTest" name="testLoadData" time="0.114" />
    <testcase classname="SPTCollectionEpisodesViewModelTest" name="testLoadDataVideo" time="0.005" />
    <testcase classname="SPTCollectionEpisodesViewModelTest" name="testLoadDataVideoPersistingSelection" time="0.004" />
    <testcase classname="SPTCollectionEpisodesViewModelTest" name="testOfflineEpisodes" time="0.005" />
    <testcase classname="SPTCollectionEpisodesViewModelTest" name="testSetMediaTypeStored" time="0.005" />
    <testcase classname="SPTCollectionEpisodesViewModelTest" name="testUnheardEpisodes" time="0.005" />
    <testcase classname="SPTCollectionEpisodesViewModelTest" name="testUnplayedLoadData" time="0.110" />
  </testsuite>
  <testsuite failures="0" name="SPTCollectionPodcastEpisodesRequestDataTest" tests="2">
    <testcase classname="SPTCollectionPodcastEpisodesRequestDataTest" name="testAvailableOffline" time="0.004" />
    <testcase classname="SPTCollectionPodcastEpisodesRequestDataTest" name="testUnplayed" time="0.004" />
  </testsuite>
  <testsuite failures="0" name="SPTCollectionPodcastsOverViewViewControllerTest" tests="9">
    <testcase classname="SPTCollectionPodcastsOverViewViewControllerTest" name="testEmptyStateNoFollowedPodcastsNoOfflineEpisodes" time="0.010" />
    <testcase classname="SPTCollectionPodcastsOverViewViewControllerTest" name="testEmptyStateNoFollowedShowsNoOfflineEpisodes" time="0.008" />
    <testcase classname="SPTCollectionPodcastsOverViewViewControllerTest" name="testNavigationModelLoaded" time="0.017" />
    <testcase classname="SPTCollectionPodcastsOverViewViewControllerTest" name="testNoEmptyStateFollowedShowsExistsNoOfflineEpisodes" time="0.007" />
    <testcase classname="SPTCollectionPodcastsOverViewViewControllerTest" name="testNoEmptyStateNoFollowedShowsOfflineEpisodesExist" time="0.007" />
    <testcase classname="SPTCollectionPodcastsOverViewViewControllerTest" name="testRemoveEmptyStateAfterOffliningEpisodeNoFollowedShows" time="0.007" />
    <testcase classname="SPTCollectionPodcastsOverViewViewControllerTest" name="testSetup" time="0.007" />
    <testcase classname="SPTCollectionPodcastsOverViewViewControllerTest" name="testVideosFeatureEnabledTitle" time="0.005" />
    <testcase classname="SPTCollectionPodcastsOverViewViewControllerTest" name="testVideosFeatureNotEnabledTitle" time="0.006" />
  </testsuite>
  <testsuite failures="0" name="SPTCollectionPodcastsOverviewNavigationViewModelTest" tests="2">
    <testcase classname="SPTCollectionPodcastsOverviewNavigationViewModelTest" name="testItemCount" time="0.004" />
    <testcase classname="SPTCollectionPodcastsOverviewNavigationViewModelTest" name="testItemTitleOrder" time="0.004" />
  </testsuite>
  <testsuite failures="0" name="SPTCollectionPodcastsRequestDataTest" tests="1">
    <testcase classname="SPTCollectionPodcastsRequestDataTest" name="testFilter" time="0.004" />
  </testsuite>
  <testsuite failures="0" name="SPTCollectionPodcastsSupplementaryViewProviderTest" tests="7">
    <testcase classname="SPTCollectionPodcastsSupplementaryViewProviderTest" name="testErrorView" time="0.013" />
    <testcase classname="SPTCollectionPodcastsSupplementaryViewProviderTest" name="testFooterIfModelLoadedAndHasItems" time="0.005" />
    <testcase classname="SPTCollectionPodcastsSupplementaryViewProviderTest" name="testHeightForTableViewHeader" time="0.005" />
    <testcase classname="SPTCollectionPodcastsSupplementaryViewProviderTest" name="testLoadingFooterIfModelLoading" time="0.019" />
    <testcase classname="SPTCollectionPodcastsSupplementaryViewProviderTest" name="testNoFooterIfModelLoadedAndHasItems" time="0.005" />
    <testcase classname="SPTCollectionPodcastsSupplementaryViewProviderTest" name="testSectionHeaderView" time="0.008" />
    <testcase classname="SPTCollectionPodcastsSupplementaryViewProviderTest" name="testSectionHeaderViewSubViewCountIncreaseOnEmptyModel" time="0.008" />
  </testsuite>
  <testsuite failures="0" name="SPTCollectionPodcastsViewModelTest" tests="4">
    <testcase classname="SPTCollectionPodcastsViewModelTest" name="testLoadData" time="0.113" />
    <testcase classname="SPTCollectionPodcastsViewModelTest" name="testLoadDataFailed" time="0.109" />
    <testcase classname="SPTCollectionPodcastsViewModelTest" name="testMultiObserver" time="0.005" />
    <testcase classname="SPTCollectionPodcastsViewModelTest" name="testObserverAddRemove" time="0.004" />
  </testsuite>
  <testsuite failures="0" name="SPTDefaultPodcastPlayerTest" tests="10">
    <testcase classname="SPTDefaultPodcastPlayerTest" name="testActiveEntityURL" time="0.006" />
    <testcase classname="SPTDefaultPodcastPlayerTest" name="testActiveEntityURLPlayingFromQueue" time="0.006" />
    <testcase classname="SPTDefaultPodcastPlayerTest" name="testAlreadyRunningEpisodeInSameContext" time="0.005" />
    <testcase classname="SPTDefaultPodcastPlayerTest" name="testDelgateCalledWhenNonEpisodeStartPlaying" time="0.006" />
    <testcase classname="SPTDefaultPodcastPlayerTest" name="testIsActiveEpisode" time="0.007" />
    <testcase classname="SPTDefaultPodcastPlayerTest" name="testNoPlayIfTheSameContextAndEpisode" time="0.006" />
    <testcase classname="SPTDefaultPodcastPlayerTest" name="testPlayContext" time="0.005" />
    <testcase classname="SPTDefaultPodcastPlayerTest" name="testPlayContextWithResetPlay" time="0.005" />
    <testcase classname="SPTDefaultPodcastPlayerTest" name="testPlayerSuppressions" time="0.005" />
    <testcase classname="SPTDefaultPodcastPlayerTest" name="testPlayVideoContext" time="0.005" />
  </testsuite>
  <testsuite failures="0" name="SPTEpisodeUnplayedRequestDataTest" tests="3">
    <testcase classname="SPTEpisodeUnplayedRequestDataTest" name="testMarkAsPlayed" time="0.004" />
    <testcase classname="SPTEpisodeUnplayedRequestDataTest" name="testMarkAsUnplayed" time="0.004" />
    <testcase classname="SPTEpisodeUnplayedRequestDataTest" name="testUnplayedReuestStringTemplate" time="0.004" />
  </testsuite>
  <testsuite failures="0" name="SPTPodcastCosmosCollectionTest" tests="2">
    <testcase classname="SPTPodcastCosmosCollectionTest" name="testAddPodcastURL" time="0.006" />
    <testcase classname="SPTPodcastCosmosCollectionTest" name="testRemovePodcastURL" time="0.005" />
  </testsuite>
  <testsuite failures="0" name="SPTPodcastCosmosDataLoaderTest" tests="4">
    <testcase classname="SPTPodcastCosmosDataLoaderTest" name="testLoadCallsResolver" time="0.006" />
    <testcase classname="SPTPodcastCosmosDataLoaderTest" name="testLoadOnFail" time="0.005" />
    <testcase classname="SPTPodcastCosmosDataLoaderTest" name="testLoadOnSuccess" time="0.005" />
    <testcase classname="SPTPodcastCosmosDataLoaderTest" name="testUnsubscribe" time="0.005" />
  </testsuite>
  <testsuite failures="0" name="SPTPodcastDataLoaderShowEntityServiceTest" tests="5">
    <testcase classname="SPTPodcastDataLoaderShowEntityServiceTest" name="testLookupEpisodeURIs" time="0.005" />
    <testcase classname="SPTPodcastDataLoaderShowEntityServiceTest" name="testLookupEpisodeURIsBeforeDataLoader" time="0.004" />
    <testcase classname="SPTPodcastDataLoaderShowEntityServiceTest" name="testLookupResumePointsBeforeDataLoader" time="0.004" />
    <testcase classname="SPTPodcastDataLoaderShowEntityServiceTest" name="testLookupShowEntityWithURI" time="0.005" />
    <testcase classname="SPTPodcastDataLoaderShowEntityServiceTest" name="testLookupShowEntityWithURIBeforeDataLoader" time="0.004" />
  </testsuite>
  <testsuite failures="0" name="SPTPodcastEntityRequestDataTest" tests="3">
    <testcase classname="SPTPodcastEntityRequestDataTest" name="testConsumptionSortOrder" time="0.007" />
    <testcase classname="SPTPodcastEntityRequestDataTest" name="testFilterAndSortOrderEntityURL" time="0.005" />
    <testcase classname="SPTPodcastEntityRequestDataTest" name="testFilterAndSortOrderEpisodeURL" time="0.005" />
  </testsuite>
  <testsuite failures="0" name="SPTPodcastEpisodeTest" tests="7">
    <testcase classname="SPTPodcastEpisodeTest" name="testEpisodeProperties" time="0.005" />
    <testcase classname="SPTPodcastEpisodeTest" name="testFallbackToFreezeFrameForVideoEpisode" time="0.004" />
    <testcase classname="SPTPodcastEpisodeTest" name="testPlayedEpisode" time="0.004" />
    <testcase classname="SPTPodcastEpisodeTest" name="testPlayedNotShownOnNewEpisode" time="0.004" />
    <testcase classname="SPTPodcastEpisodeTest" name="testPlayedVideoEpisode" time="0.004" />
    <testcase classname="SPTPodcastEpisodeTest" name="testStringFromTimeInterval" time="0.004" />
    <testcase classname="SPTPodcastEpisodeTest" name="testStringFromTimeIntervalLong" time="0.005" />
  </testsuite>
  <testsuite failures="0" name="SPTPodcastFeatureImplementationTests" tests="6">
    <testcase classname="SPTPodcastFeatureImplementationTests" name="testCollectionEntityTypeNotRegisteredOnIpad" time="0.028" />
    <testcase classname="SPTPodcastFeatureImplementationTests" name="testFeatureLoad" time="0.010" />
    <testcase classname="SPTPodcastFeatureImplementationTests" name="testFeatureNoLoadOnIPad" time="0.010" />
    <testcase classname="SPTPodcastFeatureImplementationTests" name="testProvidePodcastEntityPage" time="0.013" />
    <testcase classname="SPTPodcastFeatureImplementationTests" name="testRegisterCollectionEntityContentTypeCalledFeatureDisabled" time="0.010" />
    <testcase classname="SPTPodcastFeatureImplementationTests" name="testRegisterCollectionEntityContentTypeCalledFeatureEnabled" time="0.010" />
  </testsuite>
  <testsuite failures="0" name="SPTPodcastHubLocalContentProviderTest" tests="4">
    <testcase classname="SPTPodcastHubLocalContentProviderTest" name="testItemsShouldHavePlaystateIndicators" time="0.010" />
    <testcase classname="SPTPodcastHubLocalContentProviderTest" name="testKeepListening" time="0.006" />
    <testcase classname="SPTPodcastHubLocalContentProviderTest" name="testKeepWatching" time="0.005" />
    <testcase classname="SPTPodcastHubLocalContentProviderTest" name="testRootViewNotContainingLocalContent" time="0.004" />
  </testsuite>
  <testsuite failures="0" name="SPTPodcastMetadataViewTest" tests="2">
    <testcase classname="SPTPodcastMetadataViewTest" name="testSetPodcastDescription" time="0.007" />
    <testcase classname="SPTPodcastMetadataViewTest" name="testSetPodcastPublisher" time="0.004" />
  </testsuite>
  <testsuite failures="0" name="SPTPodcastOfflineImageManagerTest" tests="2">
    <testcase classname="SPTPodcastOfflineImageManagerTest" name="testWithInitialData" time="0.012" />
    <testcase classname="SPTPodcastOfflineImageManagerTest" name="testWithUpdate" time="0.011" />
  </testsuite>
  <testsuite failures="0" name="SPTPodcastRequestTest" tests="10">
    <testcase classname="SPTPodcastRequestTest" name="testRequestMultipleSorting" time="0.006" />
    <testcase classname="SPTPodcastRequestTest" name="testRequestOnlyTemplateSet" time="0.005" />
    <testcase classname="SPTPodcastRequestTest" name="testRequestSortingAscending" time="0.005" />
    <testcase classname="SPTPodcastRequestTest" name="testRequestSortingDescending" time="0.006" />
    <testcase classname="SPTPodcastRequestTest" name="testRequestWithFilter" time="0.005" />
    <testcase classname="SPTPodcastRequestTest" name="testRequestWithFilterAndSorting" time="0.005" />
    <testcase classname="SPTPodcastRequestTest" name="testRequestWithMediaTypeAudioFilter" time="0.005" />
    <testcase classname="SPTPodcastRequestTest" name="testRequestWithMediaTypeVideoFilter" time="0.005" />
    <testcase classname="SPTPodcastRequestTest" name="testRequestWithMultipleFilters" time="0.005" />
    <testcase classname="SPTPodcastRequestTest" name="testRequestWithNegatingFilter" time="0.005" />
  </testsuite>
  <testsuite failures="0" name="SPTPodcastSortingServiceTest" tests="6">
    <testcase classname="SPTPodcastSortingServiceTest" name="testConsumptionOrderSortDescriptor" time="0.005" />
    <testcase classname="SPTPodcastSortingServiceTest" name="testSetSortingForURL" time="0.005" />
    <testcase classname="SPTPodcastSortingServiceTest" name="testStoredDescriptorNewestToOldest" time="0.005" />
    <testcase classname="SPTPodcastSortingServiceTest" name="testStoredDescriptorNotInStorage" time="0.004" />
    <testcase classname="SPTPodcastSortingServiceTest" name="testStoredDescriptorNotShowURL" time="0.004" />
    <testcase classname="SPTPodcastSortingServiceTest" name="testStoredDescriptorOldestToNewest" time="0.004" />
  </testsuite>
  <testsuite failures="0" name="SPTPodcastTest" tests="3">
    <testcase classname="SPTPodcastTest" name="testPodcastCreate" time="0.004" />
    <testcase classname="SPTPodcastTest" name="testPodcastCreateInvalidData" time="0.004" />
    <testcase classname="SPTPodcastTest" name="testUndefinedFollowCount" time="0.004" />
  </testsuite>
  <testsuite failures="0" name="SPTPodcastViewControllerTest" tests="33">
    <testcase classname="SPTPodcastViewControllerTest" name="testAutoplayLatestPlayedVideoEpisodeNotEnabled" time="0.006" />
    <testcase classname="SPTPodcastViewControllerTest" name="testAutoplayLatestPlayedVideoEpisodeWithVideoEnabled" time="0.008" />
    <testcase classname="SPTPodcastViewControllerTest" name="testAutoplayLatestPlayedVideoEpisodeWithVideoEntityPagesEnabled" time="0.006" />
    <testcase classname="SPTPodcastViewControllerTest" name="testCollapseHeaderOnFollowedShow" time="0.032" />
    <testcase classname="SPTPodcastViewControllerTest" name="testDisabledOfflineManageMentForEmptyAudioShow" time="0.016" />
    <testcase classname="SPTPodcastViewControllerTest" name="testDisabledOfflineManageMentForVideoShow" time="0.015" />
    <testcase classname="SPTPodcastViewControllerTest" name="testDisableFilterForEmptyShow" time="0.013" />
    <testcase classname="SPTPodcastViewControllerTest" name="testEnabledFilterForNonEmptyShow" time="0.013" />
    <testcase classname="SPTPodcastViewControllerTest" name="testEnabledOfflineManageMentForNonEmptyAudioShow" time="0.013" />
    <testcase classname="SPTPodcastViewControllerTest" name="testEnabledOfflineManageMentForNonEmptyAudioShowPad" time="0.039" />
    <testcase classname="SPTPodcastViewControllerTest" name="testFilterPlaceholderNotShown" time="0.022" />
    <testcase classname="SPTPodcastViewControllerTest" name="testFilterPlaceholderShownThenHidden" time="0.014" />
    <testcase classname="SPTPodcastViewControllerTest" name="testFollow" time="0.017" />
    <testcase classname="SPTPodcastViewControllerTest" name="testFollowButtonIfPodcastFeatureEnabled" time="0.012" />
    <testcase classname="SPTPodcastViewControllerTest" name="testLoadingViewWhenNotAllEpisodesLoaded" time="0.012" />
    <testcase classname="SPTPodcastViewControllerTest" name="testMissingPublisherIsNotDisplayedAsNullInHeaderView" time="0.013" />
    <testcase classname="SPTPodcastViewControllerTest" name="testModelLoaded" time="0.038" />
    <testcase classname="SPTPodcastViewControllerTest" name="testNoCollapseHeaderOnNotFollowedShow" time="0.015" />
    <testcase classname="SPTPodcastViewControllerTest" name="testNoDownloadFilterOnPodcastDisabled" time="0.019" />
    <testcase classname="SPTPodcastViewControllerTest" name="testNoFollowButtonIfPodcastFeatureNotEnabled" time="0.019" />
    <testcase classname="SPTPodcastViewControllerTest" name="testPlayedVideoEpisode" time="0.026" />
    <testcase classname="SPTPodcastViewControllerTest" name="testPlayStateViewLatestPlayed" time="0.006" />
    <testcase classname="SPTPodcastViewControllerTest" name="testPlayStateViewNew" time="0.006" />
    <testcase classname="SPTPodcastViewControllerTest" name="testPlayStateViewPlayed" time="0.006" />
    <testcase classname="SPTPodcastViewControllerTest" name="testPodcastFeatureWithVideoEnabled" time="0.014" />
    <testcase classname="SPTPodcastViewControllerTest" name="testSectionHeaderFilterClick" time="0.018" />
    <testcase classname="SPTPodcastViewControllerTest" name="testSetTitle" time="0.020" />
    <testcase classname="SPTPodcastViewControllerTest" name="testSetTitleInEditMode" time="0.013" />
    <testcase classname="SPTPodcastViewControllerTest" name="testSetup" time="0.012" />
    <testcase classname="SPTPodcastViewControllerTest" name="testUndefinedFollowCount" time="0.014" />
    <testcase classname="SPTPodcastViewControllerTest" name="testVideoEntityPagesEnabled" time="0.012" />
    <testcase classname="SPTPodcastViewControllerTest" name="testVideoFeatureDisabled" time="0.013" />
    <testcase classname="SPTPodcastViewControllerTest" name="testViewURIForObjectRepresentation" time="0.006" />
  </testsuite>
  <testsuite failures="0" name="SPTPodcastViewModelTest" tests="20">
    <testcase classname="SPTPodcastViewModelTest" name="testAdditionalFilters" time="0.006" />
    <testcase classname="SPTPodcastViewModelTest" name="testEpisodicSortDescriptor" time="0.034" />
    <testcase classname="SPTPodcastViewModelTest" name="testLatestPlayedEpisode" time="0.008" />
    <testcase classname="SPTPodcastViewModelTest" name="testLatestPlayedEpisodeUnavailable" time="0.110" />
    <testcase classname="SPTPodcastViewModelTest" name="testMockData" time="0.007" />
    <testcase classname="SPTPodcastViewModelTest" name="testOfflineAutoFollowPodcast" time="0.007" />
    <testcase classname="SPTPodcastViewModelTest" name="testOfflineFollowedPodcast" time="0.006" />
    <testcase classname="SPTPodcastViewModelTest" name="testPlayEpisode" time="0.262" />
    <testcase classname="SPTPodcastViewModelTest" name="testResetFilter" time="0.007" />
    <testcase classname="SPTPodcastViewModelTest" name="testSequentialSortDescriptor" time="0.012" />
    <testcase classname="SPTPodcastViewModelTest" name="testSetFilter" time="0.007" />
    <testcase classname="SPTPodcastViewModelTest" name="testSetSortDescriptorSetup" time="0.007" />
    <testcase classname="SPTPodcastViewModelTest" name="testShouldAutoplayEpisode" time="0.007" />
    <testcase classname="SPTPodcastViewModelTest" name="testShouldAutoplayEpisodeWhenLoadedFromAnEpisode" time="0.006" />
    <testcase classname="SPTPodcastViewModelTest" name="testShouldHaveDownloadFilter" time="0.006" />
    <testcase classname="SPTPodcastViewModelTest" name="testShouldNotAutoplayEpisodeWhenLoadedFromAnUnavailableEpisode" time="0.006" />
    <testcase classname="SPTPodcastViewModelTest" name="testSortColumns" time="0.005" />
    <testcase classname="SPTPodcastViewModelTest" name="testSortWithDifferentContextURI" time="0.006" />
    <testcase classname="SPTPodcastViewModelTest" name="testUpdateOnFilterChanged" time="0.006" />
    <testcase classname="SPTPodcastViewModelTest" name="testUpdateOnFilterChangedWithLoadAndPlayingEpisode" time="0.007" />
  </testsuite>
  <testsuite failures="0" name="SPTShowContextMenuControllerTest" tests="27">
    <testcase classname="SPTShowContextMenuControllerTest" name="testEpisodeShareAction" time="0.028" />
    <testcase classname="SPTShowContextMenuControllerTest" name="testMarkAsPlayedActionFullyListened" time="0.015" />
    <testcase classname="SPTShowContextMenuControllerTest" name="testMarkAsPlayedActionListening" time="0.011" />
    <testcase classname="SPTShowContextMenuControllerTest" name="testMarkAsPlayedActionNewEpisode" time="0.011" />
    <testcase classname="SPTShowContextMenuControllerTest" name="testMarkAsPlayedActionNoListenDuration" time="0.010" />
    <testcase classname="SPTShowContextMenuControllerTest" name="testMarkAsPlayedActionZeroListenDuration" time="0.012" />
    <testcase classname="SPTShowContextMenuControllerTest" name="testMarkAsPlayedDisabledByDefault" time="0.010" />
    <testcase classname="SPTShowContextMenuControllerTest" name="testNoProgressViewOnMakeAvailableOfflineInEpisodeList" time="0.022" />
    <testcase classname="SPTShowContextMenuControllerTest" name="testNoProgressViewOnUnOfflineInEpisodeList" time="0.021" />
    <testcase classname="SPTShowContextMenuControllerTest" name="testOfflineActionStateFailed" time="0.011" />
    <testcase classname="SPTShowContextMenuControllerTest" name="testOfflineActionStateInProgress" time="0.009" />
    <testcase classname="SPTShowContextMenuControllerTest" name="testOfflineActionStateNotSynced" time="0.010" />
    <testcase classname="SPTShowContextMenuControllerTest" name="testOfflineActionStatePending" time="0.010" />
    <testcase classname="SPTShowContextMenuControllerTest" name="testOfflineActionStateSynced" time="0.010" />
    <testcase classname="SPTShowContextMenuControllerTest" name="testPodcastShareAction" time="0.009" />
    <testcase classname="SPTShowContextMenuControllerTest" name="testPresentCollectionEpisodeMenu" time="0.010" />
    <testcase classname="SPTShowContextMenuControllerTest" name="testPresentCollectionEpisodeMenuUnavailableEpisode" time="0.009" />
    <testcase classname="SPTShowContextMenuControllerTest" name="testPresentShowEntityPageEpisodeMenu" time="0.010" />
    <testcase classname="SPTShowContextMenuControllerTest" name="testPresentShowEntityPageEpisodeMenuUnavailableEpisode" time="0.009" />
    <testcase classname="SPTShowContextMenuControllerTest" name="testPresentShowEntityPageMenu" time="0.008" />
    <testcase classname="SPTShowContextMenuControllerTest" name="testPresentShowEntityPageMenuPodcastFeatureDisabled" time="0.008" />
    <testcase classname="SPTShowContextMenuControllerTest" name="testPresentSomeViewThatsNotAShowEpisodeMenu" time="0.010" />
    <testcase classname="SPTShowContextMenuControllerTest" name="testPresentSomeViewThatsNotAShowEpisodeMenuPodcastFeatureDisabled" time="0.009" />
    <testcase classname="SPTShowContextMenuControllerTest" name="testProgressViewOnFollow" time="0.021" />
    <testcase classname="SPTShowContextMenuControllerTest" name="testProgressViewOnMakeAvailableOffline" time="0.023" />
    <testcase classname="SPTShowContextMenuControllerTest" name="testProgressViewOnUnfollow" time="0.021" />
    <testcase classname="SPTShowContextMenuControllerTest" name="testProgressViewOnUnOffline" time="0.022" />
  </testsuite>
  <testsuite failures="0" name="SPTShowContextMenuMetadataViewTest" tests="2">
    <testcase classname="SPTShowContextMenuMetadataViewTest" name="testShowMoreCallsDelegate" time="0.012" />
    <testcase classname="SPTShowContextMenuMetadataViewTest" name="testShowMoreRemovesTapFromDescriptionTextView" time="0.008" />
  </testsuite>
  <testsuite failures="0" name="SPTShowDecorateItemsRequestDataTest" tests="1">
    <testcase classname="SPTShowDecorateItemsRequestDataTest" name="testUnplayedReuestStringTemplate" time="0.004" />
  </testsuite>
  <testsuite failures="0" name="SPTShowInfoViewProviderTest" tests="3">
    <testcase classname="SPTShowInfoViewProviderTest" name="testEmptyAvailaleOfflineEpisodesNoButton" time="0.007" />
    <testcase classname="SPTShowInfoViewProviderTest" name="testEmptyPodcastsSectionOverViewHasButton" time="0.006" />
    <testcase classname="SPTShowInfoViewProviderTest" name="testEmptyUnplayedEpisodesInfoViewHasButton" time="0.005" />
  </testsuite>
  <testsuite failures="0" name="NSURLDailyMixTest" tests="5">
    <testcase classname="NSURLDailyMixTest" name="testDailyMixImageURL" time="0.018" />
    <testcase classname="NSURLDailyMixTest" name="testDailyMixImageURLWithoutEnoughComponents" time="0.006" />
    <testcase classname="NSURLDailyMixTest" name="testDailyMixPersonalHub" time="0.008" />
    <testcase classname="NSURLDailyMixTest" name="testLayersForDailyMixImageURL" time="0.007" />
    <testcase classname="NSURLDailyMixTest" name="testNoLayersForNonDailyMixImageURL" time="0.006" />
  </testsuite>
  <testsuite failures="0" name="NSURLRadioApolloTest" tests="7">
    <testcase classname="NSURLRadioApolloTest" name="testClustersURL" time="0.009" />
    <testcase classname="NSURLRadioApolloTest" name="testMixesBanURL" time="0.007" />
    <testcase classname="NSURLRadioApolloTest" name="testMixesLikeURL" time="0.005" />
    <testcase classname="NSURLRadioApolloTest" name="testNilMixesBanURLWithNilStationURI" time="0.006" />
    <testcase classname="NSURLRadioApolloTest" name="testNilMixesBanURLWithNonStationURI" time="0.007" />
    <testcase classname="NSURLRadioApolloTest" name="testNilMixesLikeURLWithNilStationURI" time="0.006" />
    <testcase classname="NSURLRadioApolloTest" name="testNilMixesLikeURLWithNonStationURI" time="0.007" />
  </testsuite>
  <testsuite failures="0" name="RadioFeatureImplementationTest" tests="9">
    <testcase classname="RadioFeatureImplementationTest" name="testConfigureWithUpsell" time="0.010" />
    <testcase classname="RadioFeatureImplementationTest" name="testInvalidateCollectionLibraryManager" time="0.019" />
    <testcase classname="RadioFeatureImplementationTest" name="testLoadRadioWithHubsDisabledDoesNotRegistersRadioFeatureWithHubFramework" time="0.011" />
    <testcase classname="RadioFeatureImplementationTest" name="testLoadRadioWithHubsEnabledRegistersRadioFeatureWithHubFramework" time="0.011" />
    <testcase classname="RadioFeatureImplementationTest" name="testProvideDailyMixManager" time="0.010" />
    <testcase classname="RadioFeatureImplementationTest" name="testProvideDailyMixRemoteControlPolicy" time="0.007" />
    <testcase classname="RadioFeatureImplementationTest" name="testProvideRadioManager" time="0.007" />
    <testcase classname="RadioFeatureImplementationTest" name="testRegisterDailyMixImageRequestFactory" time="0.008" />
    <testcase classname="RadioFeatureImplementationTest" name="testRegisterDailyMixListWithCollection" time="0.007" />
  </testsuite>
  <testsuite failures="0" name="SPTDailyMixImageLayerImplementationTest" tests="1">
    <testcase classname="SPTDailyMixImageLayerImplementationTest" name="testNotNil" time="0.004" />
  </testsuite>
  <testsuite failures="0" name="SPTDailyMixImageLoaderRequestTest" tests="6">
    <testcase classname="SPTDailyMixImageLoaderRequestTest" name="testCancelCancelsSubrequests" time="0.005" />
    <testcase classname="SPTDailyMixImageLoaderRequestTest" name="testCancelMarksRequestAsCancelled" time="0.004" />
    <testcase classname="SPTDailyMixImageLoaderRequestTest" name="testImageLoaderError" time="0.010" />
    <testcase classname="SPTDailyMixImageLoaderRequestTest" name="testImageRenderingCompletion" time="0.299" />
    <testcase classname="SPTDailyMixImageLoaderRequestTest" name="testLoadMakesNecessarySubrequests" time="0.006" />
    <testcase classname="SPTDailyMixImageLoaderRequestTest" name="testNotNil" time="0.006" />
  </testsuite>
  <testsuite failures="0" name="SPTDailyMixImageRequestFactoryTest" tests="2">
    <testcase classname="SPTDailyMixImageRequestFactoryTest" name="testCreateRequest" time="0.005" />
    <testcase classname="SPTDailyMixImageRequestFactoryTest" name="testNotNil" time="0.005" />
  </testsuite>
  <testsuite failures="0" name="SPTDailyMixManagerImplementationTest" tests="21">
    <testcase classname="SPTDailyMixManagerImplementationTest" name="testAddToCollectionOnPositiveFeedback" time="0.011" />
    <testcase classname="SPTDailyMixManagerImplementationTest" name="testDailyMixURLOne" time="0.009" />
    <testcase classname="SPTDailyMixManagerImplementationTest" name="testDailyMixURLTwo" time="0.008" />
    <testcase classname="SPTDailyMixManagerImplementationTest" name="testDailyMixURLZero" time="0.008" />
    <testcase classname="SPTDailyMixManagerImplementationTest" name="testHasDailyMixes" time="0.007" />
    <testcase classname="SPTDailyMixManagerImplementationTest" name="testNegativeArtistFeedback" time="0.009" />
    <testcase classname="SPTDailyMixManagerImplementationTest" name="testNegativeArtistFeedbackFail" time="0.011" />
    <testcase classname="SPTDailyMixManagerImplementationTest" name="testNegativeTrackFeedback" time="0.012" />
    <testcase classname="SPTDailyMixManagerImplementationTest" name="testNegativeTrackFeedbackFail" time="0.013" />
    <testcase classname="SPTDailyMixManagerImplementationTest" name="testNoErrorForResponseBodyWithNoLength" time="0.011" />
    <testcase classname="SPTDailyMixManagerImplementationTest" name="testNotPlayingCurrentStationDoesNotInvokeSkip" time="0.009" />
    <testcase classname="SPTDailyMixManagerImplementationTest" name="testPositiveFeedbackFailsWhenBackendCallFails" time="0.009" />
    <testcase classname="SPTDailyMixManagerImplementationTest" name="testPositiveFeedbackNotifiesObservers" time="0.009" />
    <testcase classname="SPTDailyMixManagerImplementationTest" name="testRequestTimeoutIsNotZero" time="0.008" />
    <testcase classname="SPTDailyMixManagerImplementationTest" name="testSkippingFailureAndBackendFailureAddUnderlyingError" time="0.010" />
    <testcase classname="SPTDailyMixManagerImplementationTest" name="testSkippingFailureAndBackendSuccessCallsObserver" time="0.009" />
    <testcase classname="SPTDailyMixManagerImplementationTest" name="testSkippingOnNegativeSongFeedbackSendsImmediateSuccessNotification" time="0.008" />
    <testcase classname="SPTDailyMixManagerImplementationTest" name="testTrackFeedbackWithNoThumbsStateHasNoneFeedbackState" time="0.008" />
    <testcase classname="SPTDailyMixManagerImplementationTest" name="testTrackFeedbackWithNoTrackFoundHasNegativeFeedbackState" time="0.007" />
    <testcase classname="SPTDailyMixManagerImplementationTest" name="testTrackFeedbackWithThumbsDownStateHasNegativeFeedbackState" time="0.007" />
    <testcase classname="SPTDailyMixManagerImplementationTest" name="testTrackFeedbackWithThumbsUpStateHasPositiveFeedbackState" time="0.007" />
  </testsuite>
  <testsuite failures="0" name="SPTDailyMixRemoteControlPolicyTest" tests="14">
    <testcase classname="SPTDailyMixRemoteControlPolicyTest" name="testAdvertisement" time="0.006" />
    <testcase classname="SPTDailyMixRemoteControlPolicyTest" name="testDailyMix" time="0.006" />
    <testcase classname="SPTDailyMixRemoteControlPolicyTest" name="testDailyMixFeedbackDisabled" time="0.005" />
    <testcase classname="SPTDailyMixRemoteControlPolicyTest" name="testDailyMixPositiveSong" time="0.005" />
    <testcase classname="SPTDailyMixRemoteControlPolicyTest" name="testDislikeButtonNotAvailableOnManuallyQueuedTrack" time="0.005" />
    <testcase classname="SPTDailyMixRemoteControlPolicyTest" name="testDislikeDisabledWhenDislikedInTrackMetadata" time="0.005" />
    <testcase classname="SPTDailyMixRemoteControlPolicyTest" name="testDislikeLogsFeedback" time="0.005" />
    <testcase classname="SPTDailyMixRemoteControlPolicyTest" name="testDislikeSelectedWhenNegativeArtistIsCurrentFeedback" time="0.005" />
    <testcase classname="SPTDailyMixRemoteControlPolicyTest" name="testDislikeSelectedWhenTrackIsDislikedInMetadata" time="0.005" />
    <testcase classname="SPTDailyMixRemoteControlPolicyTest" name="testLikeButtonNotAvailableOnManuallyQueuedTrack" time="0.005" />
    <testcase classname="SPTDailyMixRemoteControlPolicyTest" name="testLikeCommandSelectedWhenRadioThumbsUpMetadataInCurrentTrack" time="0.005" />
    <testcase classname="SPTDailyMixRemoteControlPolicyTest" name="testLikeDisabledWhenDislikedInTrackMetadata" time="0.005" />
    <testcase classname="SPTDailyMixRemoteControlPolicyTest" name="testLikeLogsFeedback" time="0.005" />
    <testcase classname="SPTDailyMixRemoteControlPolicyTest" name="testPositiveSongFeedbackWhenTrackContainedInCollection" time="0.005" />
  </testsuite>
  <testsuite failures="0" name="SPTLoggingServiceTests" tests="4">
    <testcase classname="SPTLoggingServiceTests" name="testAddItemToLoggedItems" time="0.004" />
    <testcase classname="SPTLoggingServiceTests" name="testCreateImpressionKey" time="0.004" />
    <testcase classname="SPTLoggingServiceTests" name="testImpressionIsNotLoggedForKey" time="0.004" />
    <testcase classname="SPTLoggingServiceTests" name="testLogImpression" time="0.004" />
  </testsuite>
  <testsuite failures="0" name="SPTPersonalRadioViewModelTest" tests="4">
    <testcase classname="SPTPersonalRadioViewModelTest" name="testCurrentStation" time="0.011" />
    <testcase classname="SPTPersonalRadioViewModelTest" name="testFetchStationFromBackendIfNoTracks" time="0.008" />
    <testcase classname="SPTPersonalRadioViewModelTest" name="testOnlyCurrentCallbacks" time="0.008" />
    <testcase classname="SPTPersonalRadioViewModelTest" name="testUpdatedTracksList" time="0.007" />
  </testsuite>
  <testsuite failures="0" name="SPTRadioEntityViewModelTest" tests="8">
    <testcase classname="SPTRadioEntityViewModelTest" name="testCallingLoadWhenAlreadyLoadedDoesNotInvokeAnotherLoad" time="0.006" />
    <testcase classname="SPTRadioEntityViewModelTest" name="testContextForCurrentRadioURI" time="0.006" />
    <testcase classname="SPTRadioEntityViewModelTest" name="testDataLoaderAddedAsDelegate" time="0.005" />
    <testcase classname="SPTRadioEntityViewModelTest" name="testDidStartPlayingDelegateCallback" time="0.006" />
    <testcase classname="SPTRadioEntityViewModelTest" name="testFailureFromCacheFallsBackToHTTP" time="0.005" />
    <testcase classname="SPTRadioEntityViewModelTest" name="testNilDataFromCacheFallsBackToHTTP" time="0.005" />
    <testcase classname="SPTRadioEntityViewModelTest" name="testNotNil" time="0.005" />
    <testcase classname="SPTRadioEntityViewModelTest" name="testPlayerPlaysCurrentRadioURIContextOnPlay" time="0.007" />
  </testsuite>
  <testsuite failures="0" name="SPTRadioFeedbackListViewModelTests" tests="8">
    <testcase classname="SPTRadioFeedbackListViewModelTests" name="testDeleteAll" time="0.008" />
    <testcase classname="SPTRadioFeedbackListViewModelTests" name="testDeleteOneSuccessOneFailure" time="0.007" />
    <testcase classname="SPTRadioFeedbackListViewModelTests" name="testDeleteSingle" time="0.007" />
    <testcase classname="SPTRadioFeedbackListViewModelTests" name="testEmpty" time="0.005" />
    <testcase classname="SPTRadioFeedbackListViewModelTests" name="testFailure" time="0.005" />
    <testcase classname="SPTRadioFeedbackListViewModelTests" name="testItemAtIndex" time="0.008" />
    <testcase classname="SPTRadioFeedbackListViewModelTests" name="testListUpdateFromPlayer" time="0.005" />
    <testcase classname="SPTRadioFeedbackListViewModelTests" name="testSuccessfulResponse" time="0.006" />
  </testsuite>
  <testsuite failures="0" name="SPTRadioHubRemoteContentURLResolverTest" tests="2">
    <testcase classname="SPTRadioHubRemoteContentURLResolverTest" name="testNotNil" time="0.004" />
    <testcase classname="SPTRadioHubRemoteContentURLResolverTest" name="testRemoteContentURIForViewURIWithPersonalRadioHub" time="0.004" />
  </testsuite>
  <testsuite failures="0" name="SPTRadioPlaybackServiceTests" tests="14">
    <testcase classname="SPTRadioPlaybackServiceTests" name="testFeedbackWithoutPersistentRecordDoesNotUpdateStationService" time="0.006" />
    <testcase classname="SPTRadioPlaybackServiceTests" name="testFeedbackWithPersistentRecordUpdatesStationService" time="0.009" />
    <testcase classname="SPTRadioPlaybackServiceTests" name="testPlaybackDescription" time="0.005" />
    <testcase classname="SPTRadioPlaybackServiceTests" name="testStartDecoratedStationCallsPlayerAndCompletion" time="0.006" />
    <testcase classname="SPTRadioPlaybackServiceTests" name="testStartDecoratedStationCreatesContextWithOverrides" time="0.005" />
    <testcase classname="SPTRadioPlaybackServiceTests" name="testStartDecoratedStationSeeksWhenAlreadyPlayingSeed" time="0.006" />
    <testcase classname="SPTRadioPlaybackServiceTests" name="testStartingNonDecoratedStationUsesStationsService" time="0.005" />
    <testcase classname="SPTRadioPlaybackServiceTests" name="testThumbDownSkipsToNextTrack" time="0.005" />
    <testcase classname="SPTRadioPlaybackServiceTests" name="testUpdateStationWithNilTracks" time="0.004" />
    <testcase classname="SPTRadioPlaybackServiceTests" name="testUpdateStationWithNilTracksInvokesCompletionBlock" time="0.004" />
    <testcase classname="SPTRadioPlaybackServiceTests" name="testUpdateStationWithTracks" time="0.005" />
    <testcase classname="SPTRadioPlaybackServiceTests" name="testWouldPlaySameTrackMatchesPlayingState" time="0.006" />
    <testcase classname="SPTRadioPlaybackServiceTests" name="testWouldPlaySameTrackMatchesUri" time="0.006" />
    <testcase classname="SPTRadioPlaybackServiceTests" name="testWouldPlaySameTrackRespectShuffleRules" time="0.005" />
  </testsuite>
  <testsuite failures="0" name="SPTRadioRemoteControlPolicyTest" tests="8">
    <testcase classname="SPTRadioRemoteControlPolicyTest" name="testFreePersonalRadio" time="0.006" />
    <testcase classname="SPTRadioRemoteControlPolicyTest" name="testFreeRadio" time="0.006" />
    <testcase classname="SPTRadioRemoteControlPolicyTest" name="testFreeRadioDuringAd" time="0.006" />
    <testcase classname="SPTRadioRemoteControlPolicyTest" name="testFreeRadioWithFeedback" time="0.005" />
    <testcase classname="SPTRadioRemoteControlPolicyTest" name="testLogThumbsDown" time="0.005" />
    <testcase classname="SPTRadioRemoteControlPolicyTest" name="testLogThumbsUp" time="0.005" />
    <testcase classname="SPTRadioRemoteControlPolicyTest" name="testPremiumCarPlayRadio" time="0.006" />
    <testcase classname="SPTRadioRemoteControlPolicyTest" name="testPremiumRadio" time="0.006" />
  </testsuite>
  <testsuite failures="0" name="SPTRadioStationsServiceTests" tests="15">
    <testcase classname="SPTRadioStationsServiceTests" name="testCreateStationWithCompletionFail" time="0.007" />
    <testcase classname="SPTRadioStationsServiceTests" name="testCreateStationWithCompletionSuccess" time="0.008" />
    <testcase classname="SPTRadioStationsServiceTests" name="testFailedFetchGenreStationsWithCompletionHandler" time="0.006" />
    <testcase classname="SPTRadioStationsServiceTests" name="testFailedFetchUserSavedStationsWithCompletionHandler" time="0.006" />
    <testcase classname="SPTRadioStationsServiceTests" name="testFetchGenreStationsWithCompletionHandler" time="0.010" />
    <testcase classname="SPTRadioStationsServiceTests" name="testFetchUserSavedStationsWithCompletionHandler" time="0.009" />
    <testcase classname="SPTRadioStationsServiceTests" name="testFollowRadioStationFailure" time="0.006" />
    <testcase classname="SPTRadioStationsServiceTests" name="testFollowRadioStationSuccess" time="0.008" />
    <testcase classname="SPTRadioStationsServiceTests" name="testLoadMoreTracksForStation" time="0.008" />
    <testcase classname="SPTRadioStationsServiceTests" name="testLoadMoreTracksForStationNonAscii" time="0.007" />
    <testcase classname="SPTRadioStationsServiceTests" name="testLoadMoreTracksWithHistoryForStation" time="0.007" />
    <testcase classname="SPTRadioStationsServiceTests" name="testLoadTracksForStationObserversError" time="0.007" />
    <testcase classname="SPTRadioStationsServiceTests" name="testLoadTracksForStationObserversSuccess" time="0.007" />
    <testcase classname="SPTRadioStationsServiceTests" name="testLoadTracksForStationShouldFetchNextTracksBasedOnStationId" time="0.007" />
    <testcase classname="SPTRadioStationsServiceTests" name="testStationCaching" time="0.009" />
  </testsuite>
  <testsuite failures="0" name="SPTRadioTestManagerImplementationTest" tests="11">
    <testcase classname="SPTRadioTestManagerImplementationTest" name="testCollectionListViewTestEnabledWhenAbbaFlagIsEnabled" time="0.005" />
    <testcase classname="SPTRadioTestManagerImplementationTest" name="testDailyMixEnabledForEmployees" time="0.004" />
    <testcase classname="SPTRadioTestManagerImplementationTest" name="testDailyMixFeedbackEnabledForEmployees" time="0.005" />
    <testcase classname="SPTRadioTestManagerImplementationTest" name="testDailyMixFeedbackEnabledForNewUsers" time="0.004" />
    <testcase classname="SPTRadioTestManagerImplementationTest" name="testDailyMixFeedbackEnabledWhenCollectionListViewTestEnabled" time="0.004" />
    <testcase classname="SPTRadioTestManagerImplementationTest" name="testDailyMixFeedbackEnabledWhenDailyMixOldFeedbackEnabled" time="0.004" />
    <testcase classname="SPTRadioTestManagerImplementationTest" name="testEnabledByDefault" time="0.004" />
    <testcase classname="SPTRadioTestManagerImplementationTest" name="testHubsRadioIsEnabled" time="0.009" />
    <testcase classname="SPTRadioTestManagerImplementationTest" name="testNotEnabledWhenRadioHideNewMarketsAbbaFlagEnabled" time="0.004" />
    <testcase classname="SPTRadioTestManagerImplementationTest" name="testNotEnabledWhenRadioProductStateDisabled" time="0.004" />
    <testcase classname="SPTRadioTestManagerImplementationTest" name="testNotNil" time="0.004" />
  </testsuite>
  <testsuite failures="0" name="SPTStationViewModelTests" tests="11">
    <testcase classname="SPTStationViewModelTests" name="testArtistRadioCheck" time="0.006" />
    <testcase classname="SPTStationViewModelTests" name="testDisplayableErrorMessage" time="0.007" />
    <testcase classname="SPTStationViewModelTests" name="testEmptyRelatedArtistsText" time="0.006" />
    <testcase classname="SPTStationViewModelTests" name="testFetchStationFromBackendIfNoRelatedArtists" time="0.007" />
    <testcase classname="SPTStationViewModelTests" name="testFetchStationFromBackendIfNoTracks" time="0.006" />
    <testcase classname="SPTStationViewModelTests" name="testLoadMoreTracksDelegate" time="0.005" />
    <testcase classname="SPTStationViewModelTests" name="testNumberOfTracks" time="0.006" />
    <testcase classname="SPTStationViewModelTests" name="testRelatedArtistsTextIsValid" time="0.006" />
    <testcase classname="SPTStationViewModelTests" name="testStationIsLoadedFromCacheAndNoBackendCall" time="0.006" />
    <testcase classname="SPTStationViewModelTests" name="testStationURIDoesNotDoubleEscape" time="0.006" />
    <testcase classname="SPTStationViewModelTests" name="testUpdatedTracksList" time="0.006" />
  </testsuite>
  <testsuite failures="0" name="SPTEmbeddedCollectionViewViewModelTest" tests="3">
    <testcase classname="SPTEmbeddedCollectionViewViewModelTest" name="testInitWithSearchSection" time="0.012" />
    <testcase classname="SPTEmbeddedCollectionViewViewModelTest" name="testNumberOfSearchResults" time="0.011" />
    <testcase classname="SPTEmbeddedCollectionViewViewModelTest" name="testSearchEntityAtIndexPath" time="0.011" />
  </testsuite>
  <testsuite failures="0" name="SPTSearchEntityTests" tests="7">
    <testcase classname="SPTSearchEntityTests" name="testDictionaryRepresentation" time="0.009" />
    <testcase classname="SPTSearchEntityTests" name="testEntitiesWithSameTitleAreEqual" time="0.008" />
    <testcase classname="SPTSearchEntityTests" name="testEntitiesWithSeparateTitlesAreNotEqual" time="0.008" />
    <testcase classname="SPTSearchEntityTests" name="testIsEqual" time="0.008" />
    <testcase classname="SPTSearchEntityTests" name="testMissingRequiredParameterProducingNilInstance" time="0.007" />
    <testcase classname="SPTSearchEntityTests" name="testPlaceholderImageForSize" time="0.019" />
    <testcase classname="SPTSearchEntityTests" name="testPropertyAssignment" time="0.009" />
  </testsuite>
  <testsuite failures="0" name="SPTSearchEntityV5DictionaryParserTests" tests="4">
    <testcase classname="SPTSearchEntityV5DictionaryParserTests" name="testHasPremiumOnlyContent" time="0.011" />
    <testcase classname="SPTSearchEntityV5DictionaryParserTests" name="testImageStyle" time="0.015" />
    <testcase classname="SPTSearchEntityV5DictionaryParserTests" name="testWithInvalidDictionary" time="0.009" />
    <testcase classname="SPTSearchEntityV5DictionaryParserTests" name="testWithValidDictionary" time="0.007" />
  </testsuite>
  <testsuite failures="0" name="SPTSearchFlagsTests" tests="2">
    <testcase classname="SPTSearchFlagsTests" name="testAddFlags" time="0.005" />
    <testcase classname="SPTSearchFlagsTests" name="testInitWithRequestParameters" time="0.005" />
  </testsuite>
  <testsuite failures="0" name="SPTSearchHistoryTests" tests="4">
    <testcase classname="SPTSearchHistoryTests" name="testAddingAndRetrievingSearchStrings" time="0.005" />
    <testcase classname="SPTSearchHistoryTests" name="testClearing" time="0.005" />
    <testcase classname="SPTSearchHistoryTests" name="testConstructor" time="0.008" />
    <testcase classname="SPTSearchHistoryTests" name="testRemovingSearchString" time="0.005" />
  </testsuite>
  <testsuite failures="0" name="SPTSearchLoggerTests" tests="2">
    <testcase classname="SPTSearchLoggerTests" name="testLogUIInteractionForTrackRow" time="0.007" />
    <testcase classname="SPTSearchLoggerTests" name="testSearchIntentIdentifier" time="0.006" />
  </testsuite>
  <testsuite failures="0" name="SPTSearchNavigatorTest" tests="1">
    <testcase classname="SPTSearchNavigatorTest" name="testNavigateToURLUsesCurrentStack" time="0.006" />
  </testsuite>
  <testsuite failures="0" name="SPTSearchResultsApolloServiceDataSourceTests" tests="2">
    <testcase classname="SPTSearchResultsApolloServiceDataSourceTests" name="testThatOnlyOneRequestsResponseIsEvaluated" time="0.012" />
    <testcase classname="SPTSearchResultsApolloServiceDataSourceTests" name="testThatWeSendErrorWhenResponseBodyIsNil" time="0.006" />
  </testsuite>
  <testsuite failures="0" name="SPTSearchResultsLoaderTests" tests="2">
    <testcase classname="SPTSearchResultsLoaderTests" name="testLoadResultsNaturalLanguageDisabled" time="0.005" />
    <testcase classname="SPTSearchResultsLoaderTests" name="testLoadResultsNaturalLanguageEnabled" time="0.005" />
  </testsuite>
  <testsuite failures="0" name="SPTSearchResultsMindMeldDataSourceTests" tests="5">
    <testcase classname="SPTSearchResultsMindMeldDataSourceTests" name="testAddResults" time="0.009" />
    <testcase classname="SPTSearchResultsMindMeldDataSourceTests" name="testAddResultsGivenSingleEntityIdentifier" time="0.005" />
    <testcase classname="SPTSearchResultsMindMeldDataSourceTests" name="testAddResultsGivenVoiceCommandTag" time="0.006" />
    <testcase classname="SPTSearchResultsMindMeldDataSourceTests" name="testAddResultsGivenVoiceCommandTagAndSingleEntityIdentifier" time="0.004" />
    <testcase classname="SPTSearchResultsMindMeldDataSourceTests" name="testDidReceiveResults" time="0.007" />
  </testsuite>
  <testsuite failures="0" name="SPTSearchResultsTests" tests="4">
    <testcase classname="SPTSearchResultsTests" name="testEntityAtIndexPath" time="0.005" />
    <testcase classname="SPTSearchResultsTests" name="testMissingRequiredParameterProducingNilInstance" time="0.005" />
    <testcase classname="SPTSearchResultsTests" name="testPropertyAssignment" time="0.004" />
    <testcase classname="SPTSearchResultsTests" name="testSectionAtIndex" time="0.005" />
  </testsuite>
  <testsuite failures="0" name="SPTSearchSectionTests" tests="5">
    <testcase classname="SPTSearchSectionTests" name="testEntitiesMatchingPredicate" time="0.005" />
    <testcase classname="SPTSearchSectionTests" name="testEntityAtIndex" time="0.006" />
    <testcase classname="SPTSearchSectionTests" name="testIndexOfEntity" time="0.005" />
    <testcase classname="SPTSearchSectionTests" name="testMissingRequiredParameterProducingNilInstance" time="0.004" />
    <testcase classname="SPTSearchSectionTests" name="testPropertyAssignment" time="0.004" />
  </testsuite>
  <testsuite failures="0" name="SPTSearchStringEncodingTests" tests="2">
    <testcase classname="SPTSearchStringEncodingTests" name="testPlainSearchString" time="0.006" />
    <testcase classname="SPTSearchStringEncodingTests" name="testSearchStringWithSpecialCharacters" time="0.004" />
  </testsuite>
  <testsuite failures="0" name="SPTSearchTableViewControllerUITests" tests="3">
    <testcase classname="SPTSearchTableViewControllerUITests" name="testCarouselShown" time="3.492" />
    <testcase classname="SPTSearchTableViewControllerUITests" name="testInfoViewShownWhenNotUsingAuxiliaryViewController" time="1.207" />
    <testcase classname="SPTSearchTableViewControllerUITests" name="testInfoViewShownWhenUsingAuxiliaryViewController" time="0.636" />
  </testsuite>
  <testsuite failures="0" name="SearchFeatureImplementationTests" tests="9">
    <testcase classname="SearchFeatureImplementationTests" name="testInstrumentation" time="0.021" />
    <testcase classname="SearchFeatureImplementationTests" name="testInstrumentationWithUnknownSearchIdentifier" time="0.010" />
    <testcase classname="SearchFeatureImplementationTests" name="testUsingBigGraySearchBarStyleWithUserPolicyConfiguration" time="0.010" />
    <testcase classname="SearchFeatureImplementationTests" name="testUsingDefaultSearchBarStyleWithBrowsePrototypeNotMergedInSearch" time="0.007" />
    <testcase classname="SearchFeatureImplementationTests" name="testUsingDefaultSearchBarStyleWithNotValidUserPolicyConfiguration" time="0.007" />
    <testcase classname="SearchFeatureImplementationTests" name="testUsingDefaultSearchBarStyleWithOnlyBrowseMergedInSearchConfiguration" time="0.008" />
    <testcase classname="SearchFeatureImplementationTests" name="testUsingDefaultSearchBarStyleWithoutConfigurations" time="0.007" />
    <testcase classname="SearchFeatureImplementationTests" name="testUsingGraySearchBarStyleWithBrowsePrototypeMergedInSearch" time="0.007" />
    <testcase classname="SearchFeatureImplementationTests" name="testUsingGraySearchBarStyleWithUserPolicyConfiguration" time="0.007" />
  </testsuite>
  <testsuite failures="0" name="SearchViewModelSettingsTests" tests="2">
    <testcase classname="SearchViewModelSettingsTests" name="testMissingRequiredParameterTriggeringAssert" time="0.005" />
    <testcase classname="SearchViewModelSettingsTests" name="testPropertyAssignment" time="0.005" />
  </testsuite>
  <testsuite failures="0" name="SearchViewModelTests" tests="13">
    <testcase classname="SearchViewModelTests" name="testIdentifierForSectionAtIndex" time="0.008" />
    <testcase classname="SearchViewModelTests" name="testInitializer" time="0.006" />
    <testcase classname="SearchViewModelTests" name="testIsForAllResultsView" time="0.005" />
    <testcase classname="SearchViewModelTests" name="testLoad" time="0.007" />
    <testcase classname="SearchViewModelTests" name="testReturningOfflineSearchTextForDefaultEntityVersion" time="0.006" />
    <testcase classname="SearchViewModelTests" name="testReturningOfflineSearchTextForEnabledAudioContent" time="0.005" />
    <testcase classname="SearchViewModelTests" name="testReturningOfflineSearchTextForEnabledVideoContent" time="0.005" />
    <testcase classname="SearchViewModelTests" name="testThatAccessoryViewIsConfiguredWithExplicitLabel_configureWithExplicitAndPremiumItem_flagDisabled" time="0.007" />
    <testcase classname="SearchViewModelTests" name="testThatAccessoryViewIsConfiguredWithExplicitLabel_configureWithExplicitItem" time="0.006" />
    <testcase classname="SearchViewModelTests" name="testThatAccessoryViewIsConfiguredWithoutSubtitleView_configureWithItem" time="0.005" />
    <testcase classname="SearchViewModelTests" name="testThatAccessoryViewIsConfiguredWithPremiumLabel_configureWithExplicitAndPremiumItem_flagEnabled" time="0.005" />
    <testcase classname="SearchViewModelTests" name="testThatShouldTagPremiumResultsIsFalseWhenABTestSourceReturnsFalse" time="0.005" />
    <testcase classname="SearchViewModelTests" name="testThatShouldTagPremiumResultsIsTrueWhenABTestSourceReturnsTrue" time="0.005" />
  </testsuite>
  <testsuite failures="0" name="SPTShuffleButtonTestControllerTests" tests="15">
    <testcase classname="SPTShuffleButtonTestControllerTests" name="test7dayTrialUsersInControlGroupGetsShuffleButton" time="0.020" />
    <testcase classname="SPTShuffleButtonTestControllerTests" name="test7dayTrialUsersInNoButtonGroupGetsNoButton" time="0.008" />
    <testcase classname="SPTShuffleButtonTestControllerTests" name="test7dayTrialUsersInPlayButtonGroupGetsPlayButton" time="0.010" />
    <testcase classname="SPTShuffleButtonTestControllerTests" name="testFreeUsersInControlGroupGetsShuffleButton" time="0.009" />
    <testcase classname="SPTShuffleButtonTestControllerTests" name="testFreeUsersInNoButtonGroupGetsShuffleButton" time="0.008" />
    <testcase classname="SPTShuffleButtonTestControllerTests" name="testFreeUsersInPlayButtonGroupGetsShuffleButton" time="0.009" />
    <testcase classname="SPTShuffleButtonTestControllerTests" name="testPremiumUsersInControlGroupGetsShuffleButton" time="0.008" />
    <testcase classname="SPTShuffleButtonTestControllerTests" name="testPremiumUsersInNoButtonGroupGetsShuffleButton" time="0.009" />
    <testcase classname="SPTShuffleButtonTestControllerTests" name="testPremiumUsersInPlayButtonGroupGetsShuffleButton" time="0.008" />
    <testcase classname="SPTShuffleButtonTestControllerTests" name="testPreviousExposureFreeUsersInControlGroupGetsShuffleButton" time="0.009" />
    <testcase classname="SPTShuffleButtonTestControllerTests" name="testPreviousExposureFreeUsersInNoButtonGroupGetsShuffleButton" time="0.009" />
    <testcase classname="SPTShuffleButtonTestControllerTests" name="testPreviousExposureFreeUsersInPlayButtonGroupGetsShuffleButton" time="0.009" />
    <testcase classname="SPTShuffleButtonTestControllerTests" name="testPreviousExposurePremiumUsersInControlGroupGetsShuffleButton" time="0.010" />
    <testcase classname="SPTShuffleButtonTestControllerTests" name="testPreviousExposurePremiumUsersInNoButtonGroupGetsNoButton" time="0.009" />
    <testcase classname="SPTShuffleButtonTestControllerTests" name="testPreviousExposurePremiumUsersInPlayButtonGroupGetsPlayButton" time="0.008" />
  </testsuite>
  <testsuite failures="0" name="SPTShuffleOfflineManagerTest" tests="3">
    <testcase classname="SPTShuffleOfflineManagerTest" name="testForceOfflineIfOfflineSyncIsNotAllowed" time="0.007" />
    <testcase classname="SPTShuffleOfflineManagerTest" name="testNoForceOfflineIfOfflineSyncIsAllowed" time="0.006" />
    <testcase classname="SPTShuffleOfflineManagerTest" name="testNotNil" time="0.007" />
  </testsuite>
  <testsuite failures="0" name="ShuffleFeatureImplementationTest" tests="1">
    <testcase classname="ShuffleFeatureImplementationTest" name="testLoadOfflineManager" time="0.006" />
  </testsuite>
  <testsuite failures="0" name="AlertControllerTest" tests="4">
    <testcase classname="AlertControllerTest" name="testAlertTypeIdentifier" time="0.018" />
    <testcase classname="AlertControllerTest" name="testIgnoreIdenticalAlerts" time="0.047" />
    <testcase classname="AlertControllerTest" name="testIgnoreIdenticalAlertsAfterCurrent" time="0.031" />
    <testcase classname="AlertControllerTest" name="testQueue" time="0.024" />
  </testsuite>
  <testsuite failures="0" name="AutoLockControllerTest" tests="16">
    <testcase classname="AutoLockControllerTest" name="testDisableWhileCharged" time="0.018" />
    <testcase classname="AutoLockControllerTest" name="testDisableWhileCharging" time="0.009" />
    <testcase classname="AutoLockControllerTest" name="testDisableWhileNotCharging" time="0.006" />
    <testcase classname="AutoLockControllerTest" name="testEmptyState" time="0.006" />
    <testcase classname="AutoLockControllerTest" name="testEmptyStatePreviouslyDisabled" time="0.006" />
    <testcase classname="AutoLockControllerTest" name="testEnableAfterDisabled" time="0.006" />
    <testcase classname="AutoLockControllerTest" name="testEnableTooManyTimes" time="0.006" />
    <testcase classname="AutoLockControllerTest" name="testForceDisableAfterHandledDisable" time="0.006" />
    <testcase classname="AutoLockControllerTest" name="testForceDisableAfterUnhandledDisable" time="0.005" />
    <testcase classname="AutoLockControllerTest" name="testForceDisableWhileCharged" time="0.006" />
    <testcase classname="AutoLockControllerTest" name="testForceDisableWhileNotCharging" time="0.005" />
    <testcase classname="AutoLockControllerTest" name="testForceEnableAfterForceDisabled" time="0.005" />
    <testcase classname="AutoLockControllerTest" name="testForceEnableTooManyTimes" time="0.005" />
    <testcase classname="AutoLockControllerTest" name="testMultipleDisableEnable" time="0.006" />
    <testcase classname="AutoLockControllerTest" name="testMultipleDisableEnableSomeForced" time="0.005" />
    <testcase classname="AutoLockControllerTest" name="testReset" time="0.005" />
  </testsuite>
  <testsuite failures="0" name="ExternalLinkControllerTest" tests="5">
    <testcase classname="ExternalLinkControllerTest" name="testHandleFacebookMessengerURLs" time="0.013" />
    <testcase classname="ExternalLinkControllerTest" name="testHandleURLForSettingsSubsections" time="0.010" />
    <testcase classname="ExternalLinkControllerTest" name="testHandleURLForUseOnCurrentStack" time="0.019" />
    <testcase classname="ExternalLinkControllerTest" name="testHandleURLFromApplicationAnnotation" time="0.016" />
    <testcase classname="ExternalLinkControllerTest" name="testSpotifyProtocolURLDefuzzing" time="0.017" />
  </testsuite>
  <testsuite failures="0" name="MessageBarAlertItemTest" tests="1">
    <testcase classname="MessageBarAlertItemTest" name="testUpdateAlertItemMode_shouldTriggerDelegate" time="0.006" />
  </testsuite>
  <testsuite failures="0" name="MessageBarControllerTest" tests="7">
    <testcase classname="MessageBarControllerTest" name="testDismissAlertMessageBarItem_shouldRemoveItem" time="0.005" />
    <testcase classname="MessageBarControllerTest" name="testDismissMessageBarItem_shouldRemoveItem" time="0.006" />
    <testcase classname="MessageBarControllerTest" name="testPresentAlertMessageBarItem_shouldAddToItemsArray" time="0.004" />
    <testcase classname="MessageBarControllerTest" name="testPresentMessageBarAlertItem_withDelay_shouldRemoveAfterDelay" time="2.014" />
    <testcase classname="MessageBarControllerTest" name="testPresentMessageBarItem_shouldAddToItemsArray" time="0.005" />
    <testcase classname="MessageBarControllerTest" name="testPresentMessageBarItem_withDelay_shouldRemoveAfterDelay" time="2.011" />
    <testcase classname="MessageBarControllerTest" name="testUpdateMessageBarItem_shouldUpdateView" time="0.006" />
  </testsuite>
  <testsuite failures="0" name="MessageBarItemTest" tests="4">
    <testcase classname="MessageBarItemTest" name="testChangingAttributedMessage_sameMessage_shouldNotTriggerDelegate" time="0.005" />
    <testcase classname="MessageBarItemTest" name="testChangingAttributedMessage_shouldTriggerDelegate" time="0.004" />
    <testcase classname="MessageBarItemTest" name="testChangingMessage_sameMessage_shouldNotTriggerDelegate" time="0.004" />
    <testcase classname="MessageBarItemTest" name="testChangingMessage_shouldTriggerDelegate" time="0.004" />
  </testsuite>
  <testsuite failures="0" name="MetaViewControllerTest" tests="10">
    <testcase classname="MetaViewControllerTest" name="testMomentsDisabledFromForceOverride" time="0.014" />
    <testcase classname="MetaViewControllerTest" name="testMomentsEnabledFromForceOverride" time="0.011" />
    <testcase classname="MetaViewControllerTest" name="testMomentsEnabledFromUserPolicy" time="0.010" />
    <testcase classname="MetaViewControllerTest" name="testMomentsSanityDisabled" time="0.010" />
    <testcase classname="MetaViewControllerTest" name="testNotNil" time="0.006" />
    <testcase classname="MetaViewControllerTest" name="testPushViewControllerForLinkInRootUI" time="0.038" />
    <testcase classname="MetaViewControllerTest" name="testPushViewControllerForLinkInRootUIThatAlreadyExists" time="0.034" />
    <testcase classname="MetaViewControllerTest" name="testSelectTabAndPushViewControllerForLinkInRootUI" time="0.030" />
    <testcase classname="MetaViewControllerTest" name="testShowNowPlayingViewControllerCompletionHandler_iPhone_shouldInvokeCompletion" time="0.011" />
    <testcase classname="MetaViewControllerTest" name="testVCForLinkWithViewControllerWithURI" time="0.032" />
  </testsuite>
  <testsuite failures="0" name="NSArrayLocalizedListTest" tests="5">
    <testcase classname="NSArrayLocalizedListTest" name="testEmptyArrayShouldJoinToAnEmptyString" time="0.005" />
    <testcase classname="NSArrayLocalizedListTest" name="testSingletonArrayShouldJoinToFirstElement" time="0.004" />
    <testcase classname="NSArrayLocalizedListTest" name="testThreeElementArrayShouldJoinWithCommasAndAnd" time="0.005" />
    <testcase classname="NSArrayLocalizedListTest" name="testTwoElementArrayShouldJoinWithAnd" time="0.005" />
    <testcase classname="NSArrayLocalizedListTest" name="testUserDefinedTypesShouldBeJoinedWithDescription" time="0.004" />
  </testsuite>
  <testsuite failures="0" name="NSDateSpotifyTest" tests="14">
    <testcase classname="NSDateSpotifyTest" name="test24Hours" time="0.005" />
    <testcase classname="NSDateSpotifyTest" name="test49Hours" time="0.004" />
    <testcase classname="NSDateSpotifyTest" name="test61Seconds" time="0.004" />
    <testcase classname="NSDateSpotifyTest" name="testAboutAMinute" time="0.004" />
    <testcase classname="NSDateSpotifyTest" name="testAnHour" time="0.006" />
    <testcase classname="NSDateSpotifyTest" name="testCornerCases" time="0.004" />
    <testcase classname="NSDateSpotifyTest" name="testDecimalDays" time="0.005" />
    <testcase classname="NSDateSpotifyTest" name="testDecimalHour" time="0.004" />
    <testcase classname="NSDateSpotifyTest" name="testDecimalMinutes" time="0.004" />
    <testcase classname="NSDateSpotifyTest" name="testLessThanAMinute" time="0.004" />
    <testcase classname="NSDateSpotifyTest" name="testNegativeInterval" time="0.004" />
    <testcase classname="NSDateSpotifyTest" name="testNil" time="0.005" />
    <testcase classname="NSDateSpotifyTest" name="testTwoHours" time="0.005" />
    <testcase classname="NSDateSpotifyTest" name="testTwoMinutes" time="0.004" />
  </testsuite>
  <testsuite failures="0" name="NSURLComponentsTransportTest" tests="12">
    <testcase classname="NSURLComponentsTransportTest" name="testComponentForServiceTransportHermes" time="0.004" />
    <testcase classname="NSURLComponentsTransportTest" name="testComponentForServiceTransportHTTP" time="0.004" />
    <testcase classname="NSURLComponentsTransportTest" name="testComponentForServiceWithQueryInLastPathComponent" time="0.004" />
    <testcase classname="NSURLComponentsTransportTest" name="testComponentsForEndpointPath" time="0.005" />
    <testcase classname="NSURLComponentsTransportTest" name="testComponentsForEndpointWithoutSlashPrefix" time="0.005" />
    <testcase classname="NSURLComponentsTransportTest" name="testComponentsForEndpointWithQuery" time="0.004" />
    <testcase classname="NSURLComponentsTransportTest" name="testComponentsForEndpointWithSlashPrefix" time="0.004" />
    <testcase classname="NSURLComponentsTransportTest" name="testComponentsForServicePathComponentsTransportHermes" time="0.004" />
    <testcase classname="NSURLComponentsTransportTest" name="testComponentsForServicePathComponentsTransportHTTP" time="0.004" />
    <testcase classname="NSURLComponentsTransportTest" name="testComponentsForServicePathComponentsTransportWithSpecialCharacters" time="0.005" />
    <testcase classname="NSURLComponentsTransportTest" name="testSpotifyTransportHTTPHost" time="0.004" />
    <testcase classname="NSURLComponentsTransportTest" name="testSpotifyTransportHTTPScheme" time="0.004" />
  </testsuite>
  <testsuite failures="0" name="NSURLSPTHTTPImagesTest" tests="1">
    <testcase classname="NSURLSPTHTTPImagesTest" name="testZeroRatedCDNForSpotifyImageLink" time="0.004" />
  </testsuite>
  <testsuite failures="0" name="NSURLSPTParsingTest" tests="7">
    <testcase classname="NSURLSPTParsingTest" name="testIsSpotifyURIWithBadURL" time="0.004" />
    <testcase classname="NSURLSPTParsingTest" name="testIsSpotifyURIWithGoodURL" time="0.005" />
    <testcase classname="NSURLSPTParsingTest" name="testSpotifyURIComponents" time="0.005" />
    <testcase classname="NSURLSPTParsingTest" name="testURIComponentAtIndexWithBadURL" time="0.005" />
    <testcase classname="NSURLSPTParsingTest" name="testURIComponentAtIndexWithGoodURL" time="0.004" />
    <testcase classname="NSURLSPTParsingTest" name="testURIComponentAtIndexWithInvalidIndex" time="0.004" />
    <testcase classname="NSURLSPTParsingTest" name="testURIComponentCount" time="0.005" />
  </testsuite>
  <testsuite failures="0" name="NSURLTokensTest" tests="3">
    <testcase classname="NSURLTokensTest" name="testKeymasterTokensURL" time="0.006" />
    <testcase classname="NSURLTokensTest" name="testURLByAppendingSpotifyToken" time="0.004" />
    <testcase classname="NSURLTokensTest" name="testURLByAppendingSpotifyTokenWithParameters" time="0.004" />
  </testsuite>
  <testsuite failures="0" name="NSURL_SPTNormalizeTest" tests="5">
    <testcase classname="NSURL_SPTNormalizeTest" name="testAlreadyNormalizedHTTPURL" time="0.005" />
    <testcase classname="NSURL_SPTNormalizeTest" name="testAlreadyNormalizedSpotifyURI" time="0.004" />
    <testcase classname="NSURL_SPTNormalizeTest" name="testHostNotNormalized" time="0.005" />
    <testcase classname="NSURL_SPTNormalizeTest" name="testNormalizeHTTPURL" time="0.005" />
    <testcase classname="NSURL_SPTNormalizeTest" name="testNormalizeSpotifyURI" time="0.005" />
  </testsuite>
  <testsuite failures="0" name="NSURL_SpotifyTest" tests="4">
    <testcase classname="NSURL_SpotifyTest" name="testInvalidImageURL" time="0.004" />
    <testcase classname="NSURL_SpotifyTest" name="testInvalidPlaylistURIDoesNotThrowWhenSuppressing" time="0.006" />
    <testcase classname="NSURL_SpotifyTest" name="testNumberImageURL" time="0.005" />
    <testcase classname="NSURL_SpotifyTest" name="testvalidPlaylistURIDoesNotThrow" time="0.005" />
  </testsuite>
  <testsuite failures="0" name="NavigationStateRestoreTest" tests="4">
    <testcase classname="NavigationStateRestoreTest" name="testObjectRepresentations" time="0.008" />
    <testcase classname="NavigationStateRestoreTest" name="testViewControllersWithForcingCorrect" time="0.006" />
    <testcase classname="NavigationStateRestoreTest" name="testViewControllersWithForcingIncorrect" time="0.005" />
    <testcase classname="NavigationStateRestoreTest" name="testViewControllersWithoutForcing" time="0.005" />
  </testsuite>
  <testsuite failures="0" name="SPApplicationTest" tests="3">
    <testcase classname="SPApplicationTest" name="testCanOpenURLWithPositiveExternalLinkControllerResponse" time="0.009" />
    <testcase classname="SPApplicationTest" name="testOpenURLDefaultsToNotUsingCurrentStack" time="0.009" />
    <testcase classname="SPApplicationTest" name="testOpenURLUsingCurrentStack" time="0.009" />
  </testsuite>
  <testsuite failures="0" name="SPBarViewControllerTest" tests="9">
    <testcase classname="SPBarViewControllerTest" name="testCompletionBlockExecutedIfOverlayHiddenAndWeTellItToHide" time="1.002" />
    <testcase classname="SPBarViewControllerTest" name="testCompletionBlockExecutedIfOverlayShownAndWeTellItToShow" time="0.244" />
    <testcase classname="SPBarViewControllerTest" name="testNotificationFiredAfterOverlayHidden" time="0.244" />
    <testcase classname="SPBarViewControllerTest" name="testNotificationFiredAfterOverlayHiddenAnimated" time="0.604" />
    <testcase classname="SPBarViewControllerTest" name="testNotificationFiredBeforeOverlayShown" time="0.264" />
    <testcase classname="SPBarViewControllerTest" name="testNotificationFiredBeforeOverlayShownAnimated" time="0.665" />
    <testcase classname="SPBarViewControllerTest" name="testUIViewAccessorForDirectDescendant" time="0.246" />
    <testcase classname="SPBarViewControllerTest" name="testUIViewAccessorForNonDirectDescendant" time="0.244" />
    <testcase classname="SPBarViewControllerTest" name="testUIViewAccessorForOrphanChildViewControllerShouldReturnNil" time="0.242" />
  </testsuite>
  <testsuite failures="0" name="SPForegroundObserverTest" tests="12">
    <testcase classname="SPForegroundObserverTest" name="testDidAwakeCalledOnAwake" time="0.006" />
    <testcase classname="SPForegroundObserverTest" name="testDidAwakeCalledWhenForegrounded" time="0.010" />
    <testcase classname="SPForegroundObserverTest" name="testDidAwakeCalledWhenForegroundedFromAwakeInBackground" time="0.007" />
    <testcase classname="SPForegroundObserverTest" name="testDidAwakeNotCalledOnAwakeWhenAwoken" time="0.005" />
    <testcase classname="SPForegroundObserverTest" name="testDidAwakeNotCalledWhenBackgrounded" time="0.006" />
    <testcase classname="SPForegroundObserverTest" name="testDidAwakeNotCalledWhenForegroundedNotObserving" time="0.006" />
    <testcase classname="SPForegroundObserverTest" name="testDidAwakeNotCalledWhenForegroundingWhileHibernated" time="0.006" />
    <testcase classname="SPForegroundObserverTest" name="testDidHibernateCalledOnHibernate" time="0.006" />
    <testcase classname="SPForegroundObserverTest" name="testDidHibernateCalledWhenBackgrounded" time="0.007" />
    <testcase classname="SPForegroundObserverTest" name="testDidHibernateNotCalledWhenBackgroundedNotObserving" time="0.006" />
    <testcase classname="SPForegroundObserverTest" name="testDidHibernateNotCalledWhenHibernated" time="0.005" />
    <testcase classname="SPForegroundObserverTest" name="testDidHibernateNotCalledWhenNotAwoken" time="0.005" />
  </testsuite>
  <testsuite failures="0" name="SPNavigationControllerTest" tests="13">
    <testcase classname="SPNavigationControllerTest" name="testAddObserver" time="0.006" />
    <testcase classname="SPNavigationControllerTest" name="testAnimatedPopTransitionToViewWithHiddenBarSetsNavBackgroundBarOriginCorrectly" time="0.010" />
    <testcase classname="SPNavigationControllerTest" name="testAnimatedPopTransitionToViewWithVisibleBarSetsBackgroundNavBarOriginCorrectly" time="0.009" />
    <testcase classname="SPNavigationControllerTest" name="testAnimatedPushTransitionToViewWithHiddenBarSetsNavBackgroundBarOriginCorrectly" time="0.008" />
    <testcase classname="SPNavigationControllerTest" name="testAnimatedPushTransitionToViewWithVisibleBarSetsBackgroundNavBarOriginCorrectly" time="0.010" />
    <testcase classname="SPNavigationControllerTest" name="testDeferredPageIdentifier" time="0.010" />
    <testcase classname="SPNavigationControllerTest" name="testImmediatePageIdentifier" time="0.006" />
    <testcase classname="SPNavigationControllerTest" name="testPushingTheSameViewControllerTwicePushesTheViewControllerAgainIfExistingTransitionIsIncomplete" time="0.009" />
    <testcase classname="SPNavigationControllerTest" name="testRemoveObserver" time="0.006" />
    <testcase classname="SPNavigationControllerTest" name="testUnanimatedPopTransitionToViewWithHiddenBarSetsNavBackgroundBarOriginCorrectly" time="0.010" />
    <testcase classname="SPNavigationControllerTest" name="testUnAnimatedPopTransitionToViewWithVisibleBarSetsBackgroundNavBarOriginCorrectly" time="0.012" />
    <testcase classname="SPNavigationControllerTest" name="testUnanimatedPushTransitionToViewWithHiddenBarSetsNavBackgroundBarOriginCorrectly" time="0.010" />
    <testcase classname="SPNavigationControllerTest" name="testUnAnimatedPushTransitionToViewWithVisibleBarSetsBackgroundNavBarOriginCorrectly" time="0.009" />
  </testsuite>
  <testsuite failures="0" name="SPPageFactorySPFeatureTest" tests="2">
    <testcase classname="SPPageFactorySPFeatureTest" name="testFeaturePage" time="0.006" />
    <testcase classname="SPPageFactorySPFeatureTest" name="testUnregisterAllFeaturePages" time="0.005" />
  </testsuite>
  <testsuite failures="0" name="SPPageFactoryTest" tests="8">
    <testcase classname="SPPageFactoryTest" name="testCorrectIdiom" time="0.005" />
    <testcase classname="SPPageFactoryTest" name="testCorrectURL" time="0.005" />
    <testcase classname="SPPageFactoryTest" name="testObserverNotifiedWhenViewControllerCreated" time="0.005" />
    <testcase classname="SPPageFactoryTest" name="testReferrerIdentifier" time="0.008" />
    <testcase classname="SPPageFactoryTest" name="testStaticSingletonIsNotSameInstanceAfterReset" time="0.006" />
    <testcase classname="SPPageFactoryTest" name="testStaticSingletonIsSameInstance" time="0.005" />
    <testcase classname="SPPageFactoryTest" name="testWrongIdiom" time="0.005" />
    <testcase classname="SPPageFactoryTest" name="testWrongURL" time="0.006" />
  </testsuite>
  <testsuite failures="0" name="SPSideTabControllerTest" tests="2">
    <testcase classname="SPSideTabControllerTest" name="testNoCrashWithNoViewControllers" time="0.005" />
    <testcase classname="SPSideTabControllerTest" name="testSetViewControllersComparison" time="0.011" />
  </testsuite>
  <testsuite failures="0" name="SPSideTabItemButtonTest" tests="2">
    <testcase classname="SPSideTabItemButtonTest" name="testNotNil" time="0.011" />
    <testcase classname="SPSideTabItemButtonTest" name="testTitleLabelDoesNotBreakOnGermanSettingsTranslation" time="0.029" />
  </testsuite>
  <testsuite failures="0" name="SPSidebarCatListViewControllerTests" tests="5">
    <testcase classname="SPSidebarCatListViewControllerTests" name="testInboxIconIsHiddenForABBATestGroup" time="0.061" />
    <testcase classname="SPSidebarCatListViewControllerTests" name="testInboxIconIsNotHiddenForABBAControlGroup" time="0.040" />
    <testcase classname="SPSidebarCatListViewControllerTests" name="testNewNavigationStyleEnabledForIPhoneOnly" time="0.037" />
    <testcase classname="SPSidebarCatListViewControllerTests" name="testNotificationsIconDoesHideAlways" time="0.052" />
    <testcase classname="SPSidebarCatListViewControllerTests" name="testNotificationsIconHidesInboxInMomentsExperience" time="0.034" />
  </testsuite>
  <testsuite failures="0" name="SPStackedNavigationControllerTest" tests="5">
    <testcase classname="SPStackedNavigationControllerTest" name="testAddObserver" time="0.008" />
    <testcase classname="SPStackedNavigationControllerTest" name="testPopToViewControllerSetsViewControllerToActive" time="0.007" />
    <testcase classname="SPStackedNavigationControllerTest" name="testRemoveObserver" time="0.007" />
    <testcase classname="SPStackedNavigationControllerTest" name="testViewControllerWithAParentViewControllerIsNotPushed" time="0.012" />
    <testcase classname="SPStackedNavigationControllerTest" name="testViewControllerWithoutParentViewControllerIsPushed" time="0.009" />
  </testsuite>
  <testsuite failures="0" name="SPTAppLogModelTest" tests="3">
    <testcase classname="SPTAppLogModelTest" name="testAddsIncomingMessagesToAllMessages" time="0.022" />
    <testcase classname="SPTAppLogModelTest" name="testAnAppLogModelCorrectlyPopulatesLogMessage" time="0.008" />
    <testcase classname="SPTAppLogModelTest" name="testANewlyCreatedAppLogHasNoMessages" time="0.006" />
  </testsuite>
  <testsuite failures="0" name="SPTAsyncLoadingViewControllerTest" tests="5">
    <testcase classname="SPTAsyncLoadingViewControllerTest" name="testAsynchronousOperationFinishesBetweenViewAppears" time="0.009" />
    <testcase classname="SPTAsyncLoadingViewControllerTest" name="testAsynchronousOperationFinishesThenViewAppears" time="0.007" />
    <testcase classname="SPTAsyncLoadingViewControllerTest" name="testDefaultURIValueIsNil" time="0.006" />
    <testcase classname="SPTAsyncLoadingViewControllerTest" name="testURIValueIsCorrectAfterLoading" time="0.006" />
    <testcase classname="SPTAsyncLoadingViewControllerTest" name="testViewAppearsThenAsynchronousOperationFinishes" time="0.006" />
  </testsuite>
  <testsuite failures="0" name="SPTBarButtonItemManagerImplementationTest" tests="4">
    <testcase classname="SPTBarButtonItemManagerImplementationTest" name="testAfterUnregistering" time="0.006" />
    <testcase classname="SPTBarButtonItemManagerImplementationTest" name="testObserverNotification" time="0.005" />
    <testcase classname="SPTBarButtonItemManagerImplementationTest" name="testWithoutProvider" time="0.006" />
    <testcase classname="SPTBarButtonItemManagerImplementationTest" name="testWithProvider" time="0.005" />
  </testsuite>
  <testsuite failures="0" name="SPTCommandLineOverrideLocalSettingsTest" tests="18">
    <testcase classname="SPTCommandLineOverrideLocalSettingsTest" name="testAllKeys" time="0.005" />
    <testcase classname="SPTCommandLineOverrideLocalSettingsTest" name="testBadArrayValue" time="0.005" />
    <testcase classname="SPTCommandLineOverrideLocalSettingsTest" name="testFallthroughRead" time="0.005" />
    <testcase classname="SPTCommandLineOverrideLocalSettingsTest" name="testFallthroughWrite" time="0.005" />
    <testcase classname="SPTCommandLineOverrideLocalSettingsTest" name="testMissingValue" time="0.005" />
    <testcase classname="SPTCommandLineOverrideLocalSettingsTest" name="testOverride" time="0.005" />
    <testcase classname="SPTCommandLineOverrideLocalSettingsTest" name="testReadAbbreviatedNamespacedValue" time="0.005" />
    <testcase classname="SPTCommandLineOverrideLocalSettingsTest" name="testReadArrayValue" time="0.005" />
    <testcase classname="SPTCommandLineOverrideLocalSettingsTest" name="testReadDictionaryValue" time="0.005" />
    <testcase classname="SPTCommandLineOverrideLocalSettingsTest" name="testReadMismatchedNamespacedValue" time="0.005" />
    <testcase classname="SPTCommandLineOverrideLocalSettingsTest" name="testReadNamespacedValue" time="0.005" />
    <testcase classname="SPTCommandLineOverrideLocalSettingsTest" name="testReadSimpleValue" time="0.005" />
    <testcase classname="SPTCommandLineOverrideLocalSettingsTest" name="testRemoveAllObservation" time="0.007" />
    <testcase classname="SPTCommandLineOverrideLocalSettingsTest" name="testRemoveAllValues" time="0.005" />
    <testcase classname="SPTCommandLineOverrideLocalSettingsTest" name="testRemoveDifferentValue" time="0.005" />
    <testcase classname="SPTCommandLineOverrideLocalSettingsTest" name="testRemoveObservation" time="0.005" />
    <testcase classname="SPTCommandLineOverrideLocalSettingsTest" name="testRemoveValue" time="0.005" />
    <testcase classname="SPTCommandLineOverrideLocalSettingsTest" name="testWriteObservation" time="0.006" />
  </testsuite>
  <testsuite failures="0" name="SPTCrashReporterCensorTest" tests="5">
    <testcase classname="SPTCrashReporterCensorTest" name="testCrashReporterCensorClusterID" time="0.005" />
    <testcase classname="SPTCrashReporterCensorTest" name="testCrashReporterCensorPassthrough" time="0.005" />
    <testcase classname="SPTCrashReporterCensorTest" name="testCrashReporterCensorPlaylistID" time="0.005" />
    <testcase classname="SPTCrashReporterCensorTest" name="testCrashReporterCensorProfileID" time="0.006" />
    <testcase classname="SPTCrashReporterCensorTest" name="testCrashReporterCensorUserID" time="0.005" />
  </testsuite>
  <testsuite failures="0" name="SPTDataLoaderFactoryManagerTest" tests="2">
    <testcase classname="SPTDataLoaderFactoryManagerTest" name="testFactoryOfflineMirrorsNetworkConnectivityController" time="0.006" />
    <testcase classname="SPTDataLoaderFactoryManagerTest" name="testNotNil" time="0.006" />
  </testsuite>
  <testsuite failures="0" name="SPTDataLoaderKeymasterAuthoriserTest" tests="19">
    <testcase classname="SPTDataLoaderKeymasterAuthoriserTest" name="testCopyValidToken" time="0.007" />
    <testcase classname="SPTDataLoaderKeymasterAuthoriserTest" name="testCorrectURLRequiresAuthorisation" time="0.006" />
    <testcase classname="SPTDataLoaderKeymasterAuthoriserTest" name="testDefaultAuthorisationHosts" time="0.006" />
    <testcase classname="SPTDataLoaderKeymasterAuthoriserTest" name="testErrorResponsesTriggersDelegateCallback" time="0.006" />
    <testcase classname="SPTDataLoaderKeymasterAuthoriserTest" name="testHostInAuthorisedHostsAlwaysReflectsURLComponents" time="0.011" />
    <testcase classname="SPTDataLoaderKeymasterAuthoriserTest" name="testInvalidJSONResponseTriggersDelegateCallback" time="0.007" />
    <testcase classname="SPTDataLoaderKeymasterAuthoriserTest" name="testNoRefreshWithValidToken" time="0.005" />
    <testcase classname="SPTDataLoaderKeymasterAuthoriserTest" name="testNoResponsesTriggersDelegateCallback" time="0.006" />
    <testcase classname="SPTDataLoaderKeymasterAuthoriserTest" name="testNotNil" time="0.005" />
    <testcase classname="SPTDataLoaderKeymasterAuthoriserTest" name="testObserveProductState" time="0.006" />
    <testcase classname="SPTDataLoaderKeymasterAuthoriserTest" name="testOfflineErrorWhenAuthorisingTokenOffline" time="0.005" />
    <testcase classname="SPTDataLoaderKeymasterAuthoriserTest" name="testOfflineErrorWhenAuthorisingTokenWithAPOffline" time="0.006" />
    <testcase classname="SPTDataLoaderKeymasterAuthoriserTest" name="testProductStateChangeInvalidatesToken" time="0.006" />
    <testcase classname="SPTDataLoaderKeymasterAuthoriserTest" name="testRefreshWithInvalidToken" time="0.006" />
    <testcase classname="SPTDataLoaderKeymasterAuthoriserTest" name="testRegisterAuthorisationHosts" time="0.006" />
    <testcase classname="SPTDataLoaderKeymasterAuthoriserTest" name="testRegisterAuthorisationHostsSameDomain" time="0.005" />
    <testcase classname="SPTDataLoaderKeymasterAuthoriserTest" name="testRequiresAuthorisationWhenOffline" time="0.005" />
    <testcase classname="SPTDataLoaderKeymasterAuthoriserTest" name="testTokenInjectionWithValidToken" time="0.006" />
    <testcase classname="SPTDataLoaderKeymasterAuthoriserTest" name="testValidTokenDoesNotSendAnotherKeymasterRequest" time="0.005" />
  </testsuite>
  <testsuite failures="0" name="SPTDataLoaderRequestAccountingConsumptionObserverTest" tests="2">
    <testcase classname="SPTDataLoaderRequestAccountingConsumptionObserverTest" name="testNotNil" time="0.005" />
    <testcase classname="SPTDataLoaderRequestAccountingConsumptionObserverTest" name="testRequestAccountingCalled" time="0.006" />
  </testsuite>
  <testsuite failures="0" name="SPTFeatureManagerLoggerEventTest" tests="3">
    <testcase classname="SPTFeatureManagerLoggerEventTest" name="testIdentifierForFeatureManager" time="0.005" />
    <testcase classname="SPTFeatureManagerLoggerEventTest" name="testInit" time="0.005" />
    <testcase classname="SPTFeatureManagerLoggerEventTest" name="testStartAndEnd" time="0.005" />
  </testsuite>
  <testsuite failures="0" name="SPTFeatureManagerLoggerImplementationTest" tests="8">
    <testcase classname="SPTFeatureManagerLoggerImplementationTest" name="testAbbaFlagWillSetDefaultsValue" time="0.006" />
    <testcase classname="SPTFeatureManagerLoggerImplementationTest" name="testConfigureAndLoadTimesEventElapsedTimeInMilliseconds" time="0.006" />
    <testcase classname="SPTFeatureManagerLoggerImplementationTest" name="testConfigureAndLoadTimesEventKeys" time="0.006" />
    <testcase classname="SPTFeatureManagerLoggerImplementationTest" name="testInit" time="0.005" />
    <testcase classname="SPTFeatureManagerLoggerImplementationTest" name="testShouldNotLogEvents" time="0.006" />
    <testcase classname="SPTFeatureManagerLoggerImplementationTest" name="testWillAndDidConfigureAndLoadAllServices" time="0.005" />
    <testcase classname="SPTFeatureManagerLoggerImplementationTest" name="testWillAndDidConfigureOneService" time="0.005" />
    <testcase classname="SPTFeatureManagerLoggerImplementationTest" name="testWillAndDidLoadOneService" time="0.005" />
  </testsuite>
  <testsuite failures="0" name="SPTGestureSynchronizerTest" tests="2">
    <testcase classname="SPTGestureSynchronizerTest" name="testCancelCalled" time="0.005" />
    <testcase classname="SPTGestureSynchronizerTest" name="testDelegatesCalled" time="0.005" />
  </testsuite>
  <testsuite failures="0" name="SPTHTTPServiceTest" tests="8">
    <testcase classname="SPTHTTPServiceTest" name="testNotNil" time="0.008" />
    <testcase classname="SPTHTTPServiceTest" name="testProvideDataLoaderFactory1" time="0.006" />
    <testcase classname="SPTHTTPServiceTest" name="testRemoveAllCachedResponsesOnClientLogout" time="0.009" />
    <testcase classname="SPTHTTPServiceTest" name="testSetApResolvePodProductState" time="0.006" />
    <testcase classname="SPTHTTPServiceTest" name="testSetHermesTransportAndProductState" time="0.005" />
    <testcase classname="SPTHTTPServiceTest" name="testThatCacheIsClearedWhenProductStateChanges_streamingRulesUpdated" time="0.009" />
    <testcase classname="SPTHTTPServiceTest" name="testThatCacheIsNotClearedWhenProductStateChanges_streamingRulesNotUpdated" time="0.009" />
    <testcase classname="SPTHTTPServiceTest" name="testThatCacheIsNotClearedWhenProductStateIsInitialized" time="0.010" />
  </testsuite>
  <testsuite failures="0" name="SPTImageLoaderServiceManagerTest" tests="1">
    <testcase classname="SPTImageLoaderServiceManagerTest" name="testUpdateOfflineStateUpdatesImageService" time="0.008" />
  </testsuite>
  <testsuite failures="0" name="SPTLocalSettingsOnQueueTests" tests="1">
    <testcase classname="SPTLocalSettingsOnQueueTests" name="testShouldSupportObservationOnSpecificQueue" time="0.007" />
  </testsuite>
  <testsuite failures="0" name="SPTLogViewModelTest" tests="6">
    <testcase classname="SPTLogViewModelTest" name="testAllMessagesAreAttributedStrings" time="0.007" />
    <testcase classname="SPTLogViewModelTest" name="testFiltersLogMessagesWithWrongLevel" time="0.011" />
    <testcase classname="SPTLogViewModelTest" name="testFiltersNewMessagesWithWrongLevel" time="0.007" />
    <testcase classname="SPTLogViewModelTest" name="testHasNoMessagesIfAppLogModelDoesnt" time="0.006" />
    <testcase classname="SPTLogViewModelTest" name="testNewMessagesAreAttributedStrings" time="0.005" />
    <testcase classname="SPTLogViewModelTest" name="testThatUsernameAndAPAreUpdated" time="0.005" />
  </testsuite>
  <testsuite failures="0" name="SPTMosaicImageLoaderRequestTest" tests="7">
    <testcase classname="SPTMosaicImageLoaderRequestTest" name="testCreateMosaic" time="0.023" />
    <testcase classname="SPTMosaicImageLoaderRequestTest" name="testCreateMosaicDuplicates" time="0.018" />
    <testcase classname="SPTMosaicImageLoaderRequestTest" name="testFetchAllTheImages" time="0.007" />
    <testcase classname="SPTMosaicImageLoaderRequestTest" name="testLessThanFourImagesRevertsToSingleImageAndWillLoadFromHTTP" time="0.006" />
    <testcase classname="SPTMosaicImageLoaderRequestTest" name="testMosaicImagesAsLocalFiles" time="0.017" />
    <testcase classname="SPTMosaicImageLoaderRequestTest" name="testMosaicWithSingleLocalFile" time="0.007" />
    <testcase classname="SPTMosaicImageLoaderRequestTest" name="testOneImageWithErrorFailsMosaic" time="0.008" />
  </testsuite>
  <testsuite failures="0" name="SPTNavigationManagerReferenceTest" tests="3">
    <testcase classname="SPTNavigationManagerReferenceTest" name="testWeakReferenceToModalViewControllerAfterDeallocation" time="0.006" />
    <testcase classname="SPTNavigationManagerReferenceTest" name="testWeakReferenceToNavigationControllerAfterDeallocation" time="0.006" />
    <testcase classname="SPTNavigationManagerReferenceTest" name="testWeakReferenceToViewControllerAfterDeallocation" time="0.005" />
  </testsuite>
  <testsuite failures="0" name="SPTNavigationManagerTest" tests="3">
    <testcase classname="SPTNavigationManagerTest" name="testNavigateBetweenNavigationController" time="0.009" />
    <testcase classname="SPTNavigationManagerTest" name="testNavigateWithinNavigationController" time="0.005" />
    <testcase classname="SPTNavigationManagerTest" name="testOnlyModalNavigation" time="0.007" />
  </testsuite>
  <testsuite failures="0" name="SPTNetworkConnectivityControllerTest" tests="27">
    <testcase classname="SPTNetworkConnectivityControllerTest" name="testAllowSyncOver3GChangesManager" time="0.010" />
    <testcase classname="SPTNetworkConnectivityControllerTest" name="testAllowSyncOver3GChangesUserDefaults" time="0.008" />
    <testcase classname="SPTNetworkConnectivityControllerTest" name="testAllowSyncOver3GFiresDelegate" time="0.010" />
    <testcase classname="SPTNetworkConnectivityControllerTest" name="testAllowSyncOver3GRespectsKVO" time="0.010" />
    <testcase classname="SPTNetworkConnectivityControllerTest" name="testChangingDefaultsChangesAllowSyncOver3G" time="0.009" />
    <testcase classname="SPTNetworkConnectivityControllerTest" name="testChangingDefaultsChangesForcedOnline" time="0.010" />
    <testcase classname="SPTNetworkConnectivityControllerTest" name="testConnectionTypeRespectsKVO" time="0.009" />
    <testcase classname="SPTNetworkConnectivityControllerTest" name="testForceOfflineChangesManager" time="0.009" />
    <testcase classname="SPTNetworkConnectivityControllerTest" name="testForceOfflineChangesUserDefaults" time="0.009" />
    <testcase classname="SPTNetworkConnectivityControllerTest" name="testForceOfflineFiresDelegate" time="0.008" />
    <testcase classname="SPTNetworkConnectivityControllerTest" name="testForceOfflineForcesReconnect" time="1.031" />
    <testcase classname="SPTNetworkConnectivityControllerTest" name="testForceOfflineProvidesNetworkHappiness" time="0.011" />
    <testcase classname="SPTNetworkConnectivityControllerTest" name="testForceOfflineRespectsKVO" time="0.009" />
    <testcase classname="SPTNetworkConnectivityControllerTest" name="testInitialValues" time="0.009" />
    <testcase classname="SPTNetworkConnectivityControllerTest" name="testReachabilityAndForcedOfflineCombinations" time="0.009" />
    <testcase classname="SPTNetworkConnectivityControllerTest" name="testReachabilityCellularToCellularNoForcedReconnect" time="0.009" />
    <testcase classname="SPTNetworkConnectivityControllerTest" name="testReachabilityCellularToWifiForcesReconnect" time="0.008" />
    <testcase classname="SPTNetworkConnectivityControllerTest" name="testReachabilityChange3G" time="0.008" />
    <testcase classname="SPTNetworkConnectivityControllerTest" name="testReachabilityChange4G" time="0.008" />
    <testcase classname="SPTNetworkConnectivityControllerTest" name="testReachabilityChangeEdge" time="0.007" />
    <testcase classname="SPTNetworkConnectivityControllerTest" name="testReachabilityChangeGPRS" time="0.009" />
    <testcase classname="SPTNetworkConnectivityControllerTest" name="testReachabilityChangeWifi" time="0.009" />
    <testcase classname="SPTNetworkConnectivityControllerTest" name="testReachabilityChangeWWANDefault" time="0.008" />
    <testcase classname="SPTNetworkConnectivityControllerTest" name="testReachabilityFiresDelegate" time="0.008" />
    <testcase classname="SPTNetworkConnectivityControllerTest" name="testReachabilityOnlineOfflineOnline" time="0.009" />
    <testcase classname="SPTNetworkConnectivityControllerTest" name="testReachabilityWifiToCellularForcesReconnect" time="0.012" />
    <testcase classname="SPTNetworkConnectivityControllerTest" name="testStringConversions" time="0.011" />
  </testsuite>
  <testsuite failures="0" name="SPTPageControllerTest" tests="3">
    <testcase classname="SPTPageControllerTest" name="testAsynchronousCallbackAccess" time="0.006" />
    <testcase classname="SPTPageControllerTest" name="testSynchronousAccess" time="0.005" />
    <testcase classname="SPTPageControllerTest" name="testSynchronousNestedAccess" time="0.005" />
  </testsuite>
  <testsuite failures="0" name="SPTPlayModeMonitorTest" tests="8">
    <testcase classname="SPTPlayModeMonitorTest" name="testIncognitoMode" time="0.007" />
    <testcase classname="SPTPlayModeMonitorTest" name="testMessageBarIsEmptyAsDefault" time="0.006" />
    <testcase classname="SPTPlayModeMonitorTest" name="testOfflineAndForced" time="0.006" />
    <testcase classname="SPTPlayModeMonitorTest" name="testOfflineNotForcedButInternetReachable" time="0.006" />
    <testcase classname="SPTPlayModeMonitorTest" name="testOfflineNotForcedInternetNetworkStatusNotReachable" time="0.006" />
    <testcase classname="SPTPlayModeMonitorTest" name="testOnline" time="0.006" />
    <testcase classname="SPTPlayModeMonitorTest" name="testSessionObservation" time="0.007" />
    <testcase classname="SPTPlayModeMonitorTest" name="testVerifyObservations" time="0.006" />
  </testsuite>
  <testsuite failures="0" name="SPTSidebarItemCellTest" tests="6">
    <testcase classname="SPTSidebarItemCellTest" name="testReturningSidebarFontSizeForEmptyTitlesArray" time="0.012" />
    <testcase classname="SPTSidebarItemCellTest" name="testReturningSidebarFontSizeForNilTitlesArray" time="0.014" />
    <testcase classname="SPTSidebarItemCellTest" name="testReturningSidebarFontSizeForTitlesThatCouldFit" time="0.016" />
    <testcase classname="SPTSidebarItemCellTest" name="testReturningSmallerMaximumSizeForLongerTitles" time="0.011" />
    <testcase classname="SPTSidebarItemCellTest" name="testReturningTheMinimumFontSizeForEvenTitlesThatCouldNotFit" time="0.012" />
    <testcase classname="SPTSidebarItemCellTest" name="testReturningTheSmallestMaximumSizeForMultipleTitlesWithDifferentLength" time="0.009" />
  </testsuite>
  <testsuite failures="0" name="SPTSpotifyImageRequestFactoryTest" tests="2">
    <testcase classname="SPTSpotifyImageRequestFactoryTest" name="testCreateRequest" time="0.005" />
    <testcase classname="SPTSpotifyImageRequestFactoryTest" name="testNotNil" time="0.005" />
  </testsuite>
  <testsuite failures="0" name="SPTSpotifyImageRequestImplementationTest" tests="6">
    <testcase classname="SPTSpotifyImageRequestImplementationTest" name="testCancel" time="0.006" />
    <testcase classname="SPTSpotifyImageRequestImplementationTest" name="testImageLoaded" time="0.006" />
    <testcase classname="SPTSpotifyImageRequestImplementationTest" name="testImageLoadError" time="0.006" />
    <testcase classname="SPTSpotifyImageRequestImplementationTest" name="testImageLoadFromCache" time="0.005" />
    <testcase classname="SPTSpotifyImageRequestImplementationTest" name="testNotNil" time="0.005" />
    <testcase classname="SPTSpotifyImageRequestImplementationTest" name="testRequestFromRemoteImageLoader" time="0.005" />
  </testsuite>
  <testsuite failures="0" name="SPTSpotifyLinkHandlerTest" tests="28">
    <testcase classname="SPTSpotifyLinkHandlerTest" name="testHandleBrowseNewReleasesURI" time="0.007" />
    <testcase classname="SPTSpotifyLinkHandlerTest" name="testHandleBrowseThingURI" time="0.006" />
    <testcase classname="SPTSpotifyLinkHandlerTest" name="testHandleBrowseURI" time="0.006" />
    <testcase classname="SPTSpotifyLinkHandlerTest" name="testHandleCategoryPublicToInternalHubURI" time="0.006" />
    <testcase classname="SPTSpotifyLinkHandlerTest" name="testHandleConcertsItemURI" time="0.006" />
    <testcase classname="SPTSpotifyLinkHandlerTest" name="testHandleConcertsLocationSearchURI" time="0.007" />
    <testcase classname="SPTSpotifyLinkHandlerTest" name="testHandleConcertsURI" time="0.006" />
    <testcase classname="SPTSpotifyLinkHandlerTest" name="testHandleDiscoverURI" time="0.006" />
    <testcase classname="SPTSpotifyLinkHandlerTest" name="testHandleGenrePublicToInternalHubURI" time="0.007" />
    <testcase classname="SPTSpotifyLinkHandlerTest" name="testHandleRootRunningURI" time="0.007" />
    <testcase classname="SPTSpotifyLinkHandlerTest" name="testHandleRunningCategoryURI" time="0.007" />
    <testcase classname="SPTSpotifyLinkHandlerTest" name="testHandleRunningCategoryWithImageCacheURI" time="0.007" />
    <testcase classname="SPTSpotifyLinkHandlerTest" name="testHandleRunningCategoryWithStartURI" time="0.008" />
    <testcase classname="SPTSpotifyLinkHandlerTest" name="testHandleRunningCategoryWithTempoURI" time="0.006" />
    <testcase classname="SPTSpotifyLinkHandlerTest" name="testHandleRunningOnboardingURI" time="0.006" />
    <testcase classname="SPTSpotifyLinkHandlerTest" name="testHandleRunningOriginalContentURI" time="0.006" />
    <testcase classname="SPTSpotifyLinkHandlerTest" name="testHandleRunningOriginalContentWithImageCacheURI" time="0.007" />
    <testcase classname="SPTSpotifyLinkHandlerTest" name="testHandleRunningOriginalContentWithStartURI" time="0.007" />
    <testcase classname="SPTSpotifyLinkHandlerTest" name="testHandleRunningOriginalContentWithTempoURI" time="0.006" />
    <testcase classname="SPTSpotifyLinkHandlerTest" name="testHandleSpotifyRadioInternalURL" time="0.006" />
    <testcase classname="SPTSpotifyLinkHandlerTest" name="testHandleSpotifyRadioInternalURLTailMatching" time="0.008" />
    <testcase classname="SPTSpotifyLinkHandlerTest" name="testSpotifyCollectionAlbumsURIHandling" time="0.007" />
    <testcase classname="SPTSpotifyLinkHandlerTest" name="testSpotifyCollectionArtistsURIHandling" time="0.007" />
    <testcase classname="SPTSpotifyLinkHandlerTest" name="testSpotifyCollectionOverviewURIHandling" time="0.007" />
    <testcase classname="SPTSpotifyLinkHandlerTest" name="testSpotifyCollectionPodcastOfflineEpisodesURIHandling" time="0.007" />
    <testcase classname="SPTSpotifyLinkHandlerTest" name="testSpotifyCollectionPodcastsURIHandling" time="0.006" />
    <testcase classname="SPTSpotifyLinkHandlerTest" name="testSpotifyCollectionPodcastUnplayedEpisodesURIHandling" time="0.007" />
    <testcase classname="SPTSpotifyLinkHandlerTest" name="testSpotifyCollectionTracksURIHandling" time="0.008" />
  </testsuite>
  <testsuite failures="0" name="SPTSpotifyLinkHandlerTests" tests="1">
    <testcase classname="SPTSpotifyLinkHandlerTests" name="testLogBrowseLink" time="0.013" />
  </testsuite>
  <testsuite failures="0" name="SPTSpotifyURIFallbackResolverTest" tests="13">
    <testcase classname="SPTSpotifyURIFallbackResolverTest" name="testInternalRadioUriRemapping" time="0.006" />
    <testcase classname="SPTSpotifyURIFallbackResolverTest" name="testInternalRadioUriTailMatching" time="0.006" />
    <testcase classname="SPTSpotifyURIFallbackResolverTest" name="testLiteralMatch" time="0.005" />
    <testcase classname="SPTSpotifyURIFallbackResolverTest" name="testLiteralPercentEscape" time="0.006" />
    <testcase classname="SPTSpotifyURIFallbackResolverTest" name="testMatchWithQueryParameters" time="0.005" />
    <testcase classname="SPTSpotifyURIFallbackResolverTest" name="testMultiTokenMatch" time="0.006" />
    <testcase classname="SPTSpotifyURIFallbackResolverTest" name="testNoBackwardMatch" time="0.006" />
    <testcase classname="SPTSpotifyURIFallbackResolverTest" name="testSelfRemapShortcut" time="0.005" />
    <testcase classname="SPTSpotifyURIFallbackResolverTest" name="testSlashSlashMatch" time="0.005" />
    <testcase classname="SPTSpotifyURIFallbackResolverTest" name="testSuffixMatch" time="0.005" />
    <testcase classname="SPTSpotifyURIFallbackResolverTest" name="testTokenMatch" time="0.008" />
    <testcase classname="SPTSpotifyURIFallbackResolverTest" name="testTooManyTokenNonMatch" time="0.006" />
    <testcase classname="SPTSpotifyURIFallbackResolverTest" name="testZeroLengthSuffixNonMatch" time="0.005" />
  </testsuite>
  <testsuite failures="0" name="SPTStatusBarManagerTest" tests="3">
    <testcase classname="SPTStatusBarManagerTest" name="testHideOnce" time="0.007" />
    <testcase classname="SPTStatusBarManagerTest" name="testShowsAfterHiding" time="0.007" />
    <testcase classname="SPTStatusBarManagerTest" name="testShowsOnlyAfterAllTokensInvalidated" time="0.006" />
  </testsuite>
  <testsuite failures="0" name="SPTTabBarControllerTest" tests="5">
    <testcase classname="SPTTabBarControllerTest" name="testStateRestoreOnlyReturnsIndex" time="0.010" />
    <testcase classname="SPTTabBarControllerTest" name="testTabBarDoesNotShowMoreViewControllerWith4ViewControllers" time="0.014" />
    <testcase classname="SPTTabBarControllerTest" name="testTabBarDoesNotShowMoreViewControllerWith5ViewControllers" time="0.010" />
    <testcase classname="SPTTabBarControllerTest" name="testTabBarDoesNotShowMoreViewControllerWithMoreThan5ViewControllers" time="0.009" />
    <testcase classname="SPTTabBarControllerTest" name="testTabBarDoesOnlyShows5ViewControllers" time="0.009" />
  </testsuite>
  <testsuite failures="0" name="SPTTableViewOfflineSwitchCellTest" tests="8">
    <testcase classname="SPTTableViewOfflineSwitchCellTest" name="testCurrentTitleForDownloadStates" time="0.023" />
    <testcase classname="SPTTableViewOfflineSwitchCellTest" name="testCurrentTitleWithNoDelegate" time="0.013" />
    <testcase classname="SPTTableViewOfflineSwitchCellTest" name="testHandleOfflineAfterDelaySwitchOff" time="0.011" />
    <testcase classname="SPTTableViewOfflineSwitchCellTest" name="testHandleOfflineAfterDelaySwitchOn" time="0.010" />
    <testcase classname="SPTTableViewOfflineSwitchCellTest" name="testOfflineTogglesBackIfNoOfflinePermission" time="0.267" />
    <testcase classname="SPTTableViewOfflineSwitchCellTest" name="testSetup" time="0.011" />
    <testcase classname="SPTTableViewOfflineSwitchCellTest" name="testSetupAndView" time="0.010" />
    <testcase classname="SPTTableViewOfflineSwitchCellTest" name="testSetupAndViewWithOffline" time="0.010" />
  </testsuite>
  <testsuite failures="0" name="SPTURIComponentMatcherTest" tests="15">
    <testcase classname="SPTURIComponentMatcherTest" name="testLiteralMatcher" time="0.006" />
    <testcase classname="SPTURIComponentMatcherTest" name="testLiteralMatcherCaseSensitive" time="0.005" />
    <testcase classname="SPTURIComponentMatcherTest" name="testLiteralMatcherIsNonTerminal" time="0.005" />
    <testcase classname="SPTURIComponentMatcherTest" name="testLiteralMatcherPercentEncode" time="0.005" />
    <testcase classname="SPTURIComponentMatcherTest" name="testLiteralSequence" time="0.005" />
    <testcase classname="SPTURIComponentMatcherTest" name="testLiteralTree" time="0.005" />
    <testcase classname="SPTURIComponentMatcherTest" name="testSchemeMatcher" time="0.004" />
    <testcase classname="SPTURIComponentMatcherTest" name="testSchemeMatcherCaseInsensitive" time="0.005" />
    <testcase classname="SPTURIComponentMatcherTest" name="testSchemeMatcherIsNonTerminal" time="0.006" />
    <testcase classname="SPTURIComponentMatcherTest" name="testSchemeMatcherPercentEncode" time="0.006" />
    <testcase classname="SPTURIComponentMatcherTest" name="testTail" time="0.008" />
    <testcase classname="SPTURIComponentMatcherTest" name="testTerminal" time="0.008" />
    <testcase classname="SPTURIComponentMatcherTest" name="testToken" time="0.008" />
    <testcase classname="SPTURIComponentMatcherTest" name="testTokenIsNonTerminal" time="0.007" />
    <testcase classname="SPTURIComponentMatcherTest" name="testTokensSequence" time="0.005" />
  </testsuite>
  <testsuite failures="0" name="SPTUserActivityControllerTests" tests="2">
    <testcase classname="SPTUserActivityControllerTests" name="testHandleURLForwardsOpenUniversalLinkInOriginalFormatWithCorrectSourceApplicationToExternalLinkController" time="0.012" />
    <testcase classname="SPTUserActivityControllerTests" name="testHandleURLForwardsPlayUniversalLinkInCanonicalFormatWithCorrectSourceApplicationToExternalLinkController" time="0.012" />
  </testsuite>
  <testsuite failures="0" name="SPTUserDefaultsLocalSettingsTests" tests="9">
    <testcase classname="SPTUserDefaultsLocalSettingsTests" name="testShouldGetFromUserDefaultsWithPrefix" time="0.006" />
    <testcase classname="SPTUserDefaultsLocalSettingsTests" name="testShouldSetInUserDefaultsWithPrefix" time="0.005" />
    <testcase classname="SPTUserDefaultsLocalSettingsTests" name="testShouldSupportAddAndRemoveObserver" time="0.006" />
    <testcase classname="SPTUserDefaultsLocalSettingsTests" name="testShouldSupportAddObserver" time="0.005" />
    <testcase classname="SPTUserDefaultsLocalSettingsTests" name="testShouldSupportAllKeys" time="0.008" />
    <testcase classname="SPTUserDefaultsLocalSettingsTests" name="testShouldSupportNoObserver" time="0.006" />
    <testcase classname="SPTUserDefaultsLocalSettingsTests" name="testShouldSupportRemoval" time="0.005" />
    <testcase classname="SPTUserDefaultsLocalSettingsTests" name="testShouldSupportRemoveAllObjects" time="0.005" />
    <testcase classname="SPTUserDefaultsLocalSettingsTests" name="testShouldSupportSubscripting" time="0.005" />
  </testsuite>
  <testsuite failures="0" name="SpotifyAppDelegateTest" tests="9">
    <testcase classname="SpotifyAppDelegateTest" name="testApplicationDidChangeStatusBarOrientationIsLogged" time="0.006" />
    <testcase classname="SpotifyAppDelegateTest" name="testApplicationDidReceiveMemoryWarningIsLogged" time="0.006" />
    <testcase classname="SpotifyAppDelegateTest" name="testApplicationDidReceiveRemoteNotificationOnBroadcaster" time="0.008" />
    <testcase classname="SpotifyAppDelegateTest" name="testContinueUserActivityOnBroadcaster" time="0.010" />
    <testcase classname="SpotifyAppDelegateTest" name="testDidFailToRegisterForRemoteNotificationsWithErrorOnBroadcaster" time="0.007" />
    <testcase classname="SpotifyAppDelegateTest" name="testHandleActionWithIdentifierForLocalNotificationOnBroadcaster" time="0.006" />
    <testcase classname="SpotifyAppDelegateTest" name="testHandleActionWithIdentifierForRemoteNotificationOnBroadcaster" time="0.007" />
    <testcase classname="SpotifyAppDelegateTest" name="testOpenURLOnBroadcaster" time="0.011" />
    <testcase classname="SpotifyAppDelegateTest" name="testRegisterForRemoteNotificationsWithDeviceTokenOnBroadcaster" time="0.006" />
  </testsuite>
  <testsuite failures="0" name="SpotifyLinkTest" tests="1">
    <testcase classname="SpotifyLinkTest" name="testToplistLink" time="0.009" />
  </testsuite>
  <testsuite failures="0" name="UIViewControllerContainerHelperTest" tests="2">
    <testcase classname="UIViewControllerContainerHelperTest" name="testReturningTheRightContainerForControllersNestedOneLevelDeep" time="0.011" />
    <testcase classname="UIViewControllerContainerHelperTest" name="testReturningTheRightContainerForControllersNestedTwoLevelsDeep" time="0.009" />
  </testsuite>
  <testsuite failures="0" name="UIViewController_SPTReferrerIdentifierTest" tests="5">
    <testcase classname="UIViewController_SPTReferrerIdentifierTest" name="testBottomOfViewStackReferrer" time="0.012" />
    <testcase classname="UIViewController_SPTReferrerIdentifierTest" name="testFallbackToNavigationControllerReferrer" time="0.009" />
    <testcase classname="UIViewController_SPTReferrerIdentifierTest" name="testMiddleOfViewStackReferrer" time="0.010" />
    <testcase classname="UIViewController_SPTReferrerIdentifierTest" name="testNoReferrer" time="0.009" />
    <testcase classname="UIViewController_SPTReferrerIdentifierTest" name="testTopOfViewStackReferrer" time="0.010" />
  </testsuite>
  <testsuite failures="0" name="ChartFeatureTests" tests="3">
    <testcase classname="ChartFeatureTests" name="testChartViewModel" time="0.011" />
    <testcase classname="ChartFeatureTests" name="testInstrumentationForKnownChart" time="0.016" />
    <testcase classname="ChartFeatureTests" name="testNSURLChart" time="0.007" />
  </testsuite>
  <testsuite failures="0" name="NSDate_RelativeTimeUtilitiesTests" tests="1">
    <testcase classname="NSDate_RelativeTimeUtilitiesTests" name="testTwitterLikeFormatter" time="0.008" />
  </testsuite>
  <testsuite failures="0" name="SPTChartBlockTests" tests="7">
    <testcase classname="SPTChartBlockTests" name="testImageURLForItemAtIndex" time="0.008" />
    <testcase classname="SPTChartBlockTests" name="testInitWithItemsData" time="0.006" />
    <testcase classname="SPTChartBlockTests" name="testShowAllURI" time="0.007" />
    <testcase classname="SPTChartBlockTests" name="testTargetURIForItemAtIndex" time="0.007" />
    <testcase classname="SPTChartBlockTests" name="testTitle" time="0.007" />
    <testcase classname="SPTChartBlockTests" name="testTitleForItemAtIndex" time="0.006" />
    <testcase classname="SPTChartBlockTests" name="testType" time="0.006" />
  </testsuite>
  <testsuite failures="0" name="SPTChartEntityLoaderTests" tests="4">
    <testcase classname="SPTChartEntityLoaderTests" name="testErrorHandling" time="0.008" />
    <testcase classname="SPTChartEntityLoaderTests" name="testLoadChartBlockWithAllItemsForBlockShowAllURI" time="0.008" />
    <testcase classname="SPTChartEntityLoaderTests" name="testLoadChartWithID" time="0.007" />
    <testcase classname="SPTChartEntityLoaderTests" name="testLoadOverviewChartBlocks" time="0.008" />
  </testsuite>
  <testsuite failures="0" name="SPTChartModelLegacyBuilderTests" tests="13">
    <testcase classname="SPTChartModelLegacyBuilderTests" name="testChartDescriptionText" time="0.008" />
    <testcase classname="SPTChartModelLegacyBuilderTests" name="testChartEntryAtIndex" time="0.008" />
    <testcase classname="SPTChartModelLegacyBuilderTests" name="testChartImageURL" time="0.008" />
    <testcase classname="SPTChartModelLegacyBuilderTests" name="testChartNumberOfEntries" time="0.005" />
    <testcase classname="SPTChartModelLegacyBuilderTests" name="testChartNumberOfNewEntries" time="0.004" />
    <testcase classname="SPTChartModelLegacyBuilderTests" name="testChartTitle" time="0.004" />
    <testcase classname="SPTChartModelLegacyBuilderTests" name="testEntryArtistTitle" time="0.005" />
    <testcase classname="SPTChartModelLegacyBuilderTests" name="testEntryArtistURI" time="0.004" />
    <testcase classname="SPTChartModelLegacyBuilderTests" name="testEntryCurrentPosition" time="0.004" />
    <testcase classname="SPTChartModelLegacyBuilderTests" name="testEntryPreviousPosition" time="0.004" />
    <testcase classname="SPTChartModelLegacyBuilderTests" name="testEntryStatus" time="0.004" />
    <testcase classname="SPTChartModelLegacyBuilderTests" name="testEntryTitle" time="0.004" />
    <testcase classname="SPTChartModelLegacyBuilderTests" name="testEntryURI" time="0.004" />
  </testsuite>
  <testsuite failures="0" name="SPTChartUtilitiesTests" tests="1">
    <testcase classname="SPTChartUtilitiesTests" name="testClientLocalization" time="0.005" />
  </testsuite>
  <testsuite failures="0" name="SPTChartViewControllerTests" tests="4">
    <testcase classname="SPTChartViewControllerTests" name="testInstrumentationAfterChartHasLoaded" time="0.005" />
    <testcase classname="SPTChartViewControllerTests" name="testInstrumentationAfterNewFormatChartHasLoaded" time="0.004" />
    <testcase classname="SPTChartViewControllerTests" name="testInstrumentationBeforeChartHasLoaded" time="0.004" />
    <testcase classname="SPTChartViewControllerTests" name="testInstrumentationBeforeNewFormatChartHasLoaded" time="0.004" />
  </testsuite>
  <testsuite failures="0" name="PlayWhenOnlineActionTests" tests="1">
    <testcase classname="PlayWhenOnlineActionTests" name="testShouldPlayRowWhenOnline" time="0.009" />
  </testsuite>
  <testsuite failures="0" name="SPTAudioSessionControllerTest" tests="6">
    <testcase classname="SPTAudioSessionControllerTest" name="testNotActivatingAudioSessionWhenPlayerStateNotPlaying" time="0.009" />
    <testcase classname="SPTAudioSessionControllerTest" name="testNotNil" time="0.008" />
    <testcase classname="SPTAudioSessionControllerTest" name="testPlaybackDoesntStopWhenCategoryIsBeingChanged" time="1.010" />
    <testcase classname="SPTAudioSessionControllerTest" name="testPlaybackDoesntStopWhenRouteConfigurationIsBeingChanged" time="1.010" />
    <testcase classname="SPTAudioSessionControllerTest" name="testPlaybackDoesntStopWhenRouteIsBeingOverridden" time="1.009" />
    <testcase classname="SPTAudioSessionControllerTest" name="testStopObservingWhenInvalidated" time="0.010" />
  </testsuite>
  <testsuite failures="0" name="SPTPlaybackErrorDialogsTest" tests="3">
    <testcase classname="SPTPlaybackErrorDialogsTest" name="testShowCappingReachedForErrorDelegateCallback" time="0.006" />
    <testcase classname="SPTPlaybackErrorDialogsTest" name="testShowOnlyAvailableInPremiumForErrorDelegateCallback" time="0.004" />
    <testcase classname="SPTPlaybackErrorDialogsTest" name="testShowUnavailableDialogForErrorDelegateCallback" time="0.004" />
  </testsuite>
  <testsuite failures="0" name="SPTPlaybackErrorPickerTests" tests="16">
    <testcase classname="SPTPlaybackErrorPickerTests" name="test17" time="0.005" />
    <testcase classname="SPTPlaybackErrorPickerTests" name="test21" time="0.005" />
    <testcase classname="SPTPlaybackErrorPickerTests" name="test24" time="0.004" />
    <testcase classname="SPTPlaybackErrorPickerTests" name="test27" time="0.004" />
    <testcase classname="SPTPlaybackErrorPickerTests" name="test30" time="0.004" />
    <testcase classname="SPTPlaybackErrorPickerTests" name="test33" time="0.005" />
    <testcase classname="SPTPlaybackErrorPickerTests" name="test36" time="0.004" />
    <testcase classname="SPTPlaybackErrorPickerTests" name="test39" time="0.005" />
    <testcase classname="SPTPlaybackErrorPickerTests" name="test60and62and63and65and66and68" time="0.006" />
    <testcase classname="SPTPlaybackErrorPickerTests" name="testCappingReached" time="0.005" />
    <testcase classname="SPTPlaybackErrorPickerTests" name="testErrorPassedOnHasTrackURI" time="0.004" />
    <testcase classname="SPTPlaybackErrorPickerTests" name="testInvalidErrorCode" time="0.004" />
    <testcase classname="SPTPlaybackErrorPickerTests" name="testPremiumOnly" time="0.005" />
    <testcase classname="SPTPlaybackErrorPickerTests" name="testPremiumOnlyWhenUserStreamingDisallowed" time="0.005" />
    <testcase classname="SPTPlaybackErrorPickerTests" name="testShouldNeverShowMoreThanOneDialog" time="0.005" />
    <testcase classname="SPTPlaybackErrorPickerTests" name="testUnexpectedReason" time="0.004" />
  </testsuite>
  <testsuite failures="0" name="SPTPlaybackStateStoreControllerTests" tests="6">
    <testcase classname="SPTPlaybackStateStoreControllerTests" name="testNewTrackFromNilTriggersSavePlaybackState" time="0.005" />
    <testcase classname="SPTPlaybackStateStoreControllerTests" name="testNewTrackTriggersSavePlaybackState" time="0.005" />
    <testcase classname="SPTPlaybackStateStoreControllerTests" name="testPausedStateChangeTriggersSavePlaybackState" time="0.005" />
    <testcase classname="SPTPlaybackStateStoreControllerTests" name="testSameTrackAndPauseStateNotTriggersSavePlaybackState" time="0.005" />
    <testcase classname="SPTPlaybackStateStoreControllerTests" name="testShouldPauseTimerOnPlaybackStateTransitionToPause" time="0.005" />
    <testcase classname="SPTPlaybackStateStoreControllerTests" name="testShouldResumeTimerOnPlaybackStateTransitionFromPause" time="0.005" />
  </testsuite>
  <testsuite failures="0" name="SPTPlayerExternalLinkControllerPlaybackDelegateTests" tests="1">
    <testcase classname="SPTPlayerExternalLinkControllerPlaybackDelegateTests" name="testShouldPlayRowWhenOnline" time="0.005" />
  </testsuite>
  <testsuite failures="0" name="NSURLVideoManifestTests" tests="8">
    <testcase classname="NSURLVideoManifestTests" name="testGenerateMasterManifestURL" time="0.016" />
    <testcase classname="NSURLVideoManifestTests" name="testGenerateProfileManifestURL" time="0.008" />
    <testcase classname="NSURLVideoManifestTests" name="testGenerateSegmentURL" time="0.009" />
    <testcase classname="NSURLVideoManifestTests" name="testParseMasterManifestURL" time="0.008" />
    <testcase classname="NSURLVideoManifestTests" name="testParseNonHLSURL" time="0.005" />
    <testcase classname="NSURLVideoManifestTests" name="testParseProfileManifestURL" time="0.008" />
    <testcase classname="NSURLVideoManifestTests" name="testParseSegmentURL" time="0.008" />
    <testcase classname="NSURLVideoManifestTests" name="testParseUnknown" time="0.009" />
  </testsuite>
  <testsuite failures="0" name="NSURLVideoPlayerTests" tests="4">
    <testcase classname="NSURLVideoPlayerTests" name="testVideoPlayerCommands" time="0.008" />
    <testcase classname="NSURLVideoPlayerTests" name="testVideoPlayerError" time="0.010" />
    <testcase classname="NSURLVideoPlayerTests" name="testVideoPlayerFinish" time="0.008" />
    <testcase classname="NSURLVideoPlayerTests" name="testVideoPlayerState" time="0.006" />
  </testsuite>
  <testsuite failures="0" name="SPTCENCManagerTests" tests="4">
    <testcase classname="SPTCENCManagerTests" name="testInstallUninstall" time="0.015" />
    <testcase classname="SPTCENCManagerTests" name="testKeyPrecendence" time="0.007" />
    <testcase classname="SPTCENCManagerTests" name="testKeySystemLookup" time="0.007" />
    <testcase classname="SPTCENCManagerTests" name="testPurging" time="0.008" />
  </testsuite>
  <testsuite failures="0" name="SPTMustacheTests" tests="2">
    <testcase classname="SPTMustacheTests" name="testMustache" time="0.012" />
    <testcase classname="SPTMustacheTests" name="testSingleMustache" time="0.005" />
  </testsuite>
  <testsuite failures="0" name="SPTVideoAdvanceTests" tests="4">
    <testcase classname="SPTVideoAdvanceTests" name="testDoubleUnknown" time="0.005" />
    <testcase classname="SPTVideoAdvanceTests" name="testFinished" time="0.005" />
    <testcase classname="SPTVideoAdvanceTests" name="testUnplayable" time="0.005" />
    <testcase classname="SPTVideoAdvanceTests" name="testUnplayableUnknown" time="0.005" />
  </testsuite>
  <testsuite failures="0" name="SPTVideoCDNLoggerTests" tests="22">
    <testcase classname="SPTVideoCDNLoggerTests" name="testVideoCDNAvailableCdns" time="0.007" />
    <testcase classname="SPTVideoCDNLoggerTests" name="testVideoCDNBody" time="0.006" />
    <testcase classname="SPTVideoCDNLoggerTests" name="testVideoCDNCDNHost" time="0.006" />
    <testcase classname="SPTVideoCDNLoggerTests" name="testVideoCDNNoRequstType" time="0.007" />
    <testcase classname="SPTVideoCDNLoggerTests" name="testVideoCDNPlaylistPlaybackId" time="0.007" />
    <testcase classname="SPTVideoCDNLoggerTests" name="testVideoCDNRequestId" time="0.006" />
    <testcase classname="SPTVideoCDNLoggerTests" name="testVideoCDNRequestTime" time="0.006" />
    <testcase classname="SPTVideoCDNLoggerTests" name="testVideoCDNRequestTypePlaylist" time="0.006" />
    <testcase classname="SPTVideoCDNLoggerTests" name="testVideoCDNRequestTypeSegment" time="0.006" />
    <testcase classname="SPTVideoCDNLoggerTests" name="testVideoCDNSampling0WithNoPid" time="0.005" />
    <testcase classname="SPTVideoCDNLoggerTests" name="testVideoCDNSampling0WithPid" time="0.006" />
    <testcase classname="SPTVideoCDNLoggerTests" name="testVideoCDNSampling1WithNoPid" time="0.006" />
    <testcase classname="SPTVideoCDNLoggerTests" name="testVideoCDNSampling1WithPid" time="0.007" />
    <testcase classname="SPTVideoCDNLoggerTests" name="testVideoCDNSegmentPlaybackId" time="0.006" />
    <testcase classname="SPTVideoCDNLoggerTests" name="testVideoCDNSourceIdentifierNotVideo" time="0.005" />
    <testcase classname="SPTVideoCDNLoggerTests" name="testVideoCDNStatus" time="0.006" />
    <testcase classname="SPTVideoCDNLoggerTests" name="testVideoCDNURI" time="0.006" />
    <testcase classname="SPTVideoCDNLoggerTests" name="testVideoCDNUserAgent" time="0.007" />
    <testcase classname="SPTVideoCDNLoggerTests" name="testVideoCDNVerb" time="0.006" />
    <testcase classname="SPTVideoCDNLoggerTests" name="testVideoCDNVersion" time="0.006" />
    <testcase classname="SPTVideoCDNLoggerTests" name="testVideoCDNXCache" time="0.006" />
    <testcase classname="SPTVideoCDNLoggerTests" name="testVideoCDNXCacheHits" time="0.006" />
  </testsuite>
  <testsuite failures="0" name="SPTVideoCDNSelectorTests" tests="4">
    <testcase classname="SPTVideoCDNSelectorTests" name="testFailCDNMaxBackOff" time="0.011" />
    <testcase classname="SPTVideoCDNSelectorTests" name="testFailCDNMaxCDNRecovery" time="0.006" />
    <testcase classname="SPTVideoCDNSelectorTests" name="testFailCDNRetry" time="0.025" />
    <testcase classname="SPTVideoCDNSelectorTests" name="testFailOverAfterTwoFailures" time="0.005" />
  </testsuite>
  <testsuite failures="0" name="SPTVideoFeatureImplementationsTests" tests="2">
    <testcase classname="SPTVideoFeatureImplementationsTests" name="testSanity" time="0.006" />
    <testcase classname="SPTVideoFeatureImplementationsTests" name="testVideoFeatureProvides" time="0.028" />
  </testsuite>
  <testsuite failures="0" name="SPTVideoFlatResourceLoaderTests" tests="7">
    <testcase classname="SPTVideoFlatResourceLoaderTests" name="testInitialAssetURL" time="0.005" />
    <testcase classname="SPTVideoFlatResourceLoaderTests" name="testProcessedAssetURL_MultipleVideoBitrateHigh" time="0.006" />
    <testcase classname="SPTVideoFlatResourceLoaderTests" name="testProcessedAssetURL_MultipleVideoBitrateLow" time="0.006" />
    <testcase classname="SPTVideoFlatResourceLoaderTests" name="testProcessedAssetURL_MultipleVideoBitrateMatch" time="0.006" />
    <testcase classname="SPTVideoFlatResourceLoaderTests" name="testProcessedAssetURL_NoValidMedia" time="0.005" />
    <testcase classname="SPTVideoFlatResourceLoaderTests" name="testProcessedAssetURL_SingleVideo" time="0.005" />
    <testcase classname="SPTVideoFlatResourceLoaderTests" name="testProcessedAssetURL_Unavailable" time="0.005" />
  </testsuite>
  <testsuite failures="0" name="SPTVideoFunctionsTests" tests="4">
    <testcase classname="SPTVideoFunctionsTests" name="testCMTimeToFloat" time="0.004" />
    <testcase classname="SPTVideoFunctionsTests" name="testFloatToCMTime" time="0.004" />
    <testcase classname="SPTVideoFunctionsTests" name="testStringToSurfaceGravity" time="0.004" />
    <testcase classname="SPTVideoFunctionsTests" name="testSurfaceGravityToString" time="0.004" />
  </testsuite>
  <testsuite failures="0" name="SPTVideoHLSResourceLoaderTests" tests="9">
    <testcase classname="SPTVideoHLSResourceLoaderTests" name="testAssetLoaderBadCustomURL" time="0.008" />
    <testcase classname="SPTVideoHLSResourceLoaderTests" name="testAssetLoaderMasterManifest400kFirstSuccess" time="0.015" />
    <testcase classname="SPTVideoHLSResourceLoaderTests" name="testAssetLoaderMasterManifest600kFirstSuccess" time="0.009" />
    <testcase classname="SPTVideoHLSResourceLoaderTests" name="testAssetLoaderMasterManifestSuccess" time="0.006" />
    <testcase classname="SPTVideoHLSResourceLoaderTests" name="testAssetLoaderNonCustomURL" time="0.007" />
    <testcase classname="SPTVideoHLSResourceLoaderTests" name="testAssetLoaderProfileManifestSuccess" time="0.007" />
    <testcase classname="SPTVideoHLSResourceLoaderTests" name="testInitialState" time="0.007" />
    <testcase classname="SPTVideoHLSResourceLoaderTests" name="testSegmentProxy" time="0.007" />
    <testcase classname="SPTVideoHLSResourceLoaderTests" name="testSegmentURLRewriting" time="0.007" />
  </testsuite>
  <testsuite failures="0" name="SPTVideoKeyframeLoaderTests" tests="8">
    <testcase classname="SPTVideoKeyframeLoaderTests" name="testBadSize" time="0.005" />
    <testcase classname="SPTVideoKeyframeLoaderTests" name="testBadTimestamp" time="0.005" />
    <testcase classname="SPTVideoKeyframeLoaderTests" name="testBadVideoID" time="0.005" />
    <testcase classname="SPTVideoKeyframeLoaderTests" name="testDispatchToMainThread" time="0.005" />
    <testcase classname="SPTVideoKeyframeLoaderTests" name="testFailure" time="0.008" />
    <testcase classname="SPTVideoKeyframeLoaderTests" name="testSizeSelection" time="0.015" />
    <testcase classname="SPTVideoKeyframeLoaderTests" name="testSuccess" time="0.006" />
    <testcase classname="SPTVideoKeyframeLoaderTests" name="testTimestampRounding" time="0.006" />
  </testsuite>
  <testsuite failures="0" name="SPTVideoLoggerTests" tests="58">
    <testcase classname="SPTVideoLoggerTests" name="testEndVideoField_Audiocodec_muxed" time="0.012" />
    <testcase classname="SPTVideoLoggerTests" name="testEndVideoField_Audiocodec_unmuxed" time="0.012" />
    <testcase classname="SPTVideoLoggerTests" name="testEndVideoField_BackgroundTime" time="0.010" />
    <testcase classname="SPTVideoLoggerTests" name="testEndVideoField_ConnectionTypeEnd" time="0.007" />
    <testcase classname="SPTVideoLoggerTests" name="testEndVideoField_ConnectionTypeStart" time="0.006" />
    <testcase classname="SPTVideoLoggerTests" name="testEndVideoField_FeatureIdentifier" time="0.006" />
    <testcase classname="SPTVideoLoggerTests" name="testEndVideoField_FeatureVersion" time="0.006" />
    <testcase classname="SPTVideoLoggerTests" name="testEndVideoField_FileId" time="0.005" />
    <testcase classname="SPTVideoLoggerTests" name="testEndVideoField_FullScreen" time="0.005" />
    <testcase classname="SPTVideoLoggerTests" name="testEndVideoField_FullscreenTime" time="0.009" />
    <testcase classname="SPTVideoLoggerTests" name="testEndVideoField_GaiaDevId" time="0.008" />
    <testcase classname="SPTVideoLoggerTests" name="testEndVideoField_IncognitoMode_Off" time="0.006" />
    <testcase classname="SPTVideoLoggerTests" name="testEndVideoField_IncognitoMode_On" time="0.005" />
    <testcase classname="SPTVideoLoggerTests" name="testEndVideoField_KeySystem_highestLatencyWins" time="0.006" />
    <testcase classname="SPTVideoLoggerTests" name="testEndVideoField_KeySystem_unknown" time="0.005" />
    <testcase classname="SPTVideoLoggerTests" name="testEndVideoField_KeySystem_widevine" time="0.005" />
    <testcase classname="SPTVideoLoggerTests" name="testEndVideoField_Live" time="0.006" />
    <testcase classname="SPTVideoLoggerTests" name="testEndVideoField_LocalTimeMs" time="0.008" />
    <testcase classname="SPTVideoLoggerTests" name="testEndVideoField_MaxContinous" time="0.038" />
    <testcase classname="SPTVideoLoggerTests" name="testEndVideoField_MsInitialBuffering" time="0.009" />
    <testcase classname="SPTVideoLoggerTests" name="testEndVideoField_MsKeyLatency" time="0.006" />
    <testcase classname="SPTVideoLoggerTests" name="testEndVideoField_MsLatency" time="0.009" />
    <testcase classname="SPTVideoLoggerTests" name="testEndVideoField_MsManifestLatency" time="0.006" />
    <testcase classname="SPTVideoLoggerTests" name="testEndVideoField_MsPlayed" time="0.029" />
    <testcase classname="SPTVideoLoggerTests" name="testEndVideoField_MsSeekRebuffering_MaxMsSeekRebuffering" time="0.009" />
    <testcase classname="SPTVideoLoggerTests" name="testEndVideoField_MsStalled_MaxMsStalled" time="0.009" />
    <testcase classname="SPTVideoLoggerTests" name="testEndVideoField_MsTotalEst" time="0.006" />
    <testcase classname="SPTVideoLoggerTests" name="testEndVideoField_NSeekback_MsSeekback_NSeekfwd_MsSeekfwd" time="0.006" />
    <testcase classname="SPTVideoLoggerTests" name="testEndVideoField_NStalls" time="0.030" />
    <testcase classname="SPTVideoLoggerTests" name="testEndVideoField_PlaybackId" time="0.006" />
    <testcase classname="SPTVideoLoggerTests" name="testEndVideoField_PlayContext" time="0.006" />
    <testcase classname="SPTVideoLoggerTests" name="testEndVideoField_PlayTrack" time="0.006" />
    <testcase classname="SPTVideoLoggerTests" name="testEndVideoField_PrefetchedBytes" time="0.005" />
    <testcase classname="SPTVideoLoggerTests" name="testEndVideoField_PrefetchedBytesLoaded" time="0.005" />
    <testcase classname="SPTVideoLoggerTests" name="testEndVideoField_Provider" time="0.006" />
    <testcase classname="SPTVideoLoggerTests" name="testEndVideoField_ReasonAppload" time="0.010" />
    <testcase classname="SPTVideoLoggerTests" name="testEndVideoField_ReasonApploadMsPlayed" time="0.010" />
    <testcase classname="SPTVideoLoggerTests" name="testEndVideoField_ReasonEnd" time="0.006" />
    <testcase classname="SPTVideoLoggerTests" name="testEndVideoField_Referrer" time="0.006" />
    <testcase classname="SPTVideoLoggerTests" name="testEndVideoField_ReferrerVendor" time="0.005" />
    <testcase classname="SPTVideoLoggerTests" name="testEndVideoField_ReferrerVersion" time="0.006" />
    <testcase classname="SPTVideoLoggerTests" name="testEndVideoField_SequenceNumber" time="0.006" />
    <testcase classname="SPTVideoLoggerTests" name="testEndVideoField_Shuffle_Off" time="0.006" />
    <testcase classname="SPTVideoLoggerTests" name="testEndVideoField_Shuffle_On" time="0.005" />
    <testcase classname="SPTVideoLoggerTests" name="testEndVideoField_StartBitrate" time="0.024" />
    <testcase classname="SPTVideoLoggerTests" name="testEndVideoField_StartOffsetMs" time="0.006" />
    <testcase classname="SPTVideoLoggerTests" name="testEndVideoField_StreamingRule" time="0.005" />
    <testcase classname="SPTVideoLoggerTests" name="testEndVideoField_TimeWeightedBitrate" time="0.031" />
    <testcase classname="SPTVideoLoggerTests" name="testEndVideoField_TotalBytes" time="0.031" />
    <testcase classname="SPTVideoLoggerTests" name="testEndVideoField_UiLatency" time="0.013" />
    <testcase classname="SPTVideoLoggerTests" name="testEndVideoField_UnionPlayed" time="0.029" />
    <testcase classname="SPTVideoLoggerTests" name="testEndVideoField_Videocodec" time="0.021" />
    <testcase classname="SPTVideoLoggerTests" name="testEndVideoField_ViewUri" time="0.006" />
    <testcase classname="SPTVideoLoggerTests" name="testFatalErrorMessage" time="0.009" />
    <testcase classname="SPTVideoLoggerTests" name="testLogPendingMessages_NumberOfUpdates" time="0.036" />
    <testcase classname="SPTVideoLoggerTests" name="testSendsAccessLogMessages" time="0.029" />
    <testcase classname="SPTVideoLoggerTests" name="testSendsAccessLogRemoveDuplicates" time="0.015" />
    <testcase classname="SPTVideoLoggerTests" name="testSendsErrorLogMessages" time="0.013" />
  </testsuite>
  <testsuite failures="0" name="SPTVideoManifestFetchOperationTests" tests="16">
    <testcase classname="SPTVideoManifestFetchOperationTests" name="testFetchManifestDataLoaderCatalogueRestricted" time="0.010" />
    <testcase classname="SPTVideoManifestFetchOperationTests" name="testFetchManifestDataLoaderCatalogueUnknwonError" time="0.007" />
    <testcase classname="SPTVideoManifestFetchOperationTests" name="testFetchManifestDataLoaderCountryRestricted" time="0.008" />
    <testcase classname="SPTVideoManifestFetchOperationTests" name="testFetchManifestDataLoaderError" time="0.007" />
    <testcase classname="SPTVideoManifestFetchOperationTests" name="testFetchManifestDataLoaderGeoError" time="0.008" />
    <testcase classname="SPTVideoManifestFetchOperationTests" name="testFetchManifestDataLoaderRetry500Errors" time="0.007" />
    <testcase classname="SPTVideoManifestFetchOperationTests" name="testFetchManifestDataLoaderUnavailable" time="0.009" />
    <testcase classname="SPTVideoManifestFetchOperationTests" name="testFetchManifestDataLoaderUnsupportedPlatform" time="0.008" />
    <testcase classname="SPTVideoManifestFetchOperationTests" name="testFetchManifestDataLoaderUpgradeClient" time="0.008" />
    <testcase classname="SPTVideoManifestFetchOperationTests" name="testFetchManifestFailure" time="0.007" />
    <testcase classname="SPTVideoManifestFetchOperationTests" name="testFetchManifestSuccess" time="0.008" />
    <testcase classname="SPTVideoManifestFetchOperationTests" name="testPerformRequestAndStoreInCache" time="0.008" />
    <testcase classname="SPTVideoManifestFetchOperationTests" name="testPerformRequestWithNoCachingHeaders" time="0.008" />
    <testcase classname="SPTVideoManifestFetchOperationTests" name="testReturnedValidDataFromCache" time="0.007" />
    <testcase classname="SPTVideoManifestFetchOperationTests" name="testSubtaskCompletion" time="0.007" />
    <testcase classname="SPTVideoManifestFetchOperationTests" name="testSubtaskFailure" time="0.006" />
  </testsuite>
  <testsuite failures="0" name="SPTVideoManifestServiceTests" tests="7">
    <testcase classname="SPTVideoManifestServiceTests" name="testCachedDataPerformsNoRequest" time="0.008" />
    <testcase classname="SPTVideoManifestServiceTests" name="testFetchManifestFailure" time="0.008" />
    <testcase classname="SPTVideoManifestServiceTests" name="testFetchManifestSuccess" time="0.009" />
    <testcase classname="SPTVideoManifestServiceTests" name="testMultipleLoadsDontSendMultipleRequests" time="0.007" />
    <testcase classname="SPTVideoManifestServiceTests" name="testPruneCache" time="0.008" />
    <testcase classname="SPTVideoManifestServiceTests" name="testRemoveFromCache" time="0.006" />
    <testcase classname="SPTVideoManifestServiceTests" name="testSingleCancellationDoesNotCancelMultipleRequests" time="0.007" />
  </testsuite>
  <testsuite failures="0" name="SPTVideoManifestTests" tests="4">
    <testcase classname="SPTVideoManifestTests" name="testInvalidJSON" time="0.004" />
    <testcase classname="SPTVideoManifestTests" name="testManifestData" time="0.004" />
    <testcase classname="SPTVideoManifestTests" name="testMissingBrokenContent" time="0.005" />
    <testcase classname="SPTVideoManifestTests" name="testMissingParameters" time="0.004" />
  </testsuite>
  <testsuite failures="0" name="SPTVideoPlaybackCoordinatorTests" tests="20">
    <testcase classname="SPTVideoPlaybackCoordinatorTests" name="testAppBackgroundedAllowsAdStart" time="0.012" />
    <testcase classname="SPTVideoPlaybackCoordinatorTests" name="testAppBackgroundedPreventsTrackStart" time="0.010" />
    <testcase classname="SPTVideoPlaybackCoordinatorTests" name="testDriverDistractionChangeSkipsCurrentlyPlayingVideo" time="0.009" />
    <testcase classname="SPTVideoPlaybackCoordinatorTests" name="testDriverDistractionPreventsTrackStart" time="0.006" />
    <testcase classname="SPTVideoPlaybackCoordinatorTests" name="testErrorFromDelegate" time="0.009" />
    <testcase classname="SPTVideoPlaybackCoordinatorTests" name="testErrorUnrecoverableGenerateTrackError" time="0.007" />
    <testcase classname="SPTVideoPlaybackCoordinatorTests" name="testFailureFromDelegate" time="0.006" />
    <testcase classname="SPTVideoPlaybackCoordinatorTests" name="testFinishedFromDelegate" time="0.007" />
    <testcase classname="SPTVideoPlaybackCoordinatorTests" name="testNoResumeOnActiveIfAlreadyPaused" time="0.007" />
    <testcase classname="SPTVideoPlaybackCoordinatorTests" name="testPauseResume" time="0.007" />
    <testcase classname="SPTVideoPlaybackCoordinatorTests" name="testPrefetchTracks" time="0.007" />
    <testcase classname="SPTVideoPlaybackCoordinatorTests" name="testResumeOnActive" time="0.006" />
    <testcase classname="SPTVideoPlaybackCoordinatorTests" name="testSeekTo" time="0.006" />
    <testcase classname="SPTVideoPlaybackCoordinatorTests" name="testSetBackgroundContinuesToPlayForAd" time="0.006" />
    <testcase classname="SPTVideoPlaybackCoordinatorTests" name="testSetBackgroundPausesAndDoesntResume" time="0.007" />
    <testcase classname="SPTVideoPlaybackCoordinatorTests" name="testStart" time="0.006" />
    <testcase classname="SPTVideoPlaybackCoordinatorTests" name="testStateChangeFromDelegate" time="0.007" />
    <testcase classname="SPTVideoPlaybackCoordinatorTests" name="testStop" time="0.009" />
    <testcase classname="SPTVideoPlaybackCoordinatorTests" name="testSubscribe" time="0.008" />
    <testcase classname="SPTVideoPlaybackCoordinatorTests" name="testUnsubscribe" time="0.006" />
  </testsuite>
  <testsuite failures="0" name="SPTVideoPlaybackSessionFactoryTests" tests="3">
    <testcase classname="SPTVideoPlaybackSessionFactoryTests" name="testCreateNil" time="0.007" />
    <testcase classname="SPTVideoPlaybackSessionFactoryTests" name="testCreateWithFlatResource" time="0.007" />
    <testcase classname="SPTVideoPlaybackSessionFactoryTests" name="testCreateWithHLSResource" time="0.008" />
  </testsuite>
  <testsuite failures="0" name="SPTVideoPlaybackSessionTests" tests="18">
    <testcase classname="SPTVideoPlaybackSessionTests" name="testDeferredLogic" time="0.007" />
    <testcase classname="SPTVideoPlaybackSessionTests" name="testLoadingMediaManifest" time="0.027" />
    <testcase classname="SPTVideoPlaybackSessionTests" name="testNonDeferredLoad" time="0.006" />
    <testcase classname="SPTVideoPlaybackSessionTests" name="testNoValidTrack" time="0.006" />
    <testcase classname="SPTVideoPlaybackSessionTests" name="testOfflineResuming" time="0.009" />
    <testcase classname="SPTVideoPlaybackSessionTests" name="testPendingLogIsTriggerdBySyncronize" time="0.008" />
    <testcase classname="SPTVideoPlaybackSessionTests" name="testPendingLogIsTriggered" time="0.011" />
    <testcase classname="SPTVideoPlaybackSessionTests" name="testPeriodicTimeObserver" time="0.009" />
    <testcase classname="SPTVideoPlaybackSessionTests" name="testPlayedToEnd" time="0.009" />
    <testcase classname="SPTVideoPlaybackSessionTests" name="testSeek" time="0.009" />
    <testcase classname="SPTVideoPlaybackSessionTests" name="testStallAndRecovery" time="0.010" />
    <testcase classname="SPTVideoPlaybackSessionTests" name="testStartPaused" time="0.008" />
    <testcase classname="SPTVideoPlaybackSessionTests" name="testStartPlaying" time="0.010" />
    <testcase classname="SPTVideoPlaybackSessionTests" name="testStartPreseeked" time="0.009" />
    <testcase classname="SPTVideoPlaybackSessionTests" name="testUnloadSendsLogMessage" time="0.009" />
    <testcase classname="SPTVideoPlaybackSessionTests" name="testUnpausedDeferredLoadSkipsDefermentLogic" time="0.006" />
    <testcase classname="SPTVideoPlaybackSessionTests" name="testUpdatePlayerSource" time="0.009" />
    <testcase classname="SPTVideoPlaybackSessionTests" name="testUpdatePlayerSourceFailOn2Updates" time="0.012" />
  </testsuite>
  <testsuite failures="0" name="SPTVideoPlaybackStateTests" tests="5">
    <testcase classname="SPTVideoPlaybackStateTests" name="testNearEquality" time="0.005" />
    <testcase classname="SPTVideoPlaybackStateTests" name="testNearEqualityWithDelta" time="0.005" />
    <testcase classname="SPTVideoPlaybackStateTests" name="testNearInEqualityWithDelta" time="0.004" />
    <testcase classname="SPTVideoPlaybackStateTests" name="testSerializedWithAllFields" time="0.004" />
    <testcase classname="SPTVideoPlaybackStateTests" name="testSerializedWithNaNFields" time="0.005" />
  </testsuite>
  <testsuite failures="0" name="SPTVideoPreferencesTests" tests="2">
    <testcase classname="SPTVideoPreferencesTests" name="testSanity" time="0.006" />
    <testcase classname="SPTVideoPreferencesTests" name="testSanityABBitrate" time="0.006" />
  </testsuite>
  <testsuite failures="0" name="SPTVideoSegmentProxyTests" tests="8">
    <testcase classname="SPTVideoSegmentProxyTests" name="testBackgroundAndForegroundStopsAndStartsServer" time="0.006" />
    <testcase classname="SPTVideoSegmentProxyTests" name="testCreateSession" time="0.006" />
    <testcase classname="SPTVideoSegmentProxyTests" name="testGettingDataFromProxyNoTransmuxer" time="0.054" />
    <testcase classname="SPTVideoSegmentProxyTests" name="testGettingDataFromProxyNoTransmuxerError" time="0.013" />
    <testcase classname="SPTVideoSegmentProxyTests" name="testGettingDataFromProxyWithMultipleCDN" time="0.015" />
    <testcase classname="SPTVideoSegmentProxyTests" name="testGettingDataFromProxyWithTransmuxer" time="0.013" />
    <testcase classname="SPTVideoSegmentProxyTests" name="testGettingDataFromProxyWithTransmuxerAndFail" time="0.024" />
    <testcase classname="SPTVideoSegmentProxyTests" name="testStartStopServer" time="0.005" />
  </testsuite>
  <testsuite failures="0" name="SPTVideoStartCommandTests" tests="10">
    <testcase classname="SPTVideoStartCommandTests" name="testCommandInitatedAt" time="0.005" />
    <testcase classname="SPTVideoStartCommandTests" name="testCommandReceivedAt" time="0.004" />
    <testcase classname="SPTVideoStartCommandTests" name="testFuture" time="0.005" />
    <testcase classname="SPTVideoStartCommandTests" name="testPaused" time="0.005" />
    <testcase classname="SPTVideoStartCommandTests" name="testPlayerOptions" time="0.004" />
    <testcase classname="SPTVideoStartCommandTests" name="testPosition" time="0.004" />
    <testcase classname="SPTVideoStartCommandTests" name="testSerialization" time="0.004" />
    <testcase classname="SPTVideoStartCommandTests" name="testStartReason" time="0.004" />
    <testcase classname="SPTVideoStartCommandTests" name="testSystemInitiated" time="0.004" />
    <testcase classname="SPTVideoStartCommandTests" name="testTrack" time="0.005" />
  </testsuite>
  <testsuite failures="0" name="SPTVideoSurfaceManagerImplTAInterfaceTests" tests="1">
    <testcase classname="SPTVideoSurfaceManagerImplTAInterfaceTests" name="testSTACurrentContext" time="0.009" />
  </testsuite>
  <testsuite failures="0" name="SPTVideoSurfaceManagerImplTests" tests="8">
    <testcase classname="SPTVideoSurfaceManagerImplTests" name="testBackgroundingAndForegroundingAd" time="0.029" />
    <testcase classname="SPTVideoSurfaceManagerImplTests" name="testCreateAttachedSurfaceCount" time="0.013" />
    <testcase classname="SPTVideoSurfaceManagerImplTests" name="testCreateSurface" time="0.010" />
    <testcase classname="SPTVideoSurfaceManagerImplTests" name="testFullscreen" time="0.009" />
    <testcase classname="SPTVideoSurfaceManagerImplTests" name="testObtainView" time="0.009" />
    <testcase classname="SPTVideoSurfaceManagerImplTests" name="testPlayerSourceUpdate" time="0.009" />
    <testcase classname="SPTVideoSurfaceManagerImplTests" name="testRefreshSurfaces" time="0.009" />
    <testcase classname="SPTVideoSurfaceManagerImplTests" name="testSanity" time="0.006" />
  </testsuite>
  <testsuite failures="0" name="SPTVideoSurfaceTests" tests="15">
    <testcase classname="SPTVideoSurfaceTests" name="testAddingAndRemovingSurfaceExecutesCallbacks" time="0.022" />
    <testcase classname="SPTVideoSurfaceTests" name="testAttachedStateCallbacks" time="0.015" />
    <testcase classname="SPTVideoSurfaceTests" name="testEligibilityWhenAddedAndRemovedViewHierarchy" time="0.010" />
    <testcase classname="SPTVideoSurfaceTests" name="testEligibilityWhenDisabled" time="0.009" />
    <testcase classname="SPTVideoSurfaceTests" name="testEligibilityWhenEnabled" time="0.007" />
    <testcase classname="SPTVideoSurfaceTests" name="testEligibilityWhenSizeBecomesNonzero" time="0.006" />
    <testcase classname="SPTVideoSurfaceTests" name="testEligibilityWhenSizeBecomesZero" time="0.006" />
    <testcase classname="SPTVideoSurfaceTests" name="testEnablingAndDisablingSurfaceExecutesCallbacks" time="0.018" />
    <testcase classname="SPTVideoSurfaceTests" name="testShouldDisplayReceivesCorrectTrack" time="0.015" />
    <testcase classname="SPTVideoSurfaceTests" name="testSizeChangeCallbacks" time="0.017" />
    <testcase classname="SPTVideoSurfaceTests" name="testTestFrameworkSanity" time="0.015" />
    <testcase classname="SPTVideoSurfaceTests" name="testUnloadingVideoDetachesVideo" time="0.016" />
    <testcase classname="SPTVideoSurfaceTests" name="testVideoRectChangeCallback" time="0.016" />
    <testcase classname="SPTVideoSurfaceTests" name="testVideoSnapshot" time="0.016" />
    <testcase classname="SPTVideoSurfaceTests" name="testWillDisplayDelegateMethodExecutesCallbacks" time="0.016" />
  </testsuite>
  <testsuite failures="0" name="SPTVideoSurfaceThumnailViewControllerTests" tests="5">
    <testcase classname="SPTVideoSurfaceThumnailViewControllerTests" name="testManifestUpdateClearsImage" time="0.919" />
    <testcase classname="SPTVideoSurfaceThumnailViewControllerTests" name="testSanity" time="0.056" />
    <testcase classname="SPTVideoSurfaceThumnailViewControllerTests" name="testThumbPosition" time="0.047" />
    <testcase classname="SPTVideoSurfaceThumnailViewControllerTests" name="testThumbPositionDontMove" time="0.053" />
    <testcase classname="SPTVideoSurfaceThumnailViewControllerTests" name="testTimePosition" time="0.063" />
  </testsuite>
  <testsuite failures="0" name="SPTVideoTrackTests" tests="5">
    <testcase classname="SPTVideoTrackTests" name="testContextURI" time="0.011" />
    <testcase classname="SPTVideoTrackTests" name="testOrigin" time="0.009" />
    <testcase classname="SPTVideoTrackTests" name="testPlaybackID" time="0.006" />
    <testcase classname="SPTVideoTrackTests" name="testSerialization" time="0.007" />
    <testcase classname="SPTVideoTrackTests" name="testTrack" time="0.006" />
  </testsuite>
  <testsuite failures="0" name="NSArrayClosestNumberTest" tests="4">
    <testcase classname="NSArrayClosestNumberTest" name="testFiveClosestToFive" time="0.012" />
    <testcase classname="NSArrayClosestNumberTest" name="testFiveClosestToThree" time="0.009" />
    <testcase classname="NSArrayClosestNumberTest" name="testNumberAboveMaximumResultsInMaximumClosestNumber" time="0.009" />
    <testcase classname="NSArrayClosestNumberTest" name="testZeroClosestToTwo" time="0.007" />
  </testsuite>
  <testsuite failures="0" name="NSDictionaryKeySortingTest" tests="4">
    <testcase classname="NSDictionaryKeySortingTest" name="testDictionaryWithNonComparableKeys" time="0.008" />
    <testcase classname="NSDictionaryKeySortingTest" name="testObjectForClosestKeyWithNonComparableKey" time="0.009" />
    <testcase classname="NSDictionaryKeySortingTest" name="testThing1ClosestObjectForNineteen" time="0.010" />
    <testcase classname="NSDictionaryKeySortingTest" name="testThing1ClosestObjectForNineteenString" time="0.009" />
  </testsuite>
  <testsuite failures="0" name="NSURLRTTBViewTest" tests="12">
    <testcase classname="NSURLRTTBViewTest" name="testIsRunningCategoriesViewURLWithNonRunningCategoriesViewURL" time="0.009" />
    <testcase classname="NSURLRTTBViewTest" name="testIsRunningCategoriesViewURLWithRunningCategoriesViewURL" time="0.008" />
    <testcase classname="NSURLRTTBViewTest" name="testIsRunningContentViewURLWithNonRunningContentViewURL" time="0.009" />
    <testcase classname="NSURLRTTBViewTest" name="testIsRunningContentViewURLWithRunningContentViewURL" time="0.013" />
    <testcase classname="NSURLRTTBViewTest" name="testNilWithUserLink" time="0.008" />
    <testcase classname="NSURLRTTBViewTest" name="testRTTBBlockNameWithNonRunningContentViewURL" time="0.006" />
    <testcase classname="NSURLRTTBViewTest" name="testRTTBBlockNameWithRunningContentViewURL" time="0.009" />
    <testcase classname="NSURLRTTBViewTest" name="testRTTBContentTypeWithNonRunningContentViewURL" time="0.009" />
    <testcase classname="NSURLRTTBViewTest" name="testRTTBContentTypeWithRunningContentViewURL" time="0.005" />
    <testcase classname="NSURLRTTBViewTest" name="testURLForCategoriesViewWithValidUsername" time="0.005" />
    <testcase classname="NSURLRTTBViewTest" name="testURLForContentViewWithValidContentTypeBlockNameAndUsername" time="0.005" />
    <testcase classname="NSURLRTTBViewTest" name="testURLWithValidPlaylistLink" time="0.005" />
  </testsuite>
  <testsuite failures="0" name="RunningURLTests" tests="35">
    <testcase classname="RunningURLTests" name="testBackwardCompatibleCategoryRunningURL" time="0.006" />
    <testcase classname="RunningURLTests" name="testBackwardCompatibleOriginalContentRunningURL" time="0.004" />
    <testcase classname="RunningURLTests" name="testIsNotRunningSpotifyURL" time="0.005" />
    <testcase classname="RunningURLTests" name="testIsRunningCategoryMVPURLWithRunningCategoryMVPURL" time="0.005" />
    <testcase classname="RunningURLTests" name="testIsRunningCategoryURLWithPlaylistURL" time="0.004" />
    <testcase classname="RunningURLTests" name="testIsRunningCategoryURLWithRunningCategoryURL" time="0.005" />
    <testcase classname="RunningURLTests" name="testIsRunningCategoryURLWithTrackURL" time="0.006" />
    <testcase classname="RunningURLTests" name="testIsRunningSetupManualURL" time="0.005" />
    <testcase classname="RunningURLTests" name="testIsRunningSetupManualURLWithInvalidURL" time="0.004" />
    <testcase classname="RunningURLTests" name="testIsRunningSetupURL" time="0.004" />
    <testcase classname="RunningURLTests" name="testIsRunningSetupURLWithInvalidContentType" time="0.004" />
    <testcase classname="RunningURLTests" name="testIsRunningSetupURLWithInvalidURL" time="0.004" />
    <testcase classname="RunningURLTests" name="testIsRunningSpotifyURL" time="0.005" />
    <testcase classname="RunningURLTests" name="testMVPCategoriesViewURL" time="0.004" />
    <testcase classname="RunningURLTests" name="testRunningBlockNameWithInvalidRunningURL" time="0.004" />
    <testcase classname="RunningURLTests" name="testRunningBlockNameWithInvalidURL" time="0.005" />
    <testcase classname="RunningURLTests" name="testRunningBlockNameWithRTTBURL" time="0.005" />
    <testcase classname="RunningURLTests" name="testRunningBlockNameWithRunningContentViewURL" time="0.005" />
    <testcase classname="RunningURLTests" name="testRunningContentTypeWithInvalidURL" time="0.006" />
    <testcase classname="RunningURLTests" name="testRunningContentTypeWithRTTBURL" time="0.004" />
    <testcase classname="RunningURLTests" name="testRunningContentTypeWithRunningContentViewURL" time="0.004" />
    <testcase classname="RunningURLTests" name="testRunningContentView" time="0.004" />
    <testcase classname="RunningURLTests" name="testRunningFeatureURL" time="0.004" />
    <testcase classname="RunningURLTests" name="testRunningOnboardingVideoContextURL" time="0.004" />
    <testcase classname="RunningURLTests" name="testRunningOriginalContentURL" time="0.004" />
    <testcase classname="RunningURLTests" name="testRunningPartnerFeatureRL" time="0.004" />
    <testcase classname="RunningURLTests" name="testRunningPartnersNowPlayingURL" time="0.004" />
    <testcase classname="RunningURLTests" name="testRunningReducedSetupViewURLFunctionality" time="0.004" />
    <testcase classname="RunningURLTests" name="testRunningSetupImageCacheURL" time="0.004" />
    <testcase classname="RunningURLTests" name="testRunningSetupImageCacheURLWithInvalidRunningURL" time="0.004" />
    <testcase classname="RunningURLTests" name="testRunningSetupImageCacheURLWithRunningSetupImageCacheURL" time="0.004" />
    <testcase classname="RunningURLTests" name="testRunningSetupManualURL" time="0.004" />
    <testcase classname="RunningURLTests" name="testRunningSetupManualURLWithNonRunningSetupURL" time="0.006" />
    <testcase classname="RunningURLTests" name="testRunningTempo" time="0.004" />
    <testcase classname="RunningURLTests" name="testRunningTempoReturnsZeroWithNonRunningSetupViewURL" time="0.005" />
  </testsuite>
  <testsuite failures="0" name="SPTCategoriesHeaderViewControllerTest" tests="1">
    <testcase classname="SPTCategoriesHeaderViewControllerTest" name="testNotNil" time="0.005" />
  </testsuite>
  <testsuite failures="0" name="SPTRunningAudioUXCacheTest" tests="8">
    <testcase classname="SPTRunningAudioUXCacheTest" name="testCacheURLIfFileDoesExist" time="0.012" />
    <testcase classname="SPTRunningAudioUXCacheTest" name="testDataLoaderErrorResponsePerformsAnotherRequestIfMoreRequestsToPerform" time="0.006" />
    <testcase classname="SPTRunningAudioUXCacheTest" name="testDataLoaderResponseDoesNotPerformAnotherRequestIfNoMoreRequestsToPerform" time="0.004" />
    <testcase classname="SPTRunningAudioUXCacheTest" name="testDataLoaderSuccessfulResponsePerformsAnotherRequestIfMoreRequestsToPerform" time="0.006" />
    <testcase classname="SPTRunningAudioUXCacheTest" name="testGenericInit" time="0.004" />
    <testcase classname="SPTRunningAudioUXCacheTest" name="testNilCacheURLIfFileDoesNotExist" time="0.008" />
    <testcase classname="SPTRunningAudioUXCacheTest" name="testNotNil" time="0.005" />
    <testcase classname="SPTRunningAudioUXCacheTest" name="testSettingSameURLsTwiceDoesNotExecuteCachingRoutine" time="0.005" />
  </testsuite>
  <testsuite failures="0" name="SPTRunningAudioUXCancellationTokenTest" tests="3">
    <testcase classname="SPTRunningAudioUXCancellationTokenTest" name="testCancelInvokesDelegate" time="0.005" />
    <testcase classname="SPTRunningAudioUXCancellationTokenTest" name="testGenericInit" time="0.004" />
    <testcase classname="SPTRunningAudioUXCancellationTokenTest" name="testNotNil" time="0.005" />
  </testsuite>
  <testsuite failures="0" name="SPTRunningAudioUXManagerTest" tests="25">
    <testcase classname="SPTRunningAudioUXManagerTest" name="testAskForCachedURLWhenPlaying" time="0.022" />
    <testcase classname="SPTRunningAudioUXManagerTest" name="testAudioSessionControllerActivateAudioSessionOnPlayback" time="0.013" />
    <testcase classname="SPTRunningAudioUXManagerTest" name="testAudioSessionControllerDeactivateAudioSessionOnPlaybackStop" time="0.016" />
    <testcase classname="SPTRunningAudioUXManagerTest" name="testAVPlayerFailedCallback" time="0.016" />
    <testcase classname="SPTRunningAudioUXManagerTest" name="testAVPlayerFailedToReachEndCallback" time="0.019" />
    <testcase classname="SPTRunningAudioUXManagerTest" name="testCancelCallback" time="0.017" />
    <testcase classname="SPTRunningAudioUXManagerTest" name="testCompletionBlockCalledForInvalidAVPlayer" time="0.019" />
    <testcase classname="SPTRunningAudioUXManagerTest" name="testCompletionBlockCalledForNonSupportedMoment" time="0.012" />
    <testcase classname="SPTRunningAudioUXManagerTest" name="testCompletionBlockCalledForNonSupportedTempo" time="0.013" />
    <testcase classname="SPTRunningAudioUXManagerTest" name="testCompletionBlockCalledWhenOffline" time="0.013" />
    <testcase classname="SPTRunningAudioUXManagerTest" name="testCompletionBlockCallsCorrectAudioIndex" time="0.018" />
    <testcase classname="SPTRunningAudioUXManagerTest" name="testCompletionBlockNotCalledWithGenericAVPlayerNotification" time="0.016" />
    <testcase classname="SPTRunningAudioUXManagerTest" name="testInvalidateInvalidatesTimeoutTimer" time="0.017" />
    <testcase classname="SPTRunningAudioUXManagerTest" name="testIsPlayingWhenPlaying" time="0.013" />
    <testcase classname="SPTRunningAudioUXManagerTest" name="testNotNil" time="0.011" />
    <testcase classname="SPTRunningAudioUXManagerTest" name="testOfflinePreventsAudioMoment" time="0.011" />
    <testcase classname="SPTRunningAudioUXManagerTest" name="testOverrideList" time="0.016" />
    <testcase classname="SPTRunningAudioUXManagerTest" name="testPlayerStatusChangedToReadyToPlayLowersVolume" time="0.023" />
    <testcase classname="SPTRunningAudioUXManagerTest" name="testPlayerStoppedChangeHeightensVolume" time="0.018" />
    <testcase classname="SPTRunningAudioUXManagerTest" name="testPlayMomentDoesNotAddTempoInformation" time="0.015" />
    <testcase classname="SPTRunningAudioUXManagerTest" name="testPlayMomentSuccessWithValidURLs" time="0.015" />
    <testcase classname="SPTRunningAudioUXManagerTest" name="testSyncCacheSendsCorrectURLsToCache" time="0.013" />
    <testcase classname="SPTRunningAudioUXManagerTest" name="testTimeoutCallback" time="0.017" />
    <testcase classname="SPTRunningAudioUXManagerTest" name="testTimeoutTimerValidOncePlaying" time="0.016" />
    <testcase classname="SPTRunningAudioUXManagerTest" name="testUnobserveAllWhenSwitchingPlayer" time="0.017" />
  </testsuite>
  <testsuite failures="0" name="SPTRunningCategoriesModelImplementationTest" tests="28">
    <testcase classname="SPTRunningCategoriesModelImplementationTest" name="testAudioUXManagerSyncCache" time="0.011" />
    <testcase classname="SPTRunningCategoriesModelImplementationTest" name="testAutoButtonTitleLoadsFromBackend" time="0.008" />
    <testcase classname="SPTRunningCategoriesModelImplementationTest" name="testCategoryNameAtIndexInBlockIndex" time="0.008" />
    <testcase classname="SPTRunningCategoriesModelImplementationTest" name="testContextHasGaiaRestrictions" time="0.008" />
    <testcase classname="SPTRunningCategoriesModelImplementationTest" name="testContextURIInOnboardingVideoContext" time="0.007" />
    <testcase classname="SPTRunningCategoriesModelImplementationTest" name="testErrorWithDataLoaderError" time="0.006" />
    <testcase classname="SPTRunningCategoriesModelImplementationTest" name="testFillInStepTrackerVariablesFromBackend" time="0.007" />
    <testcase classname="SPTRunningCategoriesModelImplementationTest" name="testInvalidJSONResultsInError" time="0.008" />
    <testcase classname="SPTRunningCategoriesModelImplementationTest" name="testIsPlayingWhenPlaybackManagerIsPlayingTheCurrentContext" time="0.006" />
    <testcase classname="SPTRunningCategoriesModelImplementationTest" name="testLoad" time="0.006" />
    <testcase classname="SPTRunningCategoriesModelImplementationTest" name="testLocalisationManagerAddsCategoryLocalisationNames" time="0.010" />
    <testcase classname="SPTRunningCategoriesModelImplementationTest" name="testMaximumRetryCountIsThree" time="0.012" />
    <testcase classname="SPTRunningCategoriesModelImplementationTest" name="testNoErrorWithValidJSON" time="0.009" />
    <testcase classname="SPTRunningCategoriesModelImplementationTest" name="testNotNil" time="0.006" />
    <testcase classname="SPTRunningCategoriesModelImplementationTest" name="testNotPlayingOnboardingVideoIfNoOnboardingVideoExists" time="0.006" />
    <testcase classname="SPTRunningCategoriesModelImplementationTest" name="testObservePlayer" time="0.007" />
    <testcase classname="SPTRunningCategoriesModelImplementationTest" name="testOnboardingTrackRestrictsPrecedingAds" time="0.008" />
    <testcase classname="SPTRunningCategoriesModelImplementationTest" name="testParsingImageURLCorrectly" time="0.011" />
    <testcase classname="SPTRunningCategoriesModelImplementationTest" name="testPlayCategoryAtIndexWithInvalidCategoryID" time="0.009" />
    <testcase classname="SPTRunningCategoriesModelImplementationTest" name="testPlayCategoryAtIndexWithValidCategoryID" time="0.009" />
    <testcase classname="SPTRunningCategoriesModelImplementationTest" name="testPlayingOnboardingVideoSuppressesAds" time="0.008" />
    <testcase classname="SPTRunningCategoriesModelImplementationTest" name="testPlayNewContextWhenCurrentlyPlayingRemotely" time="0.009" />
    <testcase classname="SPTRunningCategoriesModelImplementationTest" name="testPlayOnboardingVideoPlaysContext" time="0.010" />
    <testcase classname="SPTRunningCategoriesModelImplementationTest" name="testRequestTimeout" time="0.006" />
    <testcase classname="SPTRunningCategoriesModelImplementationTest" name="testRunningPlaybackManagerDidStartPlaybackNotTriggeringModelDidStartPlayingIfPlaybackNotImminent" time="0.006" />
    <testcase classname="SPTRunningCategoriesModelImplementationTest" name="testRunningPlaybackManagerDidStartPlaybackTriggeringModelDidStartPlayingIfPlaybackImminent" time="0.007" />
    <testcase classname="SPTRunningCategoriesModelImplementationTest" name="testURI" time="0.007" />
    <testcase classname="SPTRunningCategoriesModelImplementationTest" name="testURIAtIndex" time="0.008" />
  </testsuite>
  <testsuite failures="0" name="SPTRunningCategoriesViewControllerTest" tests="7">
    <testcase classname="SPTRunningCategoriesViewControllerTest" name="testLogUserTapsRunningPreset" time="0.008" />
    <testcase classname="SPTRunningCategoriesViewControllerTest" name="testLogVideoOnboardingButtonTapped" time="0.008" />
    <testcase classname="SPTRunningCategoriesViewControllerTest" name="testManualOnlyModeAlwaysGoesIntoSetupView" time="0.010" />
    <testcase classname="SPTRunningCategoriesViewControllerTest" name="testModelNotHandlingItemTapIfNotCurrentlyPlaying" time="0.007" />
    <testcase classname="SPTRunningCategoriesViewControllerTest" name="testNotNil" time="0.006" />
    <testcase classname="SPTRunningCategoriesViewControllerTest" name="testTinkerbellOnboardingPlaysVideoFromModel" time="0.007" />
    <testcase classname="SPTRunningCategoriesViewControllerTest" name="testViewControllerShowsNowPlayingViewAfterStartingPlayback" time="0.012" />
  </testsuite>
  <testsuite failures="0" name="SPTRunningCategoryEntityModelTests" tests="5">
    <testcase classname="SPTRunningCategoryEntityModelTests" name="testCategoryEntityModelInitialization" time="0.005" />
    <testcase classname="SPTRunningCategoryEntityModelTests" name="testModelIntegrity" time="0.005" />
    <testcase classname="SPTRunningCategoryEntityModelTests" name="testModelIntegrityFailure" time="0.005" />
    <testcase classname="SPTRunningCategoryEntityModelTests" name="testModelRestoration" time="0.005" />
    <testcase classname="SPTRunningCategoryEntityModelTests" name="testModelRestorationFailure" time="0.005" />
  </testsuite>
  <testsuite failures="0" name="SPTRunningCategoryEntityViewControllerTests" tests="1">
    <testcase classname="SPTRunningCategoryEntityViewControllerTests" name="testCategoryEntityViewControllerInitialization" time="0.046" />
  </testsuite>
  <testsuite failures="0" name="SPTRunningFeatureImplementationTest" tests="12">
    <testcase classname="SPTRunningFeatureImplementationTest" name="testConfigureWithABBAFeature" time="0.007" />
    <testcase classname="SPTRunningFeatureImplementationTest" name="testConfigureWithAdsFeature" time="0.005" />
    <testcase classname="SPTRunningFeatureImplementationTest" name="testConfigureWithAudioTouchFeature" time="0.006" />
    <testcase classname="SPTRunningFeatureImplementationTest" name="testLoadCreatesTestManager" time="0.014" />
    <testcase classname="SPTRunningFeatureImplementationTest" name="testProvideCategoriesViewController" time="0.038" />
    <testcase classname="SPTRunningFeatureImplementationTest" name="testProvideCategoriesViewControllerTwiceGivesSameInstance" time="0.008" />
    <testcase classname="SPTRunningFeatureImplementationTest" name="testProvideCategoriesViewControllerTwiceWithUnLoadAndLoadGivesDifferentInstance" time="0.012" />
    <testcase classname="SPTRunningFeatureImplementationTest" name="testProvideLocalisationManager" time="0.005" />
    <testcase classname="SPTRunningFeatureImplementationTest" name="testProvideMVPSetupViewController" time="0.010" />
    <testcase classname="SPTRunningFeatureImplementationTest" name="testUnloadInvalidatesAudioUXManager" time="0.005" />
    <testcase classname="SPTRunningFeatureImplementationTest" name="testUnloadNilsTestManager" time="0.006" />
    <testcase classname="SPTRunningFeatureImplementationTest" name="testUnloadRemovesImageCache" time="0.005" />
  </testsuite>
  <testsuite failures="0" name="SPTRunningHubViewHandlerTests" tests="3">
    <testcase classname="SPTRunningHubViewHandlerTests" name="testAudioUXManagerMetadataAssignment" time="0.006" />
    <testcase classname="SPTRunningHubViewHandlerTests" name="testAutoButtonTitleMetadataAssignment" time="0.006" />
    <testcase classname="SPTRunningHubViewHandlerTests" name="testStepManagerMetadataAssignment" time="0.005" />
  </testsuite>
  <testsuite failures="0" name="SPTRunningHubViewURIQualifierTests" tests="2">
    <testcase classname="SPTRunningHubViewURIQualifierTests" name="testDisqualifyingSetupViewURI" time="0.004" />
    <testcase classname="SPTRunningHubViewURIQualifierTests" name="testQualifyingRootViewURI" time="0.005" />
  </testsuite>
  <testsuite failures="0" name="SPTRunningImageCacheTest" tests="4">
    <testcase classname="SPTRunningImageCacheTest" name="testImageCaching" time="0.004" />
    <testcase classname="SPTRunningImageCacheTest" name="testImageURLMapping" time="0.005" />
    <testcase classname="SPTRunningImageCacheTest" name="testImageURLMappingWithNonValidURL" time="0.006" />
    <testcase classname="SPTRunningImageCacheTest" name="testNotNil" time="0.004" />
  </testsuite>
  <testsuite failures="0" name="SPTRunningLinkNavigationCellTests" tests="3">
    <testcase classname="SPTRunningLinkNavigationCellTests" name="testSettingNavigationAction" time="0.008" />
    <testcase classname="SPTRunningLinkNavigationCellTests" name="testTitleForStateConsistency" time="0.006" />
    <testcase classname="SPTRunningLinkNavigationCellTests" name="testUsingCurrentTitle" time="0.005" />
  </testsuite>
  <testsuite failures="0" name="SPTRunningLocalisationManagerImplementationTest" tests="3">
    <testcase classname="SPTRunningLocalisationManagerImplementationTest" name="testLocalisedNameMappedToCategoryURL" time="0.007" />
    <testcase classname="SPTRunningLocalisationManagerImplementationTest" name="testQueueProgressViewErrorMessage" time="0.004" />
    <testcase classname="SPTRunningLocalisationManagerImplementationTest" name="testRecalibrationButtonTitle" time="0.004" />
  </testsuite>
  <testsuite failures="0" name="SPTRunningPartnerURLLauncherTests" tests="1">
    <testcase classname="SPTRunningPartnerURLLauncherTests" name="testLauncherInit" time="0.005" />
  </testsuite>
  <testsuite failures="0" name="SPTRunningPlaybackManagerListImplementationTest" tests="82">
    <testcase classname="SPTRunningPlaybackManagerListImplementationTest" name="testAccountForHalfTempoSongs" time="0.008" />
    <testcase classname="SPTRunningPlaybackManagerListImplementationTest" name="testAlwaysAutomaticallyPlayOnManualOnlyMode" time="0.010" />
    <testcase classname="SPTRunningPlaybackManagerListImplementationTest" name="testAudioUXMomentNewTempo" time="0.006" />
    <testcase classname="SPTRunningPlaybackManagerListImplementationTest" name="testAudioUXMomentSwitchingToAutomatic" time="0.006" />
    <testcase classname="SPTRunningPlaybackManagerListImplementationTest" name="testAudioUXMomentSwitchingToManual" time="0.006" />
    <testcase classname="SPTRunningPlaybackManagerListImplementationTest" name="testAutomaticallyChangingTempoChangesContextMetadata" time="0.009" />
    <testcase classname="SPTRunningPlaybackManagerListImplementationTest" name="testAutomaticallyChangingTempoSetsTempoToStepManager" time="0.007" />
    <testcase classname="SPTRunningPlaybackManagerListImplementationTest" name="testAveragePositionOfContextTrack" time="0.008" />
    <testcase classname="SPTRunningPlaybackManagerListImplementationTest" name="testCancelRequestWhenNewTempoArrivesBeforeOldRequestIsFulfilled" time="0.007" />
    <testcase classname="SPTRunningPlaybackManagerListImplementationTest" name="testChangeInCurrentSongReportsCurrentTempoToStepManager" time="0.007" />
    <testcase classname="SPTRunningPlaybackManagerListImplementationTest" name="testChangeShufflingToNoChangesContext" time="0.009" />
    <testcase classname="SPTRunningPlaybackManagerListImplementationTest" name="testChangeToAutomaticallyChangingTempoChangesContextMetadata" time="0.008" />
    <testcase classname="SPTRunningPlaybackManagerListImplementationTest" name="testChangingCurrentContextSavesState" time="0.008" />
    <testcase classname="SPTRunningPlaybackManagerListImplementationTest" name="testChangingTempoSavesPlaybackState" time="0.010" />
    <testcase classname="SPTRunningPlaybackManagerListImplementationTest" name="testContextDescriptionInStateRestoreAddsLocalisedNameToLocalisationManager" time="0.007" />
    <testcase classname="SPTRunningPlaybackManagerListImplementationTest" name="testContextDescriptionIsLocalisedNameForCategoryURL" time="0.007" />
    <testcase classname="SPTRunningPlaybackManagerListImplementationTest" name="testContextMetadataHasCorrectTempoInformation" time="0.007" />
    <testcase classname="SPTRunningPlaybackManagerListImplementationTest" name="testContextShuffleAlgorithmWeighted" time="0.008" />
    <testcase classname="SPTRunningPlaybackManagerListImplementationTest" name="testContextURIDisplaysTempo" time="0.007" />
    <testcase classname="SPTRunningPlaybackManagerListImplementationTest" name="testContextURIUsedToDetermineCurrentContext" time="0.006" />
    <testcase classname="SPTRunningPlaybackManagerListImplementationTest" name="testContextViewURIIsRunningCategoriesView" time="0.008" />
    <testcase classname="SPTRunningPlaybackManagerListImplementationTest" name="testCurrentContextLength" time="0.010" />
    <testcase classname="SPTRunningPlaybackManagerListImplementationTest" name="testCurrentContextPosition" time="0.009" />
    <testcase classname="SPTRunningPlaybackManagerListImplementationTest" name="testCurrentContextStartsTimer" time="0.006" />
    <testcase classname="SPTRunningPlaybackManagerListImplementationTest" name="testDetectedRunningTempoLogged" time="0.007" />
    <testcase classname="SPTRunningPlaybackManagerListImplementationTest" name="testGenericInit" time="0.006" />
    <testcase classname="SPTRunningPlaybackManagerListImplementationTest" name="testIdealTempoPickedWhenAmbiguouslyHigh" time="0.006" />
    <testcase classname="SPTRunningPlaybackManagerListImplementationTest" name="testIdealTempoPickedWhenAmbiguouslyLow" time="0.008" />
    <testcase classname="SPTRunningPlaybackManagerListImplementationTest" name="testIdealTempoPickedWhenUnambiguous" time="0.007" />
    <testcase classname="SPTRunningPlaybackManagerListImplementationTest" name="testIsCurrentContext" time="0.008" />
    <testcase classname="SPTRunningPlaybackManagerListImplementationTest" name="testMaximumTempo" time="0.006" />
    <testcase classname="SPTRunningPlaybackManagerListImplementationTest" name="testMaximumTempoChangedCallback" time="0.006" />
    <testcase classname="SPTRunningPlaybackManagerListImplementationTest" name="testMFTUsersDoNotUpdateContext" time="0.010" />
    <testcase classname="SPTRunningPlaybackManagerListImplementationTest" name="testMinimumTempo" time="0.008" />
    <testcase classname="SPTRunningPlaybackManagerListImplementationTest" name="testMinimumTempoChangedCallback" time="0.007" />
    <testcase classname="SPTRunningPlaybackManagerListImplementationTest" name="testNoAutomaticPlayWhenWithinTempoToleranceWithAutomaticallyChangingTempo" time="0.009" />
    <testcase classname="SPTRunningPlaybackManagerListImplementationTest" name="testNoChangeFromStepManagerIfNotCurrentContext" time="0.007" />
    <testcase classname="SPTRunningPlaybackManagerListImplementationTest" name="testNoCrashWhenInsertingNonDictionaryObjectIntoTempoPlaybackList" time="0.008" />
    <testcase classname="SPTRunningPlaybackManagerListImplementationTest" name="testNoDisallowPeekingToNextRestriction" time="0.008" />
    <testcase classname="SPTRunningPlaybackManagerListImplementationTest" name="testNoPlayWhenPaused" time="0.011" />
    <testcase classname="SPTRunningPlaybackManagerListImplementationTest" name="testNoPlayWhenQueryingSameURL" time="0.009" />
    <testcase classname="SPTRunningPlaybackManagerListImplementationTest" name="testNoPlayWithInvalidJSON" time="0.007" />
    <testcase classname="SPTRunningPlaybackManagerListImplementationTest" name="testNoSteppingDetectedDoesNotUpdateStableTempo" time="0.007" />
    <testcase classname="SPTRunningPlaybackManagerListImplementationTest" name="testNotCurrentContextEndsTimer" time="0.007" />
    <testcase classname="SPTRunningPlaybackManagerListImplementationTest" name="testNotLoggingTempoChangesSmallerThanDeltaOne" time="0.008" />
    <testcase classname="SPTRunningPlaybackManagerListImplementationTest" name="testNotNil" time="0.006" />
    <testcase classname="SPTRunningPlaybackManagerListImplementationTest" name="testNotObservingStepManagerOnAutomaticallyChangingTempoSetToYes" time="0.006" />
    <testcase classname="SPTRunningPlaybackManagerListImplementationTest" name="testNotStateRestoringOriginalContentWhenComingFromADifferentOriginalContentContext" time="0.009" />
    <testcase classname="SPTRunningPlaybackManagerListImplementationTest" name="testNotStateRestoringOriginalContentWhenComingFromANonOriginalContentContext" time="0.010" />
    <testcase classname="SPTRunningPlaybackManagerListImplementationTest" name="testNoUpdateWithContextOnAutomaticallyChangingTempoAsYesIfNoContextIsCreated" time="0.007" />
    <testcase classname="SPTRunningPlaybackManagerListImplementationTest" name="testPausedDoesNotPlaybackImmediately" time="0.008" />
    <testcase classname="SPTRunningPlaybackManagerListImplementationTest" name="testPercentageMappingHasCorrectSeekStartTime" time="0.010" />
    <testcase classname="SPTRunningPlaybackManagerListImplementationTest" name="testPercentageMappingHasIntegerFadeInStartTime" time="0.011" />
    <testcase classname="SPTRunningPlaybackManagerListImplementationTest" name="testPercentageMappingSkipsToCorrectTrack" time="0.011" />
    <testcase classname="SPTRunningPlaybackManagerListImplementationTest" name="testPlaybackListURLGetsSet" time="0.007" />
    <testcase classname="SPTRunningPlaybackManagerListImplementationTest" name="testPlaybackStateRestore" time="0.008" />
    <testcase classname="SPTRunningPlaybackManagerListImplementationTest" name="testPlayOptionsInitiallyPausedIfChangingTempoWhenPaused" time="0.009" />
    <testcase classname="SPTRunningPlaybackManagerListImplementationTest" name="testPlayWithCorrectJSON" time="0.008" />
    <testcase classname="SPTRunningPlaybackManagerListImplementationTest" name="testRemoveObserver" time="0.008" />
    <testcase classname="SPTRunningPlaybackManagerListImplementationTest" name="testRequestTimeout" time="0.007" />
    <testcase classname="SPTRunningPlaybackManagerListImplementationTest" name="testRequestUserInfoContainsIdealTempo" time="0.007" />
    <testcase classname="SPTRunningPlaybackManagerListImplementationTest" name="testResetContextPositionOnChangingPreset" time="0.007" />
    <testcase classname="SPTRunningPlaybackManagerListImplementationTest" name="testReshuffleAroundStepManagerTempoWhenChanged" time="0.010" />
    <testcase classname="SPTRunningPlaybackManagerListImplementationTest" name="testRestoreTempoInformationFromContextMetadataOnStateRestore" time="0.007" />
    <testcase classname="SPTRunningPlaybackManagerListImplementationTest" name="testRestrictionContextRemoteControl" time="0.008" />
    <testcase classname="SPTRunningPlaybackManagerListImplementationTest" name="testRunningTempoChangeLogged" time="0.007" />
    <testcase classname="SPTRunningPlaybackManagerListImplementationTest" name="testSetCurrentContextPositionToPositionBehindCurrentContextPosition" time="0.009" />
    <testcase classname="SPTRunningPlaybackManagerListImplementationTest" name="testSetCurrentContextPositionToPositionInFrontOfCurrentContextPosition" time="0.009" />
    <testcase classname="SPTRunningPlaybackManagerListImplementationTest" name="testSettingContextImageMetadataUsingImageCache" time="0.008" />
    <testcase classname="SPTRunningPlaybackManagerListImplementationTest" name="testStartedPlayingTempoCallback" time="0.008" />
    <testcase classname="SPTRunningPlaybackManagerListImplementationTest" name="testStateRestoringAutomaticallyChangingTempo" time="0.008" />
    <testcase classname="SPTRunningPlaybackManagerListImplementationTest" name="testStepManagerNotObservedWhenNotPlayingARunningContext" time="0.009" />
    <testcase classname="SPTRunningPlaybackManagerListImplementationTest" name="testStepManagerObservingWhenPlayingARunningContext" time="0.009" />
    <testcase classname="SPTRunningPlaybackManagerListImplementationTest" name="testStopNotCalledIfCurrentlyPlayingOnRunningFeature" time="0.007" />
    <testcase classname="SPTRunningPlaybackManagerListImplementationTest" name="testSuppressionsFromBackend" time="0.007" />
    <testcase classname="SPTRunningPlaybackManagerListImplementationTest" name="testTempoChangeCallback" time="0.006" />
    <testcase classname="SPTRunningPlaybackManagerListImplementationTest" name="testTempoChangesFromStepManagerWhenAutomaticallyChangingTempo" time="0.009" />
    <testcase classname="SPTRunningPlaybackManagerListImplementationTest" name="testTempoChangeUpdatesCurrentContext" time="0.010" />
    <testcase classname="SPTRunningPlaybackManagerListImplementationTest" name="testTempoOffset" time="0.007" />
    <testcase classname="SPTRunningPlaybackManagerListImplementationTest" name="testTempoOverMaximumDoesntCrash" time="0.006" />
    <testcase classname="SPTRunningPlaybackManagerListImplementationTest" name="testTempoSetWhenRestoringFromPlaybackState" time="0.007" />
    <testcase classname="SPTRunningPlaybackManagerListImplementationTest" name="testWeightedModifierInputsContextMetadata" time="0.008" />
  </testsuite>
  <testsuite failures="0" name="SPTRunningPlaybackStateRestorerTest" tests="5">
    <testcase classname="SPTRunningPlaybackStateRestorerTest" name="testGenericInit" time="0.004" />
    <testcase classname="SPTRunningPlaybackStateRestorerTest" name="testNotNil" time="0.004" />
    <testcase classname="SPTRunningPlaybackStateRestorerTest" name="testPlayerObserving" time="0.005" />
    <testcase classname="SPTRunningPlaybackStateRestorerTest" name="testStateRestoringWithValidURLAndPlayerState" time="0.006" />
    <testcase classname="SPTRunningPlaybackStateRestorerTest" name="testStateRestoringWithValidURLButNoPlayerState" time="0.006" />
  </testsuite>
  <testsuite failures="0" name="SPTRunningPlaybackStateTest" tests="4">
    <testcase classname="SPTRunningPlaybackStateTest" name="testContext" time="0.005" />
    <testcase classname="SPTRunningPlaybackStateTest" name="testGenericInit" time="0.005" />
    <testcase classname="SPTRunningPlaybackStateTest" name="testNotNil" time="0.007" />
    <testcase classname="SPTRunningPlaybackStateTest" name="testOptions" time="0.005" />
  </testsuite>
  <testsuite failures="0" name="SPTRunningRunSetupModelTest" tests="67">
    <testcase classname="SPTRunningRunSetupModelTest" name="testAutomaticallyChangingTempoAlwaysNoIfInManualOnlyMode" time="0.009" />
    <testcase classname="SPTRunningRunSetupModelTest" name="testAutomaticallyChangingTempoOnAutomaticStep" time="0.006" />
    <testcase classname="SPTRunningRunSetupModelTest" name="testBackgroundImageURLLoadsSuccessfully" time="0.007" />
    <testcase classname="SPTRunningRunSetupModelTest" name="testCallAdsManagerForPrerollAdOnStepChange" time="0.009" />
    <testcase classname="SPTRunningRunSetupModelTest" name="testConstrainTempoToBucketedTempo" time="0.008" />
    <testcase classname="SPTRunningRunSetupModelTest" name="testDataLoaderErrorCallback" time="0.008" />
    <testcase classname="SPTRunningRunSetupModelTest" name="testDefaultTempoSetToBackend" time="0.006" />
    <testcase classname="SPTRunningRunSetupModelTest" name="testDefaultTempoSetToLocalSettings" time="0.006" />
    <testcase classname="SPTRunningRunSetupModelTest" name="testDelegateCallbackWhenChangingStep" time="0.006" />
    <testcase classname="SPTRunningRunSetupModelTest" name="testDelegateCallbackWhenChangingTempo" time="0.008" />
    <testcase classname="SPTRunningRunSetupModelTest" name="testDelegateCallbackWhenDetectionProgressChanged" time="0.007" />
    <testcase classname="SPTRunningRunSetupModelTest" name="testDetectedTempoAudioUXMoment" time="0.007" />
    <testcase classname="SPTRunningRunSetupModelTest" name="testDetectingTempoAudioUXMoment" time="0.006" />
    <testcase classname="SPTRunningRunSetupModelTest" name="testDoNotPlayCurrentTempoUnlessOnTheZeroAudioIndex" time="0.006" />
    <testcase classname="SPTRunningRunSetupModelTest" name="testFireDelegateOnlyWhenStateIsPlaying" time="0.009" />
    <testcase classname="SPTRunningRunSetupModelTest" name="testGenericInit" time="0.006" />
    <testcase classname="SPTRunningRunSetupModelTest" name="testInvalidateTimersInvalidatesTimers" time="0.007" />
    <testcase classname="SPTRunningRunSetupModelTest" name="testInvalidJSONErrorCallback" time="0.007" />
    <testcase classname="SPTRunningRunSetupModelTest" name="testIsOffline" time="0.007" />
    <testcase classname="SPTRunningRunSetupModelTest" name="testIsPlayingIfSameTempoAndURIAsPlaybackManager" time="0.007" />
    <testcase classname="SPTRunningRunSetupModelTest" name="testManualFlowInvalidatesTimers" time="0.006" />
    <testcase classname="SPTRunningRunSetupModelTest" name="testManualFlowOpensViewURL" time="0.011" />
    <testcase classname="SPTRunningRunSetupModelTest" name="testManualStepSetWhenUsingCategoryManualURL" time="0.007" />
    <testcase classname="SPTRunningRunSetupModelTest" name="testNetworkTimeoutNotCreatedMoreThanOnce" time="0.006" />
    <testcase classname="SPTRunningRunSetupModelTest" name="testNoPauseOnModelLoadIfInPrerollStep" time="0.008" />
    <testcase classname="SPTRunningRunSetupModelTest" name="testNoSteppingDetectedSetsZeroTempo" time="0.006" />
    <testcase classname="SPTRunningRunSetupModelTest" name="testNotAutomaticallyChangingTempoOnManualStep" time="0.008" />
    <testcase classname="SPTRunningRunSetupModelTest" name="testNoTimeoutOnSetupStepWithFeatureFlagOfZero" time="0.007" />
    <testcase classname="SPTRunningRunSetupModelTest" name="testNotNil" time="0.006" />
    <testcase classname="SPTRunningRunSetupModelTest" name="testOfflineModeStateChangeFiresDelegate" time="0.007" />
    <testcase classname="SPTRunningRunSetupModelTest" name="testPauseIfCurrentlyPlayingMusic" time="0.007" />
    <testcase classname="SPTRunningRunSetupModelTest" name="testPauseOnLoad" time="0.007" />
    <testcase classname="SPTRunningRunSetupModelTest" name="testPlayCalledWhenOnDetectedStep" time="0.007" />
    <testcase classname="SPTRunningRunSetupModelTest" name="testPlayCurrentTempoAfterBadNetworkConnectionAudioUXBegins" time="0.008" />
    <testcase classname="SPTRunningRunSetupModelTest" name="testPlayCurrentTempoOnTheZeroAudioIndex" time="0.006" />
    <testcase classname="SPTRunningRunSetupModelTest" name="testPlayingDelegateCallback" time="0.007" />
    <testcase classname="SPTRunningRunSetupModelTest" name="testPlayingTempoInManualSavesDefaultTempoToLocalSettings" time="0.006" />
    <testcase classname="SPTRunningRunSetupModelTest" name="testPlayWithPlaybackIfCategoryViewURL" time="0.007" />
    <testcase classname="SPTRunningRunSetupModelTest" name="testPrerollCompletionChangesStepToStart" time="0.006" />
    <testcase classname="SPTRunningRunSetupModelTest" name="testPrerollCompletionFiresDelegateCallback" time="0.007" />
    <testcase classname="SPTRunningRunSetupModelTest" name="testPrerollPlaysOnVisibleChangeIfStepIsPreroll" time="0.007" />
    <testcase classname="SPTRunningRunSetupModelTest" name="testRequestTimeout" time="0.007" />
    <testcase classname="SPTRunningRunSetupModelTest" name="testResetStepManagerOnLoadModel" time="0.006" />
    <testcase classname="SPTRunningRunSetupModelTest" name="testSetPlaybackItemsHasProperMinimumAndMaximumTempo" time="0.007" />
    <testcase classname="SPTRunningRunSetupModelTest" name="testSetVisibleToNoRemoveStepManagerObservation" time="0.006" />
    <testcase classname="SPTRunningRunSetupModelTest" name="testSetVisibleToYesObserversStepManager" time="0.007" />
    <testcase classname="SPTRunningRunSetupModelTest" name="testSkipFunctionalityIfInManualOnlyMode" time="0.007" />
    <testcase classname="SPTRunningRunSetupModelTest" name="testSkipStepOnSkipButtonPress" time="0.006" />
    <testcase classname="SPTRunningRunSetupModelTest" name="testSkipStepSetsPlaybackManagerToNotAutomaticallyChangeTempo" time="0.006" />
    <testcase classname="SPTRunningRunSetupModelTest" name="testStartAudioUXMoment" time="0.008" />
    <testcase classname="SPTRunningRunSetupModelTest" name="testStartRunningAudioUXDelayedWhenInPrerollAdStep" time="0.007" />
    <testcase classname="SPTRunningRunSetupModelTest" name="testStepChangedToDetectedAfterTimingOutOnDetectingStep" time="0.007" />
    <testcase classname="SPTRunningRunSetupModelTest" name="testStepChangedToDetectingWhenUserBeginsStepping" time="0.007" />
    <testcase classname="SPTRunningRunSetupModelTest" name="testStepChangedToStartWhenUserStopsStepping" time="0.006" />
    <testcase classname="SPTRunningRunSetupModelTest" name="testStepManagerChangesDetectionProgress" time="0.006" />
    <testcase classname="SPTRunningRunSetupModelTest" name="testStepManagerChangesModelsTempo" time="0.006" />
    <testcase classname="SPTRunningRunSetupModelTest" name="testStepManagerDoesNotChangeModelsTempoIfNotInDetectingStep" time="0.006" />
    <testcase classname="SPTRunningRunSetupModelTest" name="testStepManagerUnstableDoesNotChangeStep" time="0.006" />
    <testcase classname="SPTRunningRunSetupModelTest" name="testSteppingDectedDoesNotChangeTempoOnStepDetected" time="0.007" />
    <testcase classname="SPTRunningRunSetupModelTest" name="testSuppressionsParsingAndPrerollAdPlaybackDecision" time="0.006" />
    <testcase classname="SPTRunningRunSetupModelTest" name="testTempoNotSetBeyondMaximum" time="0.006" />
    <testcase classname="SPTRunningRunSetupModelTest" name="testTempoNotSetBeyondMinimum" time="0.006" />
    <testcase classname="SPTRunningRunSetupModelTest" name="testTimeoutOnDetectingPlaysMusic" time="0.007" />
    <testcase classname="SPTRunningRunSetupModelTest" name="testTimeoutWhenOnDetectingStep" time="0.006" />
    <testcase classname="SPTRunningRunSetupModelTest" name="testTimeoutWhenOnStartStep" time="0.006" />
    <testcase classname="SPTRunningRunSetupModelTest" name="testTimerInvalidWhenNotVisible" time="0.006" />
    <testcase classname="SPTRunningRunSetupModelTest" name="testUnableToDetectTempoAudioUXMoment" time="0.007" />
  </testsuite>
  <testsuite failures="0" name="SPTRunningRunSetupViewControllerTest" tests="39">
    <testcase classname="SPTRunningRunSetupViewControllerTest" name="testCallPlayURLWithCorrectURL" time="0.026" />
    <testcase classname="SPTRunningRunSetupViewControllerTest" name="testErrorViewCreatedInViewDidLoad" time="0.014" />
    <testcase classname="SPTRunningRunSetupViewControllerTest" name="testErrorViewFrameMatchesViewControllerFrame" time="0.010" />
    <testcase classname="SPTRunningRunSetupViewControllerTest" name="testErrorViewNotHiddenWhenModelEncountersAnError" time="0.010" />
    <testcase classname="SPTRunningRunSetupViewControllerTest" name="testImageLoaderCompletionFillsImageCache" time="0.006" />
    <testcase classname="SPTRunningRunSetupViewControllerTest" name="testInit" time="0.005" />
    <testcase classname="SPTRunningRunSetupViewControllerTest" name="testInvalidatesModelTimersWhenViewDisappears" time="0.006" />
    <testcase classname="SPTRunningRunSetupViewControllerTest" name="testLoadBackgroundImageURL" time="0.010" />
    <testcase classname="SPTRunningRunSetupViewControllerTest" name="testLogManualButtonTapped" time="0.009" />
    <testcase classname="SPTRunningRunSetupViewControllerTest" name="testLogStartPlayingButtonTapped" time="0.009" />
    <testcase classname="SPTRunningRunSetupViewControllerTest" name="testLogStepChange" time="0.005" />
    <testcase classname="SPTRunningRunSetupViewControllerTest" name="testLogUserChangedManualTempo" time="0.009" />
    <testcase classname="SPTRunningRunSetupViewControllerTest" name="testMainViewContentInsetsSetCorrectly" time="0.014" />
    <testcase classname="SPTRunningRunSetupViewControllerTest" name="testMainViewFrameMatchesViewControllerFrame" time="0.014" />
    <testcase classname="SPTRunningRunSetupViewControllerTest" name="testMainViewHiddenOnViewLoad" time="0.009" />
    <testcase classname="SPTRunningRunSetupViewControllerTest" name="testMainViewMaximumTempoMatchesModelsAfterModelLoad" time="0.015" />
    <testcase classname="SPTRunningRunSetupViewControllerTest" name="testMainViewMinimumTempoMatchesModelsAfterModelLoad" time="0.012" />
    <testcase classname="SPTRunningRunSetupViewControllerTest" name="testMainViewShowingOnModelLoad" time="0.010" />
    <testcase classname="SPTRunningRunSetupViewControllerTest" name="testMainViewStepMatchesModelsAfterModelLoad" time="0.011" />
    <testcase classname="SPTRunningRunSetupViewControllerTest" name="testManualButtonExecutesManualFlowOnModel" time="0.009" />
    <testcase classname="SPTRunningRunSetupViewControllerTest" name="testModelChangingStepEchosStepOntoMainView" time="0.010" />
    <testcase classname="SPTRunningRunSetupViewControllerTest" name="testModelChangingTempoEchosTempoOntoMainView" time="0.011" />
    <testcase classname="SPTRunningRunSetupViewControllerTest" name="testModelLoadSetsTempoStepperToDefaultTempo" time="0.012" />
    <testcase classname="SPTRunningRunSetupViewControllerTest" name="testModelNotVisibleOnViewWillAppear" time="0.008" />
    <testcase classname="SPTRunningRunSetupViewControllerTest" name="testNavigationBarInvisible" time="0.005" />
    <testcase classname="SPTRunningRunSetupViewControllerTest" name="testNoImageLoadIfImageExistsInCache" time="0.013" />
    <testcase classname="SPTRunningRunSetupViewControllerTest" name="testNoModelLoadIfAlreadyLoadedOnViewWillAppear" time="0.011" />
    <testcase classname="SPTRunningRunSetupViewControllerTest" name="testNotNil" time="0.005" />
    <testcase classname="SPTRunningRunSetupViewControllerTest" name="testOfflineViewBroughtToFrontIfOfflined" time="0.009" />
    <testcase classname="SPTRunningRunSetupViewControllerTest" name="testOfflineViewShownIfOfflinedAfterViewWillAppear" time="0.010" />
    <testcase classname="SPTRunningRunSetupViewControllerTest" name="testOfflineViewShownIfOfflineOnViewWillAppear" time="0.011" />
    <testcase classname="SPTRunningRunSetupViewControllerTest" name="testPlayButtonExecutesPlayOnModel" time="0.010" />
    <testcase classname="SPTRunningRunSetupViewControllerTest" name="testProgressViewHiddenWhenLoaded" time="0.015" />
    <testcase classname="SPTRunningRunSetupViewControllerTest" name="testProgressViewNotShowingForOneSecond" time="0.013" />
    <testcase classname="SPTRunningRunSetupViewControllerTest" name="testRestartTimersWhenViewAppears" time="0.009" />
    <testcase classname="SPTRunningRunSetupViewControllerTest" name="testSetImageURLForViewURLOnModelLoad" time="0.010" />
    <testcase classname="SPTRunningRunSetupViewControllerTest" name="testSetModelNotVisibleOnViewWillDisappear" time="0.006" />
    <testcase classname="SPTRunningRunSetupViewControllerTest" name="testSetModelVisibleOnViewDidAppear" time="0.005" />
    <testcase classname="SPTRunningRunSetupViewControllerTest" name="testStartPlaybackButtonCallsPlayOnModel" time="0.010" />
  </testsuite>
  <testsuite failures="0" name="SPTRunningSetupViewTest" tests="11">
    <testcase classname="SPTRunningSetupViewTest" name="testClipsToBounds" time="0.008" />
    <testcase classname="SPTRunningSetupViewTest" name="testContentInsetsBottomChangesManualButtonYValue" time="0.009" />
    <testcase classname="SPTRunningSetupViewTest" name="testCreatedImageBlurView" time="0.007" />
    <testcase classname="SPTRunningSetupViewTest" name="testManualButtonHasTransparentBackground" time="0.008" />
    <testcase classname="SPTRunningSetupViewTest" name="testNotNil" time="0.006" />
    <testcase classname="SPTRunningSetupViewTest" name="testSetStepToDetectedHidesManualButton" time="0.007" />
    <testcase classname="SPTRunningSetupViewTest" name="testSetStepToDetectingShowsManualButton" time="0.007" />
    <testcase classname="SPTRunningSetupViewTest" name="testSetStepToManualHidesManualButton" time="0.010" />
    <testcase classname="SPTRunningSetupViewTest" name="testSetStepToStartShowsManualButton" time="0.006" />
    <testcase classname="SPTRunningSetupViewTest" name="testSetTempoChangesTempoLabel" time="0.007" />
    <testcase classname="SPTRunningSetupViewTest" name="testSetTempoToZeroResultsInDashes" time="0.007" />
  </testsuite>
  <testsuite failures="0" name="SPTRunningStepManagerTest" tests="32">
    <testcase classname="SPTRunningStepManagerTest" name="testAccelerometerErrorExecutesObserverCallback" time="0.007" />
    <testcase classname="SPTRunningStepManagerTest" name="testAmplificationStepTrackerVariable" time="0.005" />
    <testcase classname="SPTRunningStepManagerTest" name="testAmplificationStepTrackerVariableAsString" time="0.005" />
    <testcase classname="SPTRunningStepManagerTest" name="testBestStabilityThresholdTimeoutVariable" time="0.005" />
    <testcase classname="SPTRunningStepManagerTest" name="testCurrentCentredTempoSetsManagerSongTempo" time="0.005" />
    <testcase classname="SPTRunningStepManagerTest" name="testDisabledStopsAccelerometerMeasuring" time="0.005" />
    <testcase classname="SPTRunningStepManagerTest" name="testEnabledObserverCallback" time="0.006" />
    <testcase classname="SPTRunningStepManagerTest" name="testEnabledStartsAccelerometerMeasuring" time="0.005" />
    <testcase classname="SPTRunningStepManagerTest" name="testEnergyThresholdStepTrackerVariable" time="0.005" />
    <testcase classname="SPTRunningStepManagerTest" name="testGracePeriodStepTrackerVariable" time="0.005" />
    <testcase classname="SPTRunningStepManagerTest" name="testGracePeriodStepTrackerVariableAsString" time="0.005" />
    <testcase classname="SPTRunningStepManagerTest" name="testIntentCurveStepTrackerVariable" time="0.005" />
    <testcase classname="SPTRunningStepManagerTest" name="testIntentMaxBPMStepTrackerVariable" time="0.006" />
    <testcase classname="SPTRunningStepManagerTest" name="testIntentMaxStepsStepTrackerVariable" time="0.005" />
    <testcase classname="SPTRunningStepManagerTest" name="testLowPassFilterLongStepTrackerVariable" time="0.005" />
    <testcase classname="SPTRunningStepManagerTest" name="testLowPassFilterShortStepTrackerVariable" time="0.005" />
    <testcase classname="SPTRunningStepManagerTest" name="testManagerCreatedOnEnabled" time="0.005" />
    <testcase classname="SPTRunningStepManagerTest" name="testManagerDestroyedOnDisabled" time="0.006" />
    <testcase classname="SPTRunningStepManagerTest" name="testMaxBPMChangeStepTrackerVariable" time="0.006" />
    <testcase classname="SPTRunningStepManagerTest" name="testMaximumBestStabilityThresholdVariable" time="0.005" />
    <testcase classname="SPTRunningStepManagerTest" name="testMinBPMChangeStepTrackerVariableAsString" time="0.005" />
    <testcase classname="SPTRunningStepManagerTest" name="testMinimumBestStabilityThresholdVariable" time="0.005" />
    <testcase classname="SPTRunningStepManagerTest" name="testNoManagerOnInit" time="0.005" />
    <testcase classname="SPTRunningStepManagerTest" name="testNoStableTempoCallbackOnEnabled" time="0.005" />
    <testcase classname="SPTRunningStepManagerTest" name="testNumberStableQuarterStepsStepTrackerVariable" time="0.007" />
    <testcase classname="SPTRunningStepManagerTest" name="testStableTempoConformsToStepTrackerMinimum" time="0.007" />
    <testcase classname="SPTRunningStepManagerTest" name="testSteppingDetectedCallbackWhenSteppingDetected" time="0.005" />
    <testcase classname="SPTRunningStepManagerTest" name="testTempoChangeExecutesCallback" time="0.006" />
    <testcase classname="SPTRunningStepManagerTest" name="testTempoDefaultLongTermStepTrackerVariable" time="0.006" />
    <testcase classname="SPTRunningStepManagerTest" name="testTempoDefaultShortTermStepTrackerVariable" time="0.005" />
    <testcase classname="SPTRunningStepManagerTest" name="testTempoDoesNotObserveStepTrackerMaximumAndMinimum" time="0.007" />
    <testcase classname="SPTRunningStepManagerTest" name="testTempoShortTermStepTrackerVariable" time="0.005" />
  </testsuite>
  <testsuite failures="0" name="SPTRunningTempoStepperTest" tests="3">
    <testcase classname="SPTRunningTempoStepperTest" name="testEnabledReflectedToActionButtons" time="0.007" />
    <testcase classname="SPTRunningTempoStepperTest" name="testMaximumValueChangesValueIfValueAboveMaximumValue" time="0.008" />
    <testcase classname="SPTRunningTempoStepperTest" name="testMinimumValueChangesValueIfValueBelowMinimumValue" time="0.008" />
  </testsuite>
  <testsuite failures="0" name="SPTRunningTestManagerImplementationTest" tests="22">
    <testcase classname="SPTRunningTestManagerImplementationTest" name="testDisabledOnIPad" time="0.009" />
    <testcase classname="SPTRunningTestManagerImplementationTest" name="testEnabledIfABBAEnabled" time="0.005" />
    <testcase classname="SPTRunningTestManagerImplementationTest" name="testEnabledIfLocalSettingsEnabled" time="0.004" />
    <testcase classname="SPTRunningTestManagerImplementationTest" name="testEnabledIfProductStateEnabled" time="0.005" />
    <testcase classname="SPTRunningTestManagerImplementationTest" name="testHiddenTempoChangesDisabledTestEnabledIfABBAEnabled" time="0.007" />
    <testcase classname="SPTRunningTestManagerImplementationTest" name="testHiddenTempoChangesDisabledTestEnabledIfLocalSettingsEnabled" time="0.004" />
    <testcase classname="SPTRunningTestManagerImplementationTest" name="testHiddenTempoChangesDisabledTestEnabledIfProductStateEnabled" time="0.004" />
    <testcase classname="SPTRunningTestManagerImplementationTest" name="testNotNil" time="0.004" />
    <testcase classname="SPTRunningTestManagerImplementationTest" name="testNotNilWithInit" time="0.004" />
    <testcase classname="SPTRunningTestManagerImplementationTest" name="testOnlyManualModeTestEnabledIfABBAEnabled" time="0.005" />
    <testcase classname="SPTRunningTestManagerImplementationTest" name="testOnlyManualModeTestEnabledIfLocalSettingsEnabled" time="0.005" />
    <testcase classname="SPTRunningTestManagerImplementationTest" name="testOnlyManualModeTestEnabledIfProductStateEnabled" time="0.005" />
    <testcase classname="SPTRunningTestManagerImplementationTest" name="testRecalibrationTestEnabledIfABBAEnabled" time="0.004" />
    <testcase classname="SPTRunningTestManagerImplementationTest" name="testRecalibrationTestEnabledIfLocalSettingsEnabled" time="0.006" />
    <testcase classname="SPTRunningTestManagerImplementationTest" name="testRecalibrationTestEnabledIfProductStateEnabled" time="0.005" />
    <testcase classname="SPTRunningTestManagerImplementationTest" name="testSetEnabledEnablesLocalSettings" time="0.005" />
    <testcase classname="SPTRunningTestManagerImplementationTest" name="testSetupStartTimeoutFromABBA" time="0.005" />
    <testcase classname="SPTRunningTestManagerImplementationTest" name="testSetupStartTimeoutFromLocalSettings" time="0.004" />
    <testcase classname="SPTRunningTestManagerImplementationTest" name="testSetupStartTimeoutFromProductState" time="0.004" />
    <testcase classname="SPTRunningTestManagerImplementationTest" name="testTempoOffsetFromABBA" time="0.005" />
    <testcase classname="SPTRunningTestManagerImplementationTest" name="testTempoOffsetFromLocalSettings" time="0.004" />
    <testcase classname="SPTRunningTestManagerImplementationTest" name="testTempoOffsetFromProductState" time="0.004" />
  </testsuite>
  <testsuite failures="0" name="SPTRunningUserInterfaceFactoryImplementationTest" tests="2">
    <testcase classname="SPTRunningUserInterfaceFactoryImplementationTest" name="testCreateCircleGradient" time="0.006" />
    <testcase classname="SPTRunningUserInterfaceFactoryImplementationTest" name="testNotNil" time="0.004" />
  </testsuite>
  <testsuite failures="0" name="SPTTelcoActivationControllerTests" tests="9">
    <testcase classname="SPTTelcoActivationControllerTests" name="testActivatingProductFailure" time="0.013" />
    <testcase classname="SPTTelcoActivationControllerTests" name="testActivatingProductSuccessfully" time="0.010" />
    <testcase classname="SPTTelcoActivationControllerTests" name="testCurrentNetworkOperatorIdentifier" time="0.010" />
    <testcase classname="SPTTelcoActivationControllerTests" name="testCurrentNetworkOperatorIdentifierMissingCarrier" time="0.008" />
    <testcase classname="SPTTelcoActivationControllerTests" name="testCurrentNetworkOperatorIdentifierMissingMobileCountryCode" time="0.007" />
    <testcase classname="SPTTelcoActivationControllerTests" name="testCurrentNetworkOperatorIdentifierMissingMobileNetworkCode" time="0.009" />
    <testcase classname="SPTTelcoActivationControllerTests" name="testIdentifierForCarrier" time="0.009" />
    <testcase classname="SPTTelcoActivationControllerTests" name="testNotAllowedToTry" time="0.010" />
    <testcase classname="SPTTelcoActivationControllerTests" name="testOrderTokenFail" time="0.010" />
  </testsuite>
  <testsuite failures="0" name="SPTTelcoActivationDelayManagerTests" tests="4">
    <testcase classname="SPTTelcoActivationDelayManagerTests" name="testDelay24Hours" time="0.008" />
    <testcase classname="SPTTelcoActivationDelayManagerTests" name="testDelayOneHour" time="0.005" />
    <testcase classname="SPTTelcoActivationDelayManagerTests" name="testDidStartTrying" time="0.004" />
    <testcase classname="SPTTelcoActivationDelayManagerTests" name="testStartsBlank" time="0.016" />
  </testsuite>
  <testsuite failures="0" name="SPTTelcoActivationLoggerTests" tests="3">
    <testcase classname="SPTTelcoActivationLoggerTests" name="testEmptyCarrierInformation" time="0.006" />
    <testcase classname="SPTTelcoActivationLoggerTests" name="testIncludesCarrierInformation" time="0.009" />
    <testcase classname="SPTTelcoActivationLoggerTests" name="testIncludesErrorInformation" time="0.009" />
  </testsuite>
  <testsuite failures="0" name="SPTTelcoActivationPrerequisitesTests" tests="6">
    <testcase classname="SPTTelcoActivationPrerequisitesTests" name="testAllPrerequisites" time="0.007" />
    <testcase classname="SPTTelcoActivationPrerequisitesTests" name="testCellularNetwork" time="0.008" />
    <testcase classname="SPTTelcoActivationPrerequisitesTests" name="testClientIsOnline" time="0.009" />
    <testcase classname="SPTTelcoActivationPrerequisitesTests" name="testMissingRequisites" time="0.005" />
    <testcase classname="SPTTelcoActivationPrerequisitesTests" name="testNotWiFi" time="0.005" />
    <testcase classname="SPTTelcoActivationPrerequisitesTests" name="testUserIsFree" time="0.005" />
  </testsuite>
  <testsuite failures="0" name="SPTTelcoActivationProductActivationRequestTests" tests="2">
    <testcase classname="SPTTelcoActivationProductActivationRequestTests" name="testHandleFailingJSONResponse" time="0.005" />
    <testcase classname="SPTTelcoActivationProductActivationRequestTests" name="testHandleSuccessJSONResponse" time="0.004" />
  </testsuite>
  <testsuite failures="0" name="OfflineLibraryFeatureTests" tests="18">
    <testcase classname="OfflineLibraryFeatureTests" name="testChecksWithLocalSettingsForEnabledState" time="0.021" />
    <testcase classname="OfflineLibraryFeatureTests" name="testChecksWithProductStateForEnabledState" time="0.011" />
    <testcase classname="OfflineLibraryFeatureTests" name="testConfiguresFeatureDependenciesCorrectly" time="0.010" />
    <testcase classname="OfflineLibraryFeatureTests" name="testConformsToFeatureProtocol" time="0.010" />
    <testcase classname="OfflineLibraryFeatureTests" name="testFeatureCanBeDisabledWithIpadOverride" time="0.011" />
    <testcase classname="OfflineLibraryFeatureTests" name="testFeatureCanBeDisabledWithRolloutFlag" time="0.011" />
    <testcase classname="OfflineLibraryFeatureTests" name="testFeatureIdentifier" time="0.009" />
    <testcase classname="OfflineLibraryFeatureTests" name="testFeatureIsEnabled" time="0.011" />
    <testcase classname="OfflineLibraryFeatureTests" name="testFeatureIsEnabledWithRolloutFlag" time="0.011" />
    <testcase classname="OfflineLibraryFeatureTests" name="testFeatureIsNotEnabledWhenFalse" time="0.010" />
    <testcase classname="OfflineLibraryFeatureTests" name="testFeatureIsNotEnabledWhenKeyIsNotExisting" time="0.010" />
    <testcase classname="OfflineLibraryFeatureTests" name="testFeatureIsUnavailableAfterUnload" time="0.009" />
    <testcase classname="OfflineLibraryFeatureTests" name="testFeatureOverrideEnabledStateReductionBlock" time="0.011" />
    <testcase classname="OfflineLibraryFeatureTests" name="testProvideRootViewController" time="0.032" />
    <testcase classname="OfflineLibraryFeatureTests" name="testRegisterCollectionListItem" time="0.010" />
    <testcase classname="OfflineLibraryFeatureTests" name="testRegisterFeatureSettingsPage" time="0.007" />
    <testcase classname="OfflineLibraryFeatureTests" name="testRegisterPages" time="0.008" />
    <testcase classname="OfflineLibraryFeatureTests" name="testUnloadNilsFeatureDependencies" time="0.006" />
  </testsuite>
  <testsuite failures="0" name="SPTOfflineLibraryHeaderContentViewControllerTest" tests="7">
    <testcase classname="SPTOfflineLibraryHeaderContentViewControllerTest" name="testEntityHeaderViewControllerDidUpdateBounceOffsets" time="0.006" />
    <testcase classname="SPTOfflineLibraryHeaderContentViewControllerTest" name="testEntityHeaderViewControllerDidUpdateVisibleRect" time="0.015" />
    <testcase classname="SPTOfflineLibraryHeaderContentViewControllerTest" name="testSkipTintColorSwitchCanZeroTintColor" time="0.006" />
    <testcase classname="SPTOfflineLibraryHeaderContentViewControllerTest" name="testSkipTintColorSwitchDefaultsToUseTintColor" time="0.007" />
    <testcase classname="SPTOfflineLibraryHeaderContentViewControllerTest" name="testUsingPhotoHeaderSwitchDefaultsToGradientStyle" time="0.007" />
    <testcase classname="SPTOfflineLibraryHeaderContentViewControllerTest" name="testUsingPhotoHeaderSwitchOverrideToPhoto" time="0.015" />
    <testcase classname="SPTOfflineLibraryHeaderContentViewControllerTest" name="testViewDidLoad" time="0.005" />
  </testsuite>
  <testsuite failures="0" name="SPTOfflineLibraryInfoViewFactoryTests" tests="4">
    <testcase classname="SPTOfflineLibraryInfoViewFactoryTests" name="testDefaultTypeGivesDefaultDialog" time="0.008" />
    <testcase classname="SPTOfflineLibraryInfoViewFactoryTests" name="testFeatureUnavailableGivesDefaultDialog" time="0.005" />
    <testcase classname="SPTOfflineLibraryInfoViewFactoryTests" name="testOfflineLibraryTypeGivesEnhancedDialog" time="0.007" />
    <testcase classname="SPTOfflineLibraryInfoViewFactoryTests" name="testOfflineLibraryTypeLacksButtonWhenLackingPermissions" time="0.005" />
  </testsuite>
  <testsuite failures="0" name="SPTOfflineLibraryOfflinedPlaylistsDataSourceTests" tests="1">
    <testcase classname="SPTOfflineLibraryOfflinedPlaylistsDataSourceTests" name="testFilterPlaylists" time="0.010" />
  </testsuite>
  <testsuite failures="0" name="SPTOfflineLibraryRecommendedPlaylistsDataSourceTests" tests="1">
    <testcase classname="SPTOfflineLibraryRecommendedPlaylistsDataSourceTests" name="testEntitiesFilteredByContentType" time="0.009" />
  </testsuite>
  <testsuite failures="0" name="SPTOfflineLibraryViewControllerTest" tests="7">
    <testcase classname="SPTOfflineLibraryViewControllerTest" name="testCeramicHeaderIsNil" time="0.020" />
    <testcase classname="SPTOfflineLibraryViewControllerTest" name="testInitWithCeramicViewController" time="0.007" />
    <testcase classname="SPTOfflineLibraryViewControllerTest" name="testModelDoesHandleOpeningLinks" time="0.011" />
    <testcase classname="SPTOfflineLibraryViewControllerTest" name="testModelDoesHandleOpeningLinksInCurrentStack" time="0.013" />
    <testcase classname="SPTOfflineLibraryViewControllerTest" name="testViewControllerConformsToPageControllerProtocol" time="0.008" />
    <testcase classname="SPTOfflineLibraryViewControllerTest" name="testViewControllerReturnsCorrectPageIdentifier" time="0.007" />
    <testcase classname="SPTOfflineLibraryViewControllerTest" name="testViewControllerReturnsCorrectViewURI" time="0.007" />
  </testsuite>
  <testsuite failures="0" name="SPTOfflineLibraryViewModelTests" tests="2">
    <testcase classname="SPTOfflineLibraryViewModelTests" name="testBlockCount" time="0.012" />
    <testcase classname="SPTOfflineLibraryViewModelTests" name="testLoad" time="0.007" />
  </testsuite>
  <testsuite failures="0" name="URLRegistrationTests" tests="1">
    <testcase classname="URLRegistrationTests" name="testURLRegistrationSmokeTest" time="0.082" />
  </testsuite>
  <testsuite failures="0" name="NSError_SPTConcertsEntityTests" tests="9">
    <testcase classname="NSError_SPTConcertsEntityTests" name="testCreateWithCodeAndUserInfoSetsCorrectDomainAndCodeAndUserInfo" time="0.010" />
    <testcase classname="NSError_SPTConcertsEntityTests" name="testCreateWithCodeSetsCorrectDomainAndCode" time="0.008" />
    <testcase classname="NSError_SPTConcertsEntityTests" name="testForceOfflinedModeIsNonRecoverable" time="0.008" />
    <testcase classname="NSError_SPTConcertsEntityTests" name="testInvalidDataIsNonRecoverable" time="0.008" />
    <testcase classname="NSError_SPTConcertsEntityTests" name="testNetworkUnavailableIsNonRecoverable" time="0.008" />
    <testcase classname="NSError_SPTConcertsEntityTests" name="testNotFoundIsNonRecoverable" time="0.008" />
    <testcase classname="NSError_SPTConcertsEntityTests" name="testResolveWasCancelledIsNonRecoverable" time="0.007" />
    <testcase classname="NSError_SPTConcertsEntityTests" name="testServiceUnavailableIsNonRecoverable" time="0.008" />
    <testcase classname="NSError_SPTConcertsEntityTests" name="testTimeoutIsRecoverable" time="0.008" />
  </testsuite>
  <testsuite failures="0" name="NSLayoutConstraint_SPTConcertsCreationTests" tests="2">
    <testcase classname="NSLayoutConstraint_SPTConcertsCreationTests" name="testIdentifyAsReturnsSelf" time="0.009" />
    <testcase classname="NSLayoutConstraint_SPTConcertsCreationTests" name="testIdentifyAsSetsIdentifier" time="0.009" />
  </testsuite>
  <testsuite failures="0" name="NSURL_SPTConcertsEntityTests" tests="11">
    <testcase classname="NSURL_SPTConcertsEntityTests" name="testCorrectConcertEntityURI" time="0.010" />
    <testcase classname="NSURL_SPTConcertsEntityTests" name="testIncorrectConcertEntityURIWithoutID" time="0.008" />
    <testcase classname="NSURL_SPTConcertsEntityTests" name="testIncorrectConcertEntityURIWithWrongFeatureName" time="0.010" />
    <testcase classname="NSURL_SPTConcertsEntityTests" name="testRerturnsIDForBase62ConcertEntityIdentifier" time="0.009" />
    <testcase classname="NSURL_SPTConcertsEntityTests" name="testRerturnsIDForSongkickConcertEntityIdentifier" time="0.008" />
    <testcase classname="NSURL_SPTConcertsEntityTests" name="testReturnsNilForEmptyIdentifier" time="0.008" />
    <testcase classname="NSURL_SPTConcertsEntityTests" name="testReturnsNilIdentifierForEntityURIWithoutID" time="0.008" />
    <testcase classname="NSURL_SPTConcertsEntityTests" name="testReturnsNilIdentifierForEntityURIWithWrongFeatureName" time="0.007" />
    <testcase classname="NSURL_SPTConcertsEntityTests" name="testReturnsURLForBase62Identifier" time="0.008" />
    <testcase classname="NSURL_SPTConcertsEntityTests" name="testReturnsURLForSongkickIdentifier" time="0.007" />
    <testcase classname="NSURL_SPTConcertsEntityTests" name="testSongkickConcertEntityURI" time="0.006" />
  </testsuite>
  <testsuite failures="0" name="NSURL_SPTConcertsViewTests" tests="7">
    <testcase classname="NSURL_SPTConcertsViewTests" name="testCorrectConcertsViewURLWithGeonameIDQueryItem" time="0.009" />
    <testcase classname="NSURL_SPTConcertsViewTests" name="testCorrectConcertsViewURLWithoutGeonameIDQueryItem" time="0.008" />
    <testcase classname="NSURL_SPTConcertsViewTests" name="testCorrectLocationSearchURLWithQueryString" time="0.008" />
    <testcase classname="NSURL_SPTConcertsViewTests" name="testReturnsNilForEmptyConcertEntityIdentifier" time="0.007" />
    <testcase classname="NSURL_SPTConcertsViewTests" name="testReturnsNilForNilConcertEntityIdentifier" time="0.008" />
    <testcase classname="NSURL_SPTConcertsViewTests" name="testReturnsURLForValidConcertEntityIdentifier" time="0.008" />
    <testcase classname="NSURL_SPTConcertsViewTests" name="testReturnsURLForValidConcertEntityIdentifierWithKnownLocation" time="0.008" />
  </testsuite>
  <testsuite failures="0" name="SPTClientEventLoggerConcertsTests" tests="2">
    <testcase classname="SPTClientEventLoggerConcertsTests" name="testSameConcertObjectWillOnlyBeLoggedOnce" time="0.021" />
    <testcase classname="SPTClientEventLoggerConcertsTests" name="testSameListingObjectWillOnlyBeLoggedOnce" time="0.008" />
  </testsuite>
  <testsuite failures="0" name="SPTConcertsArtistNameFormatterTests" tests="7">
    <testcase classname="SPTConcertsArtistNameFormatterTests" name="testStringIsArtistNamesForManyArtist" time="0.011" />
    <testcase classname="SPTConcertsArtistNameFormatterTests" name="testStringIsArtistNamesForTwoArtist" time="0.008" />
    <testcase classname="SPTConcertsArtistNameFormatterTests" name="testStringIsEmptyStringWhenGivenEmptyArray" time="0.005" />
    <testcase classname="SPTConcertsArtistNameFormatterTests" name="testStringIsEmptyStringWhenGivenNil" time="0.004" />
    <testcase classname="SPTConcertsArtistNameFormatterTests" name="testStringIsJustArtistNameForOneArtist" time="0.004" />
    <testcase classname="SPTConcertsArtistNameFormatterTests" name="testStringUsesNonBreakingSpaceForArtistWithMultipleWordsWhenAllowBreakInNameIsNO" time="0.008" />
    <testcase classname="SPTConcertsArtistNameFormatterTests" name="testStringUsesNormalSpaceForArtistWithMultipleWordsWhenAllowBreakInNameIsYES" time="0.009" />
  </testsuite>
  <testsuite failures="0" name="SPTConcertsArtistTests" tests="5">
    <testcase classname="SPTConcertsArtistTests" name="testEmptyJSON" time="0.008" />
    <testcase classname="SPTConcertsArtistTests" name="testEmptyResponseBody" time="0.007" />
    <testcase classname="SPTConcertsArtistTests" name="testInvalidArtistsJSONWithNoValidArtists" time="0.006" />
    <testcase classname="SPTConcertsArtistTests" name="testValidArtistsJSON" time="0.007" />
    <testcase classname="SPTConcertsArtistTests" name="testValidArtistsJSONWithOneValidArtist" time="0.005" />
  </testsuite>
  <testsuite failures="0" name="SPTConcertsConcertModelTests" tests="1">
    <testcase classname="SPTConcertsConcertModelTests" name="testInitWithDictionary" time="0.022" />
  </testsuite>
  <testsuite failures="0" name="SPTConcertsDataLoaderResolverTokenTests" tests="4">
    <testcase classname="SPTConcertsDataLoaderResolverTokenTests" name="testCancelForwardsToDataLoaderCancellationToken" time="0.008" />
    <testcase classname="SPTConcertsDataLoaderResolverTokenTests" name="testDefaultPropertyValues" time="0.008" />
    <testcase classname="SPTConcertsDataLoaderResolverTokenTests" name="testInitInitializesAllProperties" time="0.008" />
    <testcase classname="SPTConcertsDataLoaderResolverTokenTests" name="testIsCancelledForwardsToDataLoaderCancellationToken" time="0.008" />
  </testsuite>
  <testsuite failures="0" name="SPTConcertsDateFormatterTests" tests="20">
    <testcase classname="SPTConcertsDateFormatterTests" name="testBackendDateFormatterIsCached" time="0.008" />
    <testcase classname="SPTConcertsDateFormatterTests" name="testBackendDateFormatterNotNil" time="0.008" />
    <testcase classname="SPTConcertsDateFormatterTests" name="testBackendDateFormatterReturnsDateForValidDateString" time="0.007" />
    <testcase classname="SPTConcertsDateFormatterTests" name="testBackendDateFormatterReturnsNilForInvalidDateString" time="0.007" />
    <testcase classname="SPTConcertsDateFormatterTests" name="testConcertRowMetadataDateFormatterIsCached" time="0.006" />
    <testcase classname="SPTConcertsDateFormatterTests" name="testConcertRowMetadataDateFormatterWith12HourLocale" time="0.011" />
    <testcase classname="SPTConcertsDateFormatterTests" name="testConcertRowMetadataDateFormatterWith24HourLocale" time="0.018" />
    <testcase classname="SPTConcertsDateFormatterTests" name="testShortDateStyleDateFormatterIsCached" time="0.008" />
    <testcase classname="SPTConcertsDateFormatterTests" name="testShortDateStyleDateFormatterNotNil" time="0.008" />
    <testcase classname="SPTConcertsDateFormatterTests" name="testShortDateStyleDateFormatterOutput" time="0.012" />
    <testcase classname="SPTConcertsDateFormatterTests" name="testShortTimeStyleDateFormatterIsCached" time="0.008" />
    <testcase classname="SPTConcertsDateFormatterTests" name="testShortTimeStyleDateFormatterNotNil" time="0.007" />
    <testcase classname="SPTConcertsDateFormatterTests" name="testShortTimeStyleDateFormatterWith12HourLocale" time="0.011" />
    <testcase classname="SPTConcertsDateFormatterTests" name="testShortTimeStyleDateFormatterWith24HourLocale" time="0.011" />
    <testcase classname="SPTConcertsDateFormatterTests" name="testSubtitleDateRangeDateFormatterIsCached" time="0.005" />
    <testcase classname="SPTConcertsDateFormatterTests" name="testSubtitleDateRangeDateFormatterNotNil" time="0.004" />
    <testcase classname="SPTConcertsDateFormatterTests" name="testSubtitleDateRangeDateFormatterOutput" time="0.011" />
    <testcase classname="SPTConcertsDateFormatterTests" name="testSubtitleSingleDateDateFormatterIsCached" time="0.008" />
    <testcase classname="SPTConcertsDateFormatterTests" name="testSubtitleSingleDateDateFormatterNotNil" time="0.008" />
    <testcase classname="SPTConcertsDateFormatterTests" name="testSubtitleSingleDateDateFormatterOutput" time="0.012" />
  </testsuite>
  <testsuite failures="0" name="SPTConcertsEntityArtistRowViewModelTests" tests="9">
    <testcase classname="SPTConcertsEntityArtistRowViewModelTests" name="testCanBeTappedIsFalseWhenEmptyArtistUri" time="0.009" />
    <testcase classname="SPTConcertsEntityArtistRowViewModelTests" name="testCanBeTappedIsFalseWhenNilArtistUri" time="0.007" />
    <testcase classname="SPTConcertsEntityArtistRowViewModelTests" name="testCanBeTappedIsTrueWhenHasArtistUri" time="0.006" />
    <testcase classname="SPTConcertsEntityArtistRowViewModelTests" name="testHandleAccessoryTapDoesNothing" time="0.006" />
    <testcase classname="SPTConcertsEntityArtistRowViewModelTests" name="testHandleTapDoesNothingWhenNoArtistUri" time="0.006" />
    <testcase classname="SPTConcertsEntityArtistRowViewModelTests" name="testHandleTapWHenHasArtistUri" time="0.007" />
    <testcase classname="SPTConcertsEntityArtistRowViewModelTests" name="testRowKindIsAlwaysArtist" time="0.007" />
    <testcase classname="SPTConcertsEntityArtistRowViewModelTests" name="testSubtitleText" time="0.009" />
    <testcase classname="SPTConcertsEntityArtistRowViewModelTests" name="testTitleText" time="0.007" />
  </testsuite>
  <testsuite failures="0" name="SPTConcertsEntityConcertRowViewModelTests" tests="12">
    <testcase classname="SPTConcertsEntityConcertRowViewModelTests" name="testAdornmentSubtitleText" time="0.014" />
    <testcase classname="SPTConcertsEntityConcertRowViewModelTests" name="testAdornmentTitleText" time="0.009" />
    <testcase classname="SPTConcertsEntityConcertRowViewModelTests" name="testCanBeTappedIsFalseWhenEmptyConcertIdentifier" time="0.008" />
    <testcase classname="SPTConcertsEntityConcertRowViewModelTests" name="testCanBeTappedIsFalseWhenNilConcertIdentifier" time="0.007" />
    <testcase classname="SPTConcertsEntityConcertRowViewModelTests" name="testCanBeTappedIsTrueWhenHasConcertIdentifier" time="0.005" />
    <testcase classname="SPTConcertsEntityConcertRowViewModelTests" name="testHandleAccessoryTapDoesNothing" time="0.007" />
    <testcase classname="SPTConcertsEntityConcertRowViewModelTests" name="testHandleTapDoesNothingWhenNoConcertIdentifier" time="0.008" />
    <testcase classname="SPTConcertsEntityConcertRowViewModelTests" name="testHandleTapWHenHasConcertIdentifier" time="0.008" />
    <testcase classname="SPTConcertsEntityConcertRowViewModelTests" name="testRowKindIsAlwaysConcert" time="0.008" />
    <testcase classname="SPTConcertsEntityConcertRowViewModelTests" name="testSubtitleTextFor12HourLocale" time="0.014" />
    <testcase classname="SPTConcertsEntityConcertRowViewModelTests" name="testSubtitleTextFor24HourLocale" time="0.013" />
    <testcase classname="SPTConcertsEntityConcertRowViewModelTests" name="testTitleText" time="0.007" />
  </testsuite>
  <testsuite failures="0" name="SPTConcertsEntityHeaderViewModelTests" tests="27">
    <testcase classname="SPTConcertsEntityHeaderViewModelTests" name="testBackgroundColorFallsBackToNil" time="0.007" />
    <testcase classname="SPTConcertsEntityHeaderViewModelTests" name="testBackgroundColorUsesEntityColorIfAvailable" time="0.007" />
    <testcase classname="SPTConcertsEntityHeaderViewModelTests" name="testDateTextFormatsStartDate" time="0.013" />
    <testcase classname="SPTConcertsEntityHeaderViewModelTests" name="testDateTextIsNeverNil" time="0.009" />
    <testcase classname="SPTConcertsEntityHeaderViewModelTests" name="testFindTicketsButtonDisabledByDefault" time="0.008" />
    <testcase classname="SPTConcertsEntityHeaderViewModelTests" name="testFindTicketsButtonEnabledWhenHasEntity" time="0.007" />
    <testcase classname="SPTConcertsEntityHeaderViewModelTests" name="testFindTicketsIsUppercase" time="0.006" />
    <testcase classname="SPTConcertsEntityHeaderViewModelTests" name="testFindTicketsTextIsNeverNil" time="0.005" />
    <testcase classname="SPTConcertsEntityHeaderViewModelTests" name="testPrimaryImageFallbackColorFallsBackToDefault" time="0.006" />
    <testcase classname="SPTConcertsEntityHeaderViewModelTests" name="testPrimaryImageFallbackUsesEntityColorIfAvailable" time="0.007" />
    <testcase classname="SPTConcertsEntityHeaderViewModelTests" name="testShareTextIsAlwaysAvailable" time="0.007" />
    <testcase classname="SPTConcertsEntityHeaderViewModelTests" name="testShareTextIsUppercase" time="0.007" />
    <testcase classname="SPTConcertsEntityHeaderViewModelTests" name="testShouldShowTicketsPriceIsFalseWhenWeLackPrice" time="0.007" />
    <testcase classname="SPTConcertsEntityHeaderViewModelTests" name="testShouldShowTicketsPriceIsTrueWhenWeHavePrice" time="0.008" />
    <testcase classname="SPTConcertsEntityHeaderViewModelTests" name="testShowFindTicketsPageExitsEarlyWhenNoEntity" time="0.008" />
    <testcase classname="SPTConcertsEntityHeaderViewModelTests" name="testShowFindTicketsPageMessagesURLOpener" time="0.008" />
    <testcase classname="SPTConcertsEntityHeaderViewModelTests" name="testTimeTextFormatsStartDate" time="0.015" />
    <testcase classname="SPTConcertsEntityHeaderViewModelTests" name="testTimeTextIsNeverNil" time="0.007" />
    <testcase classname="SPTConcertsEntityHeaderViewModelTests" name="testTimeTextIsSingleSpaceStringWhenTimeNotKnown" time="0.008" />
    <testcase classname="SPTConcertsEntityHeaderViewModelTests" name="testTitleTextIsArtistNamesForThreeArtist" time="0.012" />
    <testcase classname="SPTConcertsEntityHeaderViewModelTests" name="testTitleTextIsArtistNamesForTwoArtist" time="0.014" />
    <testcase classname="SPTConcertsEntityHeaderViewModelTests" name="testTitleTextIsJustArtistNameForOneArtist" time="0.010" />
    <testcase classname="SPTConcertsEntityHeaderViewModelTests" name="testTitleTextIsSingleSpaceStringWhenNoEntity" time="0.008" />
    <testcase classname="SPTConcertsEntityHeaderViewModelTests" name="testTitleTextUsesNonBreakingSpaceForArtistWithMultipleWords" time="0.013" />
    <testcase classname="SPTConcertsEntityHeaderViewModelTests" name="testUpdateUsingEntity" time="0.008" />
    <testcase classname="SPTConcertsEntityHeaderViewModelTests" name="testVenueTextIsNeverNil" time="0.008" />
    <testcase classname="SPTConcertsEntityHeaderViewModelTests" name="testVenueTextIsSameAsEntityVenue" time="0.008" />
  </testsuite>
  <testsuite failures="0" name="SPTConcertsEntityJSONTransfomerTests" tests="10">
    <testcase classname="SPTConcertsEntityJSONTransfomerTests" name="testCompletionBlockIsExecutedOnMainThread" time="0.011" />
    <testcase classname="SPTConcertsEntityJSONTransfomerTests" name="testCompletionErrorSetToInvalidDataForArrayRoot" time="0.007" />
    <testcase classname="SPTConcertsEntityJSONTransfomerTests" name="testCompletionErrorSetToInvalidDataForEmptyEntityDictionary" time="0.007" />
    <testcase classname="SPTConcertsEntityJSONTransfomerTests" name="testCompletionErrorSetToInvalidDataForEmptyJSONData" time="0.007" />
    <testcase classname="SPTConcertsEntityJSONTransfomerTests" name="testCompletionErrorSetToInvalidDataForIncomplete" time="0.007" />
    <testcase classname="SPTConcertsEntityJSONTransfomerTests" name="testCompletionErrorSetToInvalidDataForMalformedJSONData" time="0.006" />
    <testcase classname="SPTConcertsEntityJSONTransfomerTests" name="testCompletionErrorSetToInvalidDataForNilJSONData" time="0.005" />
    <testcase classname="SPTConcertsEntityJSONTransfomerTests" name="testCompletionErrorSetToInvalidDataForOnlyMetadata" time="0.008" />
    <testcase classname="SPTConcertsEntityJSONTransfomerTests" name="testCompletionHasEntityForValidJSONData" time="0.009" />
    <testcase classname="SPTConcertsEntityJSONTransfomerTests" name="testDoesNothingIfNoCompletionBlock" time="0.008" />
  </testsuite>
  <testsuite failures="0" name="SPTConcertsEntityRelatedConcertTests" tests="7">
    <testcase classname="SPTConcertsEntityRelatedConcertTests" name="testInitWithAllValues" time="0.008" />
    <testcase classname="SPTConcertsEntityRelatedConcertTests" name="testInitWithAllValuesRequiredValuesNoOptionalValue" time="0.006" />
    <testcase classname="SPTConcertsEntityRelatedConcertTests" name="testInitWithMissingArtistsYeildsNil" time="0.006" />
    <testcase classname="SPTConcertsEntityRelatedConcertTests" name="testInitWithMissingIdentifierYeildsNil" time="0.006" />
    <testcase classname="SPTConcertsEntityRelatedConcertTests" name="testInitWithMissingRequiredValuesYeildsNil" time="0.007" />
    <testcase classname="SPTConcertsEntityRelatedConcertTests" name="testInitWithMissingStartDateYeildsNil" time="0.009" />
    <testcase classname="SPTConcertsEntityRelatedConcertTests" name="testInitWithMissingVenueYeildsNil" time="0.008" />
  </testsuite>
  <testsuite failures="0" name="SPTConcertsEntityStateErrorTests" tests="15">
    <testcase classname="SPTConcertsEntityStateErrorTests" name="testCopyReturnsSameInstance" time="0.008" />
    <testcase classname="SPTConcertsEntityStateErrorTests" name="testDescriptionContainsError" time="0.008" />
    <testcase classname="SPTConcertsEntityStateErrorTests" name="testDescriptionContainsName" time="0.008" />
    <testcase classname="SPTConcertsEntityStateErrorTests" name="testDescriptionIsPrefixedByClassName" time="0.007" />
    <testcase classname="SPTConcertsEntityStateErrorTests" name="testHashIsEqualForCopiedStates" time="0.006" />
    <testcase classname="SPTConcertsEntityStateErrorTests" name="testHashIsEqualForEqualObjects" time="0.005" />
    <testcase classname="SPTConcertsEntityStateErrorTests" name="testHashIsNonEqualWhenDifferentErrors" time="0.006" />
    <testcase classname="SPTConcertsEntityStateErrorTests" name="testInitWithErrorSetErrorProperty" time="0.005" />
    <testcase classname="SPTConcertsEntityStateErrorTests" name="testIsEqualForCopiedObjects" time="0.006" />
    <testcase classname="SPTConcertsEntityStateErrorTests" name="testIsEqualForEqualObjectsWithEntities" time="0.008" />
    <testcase classname="SPTConcertsEntityStateErrorTests" name="testIsEqualForSameObject" time="0.008" />
    <testcase classname="SPTConcertsEntityStateErrorTests" name="testIsNotEqualWhenDifferentEntities" time="0.008" />
    <testcase classname="SPTConcertsEntityStateErrorTests" name="testIsNotEqualWhenRhsIsNil" time="0.007" />
    <testcase classname="SPTConcertsEntityStateErrorTests" name="testName" time="0.005" />
    <testcase classname="SPTConcertsEntityStateErrorTests" name="testStateWithErrorSetErrorProperty" time="0.005" />
  </testsuite>
  <testsuite failures="0" name="SPTConcertsEntityStateLoadedTests" tests="1">
    <testcase classname="SPTConcertsEntityStateLoadedTests" name="testInitAssertNonNilEntity" time="0.006" />
  </testsuite>
  <testsuite failures="0" name="SPTConcertsEntityStateTests" tests="22">
    <testcase classname="SPTConcertsEntityStateTests" name="testCopyReturnsSameInstance" time="0.006" />
    <testcase classname="SPTConcertsEntityStateTests" name="testDescriptionContainsEntity" time="0.006" />
    <testcase classname="SPTConcertsEntityStateTests" name="testDescriptionIsPrefixedByClassName" time="0.005" />
    <testcase classname="SPTConcertsEntityStateTests" name="testDifferentHashForDifferentSubclasses" time="0.006" />
    <testcase classname="SPTConcertsEntityStateTests" name="testHashIsEqualForCopiedStates" time="0.007" />
    <testcase classname="SPTConcertsEntityStateTests" name="testHashIsEqualForEqualObjectsWithEntity" time="0.011" />
    <testcase classname="SPTConcertsEntityStateTests" name="testHashIsEqualForEqualObjectsWithoutEntity" time="0.008" />
    <testcase classname="SPTConcertsEntityStateTests" name="testHashIsNonEqualWhenDifferentEntities" time="0.008" />
    <testcase classname="SPTConcertsEntityStateTests" name="testHashIsNonEqualWhenOnlyOneHasEntity" time="0.007" />
    <testcase classname="SPTConcertsEntityStateTests" name="testInit" time="0.007" />
    <testcase classname="SPTConcertsEntityStateTests" name="testInitWithEntitySetsEntityProperty" time="0.007" />
    <testcase classname="SPTConcertsEntityStateTests" name="testIsEqualForCopiedObjects" time="0.005" />
    <testcase classname="SPTConcertsEntityStateTests" name="testIsEqualForEqualObjectsWithEntities" time="0.005" />
    <testcase classname="SPTConcertsEntityStateTests" name="testIsEqualForEqualObjectsWithoutEntities" time="0.006" />
    <testcase classname="SPTConcertsEntityStateTests" name="testIsEqualForSameObjectWithEntity" time="0.005" />
    <testcase classname="SPTConcertsEntityStateTests" name="testIsEqualForSameObjectWithoutEntity" time="0.005" />
    <testcase classname="SPTConcertsEntityStateTests" name="testIsNotEqualWhenDifferentEntities" time="0.006" />
    <testcase classname="SPTConcertsEntityStateTests" name="testIsNotEqualWhenOnlyOneHasEntity" time="0.007" />
    <testcase classname="SPTConcertsEntityStateTests" name="testIsNotEqualWhenRhsIsNil" time="0.007" />
    <testcase classname="SPTConcertsEntityStateTests" name="testNameIsEmptyForAbstractStateClass" time="0.009" />
    <testcase classname="SPTConcertsEntityStateTests" name="testOnlyInstancesOfSpecificStateClassAreEqual" time="0.007" />
    <testcase classname="SPTConcertsEntityStateTests" name="testStateWithEntitySetsEntityProperty" time="0.009" />
  </testsuite>
  <testsuite failures="0" name="SPTConcertsEntityTests" tests="11">
    <testcase classname="SPTConcertsEntityTests" name="testCopyIsEqual" time="0.009" />
    <testcase classname="SPTConcertsEntityTests" name="testCopyReturnsTheSameInstance" time="0.009" />
    <testcase classname="SPTConcertsEntityTests" name="testDifferentHashWhenIdentifiersAreNotSame" time="0.010" />
    <testcase classname="SPTConcertsEntityTests" name="testEqualWhenIdentifiersAreSameRegardless" time="0.008" />
    <testcase classname="SPTConcertsEntityTests" name="testIdenticalEntitiesAreEqual" time="0.009" />
    <testcase classname="SPTConcertsEntityTests" name="testIdenticalEntitiesHasSameHash" time="0.009" />
    <testcase classname="SPTConcertsEntityTests" name="testInitInitializesAllProperties" time="0.008" />
    <testcase classname="SPTConcertsEntityTests" name="testInitReturnsNilForEmptyArtists" time="0.009" />
    <testcase classname="SPTConcertsEntityTests" name="testInitReturnsNilForEmptyIdentifier" time="0.008" />
    <testcase classname="SPTConcertsEntityTests" name="testNotEqualWhenIdentifiersAreNotSame" time="0.010" />
    <testcase classname="SPTConcertsEntityTests" name="testSameHashWhenIdentifiersAreSameRegardless" time="0.009" />
  </testsuite>
  <testsuite failures="0" name="SPTConcertsEntityViewDelegateTests" tests="1">
    <testcase classname="SPTConcertsEntityViewDelegateTests" name="testTapIsHandledWhenCollectionViewCellIsSelected" time="0.009" />
  </testsuite>
  <testsuite failures="0" name="SPTConcertsEntityViewModelTests" tests="26">
    <testcase classname="SPTConcertsEntityViewModelTests" name="testAddObserverAddsToObserverManager" time="0.006" />
    <testcase classname="SPTConcertsEntityViewModelTests" name="testCancelAllLoadsCancelsMainEntityResolver" time="0.005" />
    <testcase classname="SPTConcertsEntityViewModelTests" name="testEntityResolverTokenIsNilledAfterResolveCancel" time="0.007" />
    <testcase classname="SPTConcertsEntityViewModelTests" name="testEntityResolverTokenIsNilledAfterResolveError" time="0.006" />
    <testcase classname="SPTConcertsEntityViewModelTests" name="testEntityResolverTokenIsNilledAfterSuccessfulResolve" time="0.007" />
    <testcase classname="SPTConcertsEntityViewModelTests" name="testHeaderViewModelExistsFromInit" time="0.006" />
    <testcase classname="SPTConcertsEntityViewModelTests" name="testLoadIfNeededDoesNotLoadForGenericError" time="0.006" />
    <testcase classname="SPTConcertsEntityViewModelTests" name="testLoadIfNeededDoesNotLoadForNonRecoverableError" time="0.007" />
    <testcase classname="SPTConcertsEntityViewModelTests" name="testLoadIfNeededDoesNotLoadWhenAlreadyLoaded" time="0.008" />
    <testcase classname="SPTConcertsEntityViewModelTests" name="testLoadIfNeededDoesNotLoadWhenAlreadyLoading" time="0.008" />
    <testcase classname="SPTConcertsEntityViewModelTests" name="testLoadIfNeededDoesNotLoadWhenOffline" time="0.009" />
    <testcase classname="SPTConcertsEntityViewModelTests" name="testLoadIfNeededLoadsIfInitialState" time="0.008" />
    <testcase classname="SPTConcertsEntityViewModelTests" name="testLoadIfNeededLoadsIfPreviousLoadWasCancelled" time="0.008" />
    <testcase classname="SPTConcertsEntityViewModelTests" name="testObserverIsSentUpdateMessagesOnSuccessfulResolve" time="0.009" />
    <testcase classname="SPTConcertsEntityViewModelTests" name="testPageURIIsSameAsInjectedURI" time="0.009" />
    <testcase classname="SPTConcertsEntityViewModelTests" name="testRemoveExistingObserverRemovesFromObserverManager" time="0.008" />
    <testcase classname="SPTConcertsEntityViewModelTests" name="testRemoveNonAddedObserver" time="0.009" />
    <testcase classname="SPTConcertsEntityViewModelTests" name="testSectionViewModelsAreCreatedAfterResolverSuccessful" time="0.008" />
    <testcase classname="SPTConcertsEntityViewModelTests" name="testSectionViewModelsArrayIsNonNil" time="0.008" />
    <testcase classname="SPTConcertsEntityViewModelTests" name="testSetStateNotifiesObservers" time="0.009" />
    <testcase classname="SPTConcertsEntityViewModelTests" name="testSetStateToNilResets" time="0.007" />
    <testcase classname="SPTConcertsEntityViewModelTests" name="testStateIsCancelAfterResolveCancel" time="0.007" />
    <testcase classname="SPTConcertsEntityViewModelTests" name="testStateIsErrorAfterResolveError" time="0.006" />
    <testcase classname="SPTConcertsEntityViewModelTests" name="testStateIsLoadedAfterResolveCancelWhenPreviousEntity" time="0.006" />
    <testcase classname="SPTConcertsEntityViewModelTests" name="testStateIsLoadedAfterSuccessfulResolve" time="0.006" />
    <testcase classname="SPTConcertsEntityViewModelTests" name="testStateIsOfflineAfterResolveIsOffline" time="0.005" />
  </testsuite>
  <testsuite failures="0" name="SPTConcertsListingModelTests" tests="19">
    <testcase classname="SPTConcertsListingModelTests" name="testDisplayDateInAmericanEnglish" time="0.014" />
    <testcase classname="SPTConcertsListingModelTests" name="testDisplayDateInCanadianFrench" time="0.025" />
    <testcase classname="SPTConcertsListingModelTests" name="testDisplayDateInMexicanSpanish" time="0.024" />
    <testcase classname="SPTConcertsListingModelTests" name="testEmptyConcertsJSON" time="0.009" />
    <testcase classname="SPTConcertsListingModelTests" name="testEmptyJSON" time="0.007" />
    <testcase classname="SPTConcertsListingModelTests" name="testEmptyResponseBody" time="0.008" />
    <testcase classname="SPTConcertsListingModelTests" name="testInvalidConcertsArrayWithInvalidArtists" time="0.009" />
    <testcase classname="SPTConcertsListingModelTests" name="testIsGroupedListingIsFalseWhenListingHasOnlyOneConcert" time="0.010" />
    <testcase classname="SPTConcertsListingModelTests" name="testIsGroupedListingIsTrueWhenListingHasMoreThanOneConcert" time="0.010" />
    <testcase classname="SPTConcertsListingModelTests" name="testParseDateFromBackend" time="0.009" />
    <testcase classname="SPTConcertsListingModelTests" name="testSubtitleStringForListingsWithMultpleVenues" time="0.013" />
    <testcase classname="SPTConcertsListingModelTests" name="testSubtitleStringForListingsWithMultpleVenuesButHappeningOnSameDay" time="0.014" />
    <testcase classname="SPTConcertsListingModelTests" name="testSubtitleStringWithDifferentStartAndEndDates" time="0.014" />
    <testcase classname="SPTConcertsListingModelTests" name="testSubtitleStringWithDifferentStartAndEndDatesAcrossMonth" time="0.014" />
    <testcase classname="SPTConcertsListingModelTests" name="testSubtitleStringWithSameStartAndEndDate" time="0.016" />
    <testcase classname="SPTConcertsListingModelTests" name="testValidConcertsArray" time="0.010" />
    <testcase classname="SPTConcertsListingModelTests" name="testValidConcertsArrayThatContainsOneRecommendedAndOnePopularEvent" time="0.010" />
    <testcase classname="SPTConcertsListingModelTests" name="testValidConcertsArrayWithMultipleConcertsAtSameVenue" time="0.010" />
    <testcase classname="SPTConcertsListingModelTests" name="testValidConcertsArrayWithOneValidArtist" time="0.009" />
  </testsuite>
  <testsuite failures="0" name="SPTConcertsListingsHeaderDataTests" tests="5">
    <testcase classname="SPTConcertsListingsHeaderDataTests" name="testEmptyJSON" time="0.006" />
    <testcase classname="SPTConcertsListingsHeaderDataTests" name="testEmptyResponseBody" time="0.007" />
    <testcase classname="SPTConcertsListingsHeaderDataTests" name="testInvalidHeaderJSONWithNoHeaderImageURL" time="0.007" />
    <testcase classname="SPTConcertsListingsHeaderDataTests" name="testInvalidHeaderJSONWithNoUserLocation" time="0.007" />
    <testcase classname="SPTConcertsListingsHeaderDataTests" name="testValidHeaderData" time="0.008" />
  </testsuite>
  <testsuite failures="0" name="SPTConcertsListingsViewControllerTests" tests="11">
    <testcase classname="SPTConcertsListingsViewControllerTests" name="testDoNotLogAbandonedNoConcertsView" time="3.078" />
    <testcase classname="SPTConcertsListingsViewControllerTests" name="testDoNotLogAbandonedNoLocationView" time="2.137" />
    <testcase classname="SPTConcertsListingsViewControllerTests" name="testDoNotLogAbandonedViewAfterInitialSuccessulLoad" time="2.956" />
    <testcase classname="SPTConcertsListingsViewControllerTests" name="testLogAbandonedNoConcertsView" time="2.088" />
    <testcase classname="SPTConcertsListingsViewControllerTests" name="testLogAbandonedNoLocationView" time="2.102" />
    <testcase classname="SPTConcertsListingsViewControllerTests" name="testLogZeroConcertsForNoConcertsView" time="2.096" />
    <testcase classname="SPTConcertsListingsViewControllerTests" name="testOpenURLInNativeBrowser" time="0.533" />
    <testcase classname="SPTConcertsListingsViewControllerTests" name="testOpenURLInSafariViewController" time="2.331" />
    <testcase classname="SPTConcertsListingsViewControllerTests" name="testPopularHeadingSectionOnly" time="1.369" />
    <testcase classname="SPTConcertsListingsViewControllerTests" name="testRecommendedAndPopularNearMeSections" time="1.679" />
    <testcase classname="SPTConcertsListingsViewControllerTests" name="testSuccessfullyUpdatedLocation" time="0.535" />
  </testsuite>
  <testsuite failures="0" name="SPTConcertsListingsViewModelTests" tests="12">
    <testcase classname="SPTConcertsListingsViewModelTests" name="testLoadLastLocationFromLocalData" time="0.009" />
    <testcase classname="SPTConcertsListingsViewModelTests" name="testNotifyDelegateOfLoadingAfterCancelledRequest" time="0.008" />
    <testcase classname="SPTConcertsListingsViewModelTests" name="testNotifyDelegateOfLoadingAfterSuccessfulResponse" time="0.010" />
    <testcase classname="SPTConcertsListingsViewModelTests" name="testNotifyDelegateOfLoadingAfterUnsuccessfulResponse" time="0.007" />
    <testcase classname="SPTConcertsListingsViewModelTests" name="testParseEmptyConcertResultsJSONResponse" time="0.007" />
    <testcase classname="SPTConcertsListingsViewModelTests" name="testParseEmptyJSONResponse" time="0.008" />
    <testcase classname="SPTConcertsListingsViewModelTests" name="testParseErrorResponse" time="0.008" />
    <testcase classname="SPTConcertsListingsViewModelTests" name="testParseValidConcertsResultsJSONResponse" time="0.009" />
    <testcase classname="SPTConcertsListingsViewModelTests" name="testRequestToCorrectURLWithEmptyGeonameID" time="0.007" />
    <testcase classname="SPTConcertsListingsViewModelTests" name="testRequestToCorrectURLWithGeonameID" time="0.007" />
    <testcase classname="SPTConcertsListingsViewModelTests" name="testRetryRequestAfterRequestWithInvalidGeonameID" time="0.007" />
    <testcase classname="SPTConcertsListingsViewModelTests" name="testSaveLastLocationToLocalData" time="0.007" />
  </testsuite>
  <testsuite failures="0" name="SPTConcertsLocalDataManagerTests" tests="4">
    <testcase classname="SPTConcertsLocalDataManagerTests" name="testLoadInvalidLastLocation" time="0.006" />
    <testcase classname="SPTConcertsLocalDataManagerTests" name="testLoadLastLocation" time="0.006" />
    <testcase classname="SPTConcertsLocalDataManagerTests" name="testSaveInvalidLastLocation" time="0.005" />
    <testcase classname="SPTConcertsLocalDataManagerTests" name="testSaveLastLocation" time="0.005" />
  </testsuite>
  <testsuite failures="0" name="SPTConcertsLocationModelTests" tests="9">
    <testcase classname="SPTConcertsLocationModelTests" name="testDissimilarLocationsAreNotEqual" time="0.006" />
    <testcase classname="SPTConcertsLocationModelTests" name="testDissimilarLocationsWithSameGeonameIdAreNotEqual" time="0.008" />
    <testcase classname="SPTConcertsLocationModelTests" name="testDissimilarLocationsWithSameNameAreNotEqual" time="0.008" />
    <testcase classname="SPTConcertsLocationModelTests" name="testEmptyJSON" time="0.008" />
    <testcase classname="SPTConcertsLocationModelTests" name="testEmptyResponseBody" time="0.009" />
    <testcase classname="SPTConcertsLocationModelTests" name="testInvalidLocationWithoutGeonameId" time="0.009" />
    <testcase classname="SPTConcertsLocationModelTests" name="testInvalidLocationWithoutLocationName" time="0.009" />
    <testcase classname="SPTConcertsLocationModelTests" name="testSimilarLocationsAreEqual" time="0.009" />
    <testcase classname="SPTConcertsLocationModelTests" name="testValidLocation" time="0.009" />
  </testsuite>
  <testsuite failures="0" name="SPTConcertsLocationSearchViewControllerTests" tests="9">
    <testcase classname="SPTConcertsLocationSearchViewControllerTests" name="testDoNotLogFailedSearchWhenLeavingViewAfterSelectingLocation" time="1.683" />
    <testcase classname="SPTConcertsLocationSearchViewControllerTests" name="testDoNotLogFailedSearchWhenLeavingViewWithNoSearchQuery" time="1.637" />
    <testcase classname="SPTConcertsLocationSearchViewControllerTests" name="testEmptyScreenWhenQueryDeleted" time="2.166" />
    <testcase classname="SPTConcertsLocationSearchViewControllerTests" name="testErrorMessageDisplayed" time="1.640" />
    <testcase classname="SPTConcertsLocationSearchViewControllerTests" name="testErrorMessagesHiddenWithNoQuery" time="1.640" />
    <testcase classname="SPTConcertsLocationSearchViewControllerTests" name="testErrorMessagesHiddenWithQuery" time="1.636" />
    <testcase classname="SPTConcertsLocationSearchViewControllerTests" name="testLogFailedSearchWhenLeavingViewWithNoResults" time="1.626" />
    <testcase classname="SPTConcertsLocationSearchViewControllerTests" name="testLogFailedSearchWhenLeavingViewWithResults" time="1.642" />
    <testcase classname="SPTConcertsLocationSearchViewControllerTests" name="testNoResultsMessageDisplayed" time="1.637" />
  </testsuite>
  <testsuite failures="0" name="SPTConcertsLocationSearchViewModelTests" tests="8">
    <testcase classname="SPTConcertsLocationSearchViewModelTests" name="testNotifyDelegateOfLoadingAfterCancelledRequest" time="0.009" />
    <testcase classname="SPTConcertsLocationSearchViewModelTests" name="testNotifyDelegateOfLoadingAfterSuccessfulResponse" time="0.008" />
    <testcase classname="SPTConcertsLocationSearchViewModelTests" name="testNotifyDelegateOfLoadingAfterUnsuccessfulResponse" time="0.008" />
    <testcase classname="SPTConcertsLocationSearchViewModelTests" name="testParseEmptyJSONResponse" time="0.008" />
    <testcase classname="SPTConcertsLocationSearchViewModelTests" name="testParseEmptyLocationResultsJSONResponse" time="0.008" />
    <testcase classname="SPTConcertsLocationSearchViewModelTests" name="testParseErrorResponse" time="0.007" />
    <testcase classname="SPTConcertsLocationSearchViewModelTests" name="testParseValidLocationResultsJSONResponse" time="0.009" />
    <testcase classname="SPTConcertsLocationSearchViewModelTests" name="testRequestToCorrectURL" time="0.010" />
  </testsuite>
  <testsuite failures="0" name="SPTConcertsPriceTests" tests="11">
    <testcase classname="SPTConcertsPriceTests" name="testCopyReturnsTheSameInstance" time="0.009" />
    <testcase classname="SPTConcertsPriceTests" name="testHashIsEqualForEqualObjects" time="0.008" />
    <testcase classname="SPTConcertsPriceTests" name="testHashIsNonEqualWhenDifferentAmount" time="0.009" />
    <testcase classname="SPTConcertsPriceTests" name="testHashIsNonEqualWhenDifferentCurrencyCode" time="0.009" />
    <testcase classname="SPTConcertsPriceTests" name="testInitInitializesAllProperties" time="0.008" />
    <testcase classname="SPTConcertsPriceTests" name="testIsEqualForEqualObjects" time="0.009" />
    <testcase classname="SPTConcertsPriceTests" name="testIsEqualForSameObject" time="0.008" />
    <testcase classname="SPTConcertsPriceTests" name="testIsNotEqualWhenDifferentAmount" time="0.008" />
    <testcase classname="SPTConcertsPriceTests" name="testIsNotEqualWhenDifferentCurrencyCode" time="0.008" />
    <testcase classname="SPTConcertsPriceTests" name="testIsNotEqualWhenNotSPTConcertPriceClass" time="0.008" />
    <testcase classname="SPTConcertsPriceTests" name="testIsNotEqualWhenRhsIsNil" time="0.008" />
  </testsuite>
  <testsuite failures="0" name="SPTConcertsServiceEntityResolverTests" tests="12">
    <testcase classname="SPTConcertsServiceEntityResolverTests" name="testDataLoaderCancelNotifiesDelegate" time="0.011" />
    <testcase classname="SPTConcertsServiceEntityResolverTests" name="testDataLoaderCancelTakesTokenForURL" time="0.010" />
    <testcase classname="SPTConcertsServiceEntityResolverTests" name="testDataLoaderErrorNotifiesDelegate" time="0.010" />
    <testcase classname="SPTConcertsServiceEntityResolverTests" name="testDataLoaderErrorTakesTokenForURL" time="0.010" />
    <testcase classname="SPTConcertsServiceEntityResolverTests" name="testDataLoaderSuccessFailedToParseJSONNotifiesDelegateOfError" time="0.011" />
    <testcase classname="SPTConcertsServiceEntityResolverTests" name="testDataLoaderSuccessTakesTokenForURL" time="0.010" />
    <testcase classname="SPTConcertsServiceEntityResolverTests" name="testDataLoaderSuccessWithEntityNotifiesDelegate" time="0.011" />
    <testcase classname="SPTConcertsServiceEntityResolverTests" name="testPropertiesIntialized" time="0.009" />
    <testcase classname="SPTConcertsServiceEntityResolverTests" name="testResolveNewValidEntityURIRecordsToken" time="0.009" />
    <testcase classname="SPTConcertsServiceEntityResolverTests" name="testResolveValidEntityURIDelegatesToDataLoader" time="0.009" />
    <testcase classname="SPTConcertsServiceEntityResolverTests" name="testResolveValidEntityURIDoesNothingForInvalidURI" time="0.009" />
    <testcase classname="SPTConcertsServiceEntityResolverTests" name="testResolveValidEntityURIDoesNothingWhenDuplicateRequest" time="0.009" />
  </testsuite>
  <testsuite failures="0" name="SPTConcertsTestManagerTests" tests="4">
    <testcase classname="SPTConcertsTestManagerTests" name="testActivateStartsEntityFeatureFlag" time="0.009" />
    <testcase classname="SPTConcertsTestManagerTests" name="testActivateStopsEntityFeatureFlag" time="0.008" />
    <testcase classname="SPTConcertsTestManagerTests" name="testEntityFeatureFlagCreated" time="0.008" />
    <testcase classname="SPTConcertsTestManagerTests" name="testRegisterFeatureFlagSettingsRegistersEntityPageItem" time="0.009" />
  </testsuite>
  <testsuite failures="0" name="UIViewController_SPTConcertsMemoryHandlingTests" tests="4">
    <testcase classname="UIViewController_SPTConcertsMemoryHandlingTests" name="testReturnsNoIfViewIsLoadedAndAttachedToWindow" time="0.010" />
    <testcase classname="UIViewController_SPTConcertsMemoryHandlingTests" name="testReturnsNoIfViewIsNotLoaded" time="0.009" />
    <testcase classname="UIViewController_SPTConcertsMemoryHandlingTests" name="testReturnsYesIffViewIsLoadedAndNoWindow" time="0.017" />
    <testcase classname="UIViewController_SPTConcertsMemoryHandlingTests" name="testShouldReclaimViewMemoryDoesNotLoadView" time="0.008" />
  </testsuite>
  <testsuite failures="0" name="OnboardingFeatureTests" tests="21">
    <testcase classname="OnboardingFeatureTests" name="testCalculateFeatureEnablednessReturnsNoByDefault" time="0.011" />
    <testcase classname="OnboardingFeatureTests" name="testCalculateFeatureEnablednessReturnsNoWhenOverrideIsOff" time="0.014" />
    <testcase classname="OnboardingFeatureTests" name="testCalculateFeatureEnablednessReturnsNoWhenProductStateIsOff" time="0.010" />
    <testcase classname="OnboardingFeatureTests" name="testCalculateFeatureEnablednessReturnsYesWhenOverridesIsOn" time="0.010" />
    <testcase classname="OnboardingFeatureTests" name="testCalculateFeatureEnablednessReturnsYesWhenProductStateIsOn" time="0.010" />
    <testcase classname="OnboardingFeatureTests" name="testConformsToFeatureProtocol" time="0.010" />
    <testcase classname="OnboardingFeatureTests" name="testFeatureIdentifier" time="0.009" />
    <testcase classname="OnboardingFeatureTests" name="testIsEnabledForFeatureFlagGroupReturnsNoForControl" time="0.006" />
    <testcase classname="OnboardingFeatureTests" name="testIsEnabledForFeatureFlagGroupReturnsNoForGarbage" time="0.010" />
    <testcase classname="OnboardingFeatureTests" name="testIsEnabledForFeatureFlagGroupReturnsNoForNil" time="0.011" />
    <testcase classname="OnboardingFeatureTests" name="testIsEnabledForFeatureFlagGroupReturnsYesForEnabled" time="0.009" />
    <testcase classname="OnboardingFeatureTests" name="testIsEnabledOffByDefault" time="0.009" />
    <testcase classname="OnboardingFeatureTests" name="testIsEnabledSetAtFeatureLoad" time="0.024" />
    <testcase classname="OnboardingFeatureTests" name="testLoadChecksFeatureEnabledness" time="0.010" />
    <testcase classname="OnboardingFeatureTests" name="testLoadDoesNothingIfFeatureIsDisabled" time="0.009" />
    <testcase classname="OnboardingFeatureTests" name="testLoadOnboardingController" time="0.006" />
    <testcase classname="OnboardingFeatureTests" name="testLoadSetsFeatureUpIfEnabled" time="0.007" />
    <testcase classname="OnboardingFeatureTests" name="testLoadThemeRegistersDictionaries" time="0.009" />
    <testcase classname="OnboardingFeatureTests" name="testOnlyConfiguresWithDeclaredDependencies" time="0.006" />
    <testcase classname="OnboardingFeatureTests" name="testUnloadNilsFeatureDependencies" time="0.005" />
    <testcase classname="OnboardingFeatureTests" name="testUnloadNilsOwnedObjects" time="0.006" />
  </testsuite>
  <testsuite failures="0" name="SPTOnboardingControllerTests" tests="2">
    <testcase classname="SPTOnboardingControllerTests" name="testAddsItselfAsRootViewPresenterWhenActivated" time="0.008" />
    <testcase classname="SPTOnboardingControllerTests" name="testRemovesItselfAsRootViewPresenterWhenDeactivated" time="0.005" />
  </testsuite>
  <testsuite failures="0" name="SPTOnboardingRegistryImplementationTests" tests="7">
    <testcase classname="SPTOnboardingRegistryImplementationTests" name="testActiveItemViewControllers" time="0.006" />
    <testcase classname="SPTOnboardingRegistryImplementationTests" name="testConformsToOnboardingRegistryProtocol" time="0.006" />
    <testcase classname="SPTOnboardingRegistryImplementationTests" name="testEmptyItemProviders" time="0.004" />
    <testcase classname="SPTOnboardingRegistryImplementationTests" name="testRegisterItemProviderForIdentifier" time="0.004" />
    <testcase classname="SPTOnboardingRegistryImplementationTests" name="testRegisterItemProviderNilIdentifierDoesNothing" time="0.005" />
    <testcase classname="SPTOnboardingRegistryImplementationTests" name="testRegisterItemProviderWithSameIdentifierOverwrites" time="0.005" />
    <testcase classname="SPTOnboardingRegistryImplementationTests" name="testRegisterNilItemProviderDoesNothing" time="0.004" />
  </testsuite>
  <testsuite failures="0" name="SPTOnboardingRootViewControllerTests" tests="10">
    <testcase classname="SPTOnboardingRootViewControllerTests" name="testCurrentItemViewController" time="0.007" />
    <testcase classname="SPTOnboardingRootViewControllerTests" name="testHandleOnboardingCompletionNotifiesDelegate" time="0.006" />
    <testcase classname="SPTOnboardingRootViewControllerTests" name="testHasNextItemViewController" time="0.007" />
    <testcase classname="SPTOnboardingRootViewControllerTests" name="testInitReturnsNilForNoItems" time="0.006" />
    <testcase classname="SPTOnboardingRootViewControllerTests" name="testInitSetsProperties" time="0.006" />
    <testcase classname="SPTOnboardingRootViewControllerTests" name="testItemViewControllerAtIndex" time="0.006" />
    <testcase classname="SPTOnboardingRootViewControllerTests" name="testNilsOnboardingItemControllerOnCompletion" time="0.006" />
    <testcase classname="SPTOnboardingRootViewControllerTests" name="testSelectNextItemViewController" time="0.007" />
    <testcase classname="SPTOnboardingRootViewControllerTests" name="testViewDidAppearExecutesUsableStateCallback" time="0.007" />
    <testcase classname="SPTOnboardingRootViewControllerTests" name="testViewDidAppearNotifiesDelegate" time="0.006" />
  </testsuite>
  <testsuite failures="0" name="SPTGeniusAttributedString" tests="3">
    <testcase classname="SPTGeniusAttributedString" name="testGeniusAttributedStringWithLinebreaks" time="0.014" />
    <testcase classname="SPTGeniusAttributedString" name="testGeniusAttributedStringWithLinebreaksBetweenHighlights" time="0.008" />
    <testcase classname="SPTGeniusAttributedString" name="testGeniusAttributedStringWithParens" time="0.007" />
  </testsuite>
  <testsuite failures="0" name="SPTGeniusCardManagerImplementationTest" tests="4">
    <testcase classname="SPTGeniusCardManagerImplementationTest" name="testAddObserver" time="0.008" />
    <testcase classname="SPTGeniusCardManagerImplementationTest" name="testCardEndDragging" time="0.008" />
    <testcase classname="SPTGeniusCardManagerImplementationTest" name="testNotNil" time="0.006" />
    <testcase classname="SPTGeniusCardManagerImplementationTest" name="testRemoveObserver" time="0.006" />
  </testsuite>
  <testsuite failures="0" name="SPTGeniusCardViewTest" tests="1">
    <testcase classname="SPTGeniusCardViewTest" name="testPatternInString" time="0.008" />
  </testsuite>
  <testsuite failures="0" name="SPTGeniusCardsViewControllerTest" tests="2">
    <testcase classname="SPTGeniusCardsViewControllerTest" name="testCardContainerViewNotNil" time="0.031" />
    <testcase classname="SPTGeniusCardsViewControllerTest" name="testNotNil" time="0.006" />
  </testsuite>
  <testsuite failures="0" name="SPTGeniusCarouselContentProviderTest" tests="3">
    <testcase classname="SPTGeniusCarouselContentProviderTest" name="testRenderingLayersWhenGeniusIsDisabled" time="0.009" />
    <testcase classname="SPTGeniusCarouselContentProviderTest" name="testRenderingLayersWhenGeniusIsEnabled" time="0.008" />
    <testcase classname="SPTGeniusCarouselContentProviderTest" name="testThatSameViewInstanceIsAlwaysReturned" time="0.009" />
  </testsuite>
  <testsuite failures="0" name="SPTGeniusFeatureImplementationTests" tests="2">
    <testcase classname="SPTGeniusFeatureImplementationTests" name="testProvideGeniusCardManager" time="0.008" />
    <testcase classname="SPTGeniusFeatureImplementationTests" name="testProvideGeniusNowPlayingViewControllerFactoryNotNil" time="0.008" />
  </testsuite>
  <testsuite failures="0" name="SPTGeniusLoggingServiceTests" tests="4">
    <testcase classname="SPTGeniusLoggingServiceTests" name="testAddItemToLoggedItems" time="0.008" />
    <testcase classname="SPTGeniusLoggingServiceTests" name="testCreateImpressionKey" time="0.004" />
    <testcase classname="SPTGeniusLoggingServiceTests" name="testImpressionIsNotLoggedForKey" time="0.004" />
    <testcase classname="SPTGeniusLoggingServiceTests" name="testLogImpression" time="0.004" />
  </testsuite>
  <testsuite failures="0" name="SPTGeniusNowPlayingViewControllerFactoryImplTest" tests="2">
    <testcase classname="SPTGeniusNowPlayingViewControllerFactoryImplTest" name="testCreateGeniusNowPlayingViewControllerNotNil" time="0.004" />
    <testcase classname="SPTGeniusNowPlayingViewControllerFactoryImplTest" name="testNotNil" time="0.004" />
  </testsuite>
  <testsuite failures="0" name="SPTGeniusNowPlayingViewControllerImplTest" tests="6">
    <testcase classname="SPTGeniusNowPlayingViewControllerImplTest" name="testDidBecomeEnabledDelegateCallback" time="0.005" />
    <testcase classname="SPTGeniusNowPlayingViewControllerImplTest" name="testGeniusEnabled_ErrorFetchingAnnotations" time="0.005" />
    <testcase classname="SPTGeniusNowPlayingViewControllerImplTest" name="testGeniusEnabled_Success" time="0.004" />
    <testcase classname="SPTGeniusNowPlayingViewControllerImplTest" name="testGeniusEnabled_TrackNotGeniusEnabled" time="0.005" />
    <testcase classname="SPTGeniusNowPlayingViewControllerImplTest" name="testNotNil" time="0.004" />
    <testcase classname="SPTGeniusNowPlayingViewControllerImplTest" name="testPanGestureRecognizerAddedToCardsViewControllerWhenAnnotationLoads" time="0.019" />
  </testsuite>
  <testsuite failures="0" name="SPTGeniusNowPlayingViewCoverArtViewTest" tests="2">
    <testcase classname="SPTGeniusNowPlayingViewCoverArtViewTest" name="testNotNil" time="0.004" />
    <testcase classname="SPTGeniusNowPlayingViewCoverArtViewTest" name="testUserInteractionEnabled" time="0.004" />
  </testsuite>
  <testsuite failures="0" name="SPTGeniusServiceTests" tests="6">
    <testcase classname="SPTGeniusServiceTests" name="testAnnotationFetching" time="0.009" />
    <testcase classname="SPTGeniusServiceTests" name="testAnnotationFetchingByTrackURL" time="0.009" />
    <testcase classname="SPTGeniusServiceTests" name="testAnnotationPrefetching" time="0.114" />
    <testcase classname="SPTGeniusServiceTests" name="testFetchEnabledTracksFailed" time="0.007" />
    <testcase classname="SPTGeniusServiceTests" name="testFetchEnabledTracksSuccessfulInvalidData" time="0.006" />
    <testcase classname="SPTGeniusServiceTests" name="testFetchEnabledTracksSuccessfulValidData" time="0.006" />
  </testsuite>
  <testsuite failures="0" name="SPTQueueFeatureImplementationTests" tests="9">
    <testcase classname="SPTQueueFeatureImplementationTests" name="testContextMenuActionDoesNotGiveTaskForEmptyArrays" time="0.016" />
    <testcase classname="SPTQueueFeatureImplementationTests" name="testContextMenuActionGivesTaskForTracks" time="0.009" />
    <testcase classname="SPTQueueFeatureImplementationTests" name="testHeadUnitRegistry" time="0.008" />
    <testcase classname="SPTQueueFeatureImplementationTests" name="testPlaybackDelegateRegistry" time="0.009" />
    <testcase classname="SPTQueueFeatureImplementationTests" name="testProvideQueueVC" time="0.009" />
    <testcase classname="SPTQueueFeatureImplementationTests" name="testQueueEnabledWhenPartyIsLocallyEnabled" time="0.008" />
    <testcase classname="SPTQueueFeatureImplementationTests" name="testQueueFeatureEnabledFrozenAfterFirstGet" time="0.009" />
    <testcase classname="SPTQueueFeatureImplementationTests" name="testQueueFeatureEnabledWithPartyABBA" time="0.009" />
    <testcase classname="SPTQueueFeatureImplementationTests" name="testStagedContextRegistry" time="0.009" />
  </testsuite>
  <testsuite failures="0" name="SPTQueueMultipleTracksActionTest" tests="7">
    <testcase classname="SPTQueueMultipleTracksActionTest" name="testContextMenuIconForQueueAction" time="0.015" />
    <testcase classname="SPTQueueMultipleTracksActionTest" name="testContextMenuTitleForQueueAction" time="0.008" />
    <testcase classname="SPTQueueMultipleTracksActionTest" name="testInjectedPlayer" time="0.008" />
    <testcase classname="SPTQueueMultipleTracksActionTest" name="testInjectedPlayerQueue" time="0.008" />
    <testcase classname="SPTQueueMultipleTracksActionTest" name="testInjectedTracks" time="0.006" />
    <testcase classname="SPTQueueMultipleTracksActionTest" name="testInjectedUpsellManager" time="0.008" />
    <testcase classname="SPTQueueMultipleTracksActionTest" name="testPlayerQueueHasQueuedTracks" time="0.008" />
  </testsuite>
  <testsuite failures="0" name="SPTQueueStagedContextRegistryImplementationTests" tests="1">
    <testcase classname="SPTQueueStagedContextRegistryImplementationTests" name="testRegisterPredicate" time="0.005" />
  </testsuite>
  <testsuite failures="0" name="SPTQueueTrackActionTests" tests="4">
    <testcase classname="SPTQueueTrackActionTests" name="testDoNotPlayImmediatelyIfSomethingIsPlayingWithContext" time="0.006" />
    <testcase classname="SPTQueueTrackActionTests" name="testDoNotPlayImmediatelyIfSomethingIsPlayingWithTrack" time="0.005" />
    <testcase classname="SPTQueueTrackActionTests" name="testNotNil" time="0.004" />
    <testcase classname="SPTQueueTrackActionTests" name="testPlayImmediatelyIfNothingIsPlaying" time="0.005" />
  </testsuite>
  <testsuite failures="0" name="SPTQueueTrackImplementationTests" tests="3">
    <testcase classname="SPTQueueTrackImplementationTests" name="testCopyCopiesTrack" time="0.007" />
    <testcase classname="SPTQueueTrackImplementationTests" name="testCopyReturnsNewInstance" time="0.019" />
    <testcase classname="SPTQueueTrackImplementationTests" name="testIsNotEqualWithSameTrackDifferentMetadata" time="0.004" />
  </testsuite>
  <testsuite failures="0" name="SPTQueueViewControllerImplementationTests" tests="33">
    <testcase classname="SPTQueueViewControllerImplementationTests" name="testAudioTouchNotProvided" time="0.023" />
    <testcase classname="SPTQueueViewControllerImplementationTests" name="testAudioTouchViewDidLoad" time="0.011" />
    <testcase classname="SPTQueueViewControllerImplementationTests" name="testAudioTouchWillDisplayCellNotNowPlayingWithViewModePlayerContext" time="0.010" />
    <testcase classname="SPTQueueViewControllerImplementationTests" name="testAudioTouchWillDisplayCellNotNowPlayingWithViewModePlayerContextAsShuffleUser" time="0.010" />
    <testcase classname="SPTQueueViewControllerImplementationTests" name="testAudioTouchWillDisplayCellNotNowPlayingWithViewModeStagedContext" time="0.009" />
    <testcase classname="SPTQueueViewControllerImplementationTests" name="testAudioTouchWillDisplayCellNowPlaying" time="0.009" />
    <testcase classname="SPTQueueViewControllerImplementationTests" name="testCanEditRowAtIndexPathStaged" time="0.005" />
    <testcase classname="SPTQueueViewControllerImplementationTests" name="testDisablesUpdates" time="0.005" />
    <testcase classname="SPTQueueViewControllerImplementationTests" name="testEnablesUpdates" time="0.006" />
    <testcase classname="SPTQueueViewControllerImplementationTests" name="testMoveRowAtIndexPathNoop" time="0.009" />
    <testcase classname="SPTQueueViewControllerImplementationTests" name="testNowPlayingCoverArtView" time="0.006" />
    <testcase classname="SPTQueueViewControllerImplementationTests" name="testObservesViewEngine" time="0.005" />
    <testcase classname="SPTQueueViewControllerImplementationTests" name="testQueueHeadUnitOnQueueViewModelDidUpdate" time="0.021" />
    <testcase classname="SPTQueueViewControllerImplementationTests" name="testQueueHeadUnitOnViewDidLayoutSubviews" time="0.012" />
    <testcase classname="SPTQueueViewControllerImplementationTests" name="testQueueHeadUnitOnViewWillAppear" time="0.010" />
    <testcase classname="SPTQueueViewControllerImplementationTests" name="testQueueViewModelWillUpdateViewModeToQueued" time="0.006" />
    <testcase classname="SPTQueueViewControllerImplementationTests" name="testQueueViewModelWillUpdateViewModeToStaged" time="0.006" />
    <testcase classname="SPTQueueViewControllerImplementationTests" name="testShouldHighlightRowAtIndexPathPlayer" time="0.005" />
    <testcase classname="SPTQueueViewControllerImplementationTests" name="testShouldHighlightRowAtIndexPathStaged" time="0.006" />
    <testcase classname="SPTQueueViewControllerImplementationTests" name="testSPTPageIdentifierReturnsCorrectIdentifier" time="0.006" />
    <testcase classname="SPTQueueViewControllerImplementationTests" name="testSPTPageURIReturnsInjectedURI" time="0.005" />
    <testcase classname="SPTQueueViewControllerImplementationTests" name="testTableViewDidCancelReorderingRowAtIndexPath" time="0.023" />
    <testcase classname="SPTQueueViewControllerImplementationTests" name="testTableViewDidEndReorderingRowAtIndexPath" time="0.012" />
    <testcase classname="SPTQueueViewControllerImplementationTests" name="testTableViewDidMoveRowAtIndexPath" time="0.015" />
    <testcase classname="SPTQueueViewControllerImplementationTests" name="testTableViewWillBeginReorderingRowAtIndexPath" time="0.014" />
    <testcase classname="SPTQueueViewControllerImplementationTests" name="testTouchViewEngineDidCancelInteractionDisablesUpdates" time="0.006" />
    <testcase classname="SPTQueueViewControllerImplementationTests" name="testTouchViewEngineDidEndInteractionDisablesUpdates" time="0.005" />
    <testcase classname="SPTQueueViewControllerImplementationTests" name="testTouchViewEngineWillBeginInteractionDisablesUpdates" time="0.005" />
    <testcase classname="SPTQueueViewControllerImplementationTests" name="testUpdateFooterFromCurrentSelectionPlayerContextWithNoTracksSelected" time="0.007" />
    <testcase classname="SPTQueueViewControllerImplementationTests" name="testUpdateFooterFromCurrentSelectionPlayerContextWithSelectedTracks" time="0.007" />
    <testcase classname="SPTQueueViewControllerImplementationTests" name="testUpdateFooterFromCurrentSelectionStagedContext" time="0.005" />
    <testcase classname="SPTQueueViewControllerImplementationTests" name="testUpdateFooterVisibility" time="0.005" />
    <testcase classname="SPTQueueViewControllerImplementationTests" name="testUpdatingHeadUnitUpdatesFooterViewController" time="0.009" />
  </testsuite>
  <testsuite failures="0" name="SPTQueueViewModelImplementationTests" tests="44">
    <testcase classname="SPTQueueViewModelImplementationTests" name="testAddFutureTracksToEmptyUpNext" time="0.010" />
    <testcase classname="SPTQueueViewModelImplementationTests" name="testAddFutureTracksToNonEmptyUpNext" time="0.001" />
    <testcase classname="SPTQueueViewModelImplementationTests" name="testAddNonFutureTracksToUpNext" time="0.001" />
    <testcase classname="SPTQueueViewModelImplementationTests" name="testCurrentContextURIQueue" time="0.001" />
    <testcase classname="SPTQueueViewModelImplementationTests" name="testCurrentContextURIStaged" time="0.001" />
    <testcase classname="SPTQueueViewModelImplementationTests" name="testDisableDraggableInNextFrom" time="0.001" />
    <testcase classname="SPTQueueViewModelImplementationTests" name="testDisableDraggableInQueue" time="0.001" />
    <testcase classname="SPTQueueViewModelImplementationTests" name="testDisableQueuingInNextFrom" time="0.001" />
    <testcase classname="SPTQueueViewModelImplementationTests" name="testDisableRemovableInNextFrom" time="0.001" />
    <testcase classname="SPTQueueViewModelImplementationTests" name="testDisableRemovableInQueue" time="0.001" />
    <testcase classname="SPTQueueViewModelImplementationTests" name="testIsNotDelimiterAtIndexInNextFrom" time="0.001" />
    <testcase classname="SPTQueueViewModelImplementationTests" name="testNoDelimiterInNextFrom" time="0.001" />
    <testcase classname="SPTQueueViewModelImplementationTests" name="testPlayCurrentTrack" time="0.001" />
    <testcase classname="SPTQueueViewModelImplementationTests" name="testPlayerQueueDidChange" time="0.145" />
    <testcase classname="SPTQueueViewModelImplementationTests" name="testPlaysCorrectTrackFromNextFrom" time="0.001" />
    <testcase classname="SPTQueueViewModelImplementationTests" name="testPlaysCorrectTrackFromNextFromOnConnectV2" time="0.001" />
    <testcase classname="SPTQueueViewModelImplementationTests" name="testPlaysCorrectTrackFromUpNext" time="0.001" />
    <testcase classname="SPTQueueViewModelImplementationTests" name="testPlayStagedTrackAtIndex" time="0.001" />
    <testcase classname="SPTQueueViewModelImplementationTests" name="testPlayStagedTrackAtIndexPlaybackDelegatePremium" time="0.001" />
    <testcase classname="SPTQueueViewModelImplementationTests" name="testPlayStagedTrackAtIndexPlaybackDelegateShuffle" time="0.001" />
    <testcase classname="SPTQueueViewModelImplementationTests" name="testRemoveTracks" time="0.001" />
    <testcase classname="SPTQueueViewModelImplementationTests" name="testRepeatingContextChange" time="0.141" />
    <testcase classname="SPTQueueViewModelImplementationTests" name="testReturnsCorrectNumberOfTracksFromNext" time="0.030" />
    <testcase classname="SPTQueueViewModelImplementationTests" name="testReturnsCorrectNumberOfTracksFromNextFrom" time="0.001" />
    <testcase classname="SPTQueueViewModelImplementationTests" name="testReturnsCorrectTrackFromIndexInNextFrom" time="0.001" />
    <testcase classname="SPTQueueViewModelImplementationTests" name="testReturnsCorrectTrackFromIndexInUpNext" time="0.001" />
    <testcase classname="SPTQueueViewModelImplementationTests" name="testReturnsNilWhenPlayingOutsideBoundsIndex" time="0.000" />
    <testcase classname="SPTQueueViewModelImplementationTests" name="testSettingStagedContextInformsDelegateThatViewModelHasBeenUpdated" time="0.004" />
    <testcase classname="SPTQueueViewModelImplementationTests" name="testSetViewModeNew" time="0.001" />
    <testcase classname="SPTQueueViewModelImplementationTests" name="testSetViewModeSame" time="0.000" />
    <testcase classname="SPTQueueViewModelImplementationTests" name="testStageContextMFT" time="0.001" />
    <testcase classname="SPTQueueViewModelImplementationTests" name="testStageContextPremium" time="0.001" />
    <testcase classname="SPTQueueViewModelImplementationTests" name="testStagedTrackAtIndex" time="0.001" />
    <testcase classname="SPTQueueViewModelImplementationTests" name="testStageUnshuffledContextMFT" time="0.001" />
    <testcase classname="SPTQueueViewModelImplementationTests" name="testSubscribesOnlyOnceOnMultipleEnableUpdates" time="0.001" />
    <testcase classname="SPTQueueViewModelImplementationTests" name="testSubscribesToUpdatesOnEnableUpdates" time="0.001" />
    <testcase classname="SPTQueueViewModelImplementationTests" name="testTrackIsMovedDownInNextFrom" time="0.029" />
    <testcase classname="SPTQueueViewModelImplementationTests" name="testTrackIsMovedFromNextFromToUpNext" time="0.001" />
    <testcase classname="SPTQueueViewModelImplementationTests" name="testTrackIsMovedFromUpNextToNextFrom" time="0.001" />
    <testcase classname="SPTQueueViewModelImplementationTests" name="testTrackIsMovedUpInUpNext" time="0.001" />
    <testcase classname="SPTQueueViewModelImplementationTests" name="testTrackIsMovedWithinNextFromSection" time="0.017" />
    <testcase classname="SPTQueueViewModelImplementationTests" name="testTrackIsMovedWithinUpNextSection" time="0.001" />
    <testcase classname="SPTQueueViewModelImplementationTests" name="testUnsubscribesOnlyOnceOnMultipleEnableUpdates" time="0.001" />
    <testcase classname="SPTQueueViewModelImplementationTests" name="testUnsubscribesToUpdatesOnDisableUpdates" time="0.001" />
  </testsuite>
  <testsuite failures="0" name="SPTQuickActionsFeatureImplementationTest" tests="2">
    <testcase classname="SPTQuickActionsFeatureImplementationTest" name="testIsForceTouchAvailableReturnsYesWhenForceTouchAPIUnknown" time="0.013" />
    <testcase classname="SPTQuickActionsFeatureImplementationTest" name="testIsForceTouchAvailableWhenForceTouchAPIAvailable" time="0.011" />
  </testsuite>
  <testsuite failures="0" name="SPTWebViewControllerTests" tests="12">
    <testcase classname="SPTWebViewControllerTests" name="testAuthenticatedURLCreation" time="0.009" />
    <testcase classname="SPTWebViewControllerTests" name="testAuthenticateInitialURL" time="0.008" />
    <testcase classname="SPTWebViewControllerTests" name="testCreateAuthenticatedRequestWithErrorCallsDelegate" time="0.008" />
    <testcase classname="SPTWebViewControllerTests" name="testCreateAuthenticatedRequestWithoutTokenReturnsNil" time="0.005" />
    <testcase classname="SPTWebViewControllerTests" name="testInitialURL" time="0.007" />
    <testcase classname="SPTWebViewControllerTests" name="testLoadRequestWithoutAuthentication" time="0.007" />
    <testcase classname="SPTWebViewControllerTests" name="testLoadURLWithAuthenticationDoesntLoadInitialRequest" time="0.008" />
    <testcase classname="SPTWebViewControllerTests" name="testLoadURLWithAuthenticationLoadsWithTokenRequest" time="0.009" />
    <testcase classname="SPTWebViewControllerTests" name="testNotNil" time="0.006" />
    <testcase classname="SPTWebViewControllerTests" name="testViewDidAppearDelegateCallback" time="0.050" />
    <testcase classname="SPTWebViewControllerTests" name="testViewDidDisappearDelegateCallback" time="0.014" />
    <testcase classname="SPTWebViewControllerTests" name="testViewWillDisappearDelegateCallback" time="0.016" />
  </testsuite>
  <testsuite failures="0" name="SPTWebViewFactoryTests" tests="2">
    <testcase classname="SPTWebViewFactoryTests" name="testCreateWebViewControllers" time="0.009" />
    <testcase classname="SPTWebViewFactoryTests" name="testNotNil" time="0.007" />
  </testsuite>
  <testsuite failures="0" name="SPTWebViewFeatureTests" tests="2">
    <testcase classname="SPTWebViewFeatureTests" name="testNotNil" time="0.029" />
    <testcase classname="SPTWebViewFeatureTests" name="testProvideWebViewFactory" time="0.064" />
  </testsuite>
  <testsuite failures="0" name="SPTID3ParserTest" tests="2">
    <testcase classname="SPTID3ParserTest" name="testPreviewWithGEOBFrame" time="0.002" />
    <testcase classname="SPTID3ParserTest" name="testPreviewWithoutID3Header" time="0.001" />
  </testsuite>
  <testsuite failures="0" name="SPContextMenuActionsFactoryImplementationTest" tests="4">
    <testcase classname="SPContextMenuActionsFactoryImplementationTest" name="testFactoryInitMethod" time="0.009" />
    <testcase classname="SPContextMenuActionsFactoryImplementationTest" name="testNotNil" time="0.007" />
    <testcase classname="SPContextMenuActionsFactoryImplementationTest" name="testProvideFollowAction" time="0.008" />
    <testcase classname="SPContextMenuActionsFactoryImplementationTest" name="testProvideOfflineSyncAction" time="0.008" />
  </testsuite>
  <testsuite failures="0" name="SPContextMenuFeatureImplementationTest" tests="9">
    <testcase classname="SPContextMenuFeatureImplementationTest" name="testActionsForContextMenuFromAlbumPage" time="0.009" />
    <testcase classname="SPContextMenuFeatureImplementationTest" name="testActionsForContextMenuFromArtistPage" time="0.009" />
    <testcase classname="SPContextMenuFeatureImplementationTest" name="testActionsForContextMenuWithLyricsAction" time="0.014" />
    <testcase classname="SPContextMenuFeatureImplementationTest" name="testActionsForContextMenuWithPlayableTrack" time="0.009" />
    <testcase classname="SPContextMenuFeatureImplementationTest" name="testActionsForContextMenuWithShareAndRadioAction" time="0.009" />
    <testcase classname="SPContextMenuFeatureImplementationTest" name="testActionsForContextMenuWithShareAndRadioActionForLocalFile" time="0.009" />
    <testcase classname="SPContextMenuFeatureImplementationTest" name="testActionsForContextMenuWithUnplayableTrack" time="0.009" />
    <testcase classname="SPContextMenuFeatureImplementationTest" name="testForFeatureIdentifier" time="0.007" />
    <testcase classname="SPContextMenuFeatureImplementationTest" name="testThatFeatureImplementationExists" time="0.008" />
  </testsuite>
  <testsuite failures="0" name="SPTAvailableOfflineActionTest" tests="7">
    <testcase classname="SPTAvailableOfflineActionTest" name="testActionExecutionWithOfflineStatusOff" time="0.009" />
    <testcase classname="SPTAvailableOfflineActionTest" name="testActionExecutionWithOfflineStatusOn" time="0.011" />
    <testcase classname="SPTAvailableOfflineActionTest" name="testContextMenuTitleOfflineOff" time="0.009" />
    <testcase classname="SPTAvailableOfflineActionTest" name="testContextMenuTitleOfflineOn" time="0.007" />
    <testcase classname="SPTAvailableOfflineActionTest" name="testInjectedOfflineController" time="0.008" />
    <testcase classname="SPTAvailableOfflineActionTest" name="testInjectedTracks" time="0.006" />
    <testcase classname="SPTAvailableOfflineActionTest" name="testInjectedURL" time="0.005" />
  </testsuite>
  <testsuite failures="0" name="SPTContextMenuLoggingHelpersTest" tests="6">
    <testcase classname="SPTContextMenuLoggingHelpersTest" name="testContextMenuLogsForActionAndContext" time="0.007" />
    <testcase classname="SPTContextMenuLoggingHelpersTest" name="testContextMenuLogsForActionAndContextWithEntity" time="0.005" />
    <testcase classname="SPTContextMenuLoggingHelpersTest" name="testContextMenuLogsForEntityPresentation" time="0.004" />
    <testcase classname="SPTContextMenuLoggingHelpersTest" name="testContextMenuLogsForEntityPresentationWithoutEntity" time="0.004" />
    <testcase classname="SPTContextMenuLoggingHelpersTest" name="testContextMenuLogsForTrackAndEntityPresentation" time="0.004" />
    <testcase classname="SPTContextMenuLoggingHelpersTest" name="testContextMenuLogsForTrackPresentationWithoutEntity" time="0.004" />
  </testsuite>
  <testsuite failures="0" name="SPTContextMenuViewControllerFactoryTest" tests="3">
    <testcase classname="SPTContextMenuViewControllerFactoryTest" name="testContextMenuViewControllerWithHeaderView" time="0.008" />
    <testcase classname="SPTContextMenuViewControllerFactoryTest" name="testIPadContextMenuViewControllerWithHeaderView" time="0.014" />
    <testcase classname="SPTContextMenuViewControllerFactoryTest" name="testIPhoneViewControllerFactoryMethods" time="0.016" />
  </testsuite>
  <testsuite failures="0" name="SPTContextMenuViewControllerIPadTest" tests="2">
    <testcase classname="SPTContextMenuViewControllerIPadTest" name="testTableViewCellTableViewStyleLight" time="0.020" />
    <testcase classname="SPTContextMenuViewControllerIPadTest" name="testTableViewThemeStyleLight" time="0.008" />
  </testsuite>
  <testsuite failures="0" name="SPTFollowActionTest" tests="6">
    <testcase classname="SPTFollowActionTest" name="testContextMenuIconIsFollowing" time="0.011" />
    <testcase classname="SPTFollowActionTest" name="testContextMenuIconIsNotFollowing" time="0.006" />
    <testcase classname="SPTFollowActionTest" name="testContextMenuTitleIsFollowing" time="0.007" />
    <testcase classname="SPTFollowActionTest" name="testContextMenuTitleIsNotFollowing" time="0.006" />
    <testcase classname="SPTFollowActionTest" name="testFollowModelToggled" time="0.005" />
    <testcase classname="SPTFollowActionTest" name="testInjectedFollowModel" time="0.005" />
  </testsuite>
  <testsuite failures="0" name="SPTNavigationConfigurationImplementationTest" tests="27">
    <testcase classname="SPTNavigationConfigurationImplementationTest" name="testIsSettingsInTabsReturnsFalseIfIdentifierDoesNotMatchesSettingsInTabs" time="0.009" />
    <testcase classname="SPTNavigationConfigurationImplementationTest" name="testIsSettingsInTabsReturnsTrueIfIdentifierMatchesSettingsInTabs" time="0.008" />
    <testcase classname="SPTNavigationConfigurationImplementationTest" name="testMergeBrowseAndSearchReturnsTrueForBrowseSearch" time="0.006" />
    <testcase classname="SPTNavigationConfigurationImplementationTest" name="testMergeBrowseAndSearchReturnsTrueForBrowseSearchLocalSetting" time="0.006" />
    <testcase classname="SPTNavigationConfigurationImplementationTest" name="testMergeBrowseAndSearchReturnsTrueForBrowseSearchRadio" time="0.008" />
    <testcase classname="SPTNavigationConfigurationImplementationTest" name="testMergeBrowseAndSearchReturnsTrueForBrowseSearchRadioLocalSetting" time="0.008" />
    <testcase classname="SPTNavigationConfigurationImplementationTest" name="testMergeBrowseAndSearchReturnsTrueWhenIdentifierMatchesThreeTab" time="0.007" />
    <testcase classname="SPTNavigationConfigurationImplementationTest" name="testShouldHideNavigationTitlesReturnsFalse_apperanceReturnsFalse_tabbarIsDisabled" time="0.006" />
    <testcase classname="SPTNavigationConfigurationImplementationTest" name="testShouldHideNavigationTitlesReturnsFalse_apperanceReturnsFalse_tabbarIsEnabled" time="0.008" />
    <testcase classname="SPTNavigationConfigurationImplementationTest" name="testShouldHideNavigationTitlesReturnsFalse_apperanceReturnsTrue_tabbarIsDisabled" time="0.018" />
    <testcase classname="SPTNavigationConfigurationImplementationTest" name="testShouldHideNavigationTitlesReturnsTrue_apperanceReturnsTrue_tabbarIsEnabled" time="0.007" />
    <testcase classname="SPTNavigationConfigurationImplementationTest" name="testshouldMergeBrowseInSearchReturnsFalseWithFourTabsConfiguration" time="0.008" />
    <testcase classname="SPTNavigationConfigurationImplementationTest" name="testshouldMergeBrowseInSearchReturnsFalseWithoutNavigationItems" time="0.006" />
    <testcase classname="SPTNavigationConfigurationImplementationTest" name="testshouldMergeBrowseInSearchReturnsTrueWithBrowseSearch" time="0.006" />
    <testcase classname="SPTNavigationConfigurationImplementationTest" name="testshouldMergeBrowseInSearchReturnsTrueWithBrowseSearchRadio" time="0.007" />
    <testcase classname="SPTNavigationConfigurationImplementationTest" name="testShouldPlaceProfileInYourLibraryReturnsFalseWhenListIdentifiersNotChoosenFromProfileInLibrarySet" time="0.006" />
    <testcase classname="SPTNavigationConfigurationImplementationTest" name="testShouldPlaceProfileInYourLibraryReturnsFalseWithNonTabbar" time="0.005" />
    <testcase classname="SPTNavigationConfigurationImplementationTest" name="testShouldPlaceProfileInYourLibraryReturnsTrueWhenListIdentifiersChoosenFromProfileInLibrarySet" time="0.008" />
    <testcase classname="SPTNavigationConfigurationImplementationTest" name="testshouldPlaceProfileInYourLibraryReturnsTrueWithBrowseSearch" time="0.007" />
    <testcase classname="SPTNavigationConfigurationImplementationTest" name="testshouldPlaceProfileInYourLibraryReturnsTrueWithBrowseSearchRadio" time="0.005" />
    <testcase classname="SPTNavigationConfigurationImplementationTest" name="testShouldPlaceSettingsInYourLibraryReturnsFalseWhenListIdentifiersChoosenFromSetDisablingSettingsInLibrary" time="0.004" />
    <testcase classname="SPTNavigationConfigurationImplementationTest" name="testShouldPlaceSettingsInYourLibraryReturnsFalseWithNonTabbar" time="0.006" />
    <testcase classname="SPTNavigationConfigurationImplementationTest" name="testShouldPlaceSettingsInYourLibraryReturnsTrueWhenListIdentifiersChoosenFromSettingsInLibrarySet" time="0.004" />
    <testcase classname="SPTNavigationConfigurationImplementationTest" name="testshouldPlaceSettingsInYourLibraryReturnsTrueWithBrowseSearch" time="0.015" />
    <testcase classname="SPTNavigationConfigurationImplementationTest" name="testshouldPlaceSettingsInYourLibraryReturnsTrueWithBrowseSearchRadio" time="0.004" />
    <testcase classname="SPTNavigationConfigurationImplementationTest" name="testshouldPlaceSettingsInYourLibraryReturnsTrueWithUpsell" time="0.004" />
    <testcase classname="SPTNavigationConfigurationImplementationTest" name="testTabBarNowPlayingBarPrototypeIsEnabledIsTrueWhenIdentifierMatchesThreeTab" time="0.005" />
  </testsuite>
  <testsuite failures="0" name="SPTNavigationFeatureImplementationTest" tests="2">
    <testcase classname="SPTNavigationFeatureImplementationTest" name="testProvideNavigationList" time="0.017" />
    <testcase classname="SPTNavigationFeatureImplementationTest" name="testProvideNavigationListContainsDefaultList" time="0.007" />
  </testsuite>
  <testsuite failures="0" name="SPTNavigationItemsDeserializationTest" tests="3">
    <testcase classname="SPTNavigationItemsDeserializationTest" name="testDeserialization" time="0.005" />
    <testcase classname="SPTNavigationItemsDeserializationTest" name="testDeserializeDefaultPriortyListWithResourceAtURL" time="0.013" />
    <testcase classname="SPTNavigationItemsDeserializationTest" name="testDeserializeNavigationItemsWithMissingRequiredFieldsIsHandled" time="0.005" />
  </testsuite>
  <testsuite failures="0" name="SPTNavigationItemsSerializationTest" tests="1">
    <testcase classname="SPTNavigationItemsSerializationTest" name="testSerializeNavigationItems" time="0.004" />
  </testsuite>
  <testsuite failures="0" name="SPTNavigationListDataLoaderTest" tests="8">
    <testcase classname="SPTNavigationListDataLoaderTest" name="testLoadNavigationListHandlesInvalidResponse" time="0.007" />
    <testcase classname="SPTNavigationListDataLoaderTest" name="testLoadNavigationListHandlesNilResponseBody" time="0.005" />
    <testcase classname="SPTNavigationListDataLoaderTest" name="testLoadNavigationListHandlesNonDictionaryResponse" time="0.005" />
    <testcase classname="SPTNavigationListDataLoaderTest" name="testLoadNavigationListHandlesServerError" time="0.005" />
    <testcase classname="SPTNavigationListDataLoaderTest" name="testLoadNavigationListRequestCancelFiresCompletionBlockWithError" time="0.005" />
    <testcase classname="SPTNavigationListDataLoaderTest" name="testLoadNavigationListRequestWithErrorFiresCompletionBlockWithError" time="0.005" />
    <testcase classname="SPTNavigationListDataLoaderTest" name="testLoadNavigationListThrowsErrorIfAnotherRequestIsOngoing" time="0.005" />
    <testcase classname="SPTNavigationListDataLoaderTest" name="testLoadNavigationListWithValidResponse" time="0.005" />
  </testsuite>
  <testsuite failures="0" name="SPTNavigationListIdentifierFromABTestSourceImplTest" tests="2">
    <testcase classname="SPTNavigationListIdentifierFromABTestSourceImplTest" name="testIsNavigationAbbaFlagValueNilOrControlReturnsFalseWhenValueIsNotNil" time="0.006" />
    <testcase classname="SPTNavigationListIdentifierFromABTestSourceImplTest" name="testIsNavigationAbbaFlagValueNilOrControlReturnsTrueIfValueIsControl" time="0.004" />
  </testsuite>
  <testsuite failures="0" name="SPTNavigationListImplementationTest" tests="3">
    <testcase classname="SPTNavigationListImplementationTest" name="testItemForURIHandlesNilURI" time="0.005" />
    <testcase classname="SPTNavigationListImplementationTest" name="testItems" time="0.004" />
    <testcase classname="SPTNavigationListImplementationTest" name="testProvideNavigationItemForURI" time="0.004" />
  </testsuite>
  <testsuite failures="0" name="SPTNavigationListItemsABTestAppearanceImplTest" tests="8">
    <testcase classname="SPTNavigationListItemsABTestAppearanceImplTest" name="testShouldHideNavigationTitles_returnsFalse_abbaFlagMissingOrControl" time="0.005" />
    <testcase classname="SPTNavigationListItemsABTestAppearanceImplTest" name="testShouldHideNavigationTitles_returnsFalse_abbaFlagValueNotValid" time="0.004" />
    <testcase classname="SPTNavigationListItemsABTestAppearanceImplTest" name="testShouldHideNavigationTitles_returnsFalse_localSettingDisabled" time="0.004" />
    <testcase classname="SPTNavigationListItemsABTestAppearanceImplTest" name="testShouldHideNavigationTitles_returnsFalse_userPolicyValueMissing" time="0.004" />
    <testcase classname="SPTNavigationListItemsABTestAppearanceImplTest" name="testShouldHideNavigationTitles_returnsFalse_userPolicyValueNotValid" time="0.004" />
    <testcase classname="SPTNavigationListItemsABTestAppearanceImplTest" name="testShouldHideNavigationTitles_returnsTrue_abbaFlagEnabled" time="0.004" />
    <testcase classname="SPTNavigationListItemsABTestAppearanceImplTest" name="testShouldHideNavigationTitles_returnsTrue_localSettingsEnabled" time="0.006" />
    <testcase classname="SPTNavigationListItemsABTestAppearanceImplTest" name="testShouldHideNavigationTitles_returnsTrue_userPolicyEnabled" time="0.004" />
  </testsuite>
  <testsuite failures="0" name="SPTNavigationListProviderImplementationTest" tests="11">
    <testcase classname="SPTNavigationListProviderImplementationTest" name="testApplicationBecomingActiveTriggersLoadingOfList" time="0.005" />
    <testcase classname="SPTNavigationListProviderImplementationTest" name="testApplicationGoingInBackgroundTriggersSavingOfList" time="0.007" />
    <testcase classname="SPTNavigationListProviderImplementationTest" name="testDoesNotSettingsProvidedListWhenSettingsRegistrationReturnsInvalidValue" time="0.005" />
    <testcase classname="SPTNavigationListProviderImplementationTest" name="testLoadingNavigationListDoesLoadAndRegistersNavigationListIfAbbaFlagValueIsNotNil" time="0.012" />
    <testcase classname="SPTNavigationListProviderImplementationTest" name="testLoadingNavigationListDoesNotLoadListIfAbbaFlagValueIsControl" time="0.005" />
    <testcase classname="SPTNavigationListProviderImplementationTest" name="testLoadingNavigationListDoesNotLoadNavigationListIfAbbaFlagValueIsNil" time="0.006" />
    <testcase classname="SPTNavigationListProviderImplementationTest" name="testNavigationListIsNilWhenUserPolicyValueIsEmpty" time="0.005" />
    <testcase classname="SPTNavigationListProviderImplementationTest" name="testProvideNavigationList" time="0.005" />
    <testcase classname="SPTNavigationListProviderImplementationTest" name="testProvideNavigationListFallbacksToDefaultIfProvidedListHasZeroItems" time="0.005" />
    <testcase classname="SPTNavigationListProviderImplementationTest" name="testUserPolicyCanSelectNavigationList" time="0.006" />
    <testcase classname="SPTNavigationListProviderImplementationTest" name="testUsesSettingsAbbaFlagValueWhenSettingsRegistrationReturnsIdentifier" time="0.005" />
  </testsuite>
  <testsuite failures="0" name="SPTNavigationPageFactoryObserverTests" tests="3">
    <testcase classname="SPTNavigationPageFactoryObserverTests" name="testItemWithCollectionSourceIdentifierAlwaysUsesViewControllerTitle" time="0.013" />
    <testcase classname="SPTNavigationPageFactoryObserverTests" name="testStartingAndStoppingObservation" time="0.012" />
    <testcase classname="SPTNavigationPageFactoryObserverTests" name="testViewControllerItemIsOnlyRegisteredIfItsNil" time="0.005" />
  </testsuite>
  <testsuite failures="0" name="SPTNavigationPageFactoryUpsellObserverTests" tests="2">
    <testcase classname="SPTNavigationPageFactoryUpsellObserverTests" name="testItemWithFreeUser" time="0.005" />
    <testcase classname="SPTNavigationPageFactoryUpsellObserverTests" name="testItemWithPremiumUser" time="0.004" />
  </testsuite>
  <testsuite failures="0" name="SPTNavigationSettingsRegistrationTest" tests="1">
    <testcase classname="SPTNavigationSettingsRegistrationTest" name="testRegisterAbbaFlagValuesRegistersRegistersSettingsItem" time="0.005" />
  </testsuite>
  <testsuite failures="0" name="AVAudioSessionRouteDescriptionSPTCarPlayAdditionsTest" tests="4">
    <testcase classname="AVAudioSessionRouteDescriptionSPTCarPlayAdditionsTest" name="testAudioSessionPortCarAudioIsConsideredCarPlay" time="0.010" />
    <testcase classname="AVAudioSessionRouteDescriptionSPTCarPlayAdditionsTest" name="testAudioSessionPortHeadphonesIsNotConsideredCarPlay" time="0.008" />
    <testcase classname="AVAudioSessionRouteDescriptionSPTCarPlayAdditionsTest" name="testMultipleAudioPortsWithCarAudioPrimaryIsConsideredCarPlay" time="0.005" />
    <testcase classname="AVAudioSessionRouteDescriptionSPTCarPlayAdditionsTest" name="testMultipleAudioPortsWithCarAudioSecondaryIsConsideredCarPlay" time="0.006" />
  </testsuite>
  <testsuite failures="0" name="SPTCarPlayAppFeatureImplementationTest" tests="1">
    <testcase classname="SPTCarPlayAppFeatureImplementationTest" name="testUserLoggedInLoggedOut" time="0.010" />
  </testsuite>
  <testsuite failures="0" name="SPTCarPlaySessionFeatureImplementationTest" tests="7">
    <testcase classname="SPTCarPlaySessionFeatureImplementationTest" name="testAccessoryRegistrationOnSessionChanges" time="0.013" />
    <testcase classname="SPTCarPlaySessionFeatureImplementationTest" name="testAudioRouteChangeBetweenNonCarAudioPortsDoesntStartOrStopSession" time="0.012" />
    <testcase classname="SPTCarPlaySessionFeatureImplementationTest" name="testAudioRouteChangeFromCarAudioStopsCarPlaySession" time="0.009" />
    <testcase classname="SPTCarPlaySessionFeatureImplementationTest" name="testAudioRouteChangeFromCarAudioToCarAudioDoesntStartANewSession" time="0.009" />
    <testcase classname="SPTCarPlaySessionFeatureImplementationTest" name="testAudioRouteChangeToCarAudioStartsCarPlaySession" time="0.009" />
    <testcase classname="SPTCarPlaySessionFeatureImplementationTest" name="testLoadSetsLoggedInDataSource" time="0.009" />
    <testcase classname="SPTCarPlaySessionFeatureImplementationTest" name="testUnloadSetsLoggedOutDataSource" time="0.009" />
  </testsuite>
  <testsuite failures="0" name="SPTLyricsFullScreenViewControllerTests" tests="1">
    <testcase classname="SPTLyricsFullScreenViewControllerTests" name="testInit" time="0.008" />
  </testsuite>
  <testsuite failures="0" name="SPTLyricsLoggingServiceTests" tests="5">
    <testcase classname="SPTLyricsLoggingServiceTests" name="testLogBlockImpressionWithTrackURI" time="0.010" />
    <testcase classname="SPTLyricsLoggingServiceTests" name="testLogImpressionWithTrackURI" time="0.008" />
    <testcase classname="SPTLyricsLoggingServiceTests" name="testLogPageImpressionWithTrackURI" time="0.007" />
    <testcase classname="SPTLyricsLoggingServiceTests" name="testLogSectionImpressionWithTrackURI" time="0.008" />
    <testcase classname="SPTLyricsLoggingServiceTests" name="testLogUserInteractionMessageWithTrackURI" time="0.007" />
  </testsuite>
  <testsuite failures="0" name="SPTLyricsMiniViewControllerTests" tests="7">
    <testcase classname="SPTLyricsMiniViewControllerTests" name="testInitialState" time="0.014" />
    <testcase classname="SPTLyricsMiniViewControllerTests" name="testSetActive" time="0.010" />
    <testcase classname="SPTLyricsMiniViewControllerTests" name="testSetLyrics" time="0.008" />
    <testcase classname="SPTLyricsMiniViewControllerTests" name="testSetLyrics_nilValues" time="0.009" />
    <testcase classname="SPTLyricsMiniViewControllerTests" name="testSetShowHint" time="0.007" />
    <testcase classname="SPTLyricsMiniViewControllerTests" name="testSetShowLoadingIndicatorIfVisible" time="0.008" />
    <testcase classname="SPTLyricsMiniViewControllerTests" name="testSetVisible" time="0.009" />
  </testsuite>
  <testsuite failures="0" name="SPTLyricsModelTests" tests="10">
    <testcase classname="SPTLyricsModelTests" name="testEmptyJSON" time="0.007" />
    <testcase classname="SPTLyricsModelTests" name="testEmptyLyricsJSON" time="0.008" />
    <testcase classname="SPTLyricsModelTests" name="testEmptyResponseBody" time="0.007" />
    <testcase classname="SPTLyricsModelTests" name="testInvalidLyricsResultWithMissingFieldsJSON" time="0.007" />
    <testcase classname="SPTLyricsModelTests" name="testLyricsSyncTypeLineJSON" time="0.008" />
    <testcase classname="SPTLyricsModelTests" name="testLyricsSyncTypeTextJSON" time="0.006" />
    <testcase classname="SPTLyricsModelTests" name="testLyricsSyncTypeUnknownJSON" time="0.004" />
    <testcase classname="SPTLyricsModelTests" name="testLyricsSyncTypeWordJSON" time="0.005" />
    <testcase classname="SPTLyricsModelTests" name="testValidLyricsResultWithMultiLineJSON" time="0.005" />
    <testcase classname="SPTLyricsModelTests" name="testValidLyricsResultWithOneLineJSON" time="0.005" />
  </testsuite>
  <testsuite failures="0" name="SPTLyricsNowPlayingBarContentProviderTests" tests="7">
    <testcase classname="SPTLyricsNowPlayingBarContentProviderTests" name="testProvideContentIsNotNil" time="0.008" />
    <testcase classname="SPTLyricsNowPlayingBarContentProviderTests" name="testProvideContentIsSameInstance" time="0.006" />
    <testcase classname="SPTLyricsNowPlayingBarContentProviderTests" name="testShouldNotProvideLeftAccessoryView" time="0.007" />
    <testcase classname="SPTLyricsNowPlayingBarContentProviderTests" name="testShouldNotRenderLyricsWithNilTrack" time="0.004" />
    <testcase classname="SPTLyricsNowPlayingBarContentProviderTests" name="testShouldNotRenderLyricsWithNoURI" time="0.009" />
    <testcase classname="SPTLyricsNowPlayingBarContentProviderTests" name="testShouldProvideLeftAccessoryView" time="0.006" />
    <testcase classname="SPTLyricsNowPlayingBarContentProviderTests" name="testShouldRenderLyricsAsDicatedByService" time="0.006" />
  </testsuite>
  <testsuite failures="0" name="SPTLyricsNowPlayingViewControllerTests" tests="6">
    <testcase classname="SPTLyricsNowPlayingViewControllerTests" name="testProvideContent" time="0.027" />
    <testcase classname="SPTLyricsNowPlayingViewControllerTests" name="testSetActive_active" time="0.005" />
    <testcase classname="SPTLyricsNowPlayingViewControllerTests" name="testSetActive_inactive" time="0.005" />
    <testcase classname="SPTLyricsNowPlayingViewControllerTests" name="testShouldRenderContent_trackHasLyrics" time="0.005" />
    <testcase classname="SPTLyricsNowPlayingViewControllerTests" name="testShouldRenderContent_trackHasNoLyrics" time="0.005" />
    <testcase classname="SPTLyricsNowPlayingViewControllerTests" name="testShouldReplaceCoverArt" time="0.004" />
  </testsuite>
  <testsuite failures="0" name="SPTLyricsNowPlayingViewCoverArtViewTests" tests="5">
    <testcase classname="SPTLyricsNowPlayingViewCoverArtViewTests" name="testInit" time="0.005" />
    <testcase classname="SPTLyricsNowPlayingViewCoverArtViewTests" name="testInit_invalidFrame_shouldBeMissingPlaceholderImage" time="0.004" />
    <testcase classname="SPTLyricsNowPlayingViewCoverArtViewTests" name="testInit_userInteractionEnabled" time="0.004" />
    <testcase classname="SPTLyricsNowPlayingViewCoverArtViewTests" name="testSetImageURL" time="0.005" />
    <testcase classname="SPTLyricsNowPlayingViewCoverArtViewTests" name="testSetImageURL_invalidFrame_shouldSkipLoadImage" time="0.004" />
  </testsuite>
  <testsuite failures="0" name="SPTLyricsOnboardingManagerImplementationTests" tests="11">
    <testcase classname="SPTLyricsOnboardingManagerImplementationTests" name="testDismissLyricsTinkerbell_tinkerbellDisplayed_shouldDismiss" time="0.006" />
    <testcase classname="SPTLyricsOnboardingManagerImplementationTests" name="testDismissLyricsTinkerbell_tinkerbellNotDisplayed_shouldNoop" time="0.025" />
    <testcase classname="SPTLyricsOnboardingManagerImplementationTests" name="testIsPresentingTinkerbell" time="0.005" />
    <testcase classname="SPTLyricsOnboardingManagerImplementationTests" name="testMarkActionPerformedForLyricsTinkerbell_tinkerbellDisplayed_shouldDismiss" time="0.012" />
    <testcase classname="SPTLyricsOnboardingManagerImplementationTests" name="testMarkActionPerformedForLyricsTinkerbell_tinkerbellNotDisplayed_shouldNoop" time="0.005" />
    <testcase classname="SPTLyricsOnboardingManagerImplementationTests" name="testMarkLyricsNowPlayingBarButtonTappedForTrackURI" time="0.015" />
    <testcase classname="SPTLyricsOnboardingManagerImplementationTests" name="testObserver_addObserver_shouldBeNotified" time="0.005" />
    <testcase classname="SPTLyricsOnboardingManagerImplementationTests" name="testObserver_addRemoveObserver_shouldNotBeNotified" time="0.005" />
    <testcase classname="SPTLyricsOnboardingManagerImplementationTests" name="testPresentLyricsTinkerbell_nilAnchorView_shouldNotPresentTinkerbell" time="0.005" />
    <testcase classname="SPTLyricsOnboardingManagerImplementationTests" name="testPresentLyricsTinkerbell_shouldPresentTinkerbell" time="0.028" />
    <testcase classname="SPTLyricsOnboardingManagerImplementationTests" name="testResetLyricsCardStatus" time="0.004" />
  </testsuite>
  <testsuite failures="0" name="SPTLyricsServiceTests" tests="3">
    <testcase classname="SPTLyricsServiceTests" name="testFetchByTrackId" time="0.014" />
    <testcase classname="SPTLyricsServiceTests" name="testFetchByTrackIdNotFound" time="0.006" />
    <testcase classname="SPTLyricsServiceTests" name="testLyricsAvailableForInvalidTrackURI" time="0.005" />
  </testsuite>
  <testsuite failures="0" name="SPTLyricsViewTests" tests="5">
    <testcase classname="SPTLyricsViewTests" name="testFullScreenHeaderView" time="0.009" />
    <testcase classname="SPTLyricsViewTests" name="testNowPlayingBarButton" time="0.004" />
    <testcase classname="SPTLyricsViewTests" name="testNowPlayingViewMissingSyncView" time="0.017" />
    <testcase classname="SPTLyricsViewTests" name="testNowPlayingViewOfflineView" time="0.011" />
    <testcase classname="SPTLyricsViewTests" name="testTableFooterView" time="0.006" />
  </testsuite>
  <testsuite failures="0" name="SPTPlaybackAudioDriverErrorManagerTest" tests="5">
    <testcase classname="SPTPlaybackAudioDriverErrorManagerTest" name="testDismissErrorBanner" time="0.009" />
    <testcase classname="SPTPlaybackAudioDriverErrorManagerTest" name="testObservingSPTAudioDriver" time="0.008" />
    <testcase classname="SPTPlaybackAudioDriverErrorManagerTest" name="testObservingSPTAudioDriverController" time="0.005" />
    <testcase classname="SPTPlaybackAudioDriverErrorManagerTest" name="testPresentErrorBanner" time="0.008" />
    <testcase classname="SPTPlaybackAudioDriverErrorManagerTest" name="testRemoveObservingSPTAudioDriver" time="0.008" />
  </testsuite>
  <testsuite failures="0" name="SPTTestingToolsViewControllerTests" tests="2">
    <testcase classname="SPTTestingToolsViewControllerTests" name="testTestingToolsViewControllerIsNotPushedWhenAlreadyPresented" time="0.011" />
    <testcase classname="SPTTestingToolsViewControllerTests" name="testTestingToolsViewControllerIsPushedIfNeverPresented" time="0.009" />
  </testsuite>
  <testsuite failures="0" name="GoogleAnalyticsFeatureTests" tests="4">
    <testcase classname="GoogleAnalyticsFeatureTests" name="testPageViewEnter" time="0.008" />
    <testcase classname="GoogleAnalyticsFeatureTests" name="testPageViewExit" time="0.006" />
    <testcase classname="GoogleAnalyticsFeatureTests" name="testSessionSplitting" time="0.008" />
    <testcase classname="GoogleAnalyticsFeatureTests" name="testUnknownLogMessage" time="0.008" />
  </testsuite>
  <testsuite failures="0" name="SPTDrivingStateDetectorImplementationTests" tests="1">
    <testcase classname="SPTDrivingStateDetectorImplementationTests" name="testAccessoryUpdate" time="0.012" />
  </testsuite>
  <testsuite failures="0" name="SPTImageLoaderCacheTest" tests="6">
    <testcase classname="SPTImageLoaderCacheTest" name="testGetImage" time="0.002" />
    <testcase classname="SPTImageLoaderCacheTest" name="testImageCost" time="0.001" />
    <testcase classname="SPTImageLoaderCacheTest" name="testImageURLKey" time="0.001" />
    <testcase classname="SPTImageLoaderCacheTest" name="testSetImage" time="0.001" />
    <testcase classname="SPTImageLoaderCacheTest" name="testSetNoImage" time="0.000" />
    <testcase classname="SPTImageLoaderCacheTest" name="testSetNoRequest" time="0.000" />
  </testsuite>
  <testsuite failures="0" name="SPTImageLoaderRemoteImplementationTest" tests="2">
    <testcase classname="SPTImageLoaderRemoteImplementationTest" name="testAllowUpscalingCacheHit" time="0.046" />
    <testcase classname="SPTImageLoaderRemoteImplementationTest" name="testNotNil" time="0.001" />
  </testsuite>
  <testsuite failures="0" name="SPTImageLoaderRequestTest" tests="4">
    <testcase classname="SPTImageLoaderRequestTest" name="testLoadURLIsCalledWithProperArguments" time="0.001" />
    <testcase classname="SPTImageLoaderRequestTest" name="testURLTypesHTTP" time="0.001" />
    <testcase classname="SPTImageLoaderRequestTest" name="testURLTypesLocal" time="0.000" />
    <testcase classname="SPTImageLoaderRequestTest" name="testURLTypesLocal1" time="0.001" />
  </testsuite>
  <testsuite failures="0" name="SPTImageLoaderServiceTest" tests="3">
    <testcase classname="SPTImageLoaderServiceTest" name="testLogoutWipesPersistentlyCachedItems" time="0.002" />
    <testcase classname="SPTImageLoaderServiceTest" name="testMemoryCachePurgedOnLogout" time="0.001" />
    <testcase classname="SPTImageLoaderServiceTest" name="testNotNil" time="0.001" />
  </testsuite>
  <testsuite failures="0" name="SPTImageLoaderTest" tests="13">
    <testcase classname="SPTImageLoaderTest" name="testCallingCancelSingleRequestCancelsThatRequestOnly" time="0.001" />
    <testcase classname="SPTImageLoaderTest" name="testFailPersistAlreadyExists" time="0.002" />
    <testcase classname="SPTImageLoaderTest" name="testLoadImageCached" time="0.002" />
    <testcase classname="SPTImageLoaderTest" name="testLoadImageFailCouldNotLoadImage" time="0.014" />
    <testcase classname="SPTImageLoaderTest" name="testLoadImageFailDataLengthZero" time="0.001" />
    <testcase classname="SPTImageLoaderTest" name="testLoadImageFailEmptyURL" time="0.001" />
    <testcase classname="SPTImageLoaderTest" name="testLoadImageInOfflineModeShouldReturnSpecificError" time="0.001" />
    <testcase classname="SPTImageLoaderTest" name="testLoadImageNotImageCached" time="0.097" />
    <testcase classname="SPTImageLoaderTest" name="testLoadRequestWithCustomImageLoaderRequest" time="0.002" />
    <testcase classname="SPTImageLoaderTest" name="testNotCroppingImages" time="0.004" />
    <testcase classname="SPTImageLoaderTest" name="testNotScalingUp" time="0.002" />
    <testcase classname="SPTImageLoaderTest" name="testPersistWithImage" time="0.065" />
    <testcase classname="SPTImageLoaderTest" name="testPersistWithoutImage" time="0.114" />
  </testsuite>
  <testsuite failures="0" name="SPTPlayerContext_SPTShowsFormatEntityConvenienceTests" tests="1">
    <testcase classname="SPTPlayerContext_SPTShowsFormatEntityConvenienceTests" name="testContextIsCreated" time="0.010" />
  </testsuite>
  <testsuite failures="0" name="SPTShowsEntityViewModelTests" tests="7">
    <testcase classname="SPTShowsEntityViewModelTests" name="testDelegateIsCalledWhenDataHasLoaded" time="0.009" />
    <testcase classname="SPTShowsEntityViewModelTests" name="testDelegateIsCalledWhenTrackHasChanged" time="0.008" />
    <testcase classname="SPTShowsEntityViewModelTests" name="testDelegateIsNotCalledWhenTrackHasNotChanged" time="0.009" />
    <testcase classname="SPTShowsEntityViewModelTests" name="testEntityDataIsSetWhenResolverReturnsData" time="0.009" />
    <testcase classname="SPTShowsEntityViewModelTests" name="testPlayerInvokedWhenPlayingTrackAtIndex" time="0.009" />
    <testcase classname="SPTShowsEntityViewModelTests" name="testPlayerIsPlayingTrackAtIndex" time="0.011" />
    <testcase classname="SPTShowsEntityViewModelTests" name="testPlayerNotInvokedWhenPlayingTrackAtIndexWithoutAPlayerContext" time="0.008" />
  </testsuite>
  <testsuite failures="0" name="SPTShowsFormatCellVideoManagerTests" tests="3">
    <testcase classname="SPTShowsFormatCellVideoManagerTests" name="testShouldDownloadAssetWhenLocalFileIsNotPresentAndWifiConnectionIsAvailable" time="0.027" />
    <testcase classname="SPTShowsFormatCellVideoManagerTests" name="testShouldLoadAssetWhenLocalFileIsPresent" time="0.015" />
    <testcase classname="SPTShowsFormatCellVideoManagerTests" name="testShouldNotLoadAssetWhenLocalFileIsNotPresentAndNoWifiConnectionIsAvailable" time="0.009" />
  </testsuite>
  <testsuite failures="0" name="SPTShowsFormatEntityViewDataSourceTests" tests="4">
    <testcase classname="SPTShowsFormatEntityViewDataSourceTests" name="testDefaultCellClass" time="0.024" />
    <testcase classname="SPTShowsFormatEntityViewDataSourceTests" name="testSectionCount" time="0.009" />
    <testcase classname="SPTShowsFormatEntityViewDataSourceTests" name="testSectionItemCount" time="0.008" />
    <testcase classname="SPTShowsFormatEntityViewDataSourceTests" name="testVideoCellClass" time="0.014" />
  </testsuite>
  <testsuite failures="0" name="SPTShowsFormatEntityViewDelegateTests" tests="2">
    <testcase classname="SPTShowsFormatEntityViewDelegateTests" name="testNoPlaybackForDisabledTrack" time="0.008" />
    <testcase classname="SPTShowsFormatEntityViewDelegateTests" name="testPlayOnSelect" time="0.006" />
  </testsuite>
  <testsuite failures="0" name="SPTShowsFormatListBuilderTests" tests="3">
    <testcase classname="SPTShowsFormatListBuilderTests" name="testAudioEntityListItemsAreCorrectlyInitialized" time="0.006" />
    <testcase classname="SPTShowsFormatListBuilderTests" name="testEntityListIsCorrectlyInitialized" time="0.006" />
    <testcase classname="SPTShowsFormatListBuilderTests" name="testVideoEntityListItemsAreCorrectlyInitialized" time="0.008" />
  </testsuite>
  <testsuite failures="0" name="SPTShowsFormatListViewControllerTests" tests="2">
    <testcase classname="SPTShowsFormatListViewControllerTests" name="testPageIdentiferReturnsCorrectly" time="0.005" />
    <testcase classname="SPTShowsFormatListViewControllerTests" name="testPageURIReturnsCorrectly" time="0.004" />
  </testsuite>
  <testsuite failures="0" name="SPTShowsFormatLoopedAssetLayerTests" tests="2">
    <testcase classname="SPTShowsFormatLoopedAssetLayerTests" name="testShouldEnqueueDataForLoopedAsset" time="0.014" />
    <testcase classname="SPTShowsFormatLoopedAssetLayerTests" name="testShouldStopAndFlushDataForLayer" time="0.009" />
  </testsuite>
  <testsuite failures="0" name="SPTShowsFormatNowPlayingViewControllerTests" tests="2">
    <testcase classname="SPTShowsFormatNowPlayingViewControllerTests" name="testVCReturnsCorrectPageIdentifier" time="0.005" />
    <testcase classname="SPTShowsFormatNowPlayingViewControllerTests" name="testVCReturnsCorrectPageURI" time="0.005" />
  </testsuite>
  <testsuite failures="0" name="SPTShowsFormatUtilitiesTests" tests="2">
    <testcase classname="SPTShowsFormatUtilitiesTests" name="testIsPlayingShowsFormat" time="0.006" />
    <testcase classname="SPTShowsFormatUtilitiesTests" name="testTrackColors" time="0.005" />
  </testsuite>
  <testsuite failures="0" name="SPTCollectionLoggerImplementationTest" tests="28">
    <testcase classname="SPTCollectionLoggerImplementationTest" name="testButtonClickLog" time="0.003" />
    <testcase classname="SPTCollectionLoggerImplementationTest" name="testCancelAddToPlaylistOnPageURI" time="0.001" />
    <testcase classname="SPTCollectionLoggerImplementationTest" name="testExpectStateRestoreToPageLog" time="0.001" />
    <testcase classname="SPTCollectionLoggerImplementationTest" name="testLogAddToPlaylistOnPageURI" time="0.000" />
    <testcase classname="SPTCollectionLoggerImplementationTest" name="testLogAlertOnPageNilURI" time="0.000" />
    <testcase classname="SPTCollectionLoggerImplementationTest" name="testLogAlertOnPageURI" time="0.000" />
    <testcase classname="SPTCollectionLoggerImplementationTest" name="testLogCreateNewPlaylistOnPageURI" time="0.001" />
    <testcase classname="SPTCollectionLoggerImplementationTest" name="testLogEditMode" time="0.000" />
    <testcase classname="SPTCollectionLoggerImplementationTest" name="testLogEditModeCancel" time="0.000" />
    <testcase classname="SPTCollectionLoggerImplementationTest" name="testLogFilterResetOnPageURI" time="0.001" />
    <testcase classname="SPTCollectionLoggerImplementationTest" name="testLogFilterSetOnPageURIAvailableOffline" time="0.010" />
    <testcase classname="SPTCollectionLoggerImplementationTest" name="testLogFilterSetOnPageURILocalFiles" time="0.000" />
    <testcase classname="SPTCollectionLoggerImplementationTest" name="testLogFilterSetOnPageURINone" time="0.000" />
    <testcase classname="SPTCollectionLoggerImplementationTest" name="testLogFilterSetOnPageURISavedAlbums" time="0.000" />
    <testcase classname="SPTCollectionLoggerImplementationTest" name="testLogListItemInteractionDeletedOnPageURI" time="0.027" />
    <testcase classname="SPTCollectionLoggerImplementationTest" name="testLogListItemInteractionSelectedOnPageURI" time="0.001" />
    <testcase classname="SPTCollectionLoggerImplementationTest" name="testLogListItemSelectedOnPageURI" time="0.000" />
    <testcase classname="SPTCollectionLoggerImplementationTest" name="testLogListItemSelectedOnPageURIWithFeatureIdentifier" time="0.000" />
    <testcase classname="SPTCollectionLoggerImplementationTest" name="testLogSortingOnPageURIArtist" time="0.016" />
    <testcase classname="SPTCollectionLoggerImplementationTest" name="testLogSortingOnPageURIName" time="0.000" />
    <testcase classname="SPTCollectionLoggerImplementationTest" name="testLogSortingOnPageURIRecentlyAdded" time="0.000" />
    <testcase classname="SPTCollectionLoggerImplementationTest" name="testLogSortingOnPageURIRecentlyNewestToOldest" time="0.000" />
    <testcase classname="SPTCollectionLoggerImplementationTest" name="testLogSortingOnPageURIRecentlyOldestToNewest" time="0.016" />
    <testcase classname="SPTCollectionLoggerImplementationTest" name="testLogSortingOnPageURITitle" time="0.000" />
    <testcase classname="SPTCollectionLoggerImplementationTest" name="testLogSortingOnPageURIUnsorted" time="0.000" />
    <testcase classname="SPTCollectionLoggerImplementationTest" name="testSendErrorMessage" time="0.001" />
    <testcase classname="SPTCollectionLoggerImplementationTest" name="testSendErrorMessageEmptyFeatureNoLog" time="0.000" />
    <testcase classname="SPTCollectionLoggerImplementationTest" name="testSendErrorMessageEmptyMessageNoLog" time="0.001" />
  </testsuite>
  <testsuite failures="0" name="SPTCollectionSortingEntityManagerImplementationTest" tests="6">
    <testcase classname="SPTCollectionSortingEntityManagerImplementationTest" name="testLocalStoreChangeIfNonDefaultSortOrderSet" time="0.000" />
    <testcase classname="SPTCollectionSortingEntityManagerImplementationTest" name="testNoLocalStoreChangeIfDefaultSortOrderSet" time="0.026" />
    <testcase classname="SPTCollectionSortingEntityManagerImplementationTest" name="testRemoveDefaultSortingFromStore" time="0.000" />
    <testcase classname="SPTCollectionSortingEntityManagerImplementationTest" name="testSetSortingForURLMaxNumberExceeded" time="0.019" />
    <testcase classname="SPTCollectionSortingEntityManagerImplementationTest" name="testSetupWithLocalStore" time="0.001" />
    <testcase classname="SPTCollectionSortingEntityManagerImplementationTest" name="testSortingForUnhandledURL" time="0.000" />
  </testsuite>
  <testsuite failures="0" name="SPTNUXRegistryImplementationTest" tests="2">
    <testcase classname="SPTNUXRegistryImplementationTest" name="testNotNil" time="0.008" />
    <testcase classname="SPTNUXRegistryImplementationTest" name="testProvideNUX" time="0.006" />
  </testsuite>
  <testsuite failures="0" name="SPTNUXServiceImplementationTests" tests="4">
    <testcase classname="SPTNUXServiceImplementationTests" name="testNotNil" time="0.008" />
    <testcase classname="SPTNUXServiceImplementationTests" name="testProvideRegistry" time="0.007" />
    <testcase classname="SPTNUXServiceImplementationTests" name="testServiceIdentifier" time="0.008" />
    <testcase classname="SPTNUXServiceImplementationTests" name="testUnloadNilsRegistry" time="0.006" />
  </testsuite>
  <testsuite failures="0" name="SPTFilePickerSectionModelTests" tests="4">
    <testcase classname="SPTFilePickerSectionModelTests" name="testFilterBySubtitle" time="0.011" />
    <testcase classname="SPTFilePickerSectionModelTests" name="testFilterByTitle" time="0.007" />
    <testcase classname="SPTFilePickerSectionModelTests" name="testSortByArtist" time="0.009" />
    <testcase classname="SPTFilePickerSectionModelTests" name="testSortByDefault" time="0.009" />
  </testsuite>
  <testsuite failures="0" name="SPTFilePickerSectionViewControllerTests" tests="1">
    <testcase classname="SPTFilePickerSectionViewControllerTests" name="testCellItemReferenceTest" time="0.041" />
  </testsuite>
  <testsuite failures="0" name="SPTLocalFilesCosmosDataSourceTest" tests="4">
    <testcase classname="SPTLocalFilesCosmosDataSourceTest" name="testEnumerateLocalFilesContentFiltered" time="0.010" />
    <testcase classname="SPTLocalFilesCosmosDataSourceTest" name="testEnumeratePlaylists" time="0.010" />
    <testcase classname="SPTLocalFilesCosmosDataSourceTest" name="testEnumeratePlaylistsContentUnfiltered" time="0.010" />
    <testcase classname="SPTLocalFilesCosmosDataSourceTest" name="testLoad" time="0.010" />
  </testsuite>
  <testsuite failures="0" name="SPTLocalFilesITunesDataSourceTest" tests="2">
    <testcase classname="SPTLocalFilesITunesDataSourceTest" name="testRetrievePlaylists" time="0.039" />
    <testcase classname="SPTLocalFilesITunesDataSourceTest" name="testRetrieveSongs" time="0.013" />
  </testsuite>
  <testsuite failures="0" name="SPTLocalFilesImportManagerTest" tests="9">
    <testcase classname="SPTLocalFilesImportManagerTest" name="testEnabledWithLocalSettingsOverride" time="0.006" />
    <testcase classname="SPTLocalFilesImportManagerTest" name="testEnabledWithProductState" time="0.005" />
    <testcase classname="SPTLocalFilesImportManagerTest" name="testEnabledWithProductStateChange" time="0.005" />
    <testcase classname="SPTLocalFilesImportManagerTest" name="testImportJobCancelPlaylistsOnly" time="0.007" />
    <testcase classname="SPTLocalFilesImportManagerTest" name="testImportJobSuccessPlaylistsAndSongs" time="0.017" />
    <testcase classname="SPTLocalFilesImportManagerTest" name="testImportJobSuccessSongsOnly" time="0.008" />
    <testcase classname="SPTLocalFilesImportManagerTest" name="testLogImportButton" time="0.015" />
    <testcase classname="SPTLocalFilesImportManagerTest" name="testLogImportButtonFromPlaylists" time="0.010" />
    <testcase classname="SPTLocalFilesImportManagerTest" name="testProvideViewController" time="0.012" />
  </testsuite>
  <testsuite failures="0" name="SPTLocalFilesImportModelTest" tests="6">
    <testcase classname="SPTLocalFilesImportModelTest" name="testContentFiltered" time="0.006" />
    <testcase classname="SPTLocalFilesImportModelTest" name="testLoad" time="0.016" />
    <testcase classname="SPTLocalFilesImportModelTest" name="testPlaylistImages" time="0.008" />
    <testcase classname="SPTLocalFilesImportModelTest" name="testResetPartialSelectionDownwards" time="0.005" />
    <testcase classname="SPTLocalFilesImportModelTest" name="testSelectAll" time="0.013" />
    <testcase classname="SPTLocalFilesImportModelTest" name="testSelection" time="0.013" />
  </testsuite>
  <testsuite failures="0" name="SPTLocalFilesViewControllerTests" tests="2">
    <testcase classname="SPTLocalFilesViewControllerTests" name="testViewControllerReturnsCorrectPageIdentifier" time="0.005" />
    <testcase classname="SPTLocalFilesViewControllerTests" name="testViewControllerReturnsCorrectPageURI" time="0.004" />
  </testsuite>
  <testsuite failures="0" name="SPTOnboardingNotificationsServiceTest" tests="1">
    <testcase classname="SPTOnboardingNotificationsServiceTest" name="testNoOp" time="0.008" />
  </testsuite>
  <testsuite failures="0" name="SPTMainThreadCheckerTests" tests="12">
    <testcase classname="SPTMainThreadCheckerTests" name="testDataWithContentsOfURLBackgroundThreadCall" time="0.017" />
    <testcase classname="SPTMainThreadCheckerTests" name="testDataWithContentsOfURLMainThreadCall" time="0.040" />
    <testcase classname="SPTMainThreadCheckerTests" name="testDataWithContentsOfURLOptionsErrorBackgroundThreadCall" time="0.011" />
    <testcase classname="SPTMainThreadCheckerTests" name="testDataWithContentsOfURLOptionsErrorMainThreadCall" time="0.022" />
    <testcase classname="SPTMainThreadCheckerTests" name="testDataWithJSONObjectBackgroundThreadCall" time="0.008" />
    <testcase classname="SPTMainThreadCheckerTests" name="testDataWithJSONObjectMainThreadCall" time="0.018" />
    <testcase classname="SPTMainThreadCheckerTests" name="testImageWithDataBackgroundThreadCall" time="0.008" />
    <testcase classname="SPTMainThreadCheckerTests" name="testImageWithDataMainThreadCall" time="0.023" />
    <testcase classname="SPTMainThreadCheckerTests" name="testImageWithDataScaleBackgroundThreadCall" time="0.008" />
    <testcase classname="SPTMainThreadCheckerTests" name="testImageWithDataScaleMainThreadCall" time="0.017" />
    <testcase classname="SPTMainThreadCheckerTests" name="testJSONObjectWithDataBackgroundThreadCall" time="0.006" />
    <testcase classname="SPTMainThreadCheckerTests" name="testJSONObjectWithDataMainThreadCall" time="0.016" />
  </testsuite>
  <testsuite failures="0" name="SPTSlatePresenterTests" tests="9">
    <testcase classname="SPTSlatePresenterTests" name="testDismissCallbacks" time="0.010" />
    <testcase classname="SPTSlatePresenterTests" name="testDismissOnSwipeIfDismissable" time="0.008" />
    <testcase classname="SPTSlatePresenterTests" name="testDismissWithWireframe" time="0.008" />
    <testcase classname="SPTSlatePresenterTests" name="testDoNotDismissOnSwipeIfNotDismissable" time="0.008" />
    <testcase classname="SPTSlatePresenterTests" name="testMatchingViewControllerForPresentAndDismiss" time="0.006" />
    <testcase classname="SPTSlatePresenterTests" name="testPresentSameWithWireframe" time="0.007" />
    <testcase classname="SPTSlatePresenterTests" name="testPresentWithWireframe" time="0.008" />
    <testcase classname="SPTSlatePresenterTests" name="testQueuedWhileBeingDismissed" time="0.008" />
    <testcase classname="SPTSlatePresenterTests" name="testSwipeCallback" time="0.008" />
  </testsuite>
  <testsuite failures="0" name="SPTSlatePrivateViewControllerTests" tests="4">
    <testcase classname="SPTSlatePrivateViewControllerTests" name="testSetPreferredSizeOnChildViewController" time="0.020" />
    <testcase classname="SPTSlatePrivateViewControllerTests" name="testSetShowsDismissLabelHide" time="0.010" />
    <testcase classname="SPTSlatePrivateViewControllerTests" name="testSetShowsDismissLabelShow" time="0.009" />
    <testcase classname="SPTSlatePrivateViewControllerTests" name="testTapCallback" time="0.008" />
  </testsuite>
  <testsuite failures="0" name="SPTSlateTopLevelWireframeTests" tests="6">
    <testcase classname="SPTSlateTopLevelWireframeTests" name="testChildViewLifecycleEvents" time="2.173" />
    <testcase classname="SPTSlateTopLevelWireframeTests" name="testDismissSlateAlsoDismissesWindow" time="1.103" />
    <testcase classname="SPTSlateTopLevelWireframeTests" name="testDismissSlateReleasesViewControllerReferenceFromWindow" time="5.249" />
    <testcase classname="SPTSlateTopLevelWireframeTests" name="testPresentingCreatesWindow" time="0.010" />
    <testcase classname="SPTSlateTopLevelWireframeTests" name="testPresentingMultipleTimesRecyclesWindow" time="0.008" />
    <testcase classname="SPTSlateTopLevelWireframeTests" name="testPresentingWhenWindowIsPresent" time="0.010" />
  </testsuite>
  <testsuite failures="0" name="SlateFeatureImplementationTests" tests="4">
    <testcase classname="SlateFeatureImplementationTests" name="testIdentifier" time="0.005" />
    <testcase classname="SlateFeatureImplementationTests" name="testLoad" time="0.005" />
    <testcase classname="SlateFeatureImplementationTests" name="testProvideSlateManager" time="0.005" />
    <testcase classname="SlateFeatureImplementationTests" name="testUnload" time="0.005" />
  </testsuite>
  <testsuite failures="0" name="BrowseFeatureTests" tests="1">
    <testcase classname="BrowseFeatureTests" name="testProvidingBrowseRedirectButtonProvider" time="0.010" />
  </testsuite>
  <testsuite failures="0" name="SPTBrowseComponentFactoryTest" tests="12">
    <testcase classname="SPTBrowseComponentFactoryTest" name="testReturningNilComponentForEmptyName" time="0.007" />
    <testcase classname="SPTBrowseComponentFactoryTest" name="testReturningNilComponentForNotSupportedName" time="0.008" />
    <testcase classname="SPTBrowseComponentFactoryTest" name="testReturningNilObjectForNotSupportedComponentName_outlinedCardsPrototypeEnabled" time="0.008" />
    <testcase classname="SPTBrowseComponentFactoryTest" name="testReturningNilObjectForNotSupportedComponentName_twoColumnPrototypeEnabled" time="0.007" />
    <testcase classname="SPTBrowseComponentFactoryTest" name="testReturningRightObjectForCardComponentName" time="0.008" />
    <testcase classname="SPTBrowseComponentFactoryTest" name="testReturningRightObjectForCardComponentName_outlinedCardsPrototypeEnabled" time="0.007" />
    <testcase classname="SPTBrowseComponentFactoryTest" name="testReturningRightObjectForCloudComponentName" time="0.006" />
    <testcase classname="SPTBrowseComponentFactoryTest" name="testReturningRightObjectForCloudComponentName_twoColumnPrototypeEnabled" time="0.008" />
    <testcase classname="SPTBrowseComponentFactoryTest" name="testReturningRightObjectForCompactCardComponentName" time="0.006" />
    <testcase classname="SPTBrowseComponentFactoryTest" name="testReturningRightObjectForOutlinedCardComponentName" time="0.004" />
    <testcase classname="SPTBrowseComponentFactoryTest" name="testReturningRightObjectForPrototypeComponentName_outlinedCardsPrototypeEnabled" time="0.005" />
    <testcase classname="SPTBrowseComponentFactoryTest" name="testReturningRightObjectForPrototypeComponentName_twoColumnPrototypeEnabled" time="0.020" />
  </testsuite>
  <testsuite failures="0" name="SPTBrowseOutlinedTextPresenterTest" tests="6">
    <testcase classname="SPTBrowseOutlinedTextPresenterTest" name="testReturningPreferredSizeNotGreaterThanTheBoundingRectSize" time="0.031" />
    <testcase classname="SPTBrowseOutlinedTextPresenterTest" name="testReturningZeroPreferredSizeForEmptyText" time="0.025" />
    <testcase classname="SPTBrowseOutlinedTextPresenterTest" name="testReturningZeroPreferredSizeForNilText" time="0.024" />
    <testcase classname="SPTBrowseOutlinedTextPresenterTest" name="testThatViewHasNoTextAndNoColorIfTitleIsNotProvided" time="0.025" />
    <testcase classname="SPTBrowseOutlinedTextPresenterTest" name="testThatViewHasTheProvidedTextAndColor" time="0.024" />
    <testcase classname="SPTBrowseOutlinedTextPresenterTest" name="testThatViewHasTheProvidedTextAndNoColorIfNotProvided" time="0.024" />
  </testsuite>
  <testsuite failures="0" name="SPTBrowseRedirectButtonProviderImplementationTest" tests="17">
    <testcase classname="SPTBrowseRedirectButtonProviderImplementationTest" name="testNavigateToBrowse" time="0.026" />
    <testcase classname="SPTBrowseRedirectButtonProviderImplementationTest" name="testRedirectToBrowse" time="0.005" />
    <testcase classname="SPTBrowseRedirectButtonProviderImplementationTest" name="testRedirectToBrowseFromAlbums" time="0.005" />
    <testcase classname="SPTBrowseRedirectButtonProviderImplementationTest" name="testRedirectToBrowseFromAlbums_browseSearchEnabled" time="0.005" />
    <testcase classname="SPTBrowseRedirectButtonProviderImplementationTest" name="testRedirectToBrowseFromArtist" time="0.005" />
    <testcase classname="SPTBrowseRedirectButtonProviderImplementationTest" name="testRedirectToBrowseFromArtist_browseSearchEnabled" time="0.005" />
    <testcase classname="SPTBrowseRedirectButtonProviderImplementationTest" name="testRedirectToBrowseFromDiscover" time="0.006" />
    <testcase classname="SPTBrowseRedirectButtonProviderImplementationTest" name="testRedirectToBrowseFromDiscover_browseSearchEnabled" time="0.005" />
    <testcase classname="SPTBrowseRedirectButtonProviderImplementationTest" name="testRedirectToBrowseFromDiscover_browseSearchEnabled_preferredTitle" time="0.005" />
    <testcase classname="SPTBrowseRedirectButtonProviderImplementationTest" name="testRedirectToBrowseFromDiscover_preferredTitle" time="0.005" />
    <testcase classname="SPTBrowseRedirectButtonProviderImplementationTest" name="testRedirectToBrowseFromPlaylists" time="0.006" />
    <testcase classname="SPTBrowseRedirectButtonProviderImplementationTest" name="testRedirectToBrowseFromPlaylists_browseSearchEnabled" time="0.005" />
    <testcase classname="SPTBrowseRedirectButtonProviderImplementationTest" name="testRedirectToBrowseFromSongs" time="0.005" />
    <testcase classname="SPTBrowseRedirectButtonProviderImplementationTest" name="testRedirectToBrowseFromSongs_browseSearchEnabled" time="0.007" />
    <testcase classname="SPTBrowseRedirectButtonProviderImplementationTest" name="testRedirectToBrowseFromUserProfile" time="0.005" />
    <testcase classname="SPTBrowseRedirectButtonProviderImplementationTest" name="testRedirectToBrowseFromUserProfile_browseSearchEnabled" time="0.006" />
    <testcase classname="SPTBrowseRedirectButtonProviderImplementationTest" name="testRedirectToBrowseFromUserProfile_preferredTitle" time="0.006" />
  </testsuite>
  <testsuite failures="0" name="SPTCosmosDataLoaderFieldsFactoryTests" tests="4">
    <testcase classname="SPTCosmosDataLoaderFieldsFactoryTests" name="testBuilder" time="0.001" />
    <testcase classname="SPTCosmosDataLoaderFieldsFactoryTests" name="testPartialBuilder" time="0.001" />
    <testcase classname="SPTCosmosDataLoaderFieldsFactoryTests" name="testPartialPolicyGeneration" time="0.000" />
    <testcase classname="SPTCosmosDataLoaderFieldsFactoryTests" name="testPolicyGeneration" time="0.001" />
  </testsuite>
  <testsuite failures="0" name="SPTCollectionOverviewNavigationHubContentOperationTests" tests="1">
    <testcase classname="SPTCollectionOverviewNavigationHubContentOperationTests" name="testIdentifiersSetup" time="0.009" />
  </testsuite>
  <testsuite failures="0" name="SPTPushNotificationActionRegistryImplementationTest" tests="4">
    <testcase classname="SPTPushNotificationActionRegistryImplementationTest" name="testClearPendingActions" time="0.014" />
    <testcase classname="SPTPushNotificationActionRegistryImplementationTest" name="testEnabled" time="0.013" />
    <testcase classname="SPTPushNotificationActionRegistryImplementationTest" name="testRegisterAction" time="0.010" />
    <testcase classname="SPTPushNotificationActionRegistryImplementationTest" name="testSendActionForIdentifier" time="0.014" />
  </testsuite>
  <testsuite failures="0" name="SPTPushNotificationControllerTest" tests="4">
    <testcase classname="SPTPushNotificationControllerTest" name="testApplicationHandleActionWithIdentifierForLocalNotification" time="0.011" />
    <testcase classname="SPTPushNotificationControllerTest" name="testHandleIncomingNotificationForIdentifier" time="0.015" />
    <testcase classname="SPTPushNotificationControllerTest" name="testPushNotificationsActionRegistryEnabledAfterLogin" time="0.008" />
    <testcase classname="SPTPushNotificationControllerTest" name="testPushNotificationsActionRegistryEnabledAfterLogoff" time="0.005" />
  </testsuite>
  <testsuite failures="0" name="SPTPushNotificationsFeatureTests" tests="4">
    <testcase classname="SPTPushNotificationsFeatureTests" name="testPushNotificationActionRegistryConformsToProtocol" time="0.007" />
    <testcase classname="SPTPushNotificationsFeatureTests" name="testPushNotificationActionRegistryIsNotNil" time="0.008" />
    <testcase classname="SPTPushNotificationsFeatureTests" name="testPushNotificationControllerConformsToProtocol" time="0.005" />
    <testcase classname="SPTPushNotificationsFeatureTests" name="testPushNotificationControllerIsNotNil" time="0.004" />
  </testsuite>
  <testsuite failures="0" name="SPTPushNotificationsPrePermissionLoggerTest" tests="3">
    <testcase classname="SPTPushNotificationsPrePermissionLoggerTest" name="testInjectionsAreNotNil" time="0.008" />
    <testcase classname="SPTPushNotificationsPrePermissionLoggerTest" name="testLogPrePermissionDialogImpression" time="0.008" />
    <testcase classname="SPTPushNotificationsPrePermissionLoggerTest" name="testLogPrePermissionDialogUserResponseWithPositiveResponse" time="0.007" />
  </testsuite>
  <testsuite failures="0" name="SPTPushNotificationsPrePermissionManagerTests" tests="15">
    <testcase classname="SPTPushNotificationsPrePermissionManagerTests" name="testInjectionsAreNotNil" time="0.029" />
    <testcase classname="SPTPushNotificationsPrePermissionManagerTests" name="testPersistAnswerToDidUserAcceptSpam" time="0.007" />
    <testcase classname="SPTPushNotificationsPrePermissionManagerTests" name="testPersistAnswerToDidUserAcceptSpamLogsImpression" time="0.006" />
    <testcase classname="SPTPushNotificationsPrePermissionManagerTests" name="testPersistAnswerToDidUserAcceptSpamLogsImpressionRegistersAppForRemoteNotifications" time="0.005" />
    <testcase classname="SPTPushNotificationsPrePermissionManagerTests" name="testPersistNegativeAnswerToDidUserAcceptSpamLogsImpressionRegistersAppForRemoteNotifications" time="0.005" />
    <testcase classname="SPTPushNotificationsPrePermissionManagerTests" name="testPresentSpamDialogIsCalledMultipleTimesConsecutively" time="0.010" />
    <testcase classname="SPTPushNotificationsPrePermissionManagerTests" name="testSpamDialogIsLoggingImpression" time="0.009" />
    <testcase classname="SPTPushNotificationsPrePermissionManagerTests" name="testSpamDialogIsUpdatingLastTimeAskedTimestamp" time="0.005" />
    <testcase classname="SPTPushNotificationsPrePermissionManagerTests" name="testSpamDialogIsUpdatingNumberOfTimesAsked" time="0.006" />
    <testcase classname="SPTPushNotificationsPrePermissionManagerTests" name="testUnregisterAppForRemoteNotificationsRemoveKeysFromUserDefaults" time="0.005" />
    <testcase classname="SPTPushNotificationsPrePermissionManagerTests" name="testUnregisterApplicationForRemoteNotifications" time="0.005" />
    <testcase classname="SPTPushNotificationsPrePermissionManagerTests" name="testUserDidAcceptSpamRegistersApplicationForRemoteNotifications" time="0.005" />
    <testcase classname="SPTPushNotificationsPrePermissionManagerTests" name="testUserDidNotAcceptSpamAtMaxNumberOfTimes" time="0.006" />
    <testcase classname="SPTPushNotificationsPrePermissionManagerTests" name="testUserDidNotAcceptSpamBeforeMaxNumberOfTimes" time="0.006" />
    <testcase classname="SPTPushNotificationsPrePermissionManagerTests" name="testUserDidNotAcceptSpamBeforeMaxNumberOfTimesButAskingTooSoon" time="0.005" />
  </testsuite>
  <testsuite failures="0" name="SPTDynamoRemoteContentURLResolverTests" tests="7">
    <testcase classname="SPTDynamoRemoteContentURLResolverTests" name="testRemoteHubContentURLForEndpointPathForExternalDataAlwaysReturnsNil" time="0.008" />
    <testcase classname="SPTDynamoRemoteContentURLResolverTests" name="testTemoteHubContentURLForViewURIPreservesQueryParameters" time="0.009" />
    <testcase classname="SPTDynamoRemoteContentURLResolverTests" name="testTemoteHubContentURLForViewURIWhenNilViewURIReturnsNil" time="0.006" />
    <testcase classname="SPTDynamoRemoteContentURLResolverTests" name="testTemoteHubContentURLForViewURIWhenTooLongIdentifierReturnsNil" time="0.007" />
    <testcase classname="SPTDynamoRemoteContentURLResolverTests" name="testTemoteHubContentURLForViewURIWhenTooShortIdentifierReturnsNil" time="0.008" />
    <testcase classname="SPTDynamoRemoteContentURLResolverTests" name="testTemoteHubContentURLForViewURIWhenValidIdentifierReturnsURL" time="0.005" />
    <testcase classname="SPTDynamoRemoteContentURLResolverTests" name="testTemoteHubContentURLForViewURIWhenWrongPrefixReturnsNil" time="0.004" />
  </testsuite>
  <testsuite failures="0" name="SPTDynamoServiceImplementationTests" tests="6">
    <testcase classname="SPTDynamoServiceImplementationTests" name="testDynamoPageURLForIdentifierWithEmptyIdentifierReturnsNil" time="0.018" />
    <testcase classname="SPTDynamoServiceImplementationTests" name="testDynamoPageURLForIdentifierWithNilIdentifierReturnsNil" time="0.007" />
    <testcase classname="SPTDynamoServiceImplementationTests" name="testDynamoPageURLForIdentifierWithTooLongIdentifierReturnsNil" time="0.008" />
    <testcase classname="SPTDynamoServiceImplementationTests" name="testDynamoPageURLForIdentifierWithTooShortIdentifierReturnsNil" time="0.007" />
    <testcase classname="SPTDynamoServiceImplementationTests" name="testDynamoPageURLForIdentifierWithValidIdentifierReturnsURL" time="0.008" />
    <testcase classname="SPTDynamoServiceImplementationTests" name="testServiceIdentifierValueIsEqualToConstant" time="0.007" />
  </testsuite>
</testsuites>
